Mon Jul  5 18:46:37 2021

p3d:p3d_caustic-view0;0.010619;X=0.000000 Y=0.000000;X=-0.125000 Y=0.125000;1;0
p3d:p3d_caustic-view0;0.011299;X=0.000000 Y=0.000000;X=-0.125000 Y=0.125000;1;0
p3d:p3d_caustic-view0;0.027966;X=0.000000 Y=0.000000;X=-0.125000 Y=0.125000;1;0
p3d:p3d_caustic-view0;0.044599;X=0.000000 Y=0.000000;X=-0.125000 Y=0.125000;1;0
p3d:p3d_caustic-view0;0.061090;X=0.000000 Y=0.000000;X=-0.125000 Y=0.125000;1;0
p3d:p3d_caustic-view0;0.077896;X=0.000000 Y=0.000000;X=-0.125000 Y=0.125000;1;0
p3d:p3d_caustic-view0;0.094549;X=0.000000 Y=0.000000;X=-0.125000 Y=0.125000;1;0
p3d:p3d_caustic-view0;0.111339;X=0.000000 Y=0.000000;X=-0.125000 Y=0.125000;1;0
p3d:p3d_caustic-view0;0.127889;X=0.000000 Y=0.000000;X=-0.125000 Y=0.125000;1;0
p3d:p3d_caustic-view0;0.144717;X=0.000000 Y=0.000000;X=-0.125000 Y=0.125000;1;0
p3d:p3d_caustic-view0;0.161640;X=0.000000 Y=0.000000;X=-0.125000 Y=0.125000;1;0
p3d:p3d_caustic-view0;0.178002;X=0.000000 Y=0.000000;X=-0.125000 Y=0.125000;1;0
p3d:p3d_caustic-view0;0.194844;X=0.000000 Y=0.000000;X=-0.125000 Y=0.125000;1;0
p3d:p3d_caustic-view0;0.211383;X=0.000000 Y=0.000000;X=-0.125000 Y=0.125000;1;0
p3d:p3d_caustic-view0;0.227970;X=0.000000 Y=0.000000;X=-0.125000 Y=0.125000;1;0
p3d:p3d_caustic-view0;0.244835;X=0.000000 Y=0.000000;X=-0.125000 Y=0.125000;1;0
p3d:p3d_caustic-view0;0.261498;X=0.000000 Y=0.000000;X=-0.125000 Y=0.125000;1;0
p3d:p3d_caustic-view0;0.278124;X=0.000000 Y=0.000000;X=-0.125000 Y=0.125000;1;0
p3d:p3d_caustic-view0;0.294716;X=0.000000 Y=0.000000;X=-0.125000 Y=0.125000;1;0
p3d:p3d_caustic-view0;0.311433;X=0.000000 Y=0.000000;X=-0.125000 Y=0.125000;1;0
p3d:p3d_caustic-view0;0.328271;X=0.000000 Y=0.000000;X=-0.125000 Y=0.125000;1;0
p3d:p3d_caustic-view0;0.344806;X=0.000000 Y=0.000000;X=-0.125000 Y=0.125000;1;0
p3d:p3d_caustic-view0;0.361741;X=0.000000 Y=0.000000;X=-0.125000 Y=0.125000;1;0
p3d:p3d_caustic-view0;0.378238;X=0.000000 Y=0.000000;X=-0.125000 Y=0.125000;1;0
p3d:p3d_caustic-view0;0.395031;X=0.000000 Y=0.000000;X=-0.125000 Y=0.125000;1;0
p3d:p3d_caustic-view0;0.411648;X=0.000000 Y=0.000000;X=-0.125000 Y=0.125000;1;0
p3d:p3d_caustic-view0;0.428275;X=0.000000 Y=0.000000;X=-0.125000 Y=0.125000;1;0
p3d:p3d_caustic-view0;0.444978;X=0.000000 Y=0.000000;X=-0.125000 Y=0.125000;1;0
p3d:p3d_caustic-view0;0.461682;X=0.000000 Y=0.000000;X=-0.125000 Y=0.125000;1;0
p3d:p3d_caustic-view0;0.478241;X=0.000000 Y=0.000000;X=-0.125000 Y=0.125000;1;0
p3d:p3d_caustic-view0;0.495098;X=0.000000 Y=0.000000;X=-0.125000 Y=0.125000;1;0
p3d:p3d_caustic-view0;0.511521;X=0.000000 Y=0.000000;X=-0.125000 Y=0.125000;1;0
p3d:p3d_caustic-view0;0.528466;X=0.000000 Y=0.000000;X=-0.125000 Y=0.125000;1;0
p3d:p3d_caustic-view0;0.545087;X=0.000000 Y=0.000000;X=-0.125000 Y=0.125000;1;0
p3d:p3d_caustic-view0;0.561802;X=0.000000 Y=0.000000;X=-0.125000 Y=0.125000;1;0
p3d:p3d_caustic-view0;0.578587;X=0.000000 Y=0.000000;X=-0.125000 Y=0.125000;1;0
p3d:p3d_caustic-view0;0.595075;X=0.000000 Y=0.000000;X=-0.125000 Y=0.125000;1;0
p3d:p3d_caustic-view0;0.611949;X=0.000000 Y=0.000000;X=-0.125000 Y=0.125000;1;0
p3d:p3d_caustic-view0;0.628469;X=0.000000 Y=0.000000;X=-0.125000 Y=0.125000;1;0
p3d:p3d_caustic-view0;0.645330;X=0.000000 Y=0.000000;X=-0.125000 Y=0.125000;1;0
p3d:p3d_caustic-view0;0.662042;X=0.000000 Y=0.000000;X=-0.125000 Y=0.125000;1;0
p3d:p3d_caustic-view0;0.678462;X=0.000000 Y=0.000000;X=-0.125000 Y=0.125000;1;0
p3d:p3d_caustic-view0;0.695196;X=0.000000 Y=0.000000;X=-0.125000 Y=0.125000;1;0
p3d:p3d_caustic-view0;0.711874;X=0.000000 Y=0.000000;X=-0.125000 Y=0.125000;1;0
p3d:p3d_caustic-view0;0.728531;X=0.000000 Y=0.000000;X=-0.125000 Y=0.125000;1;0
p3d:p3d_caustic-view0;0.745285;X=0.000000 Y=0.000000;X=-0.125000 Y=0.125000;1;0
p3d:p3d_caustic-view0;0.761813;X=0.000000 Y=0.000000;X=-0.125000 Y=0.125000;1;0
p3d:p3d_caustic-view0;0.778751;X=0.000000 Y=0.000000;X=-0.125000 Y=0.125000;1;0
p3d:p3d_caustic-view0;0.795463;X=0.000000 Y=0.000000;X=-0.125000 Y=0.125000;1;0
p3d:p3d_caustic-view0;0.811929;X=0.000000 Y=0.000000;X=-0.125000 Y=0.125000;1;0
p3d:p3d_caustic-view0;0.828501;X=0.000000 Y=0.000000;X=-0.125000 Y=0.125000;1;0
p3d:p3d_caustic-view0;0.845193;X=0.000000 Y=0.000000;X=-0.125000 Y=0.125000;1;0
p3d:p3d_caustic-view0;0.861906;X=0.000000 Y=0.000000;X=-0.125000 Y=0.125000;1;0
p3d:p3d_caustic-view0;0.878782;X=0.000000 Y=0.000000;X=-0.125000 Y=0.125000;1;0
p3d:p3d_caustic-view0;0.895411;X=0.000000 Y=0.000000;X=-0.125000 Y=0.125000;1;0
p3d:p3d_caustic-view0;0.911963;X=0.000000 Y=0.000000;X=-0.125000 Y=0.125000;1;0
p3d:p3d_caustic-view0;0.928686;X=0.000000 Y=0.000000;X=-0.125000 Y=0.125000;1;0
p3d:p3d_caustic-view0;0.945503;X=0.000000 Y=0.000000;X=-0.125000 Y=0.125000;1;0
p3d:p3d_caustic-view0;0.962151;X=0.000000 Y=0.000000;X=-0.125000 Y=0.125000;1;0
p3d:p3d_caustic-view0;0.978882;X=0.000000 Y=0.000000;X=-0.125000 Y=0.125000;1;0
p3d:p3d_caustic-view0;0.995506;X=0.000000 Y=0.000000;X=-0.125000 Y=0.125000;1;0
p3d:p3d_caustic-view0;1.012150;X=0.000000 Y=0.000000;X=-0.125000 Y=0.125000;1;0
p3d:p3d_caustic-view0;1.028744;X=0.000000 Y=0.000000;X=-0.125000 Y=0.125000;1;0
p3d:p3d_caustic-view0;1.045312;X=0.000000 Y=0.000000;X=-0.125000 Y=0.125000;1;0
p3d:p3d_caustic-view0;1.061944;X=0.000000 Y=0.000000;X=-0.125000 Y=0.125000;1;0
p3d:p3d_caustic-view0;1.078848;X=0.000000 Y=0.000000;X=-0.125000 Y=0.125000;1;0
p3d:p3d_caustic-view0;1.095450;X=0.000000 Y=0.000000;X=-0.125000 Y=0.125000;1;0
p3d:p3d_caustic-view0;1.112159;X=-0.489583 Y=0.376852;X=-0.125000 Y=0.125000;1;0
p3d:p3d_caustic-view0;1.128717;X=-0.468750 Y=0.337963;X=-0.125000 Y=0.125000;1;0
p3d:p3d_caustic-view0;1.145593;X=-0.439583 Y=0.295370;X=-0.125000 Y=0.125000;1;0
p3d:p3d_caustic-view0;1.162141;X=-0.422917 Y=0.258333;X=-0.125000 Y=0.125000;1;0
p3d:p3d_caustic-view0;1.178863;X=-0.422917 Y=0.225000;X=-0.125000 Y=0.125000;1;0
p3d:p3d_caustic-view0;1.195466;X=-0.422917 Y=0.189815;X=-0.125000 Y=0.125000;1;0
p3d:p3d_caustic-view0;1.212381;X=-0.422917 Y=0.161111;X=-0.125000 Y=0.125000;1;0
p3d:p3d_caustic-view0;1.228727;X=-0.422917 Y=0.103704;X=-0.125000 Y=0.125000;1;0
p3d:p3d_caustic-view0;1.245615;X=-0.422917 Y=0.061111;X=-0.125000 Y=0.125000;1;0
p3d:p3d_caustic-view0;1.262223;X=-0.422917 Y=0.024074;X=-0.125000 Y=0.125000;1;0
p3d:p3d_caustic-view0;1.279138;X=-0.430208 Y=0.000000;X=-0.125000 Y=0.125000;1;0
p3d:p3d_caustic-view0;1.295584;X=-0.430208 Y=0.000000;X=-0.125000 Y=0.125000;1;0
p3d:p3d_caustic-view0;1.312235;X=-0.430208 Y=0.000000;X=-0.125000 Y=0.125000;1;0
p3d:p3d_caustic-view0;1.328876;X=-0.430208 Y=0.000000;X=-0.125000 Y=0.125000;1;0
p3d:p3d_caustic-view0;1.345646;X=-0.430208 Y=0.000000;X=-0.125000 Y=0.125000;1;0
p3d:p3d_caustic-view0;1.362252;X=-0.430208 Y=0.000000;X=-0.125000 Y=0.125000;1;0
p3d:p3d_caustic-view0;1.379066;X=-0.430208 Y=0.000000;X=-0.125000 Y=0.125000;1;0
p3d:p3d_caustic-view0;1.395916;X=-0.430208 Y=0.000000;X=-0.125000 Y=0.125000;1;0
p3d:p3d_caustic-view0;1.412283;X=-0.430208 Y=0.000000;X=-0.125000 Y=0.125000;1;0
p3d:p3d_caustic-view0;1.429114;X=-0.430208 Y=0.000000;X=-0.125000 Y=0.125000;1;0
p3d:p3d_caustic-view0;1.445767;X=-0.430208 Y=0.000000;X=-0.125000 Y=0.125000;1;0
p3d:p3d_caustic-view0;1.462549;X=-0.430208 Y=0.000000;X=-0.125000 Y=0.125000;1;0
p3d:p3d_caustic-view0;1.478983;X=-0.430208 Y=0.000000;X=-0.125000 Y=0.125000;1;0
p3d:p3d_caustic-view0;1.495772;X=-0.430208 Y=0.000000;X=-0.125000 Y=0.125000;1;0
p3d:p3d_caustic-view0;1.512458;X=-0.430208 Y=0.000000;X=-0.125000 Y=0.125000;1;0
p3d:p3d_caustic-view0;1.529286;X=-0.430208 Y=0.000000;X=-0.125000 Y=0.125000;1;0
p3d:p3d_caustic-view0;1.546070;X=-0.430208 Y=0.000000;X=-0.125000 Y=0.125000;1;0
p3d:p3d_caustic-view0;1.562493;X=-0.430208 Y=0.000000;X=-0.125000 Y=0.125000;1;0
p3d:p3d_caustic-view0;1.579158;X=-0.430208 Y=0.000000;X=-0.125000 Y=0.125000;1;0
p3d:p3d_caustic-view0;1.595848;X=-0.430208 Y=0.000000;X=-0.125000 Y=0.125000;1;0
p3d:p3d_caustic-view0;1.612513;X=-0.430208 Y=0.000000;X=-0.125000 Y=0.125000;1;0
p3d:p3d_caustic-view0;1.629170;X=-0.430208 Y=0.000000;X=-0.125000 Y=0.125000;1;0
p3d:p3d_caustic-view0;1.645932;X=-0.430208 Y=0.000000;X=-0.125000 Y=0.125000;1;0
p3d:p3d_caustic-view0;1.662520;X=-0.430208 Y=0.000000;X=-0.125000 Y=0.125000;1;0
p3d:p3d_caustic-view0;1.679255;X=-0.430208 Y=0.000000;X=-0.125000 Y=0.125000;1;0
p3d:p3d_caustic-view0;1.695976;X=-0.430208 Y=0.000000;X=-0.125000 Y=0.125000;1;0
p3d:p3d_caustic-view0;1.712630;X=-0.430208 Y=0.000000;X=-0.125000 Y=0.125000;1;0
p3d:p3d_caustic-view0;1.729255;X=-0.430208 Y=0.000000;X=-0.125000 Y=0.125000;1;0
p3d:p3d_caustic-view0;1.745966;X=-0.430208 Y=0.000000;X=-0.125000 Y=0.125000;1;0
p3d:p3d_caustic-view0;1.762686;X=-0.430208 Y=0.000000;X=-0.125000 Y=0.125000;1;0
p3d:p3d_caustic-view0;1.779437;X=-0.430208 Y=0.000000;X=-0.125000 Y=0.125000;1;0
p3d:p3d_caustic-view0;1.796070;X=-0.430208 Y=0.000000;X=-0.125000 Y=0.125000;1;0
p3d:p3d_caustic-view0;1.812732;X=-0.430208 Y=0.000000;X=-0.125000 Y=0.125000;1;0
p3d:p3d_caustic-view0;1.829785;X=-0.430208 Y=0.000000;X=-0.125000 Y=0.125000;1;0
p3d:p3d_caustic-view0;1.846532;X=-0.430208 Y=0.000000;X=-0.125000 Y=0.125000;1;0
p3d:p3d_caustic-view0;1.862857;X=-0.430208 Y=0.000000;X=-0.125000 Y=0.125000;1;0
p3d:p3d_caustic-view0;1.879800;X=-0.430208 Y=0.000000;X=-0.125000 Y=0.125000;1;0
p3d:p3d_caustic-view0;1.896214;X=-0.430208 Y=0.000000;X=-0.125000 Y=0.125000;1;0
p3d:p3d_caustic-view0;1.912897;X=-0.430208 Y=0.000000;X=-0.125000 Y=0.125000;1;0
p3d:p3d_caustic-view0;1.929550;X=-0.430208 Y=0.000000;X=-0.125000 Y=0.125000;1;0
p3d:p3d_caustic-view0;1.946342;X=-0.430208 Y=0.000000;X=-0.125000 Y=0.125000;1;0
p3d:p3d_caustic-view0;1.962968;X=-0.430208 Y=0.000000;X=-0.125000 Y=0.125000;1;0
p3d:p3d_caustic-view0;1.979832;X=-0.430208 Y=0.000000;X=-0.125000 Y=0.125000;1;0
p3d:p3d_caustic-view0;1.996600;X=-0.430208 Y=0.000000;X=-0.125000 Y=0.125000;1;0
p3d:p3d_caustic-view0;2.013104;X=-0.430208 Y=0.000000;X=-0.125000 Y=0.125000;1;0
p3d:p3d_caustic-view0;2.029967;X=-0.430208 Y=0.000000;X=-0.125000 Y=0.125000;1;0
p3d:p3d_caustic-view0;2.046491;X=-0.430208 Y=0.000000;X=-0.125000 Y=0.125000;1;0
p3d:p3d_caustic-view0;2.063173;X=-0.430208 Y=0.000000;X=-0.125000 Y=0.125000;1;0
p3d:p3d_caustic-view0;2.079861;X=-0.430208 Y=0.000000;X=-0.125000 Y=0.125000;1;0
p3d:p3d_caustic-view0;2.096487;X=-0.430208 Y=0.000000;X=-0.125000 Y=0.125000;1;0
p3d:p3d_caustic-view0;2.113259;X=-0.430208 Y=0.000000;X=-0.125000 Y=0.125000;1;0
p3d:p3d_caustic-view0;2.130064;X=-0.430208 Y=0.000000;X=-0.125000 Y=0.125000;1;0
p3d:p3d_caustic-view0;2.146633;X=-0.430208 Y=0.000000;X=-0.125000 Y=0.125000;1;0
p3d:p3d_caustic-view0;2.163284;X=-0.430208 Y=0.000000;X=-0.125000 Y=0.125000;1;0
p3d:p3d_caustic-view0;2.179871;X=-0.430208 Y=0.000000;X=-0.125000 Y=0.125000;1;0
p3d:p3d_caustic-view0;2.196639;X=-0.430208 Y=0.000000;X=-0.125000 Y=0.125000;1;0
p3d:p3d_caustic-view0;2.213401;X=-0.430208 Y=0.000000;X=-0.125000 Y=0.125000;1;0
p3d:p3d_caustic-view0;2.229953;X=-0.430208 Y=0.000000;X=-0.125000 Y=0.125000;1;0
p3d:p3d_caustic-view0;2.246624;X=-0.430208 Y=0.000000;X=-0.125000 Y=0.125000;1;0
p3d:p3d_caustic-view0;2.263349;X=-0.430208 Y=0.000000;X=-0.125000 Y=0.125000;1;0
p3d:p3d_caustic-view0;2.279876;X=-0.430208 Y=0.000000;X=-0.125000 Y=0.125000;1;0
p3d:p3d_caustic-view0;2.296707;X=-0.430208 Y=0.000000;X=-0.125000 Y=0.125000;1;0
p3d:p3d_caustic-view0;2.313290;X=-0.430208 Y=0.000000;X=-0.125000 Y=0.125000;1;0
p3d:p3d_caustic-view0;2.330215;X=-0.430208 Y=0.000000;X=-0.125000 Y=0.125000;1;0
p3d:p3d_caustic-view0;2.346637;X=-0.430208 Y=0.000000;X=-0.125000 Y=0.125000;1;0
p3d:p3d_caustic-view0;2.363276;X=-0.430208 Y=0.000000;X=-0.125000 Y=0.125000;1;0
p3d:p3d_caustic-view0;2.380091;X=-0.430208 Y=0.000000;X=-0.125000 Y=0.125000;1;0
p3d:p3d_caustic-view0;2.396574;X=-0.430208 Y=0.000000;X=-0.125000 Y=0.125000;1;0
p3d:p3d_caustic-view0;2.413423;X=-0.430208 Y=0.000000;X=-0.125000 Y=0.125000;1;0
p3d:p3d_caustic-view0;2.430171;X=-0.430208 Y=0.000000;X=-0.125000 Y=0.125000;1;0
p3d:p3d_caustic-view0;2.446712;X=-0.430208 Y=0.000000;X=-0.125000 Y=0.125000;1;0
p3d:p3d_caustic-view0;2.463543;X=-0.430208 Y=0.000000;X=-0.125000 Y=0.125000;1;0
p3d:p3d_caustic-view0;2.480080;X=-0.430208 Y=0.000000;X=-0.125000 Y=0.125000;1;0
p3d:p3d_caustic-view0;2.496821;X=-0.430208 Y=0.000000;X=-0.125000 Y=0.125000;1;0
p3d:p3d_caustic-view0;2.513526;X=-0.430208 Y=0.000000;X=-0.125000 Y=0.125000;1;0
p3d:p3d_caustic-view0;2.529949;X=-0.430208 Y=0.000000;X=-0.125000 Y=0.125000;1;0
p3d:p3d_caustic-view0;2.546891;X=-0.430208 Y=0.000000;X=-0.125000 Y=0.125000;1;0
p3d:p3d_caustic-view0;2.563664;X=-0.198958 Y=0.044444;X=-0.125000 Y=0.125000;1;0
p3d:p3d_caustic-view0;2.580176;X=-0.109375 Y=0.090741;X=-0.125000 Y=0.125000;1;0
p3d:p3d_caustic-view0;2.596891;X=0.011458 Y=0.157407;X=-0.125000 Y=0.125000;1;0
p3d:p3d_caustic-view0;2.613621;X=0.073958 Y=0.194444;X=-0.125000 Y=0.125000;1;0
p3d:p3d_caustic-view0;2.630143;X=0.138542 Y=0.231481;X=-0.125000 Y=0.125000;1;0
p3d:p3d_caustic-view0;2.647126;X=0.186458 Y=0.255556;X=-0.125000 Y=0.125000;1;0
p3d:p3d_caustic-view0;2.663916;X=0.213542 Y=0.269444;X=-0.125000 Y=0.125000;1;0
p3d:p3d_caustic-view0;2.680258;X=0.219792 Y=0.272222;X=-0.125000 Y=0.125000;1;0
p3d:p3d_caustic-view0;2.696897;X=0.219792 Y=0.272222;X=-0.125000 Y=0.125000;1;0
p3d:p3d_caustic-view0;2.713755;X=0.219792 Y=0.272222;X=-0.125000 Y=0.125000;1;0
p3d:p3d_caustic-view0;2.730603;X=0.219792 Y=0.272222;X=-0.125000 Y=0.125000;1;0
p3d:p3d_caustic-view0;2.746997;X=0.219792 Y=0.272222;X=-0.125000 Y=0.125000;1;0
p3d:p3d_caustic-view0;2.763774;X=0.219792 Y=0.272222;X=-0.125000 Y=0.125000;1;1
p3d:p3d_caustic-view0;2.780452;X=0.219792 Y=0.272222;X=-0.125000 Y=0.125000;1;1
p3d:p3d_caustic-view0;2.796939;X=0.219792 Y=0.272222;X=-0.125000 Y=0.125000;1;1
p3d:p3d_caustic-view0;2.813786;X=0.219792 Y=0.272222;X=-0.125000 Y=0.125000;1;1
p3d:p3d_caustic-view0;2.830387;X=0.219792 Y=0.272222;X=-0.125000 Y=0.125000;1;1
p3d:p3d_caustic-view0;2.847329;X=0.219792 Y=0.272222;X=-0.125000 Y=0.125000;1;1
p3d:p3d_caustic-view0;2.863920;X=0.219792 Y=0.270370;X=-0.125000 Y=0.125000;1;1
p3d:p3d_caustic-view0;2.880526;X=0.221875 Y=0.266667;X=-0.125000 Y=0.125000;1;1
p3d:p3d_caustic-view0;2.897224;X=0.228125 Y=0.263889;X=-0.125000 Y=0.125000;1;1
p3d:p3d_caustic-view0;2.913771;X=0.233333 Y=0.260185;X=-0.125000 Y=0.125000;1;1
p3d:p3d_caustic-view0;2.930761;X=0.238542 Y=0.257407;X=-0.125000 Y=0.125000;1;1
p3d:p3d_caustic-view0;2.947337;X=0.241667 Y=0.255556;X=-0.125000 Y=0.125000;1;1
p3d:p3d_caustic-view0;2.963919;X=0.244792 Y=0.253704;X=-0.125000 Y=0.125000;1;1
p3d:p3d_caustic-view0;2.980471;X=0.250000 Y=0.250000;X=-0.125000 Y=0.125000;1;1
p3d:p3d_caustic-view0;2.997154;X=0.254167 Y=0.246296;X=-0.125000 Y=0.125000;1;1
p3d:p3d_caustic-view0;3.013959;X=0.255208 Y=0.245370;X=-0.125000 Y=0.125000;1;1
p3d:p3d_caustic-view0;3.030791;X=0.259375 Y=0.243519;X=-0.125000 Y=0.125000;1;1
p3d:p3d_caustic-view0;3.047427;X=0.260417 Y=0.242593;X=-0.125000 Y=0.125000;1;1
p3d:p3d_caustic-view0;3.064013;X=0.263542 Y=0.240741;X=-0.125000 Y=0.125000;1;1
p3d:p3d_caustic-view0;3.080870;X=0.265625 Y=0.238889;X=-0.125000 Y=0.125000;1;1
p3d:p3d_caustic-view0;3.097369;X=0.266667 Y=0.237963;X=-0.125000 Y=0.125000;1;1
p3d:p3d_caustic-view0;3.114155;X=0.266667 Y=0.237963;X=-0.125000 Y=0.125000;1;1
p3d:p3d_caustic-view0;3.130630;X=0.266667 Y=0.237963;X=-0.125000 Y=0.125000;1;1
p3d:p3d_caustic-view0;3.147487;X=0.269792 Y=0.237037;X=-0.125000 Y=0.125000;1;1
p3d:p3d_caustic-view0;3.164080;X=0.280208 Y=0.237037;X=-0.125000 Y=0.125000;1;1
p3d:p3d_caustic-view0;3.180718;X=0.304167 Y=0.233333;X=-0.125000 Y=0.125000;1;1
p3d:p3d_caustic-view0;3.197434;X=0.326042 Y=0.232407;X=-0.125000 Y=0.125000;1;1
p3d:p3d_caustic-view0;3.214236;X=0.372917 Y=0.228704;X=-0.125000 Y=0.125000;1;1
p3d:p3d_caustic-view0;3.230678;X=0.439583 Y=0.221296;X=-0.125000 Y=0.125000;1;1
p3d:p3d_caustic-view0;3.247551;X=0.510417 Y=0.210185;X=-0.125000 Y=0.125000;1;1
p3d:p3d_caustic-view0;3.264181;X=0.570833 Y=0.191667;X=-0.125000 Y=0.125000;1;1
p3d:p3d_caustic-view0;3.280695;X=0.625000 Y=0.169444;X=-0.125000 Y=0.125000;1;1
p3d:p3d_caustic-view0;3.297844;X=0.668750 Y=0.149074;X=-0.125000 Y=0.125000;1;1
p3d:p3d_caustic-view0;3.314342;X=0.712500 Y=0.132407;X=-0.125000 Y=0.125000;1;1
p3d:p3d_caustic-view0;3.330916;X=0.747917 Y=0.122222;X=-0.125000 Y=0.125000;1;1
p3d:p3d_caustic-view0;3.347646;X=0.775000 Y=0.115741;X=-0.125000 Y=0.125000;1;1
p3d:p3d_caustic-view0;3.364285;X=0.785417 Y=0.115741;X=-0.125000 Y=0.125000;1;1
p3d:p3d_caustic-view0;3.380858;X=0.786458 Y=0.114815;X=-0.125000 Y=0.125000;1;1
p3d:p3d_caustic-view0;3.397513;X=0.786458 Y=0.114815;X=-0.125000 Y=0.125000;1;0
p3d:p3d_caustic-view0;3.414406;X=0.786458 Y=0.114815;X=-0.125000 Y=0.125000;1;0
p3d:p3d_caustic-view0;3.430857;X=0.786458 Y=0.114815;X=-0.125000 Y=0.125000;1;0
p3d:p3d_caustic-view0;3.447746;X=0.786458 Y=0.114815;X=-0.125000 Y=0.125000;1;0
p3d:p3d_caustic-view0;3.464480;X=0.786458 Y=0.114815;X=-0.125000 Y=0.125000;1;0
p3d:p3d_caustic-view0;3.480931;X=0.786458 Y=0.114815;X=-0.125000 Y=0.125000;1;0
p3d:p3d_caustic-view0;3.497887;X=0.786458 Y=0.114815;X=-0.125000 Y=0.125000;1;0
p3d:p3d_caustic-view0;3.514622;X=0.786458 Y=0.114815;X=-0.125000 Y=0.125000;1;0
p3d:p3d_caustic-view0;3.531188;X=0.786458 Y=0.114815;X=-0.125000 Y=0.125000;1;0
p3d:p3d_caustic-view0;3.547714;X=0.786458 Y=0.114815;X=-0.125000 Y=0.125000;1;0
p3d:p3d_caustic-view0;3.564575;X=0.786458 Y=0.114815;X=-0.125000 Y=0.125000;1;0
p3d:p3d_caustic-view0;3.580976;X=0.787500 Y=0.116667;X=-0.125000 Y=0.125000;1;0
p3d:p3d_caustic-view0;3.597748;X=0.788542 Y=0.126852;X=-0.125000 Y=0.125000;1;0
p3d:p3d_caustic-view0;3.614779;X=0.790625 Y=0.137963;X=-0.125000 Y=0.125000;1;0
p3d:p3d_caustic-view0;3.631235;X=0.794792 Y=0.160185;X=-0.125000 Y=0.125000;1;0
p3d:p3d_caustic-view0;3.647741;X=0.798958 Y=0.191667;X=-0.125000 Y=0.125000;1;0
p3d:p3d_caustic-view0;3.664429;X=0.805208 Y=0.232407;X=-0.125000 Y=0.125000;1;0
p3d:p3d_caustic-view0;3.681229;X=0.809375 Y=0.273148;X=-0.125000 Y=0.125000;1;0
p3d:p3d_caustic-view0;3.698054;X=0.809375 Y=0.321296;X=-0.125000 Y=0.125000;1;0
p3d:p3d_caustic-view0;3.714645;X=0.809375 Y=0.369444;X=-0.125000 Y=0.125000;1;0
p3d:p3d_caustic-view0;3.731394;X=0.809375 Y=0.412037;X=-0.125000 Y=0.125000;1;0
p3d:p3d_caustic-view0;3.747970;X=0.804167 Y=0.443519;X=-0.125000 Y=0.125000;1;0
p3d:p3d_caustic-view0;3.764651;X=0.791667 Y=0.491667;X=-0.125000 Y=0.125000;1;0
p3d:p3d_caustic-view0;3.781326;X=0.787500 Y=0.529630;X=-0.125000 Y=0.125000;1;0
p3d:p3d_caustic-view0;3.797966;X=0.787500 Y=0.566667;X=-0.125000 Y=0.125000;1;0
p3d:p3d_caustic-view0;3.814888;X=0.784375 Y=0.587963;X=-0.125000 Y=0.125000;1;0
p3d:p3d_caustic-view0;3.831373;X=0.784375 Y=0.603704;X=-0.125000 Y=0.125000;1;0
p3d:p3d_caustic-view0;3.847954;X=0.784375 Y=0.622222;X=-0.125000 Y=0.125000;1;0
p3d:p3d_caustic-view0;3.864696;X=0.784375 Y=0.644444;X=-0.125000 Y=0.125000;1;0
p3d:p3d_caustic-view0;3.881618;X=0.787500 Y=0.671296;X=-0.125000 Y=0.125000;1;0
p3d:p3d_caustic-view0;3.898208;X=0.792708 Y=0.696296;X=-0.125000 Y=0.125000;1;0
p3d:p3d_caustic-view0;3.914617;X=0.795833 Y=0.712963;X=-0.125000 Y=0.125000;1;0
p3d:p3d_caustic-view0;3.931380;X=0.802083 Y=0.725000;X=-0.125000 Y=0.125000;1;0
p3d:p3d_caustic-view0;3.948188;X=0.802083 Y=0.729630;X=-0.125000 Y=0.125000;1;0
p3d:p3d_caustic-view0;3.964702;X=0.803125 Y=0.730556;X=-0.125000 Y=0.125000;1;0
p3d:p3d_caustic-view0;3.981674;X=0.803125 Y=0.730556;X=-0.125000 Y=0.125000;1;0
p3d:p3d_caustic-view0;3.998170;X=0.803125 Y=0.731481;X=-0.125000 Y=0.125000;1;0
p3d:p3d_caustic-view0;4.014816;X=0.803125 Y=0.731481;X=-0.125000 Y=0.125000;1;0
p3d:p3d_caustic-view0;4.031582;X=0.803125 Y=0.731481;X=-0.125000 Y=0.125000;1;0
p3d:p3d_caustic-view0;4.048738;X=0.803125 Y=0.731481;X=-0.125000 Y=0.125000;1;0
p3d:p3d_caustic-view0;4.064852;X=0.803125 Y=0.731481;X=-0.125000 Y=0.125000;1;0
p3d:p3d_caustic-view0;4.081878;X=0.803125 Y=0.731481;X=-0.125000 Y=0.125000;1;0
p3d:p3d_caustic-view0;4.098276;X=0.803125 Y=0.731481;X=-0.125000 Y=0.125000;1;0
p3d:p3d_caustic-view0;4.114894;X=0.803125 Y=0.731481;X=-0.125000 Y=0.125000;1;1
p3d:p3d_caustic-view0;4.131523;X=0.803125 Y=0.731481;X=-0.125000 Y=0.125000;1;1
p3d:p3d_caustic-view0;4.148438;X=0.803125 Y=0.731481;X=-0.125000 Y=0.125000;1;1
p3d:p3d_caustic-view0;4.165016;X=0.803125 Y=0.731481;X=-0.125000 Y=0.125000;1;1
p3d:p3d_caustic-view0;4.181645;X=0.793750 Y=0.726852;X=-0.125000 Y=0.125000;1;1
p3d:p3d_caustic-view0;4.198634;X=0.780208 Y=0.720370;X=-0.125000 Y=0.125000;1;1
p3d:p3d_caustic-view0;4.215046;X=0.757292 Y=0.711111;X=-0.125000 Y=0.125000;1;1
p3d:p3d_caustic-view0;4.231584;X=0.731250 Y=0.699074;X=-0.125000 Y=0.125000;1;1
p3d:p3d_caustic-view0;4.248437;X=0.692708 Y=0.678704;X=-0.125000 Y=0.125000;1;1
p3d:p3d_caustic-view0;4.265170;X=0.646875 Y=0.654630;X=-0.125000 Y=0.125000;1;1
p3d:p3d_caustic-view0;4.281731;X=0.607292 Y=0.632407;X=-0.125000 Y=0.125000;1;1
p3d:p3d_caustic-view0;4.298748;X=0.557292 Y=0.606481;X=-0.125000 Y=0.125000;1;1
p3d:p3d_caustic-view0;4.315066;X=0.505208 Y=0.586111;X=-0.125000 Y=0.125000;1;1
p3d:p3d_caustic-view0;4.331733;X=0.457292 Y=0.567593;X=-0.125000 Y=0.125000;1;1
p3d:p3d_caustic-view0;4.348530;X=0.400000 Y=0.542593;X=-0.125000 Y=0.125000;1;1
p3d:p3d_caustic-view0;4.365237;X=0.361458 Y=0.524074;X=-0.125000 Y=0.125000;1;1
p3d:p3d_caustic-view0;4.381859;X=0.319792 Y=0.503704;X=-0.125000 Y=0.125000;1;1
p3d:p3d_caustic-view0;4.398612;X=0.285417 Y=0.484259;X=-0.125000 Y=0.125000;1;1
p3d:p3d_caustic-view0;4.415339;X=0.248958 Y=0.462037;X=-0.125000 Y=0.125000;1;1
p3d:p3d_caustic-view0;4.431746;X=0.213542 Y=0.440741;X=-0.125000 Y=0.125000;1;1
p3d:p3d_caustic-view0;4.448416;X=0.181250 Y=0.420370;X=-0.125000 Y=0.125000;1;1
p3d:p3d_caustic-view0;4.465312;X=0.153125 Y=0.399074;X=-0.125000 Y=0.125000;1;1
p3d:p3d_caustic-view0;4.481949;X=0.140625 Y=0.384259;X=-0.125000 Y=0.125000;1;1
p3d:p3d_caustic-view0;4.498832;X=0.132292 Y=0.362037;X=-0.125000 Y=0.125000;1;1
p3d:p3d_caustic-view0;4.515328;X=0.120833 Y=0.332407;X=-0.125000 Y=0.125000;1;1
p3d:p3d_caustic-view0;4.531778;X=0.111458 Y=0.302778;X=-0.125000 Y=0.125000;1;1
p3d:p3d_caustic-view0;4.548793;X=0.111458 Y=0.240741;X=-0.125000 Y=0.125000;1;1
p3d:p3d_caustic-view0;4.565294;X=0.128125 Y=0.196296;X=-0.125000 Y=0.125000;1;1
p3d:p3d_caustic-view0;4.582145;X=0.157292 Y=0.164815;X=-0.125000 Y=0.125000;1;1
p3d:p3d_caustic-view0;4.598675;X=0.183333 Y=0.148148;X=-0.125000 Y=0.125000;1;1
p3d:p3d_caustic-view0;4.615468;X=0.206250 Y=0.134259;X=-0.125000 Y=0.125000;1;1
p3d:p3d_caustic-view0;4.632049;X=0.227083 Y=0.125926;X=-0.125000 Y=0.125000;1;1
p3d:p3d_caustic-view0;4.648720;X=0.240625 Y=0.123148;X=-0.125000 Y=0.125000;1;1
p3d:p3d_caustic-view0;4.665518;X=0.252083 Y=0.118519;X=-0.125000 Y=0.125000;1;1
p3d:p3d_caustic-view0;4.682147;X=0.259375 Y=0.117593;X=-0.125000 Y=0.125000;1;1
p3d:p3d_caustic-view0;4.698961;X=0.265625 Y=0.113889;X=-0.125000 Y=0.125000;1;1
p3d:p3d_caustic-view0;4.715577;X=0.272917 Y=0.112963;X=-0.125000 Y=0.125000;1;1
p3d:p3d_caustic-view0;4.732183;X=0.281250 Y=0.110185;X=-0.125000 Y=0.125000;1;1
p3d:p3d_caustic-view0;4.748752;X=0.286458 Y=0.109259;X=-0.125000 Y=0.125000;1;1
p3d:p3d_caustic-view0;4.765645;X=0.287500 Y=0.109259;X=-0.125000 Y=0.125000;1;1
p3d:p3d_caustic-view0;4.782093;X=0.287500 Y=0.109259;X=-0.125000 Y=0.125000;1;0
p3d:p3d_caustic-view0;4.798961;X=0.287500 Y=0.109259;X=-0.125000 Y=0.125000;1;0
p3d:p3d_caustic-view0;4.815729;X=0.290625 Y=0.108333;X=-0.125000 Y=0.125000;1;0
p3d:p3d_caustic-view0;4.832350;X=0.293750 Y=0.107407;X=-0.125000 Y=0.125000;1;0
p3d:p3d_caustic-view0;4.849021;X=0.296875 Y=0.106481;X=-0.125000 Y=0.125000;1;0
p3d:p3d_caustic-view0;4.865754;X=0.296875 Y=0.106481;X=-0.125000 Y=0.125000;1;0
p3d:p3d_caustic-view0;4.882454;X=0.296875 Y=0.106481;X=-0.125000 Y=0.125000;1;0
p3d:p3d_caustic-view0;4.899006;X=0.296875 Y=0.106481;X=-0.125000 Y=0.125000;1;0
p3d:p3d_caustic-view0;4.915671;X=0.288542 Y=0.099074;X=-0.125000 Y=0.125000;1;0
p3d:p3d_caustic-view0;4.932428;X=0.227083 Y=0.075000;X=-0.125000 Y=0.125000;1;0
p3d:p3d_caustic-view0;4.948945;X=0.203125 Y=0.065741;X=-0.125000 Y=0.125000;1;0
p3d:p3d_caustic-view0;4.965733;X=0.182292 Y=0.059259;X=-0.125000 Y=0.125000;1;0
p3d:p3d_caustic-view0;4.982680;X=0.159375 Y=0.055556;X=-0.125000 Y=0.125000;1;0
p3d:p3d_caustic-view0;4.999360;X=0.146875 Y=0.051852;X=-0.125000 Y=0.125000;1;0
p3d:p3d_caustic-view0;5.248053;X=0.145833 Y=0.051852;X=0.875000 Y=0.875000;5;0
p3d:p3d_caustic-view0;5.248705;X=0.654167 Y=0.073148;X=0.875000 Y=0.875000;5;1
p3d:p3d_caustic-view0;5.249978;X=0.654167 Y=0.073148;X=0.875000 Y=0.875000;5;1
p3d:p3d_caustic-view0;5.250815;X=0.654167 Y=0.073148;X=0.875000 Y=0.875000;5;1
p3d:p3d_caustic-view0;5.266243;X=0.684375 Y=0.075926;X=0.875000 Y=0.875000;5;1
p3d:p3d_caustic-view0;5.282645;X=0.698958 Y=0.078704;X=0.875000 Y=0.875000;5;1
p3d:p3d_caustic-view0;5.299569;X=0.704167 Y=0.080556;X=0.875000 Y=0.875000;5;1
p3d:p3d_caustic-view0;5.315822;X=0.704167 Y=0.080556;X=0.875000 Y=0.875000;5;1
p3d:p3d_caustic-view0;5.332638;X=0.705208 Y=0.081481;X=0.875000 Y=0.875000;5;1
p3d:p3d_caustic-view0;5.349393;X=0.705208 Y=0.087037;X=0.875000 Y=0.875000;5;1
p3d:p3d_caustic-view0;5.366064;X=0.705208 Y=0.094444;X=0.875000 Y=0.875000;5;1
p3d:p3d_caustic-view0;5.382943;X=0.705208 Y=0.106481;X=0.875000 Y=0.875000;5;1
p3d:p3d_caustic-view0;5.399526;X=0.690625 Y=0.126852;X=0.875000 Y=0.875000;5;1
p3d:p3d_caustic-view0;5.416197;X=0.658333 Y=0.152778;X=0.875000 Y=0.875000;5;1
p3d:p3d_caustic-view0;5.432731;X=0.616667 Y=0.173148;X=0.875000 Y=0.875000;5;1
p3d:p3d_caustic-view0;5.449508;X=0.562500 Y=0.193519;X=0.875000 Y=0.875000;5;1
p3d:p3d_caustic-view0;5.466525;X=0.504167 Y=0.213889;X=0.875000 Y=0.875000;5;1
p3d:p3d_caustic-view0;5.482779;X=0.447917 Y=0.234259;X=0.875000 Y=0.875000;5;1
p3d:p3d_caustic-view0;5.499660;X=0.397917 Y=0.247222;X=0.875000 Y=0.875000;5;1
p3d:p3d_caustic-view0;5.516251;X=0.362500 Y=0.256481;X=0.875000 Y=0.875000;5;1
p3d:p3d_caustic-view0;5.532981;X=0.343750 Y=0.264815;X=0.875000 Y=0.875000;5;1
p3d:p3d_caustic-view0;5.549670;X=0.343750 Y=0.264815;X=0.875000 Y=0.875000;5;1
p3d:p3d_caustic-view0;5.566357;X=0.343750 Y=0.264815;X=0.875000 Y=0.875000;5;1
p3d:p3d_caustic-view0;5.583042;X=0.344792 Y=0.264815;X=0.875000 Y=0.875000;5;1
p3d:p3d_caustic-view0;5.599574;X=0.367708 Y=0.268519;X=0.875000 Y=0.875000;5;1
p3d:p3d_caustic-view0;5.616235;X=0.421875 Y=0.281481;X=0.875000 Y=0.875000;5;1
p3d:p3d_caustic-view0;5.632937;X=0.478125 Y=0.301852;X=0.875000 Y=0.875000;5;1
p3d:p3d_caustic-view0;5.649672;X=0.538542 Y=0.327778;X=0.875000 Y=0.875000;5;1
p3d:p3d_caustic-view0;5.666536;X=0.592708 Y=0.359259;X=0.875000 Y=0.875000;5;1
p3d:p3d_caustic-view0;5.683007;X=0.623958 Y=0.388889;X=0.875000 Y=0.875000;5;1
p3d:p3d_caustic-view0;5.699709;X=0.633333 Y=0.412963;X=0.875000 Y=0.875000;5;1
p3d:p3d_caustic-view0;5.716396;X=0.631250 Y=0.451852;X=0.875000 Y=0.875000;5;1
p3d:p3d_caustic-view0;5.733003;X=0.611458 Y=0.488889;X=0.875000 Y=0.875000;5;1
p3d:p3d_caustic-view0;5.749792;X=0.586458 Y=0.522222;X=0.875000 Y=0.875000;5;1
p3d:p3d_caustic-view0;5.766593;X=0.557292 Y=0.548148;X=0.875000 Y=0.875000;5;1
p3d:p3d_caustic-view0;5.783249;X=0.519792 Y=0.573148;X=0.875000 Y=0.875000;5;1
p3d:p3d_caustic-view0;5.799641;X=0.478125 Y=0.591667;X=0.875000 Y=0.875000;5;1
p3d:p3d_caustic-view0;5.816483;X=0.428125 Y=0.602778;X=0.875000 Y=0.875000;5;1
p3d:p3d_caustic-view0;5.833207;X=0.392708 Y=0.612037;X=0.875000 Y=0.875000;5;1
p3d:p3d_caustic-view0;5.849946;X=0.365625 Y=0.615741;X=0.875000 Y=0.875000;5;1
p3d:p3d_caustic-view0;5.866598;X=0.357292 Y=0.618519;X=0.875000 Y=0.875000;5;1
p3d:p3d_caustic-view0;5.883183;X=0.353125 Y=0.622222;X=0.875000 Y=0.875000;5;1
p3d:p3d_caustic-view0;5.900002;X=0.353125 Y=0.626852;X=0.875000 Y=0.875000;5;1
p3d:p3d_caustic-view0;5.916586;X=0.362500 Y=0.638889;X=0.875000 Y=0.875000;5;1
p3d:p3d_caustic-view0;5.933280;X=0.404167 Y=0.659259;X=0.875000 Y=0.875000;5;1
p3d:p3d_caustic-view0;5.949992;X=0.454167 Y=0.679630;X=0.875000 Y=0.875000;5;1
p3d:p3d_caustic-view0;5.966735;X=0.504167 Y=0.692593;X=0.875000 Y=0.875000;5;1
p3d:p3d_caustic-view0;5.983339;X=0.552083 Y=0.705556;X=0.875000 Y=0.875000;5;1
p3d:p3d_caustic-view0;5.999892;X=0.597917 Y=0.714815;X=0.875000 Y=0.875000;5;1
p3d:p3d_caustic-view0;6.016748;X=0.633333 Y=0.720370;X=0.875000 Y=0.875000;5;1
p3d:p3d_caustic-view0;6.033458;X=0.653125 Y=0.724074;X=0.875000 Y=0.875000;5;1
p3d:p3d_caustic-view0;6.050105;X=0.661458 Y=0.720370;X=0.875000 Y=0.875000;5;1
p3d:p3d_caustic-view0;6.066874;X=0.666667 Y=0.712037;X=0.875000 Y=0.875000;5;1
p3d:p3d_caustic-view0;6.083428;X=0.667708 Y=0.691667;X=0.875000 Y=0.875000;5;1
p3d:p3d_caustic-view0;6.099974;X=0.667708 Y=0.664815;X=0.875000 Y=0.875000;5;1
p3d:p3d_caustic-view0;6.116983;X=0.648958 Y=0.606481;X=0.875000 Y=0.875000;5;1
p3d:p3d_caustic-view0;6.133457;X=0.636458 Y=0.565741;X=0.875000 Y=0.875000;5;1
p3d:p3d_caustic-view0;6.149967;X=0.635417 Y=0.542593;X=0.875000 Y=0.875000;5;1
p3d:p3d_caustic-view0;6.166816;X=0.632292 Y=0.525926;X=0.875000 Y=0.875000;5;1
p3d:p3d_caustic-view0;6.183548;X=0.632292 Y=0.509259;X=0.875000 Y=0.875000;5;1
p3d:p3d_caustic-view0;6.200144;X=0.632292 Y=0.487037;X=0.875000 Y=0.875000;5;1
p3d:p3d_caustic-view0;6.216917;X=0.630208 Y=0.465741;X=0.875000 Y=0.875000;5;1
p3d:p3d_caustic-view0;6.233553;X=0.628125 Y=0.442593;X=0.875000 Y=0.875000;5;1
p3d:p3d_caustic-view0;6.250250;X=0.620833 Y=0.413889;X=0.875000 Y=0.875000;5;1
p3d:p3d_caustic-view0;6.266955;X=0.614583 Y=0.396296;X=0.875000 Y=0.875000;5;1
p3d:p3d_caustic-view0;6.283444;X=0.610417 Y=0.382407;X=0.875000 Y=0.875000;5;1
p3d:p3d_caustic-view0;6.300273;X=0.607292 Y=0.375000;X=0.875000 Y=0.875000;5;0
p3d:p3d_caustic-view0;6.316841;X=0.606250 Y=0.368519;X=0.875000 Y=0.875000;5;0
p3d:p3d_caustic-view0;6.333626;X=0.606250 Y=0.363889;X=0.875000 Y=0.875000;5;0
p3d:p3d_caustic-view0;6.350251;X=0.606250 Y=0.361111;X=0.875000 Y=0.875000;5;0
p3d:p3d_caustic-view0;6.366903;X=0.606250 Y=0.361111;X=0.875000 Y=0.875000;5;0
p3d:p3d_caustic-view0;6.383729;X=0.606250 Y=0.361111;X=0.875000 Y=0.875000;5;0
p3d:p3d_caustic-view0;6.400338;X=0.606250 Y=0.361111;X=0.875000 Y=0.875000;5;0
p3d:p3d_caustic-view0;6.416779;X=0.606250 Y=0.360185;X=0.875000 Y=0.875000;5;0
p3d:p3d_caustic-view0;6.433806;X=0.610417 Y=0.358333;X=0.875000 Y=0.875000;5;0
p3d:p3d_caustic-view0;6.450397;X=0.619792 Y=0.352778;X=0.875000 Y=0.875000;5;0
p3d:p3d_caustic-view0;6.466910;X=0.628125 Y=0.347222;X=0.875000 Y=0.875000;5;0
p3d:p3d_caustic-view0;6.483617;X=0.640625 Y=0.336111;X=0.875000 Y=0.875000;5;0
p3d:p3d_caustic-view0;6.500378;X=0.676042 Y=0.311111;X=0.875000 Y=0.875000;5;0
p3d:p3d_caustic-view0;6.517091;X=0.704167 Y=0.281481;X=0.875000 Y=0.875000;5;0
p3d:p3d_caustic-view0;6.534047;X=0.725000 Y=0.244444;X=0.875000 Y=0.875000;5;0
p3d:p3d_caustic-view0;6.550386;X=0.731250 Y=0.220370;X=0.875000 Y=0.875000;5;0
p3d:p3d_caustic-view0;6.566969;X=0.736458 Y=0.206481;X=0.875000 Y=0.875000;5;0
p3d:p3d_caustic-view0;6.583711;X=0.740625 Y=0.196296;X=0.875000 Y=0.875000;5;0
p3d:p3d_caustic-view0;6.600694;X=0.742708 Y=0.187037;X=0.875000 Y=0.875000;5;0
p3d:p3d_caustic-view0;6.617058;X=0.742708 Y=0.180556;X=0.875000 Y=0.875000;5;0
p3d:p3d_caustic-view0;6.634105;X=0.742708 Y=0.175926;X=0.875000 Y=0.875000;5;0
p3d:p3d_caustic-view0;6.650790;X=0.742708 Y=0.175000;X=0.875000 Y=0.875000;5;0
p3d:p3d_caustic-view0;6.667140;X=0.742708 Y=0.174074;X=0.875000 Y=0.875000;5;0
p3d:p3d_caustic-view0;6.683993;X=0.742708 Y=0.171296;X=0.875000 Y=0.875000;5;0
p3d:p3d_caustic-view0;6.700655;X=0.742708 Y=0.171296;X=0.875000 Y=0.875000;5;0
p3d:p3d_caustic-view0;6.717133;X=0.742708 Y=0.171296;X=0.875000 Y=0.875000;5;0
p3d:p3d_caustic-view0;6.734034;X=0.742708 Y=0.171296;X=0.875000 Y=0.875000;5;0
p3d:p3d_caustic-view0;6.750741;X=0.742708 Y=0.171296;X=0.875000 Y=0.875000;5;0
p3d:p3d_caustic-view0;6.767459;X=0.742708 Y=0.171296;X=0.875000 Y=0.875000;5;0
p3d:p3d_caustic-view0;6.783820;X=0.742708 Y=0.171296;X=0.875000 Y=0.875000;5;0
p3d:p3d_caustic-view0;6.800639;X=0.742708 Y=0.171296;X=0.875000 Y=0.875000;5;0
p3d:p3d_caustic-view0;6.817415;X=0.742708 Y=0.171296;X=0.875000 Y=0.875000;5;0
p3d:p3d_caustic-view0;6.834200;X=0.742708 Y=0.171296;X=0.875000 Y=0.875000;5;0
p3d:p3d_caustic-view0;6.850791;X=0.742708 Y=0.171296;X=0.875000 Y=0.875000;5;0
p3d:p3d_caustic-view0;6.867429;X=0.742708 Y=0.171296;X=0.875000 Y=0.875000;5;0
p3d:p3d_caustic-view0;6.884122;X=0.742708 Y=0.171296;X=0.875000 Y=0.875000;5;0
p3d:p3d_caustic-view0;6.900679;X=0.742708 Y=0.171296;X=0.875000 Y=0.875000;5;0
p3d:p3d_caustic-view0;6.917551;X=0.742708 Y=0.171296;X=0.875000 Y=0.875000;5;0
p3d:p3d_caustic-view0;6.933985;X=0.742708 Y=0.171296;X=0.875000 Y=0.875000;5;0
p3d:p3d_caustic-view0;6.950760;X=0.742708 Y=0.171296;X=0.875000 Y=0.875000;5;0
p3d:p3d_caustic-view0;6.967456;X=0.742708 Y=0.171296;X=0.875000 Y=0.875000;5;0
p3d:p3d_caustic-view0;6.984161;X=0.742708 Y=0.171296;X=0.875000 Y=0.875000;5;0
p3d:p3d_caustic-view0;7.001041;X=0.742708 Y=0.171296;X=0.875000 Y=0.875000;5;0
p3d:p3d_caustic-view0;7.018065;X=0.742708 Y=0.171296;X=0.875000 Y=0.875000;5;0
p3d:p3d_caustic-view0;7.034055;X=0.742708 Y=0.169444;X=0.875000 Y=0.875000;5;0
p3d:p3d_caustic-view0;7.050965;X=0.758333 Y=0.161111;X=0.875000 Y=0.875000;5;0
p3d:p3d_caustic-view0;7.067567;X=0.775000 Y=0.151852;X=0.875000 Y=0.875000;5;0
p3d:p3d_caustic-view0;7.084301;X=0.790625 Y=0.142593;X=0.875000 Y=0.875000;5;0
p3d:p3d_caustic-view0;7.101105;X=0.818750 Y=0.120370;X=0.875000 Y=0.875000;5;0
p3d:p3d_caustic-view0;7.117819;X=0.832292 Y=0.108333;X=0.875000 Y=0.875000;5;0
p3d:p3d_caustic-view0;7.134542;X=0.834375 Y=0.103704;X=0.875000 Y=0.875000;5;0
p3d:p3d_caustic-view0;7.150886;X=0.835417 Y=0.100926;X=0.875000 Y=0.875000;5;0
p3d:p3d_caustic-view0;7.167788;X=0.835417 Y=0.100000;X=0.875000 Y=0.875000;5;0
p3d:p3d_caustic-view0;7.184422;X=0.835417 Y=0.100000;X=0.875000 Y=0.875000;5;0
p3d:p3d_caustic-view0;7.200910;X=0.835417 Y=0.100000;X=0.875000 Y=0.875000;5;0
p3d:p3d_caustic-view0;7.217835;X=0.835417 Y=0.100000;X=0.875000 Y=0.875000;5;1
p3d:p3d_caustic-view0;7.234664;X=0.835417 Y=0.100000;X=0.875000 Y=0.875000;5;1
p3d:p3d_caustic-view0;7.251012;X=0.835417 Y=0.100000;X=0.875000 Y=0.875000;5;1
p3d:p3d_caustic-view0;7.267679;X=0.835417 Y=0.100000;X=0.875000 Y=0.875000;5;1
p3d:p3d_caustic-view0;7.284460;X=0.828125 Y=0.093519;X=0.875000 Y=0.875000;5;1
p3d:p3d_caustic-view0;7.301044;X=0.793750 Y=0.084259;X=0.875000 Y=0.875000;5;1
p3d:p3d_caustic-view0;7.317632;X=0.735417 Y=0.069444;X=0.875000 Y=0.875000;5;1
p3d:p3d_caustic-view0;7.334555;X=0.645833 Y=0.050926;X=0.875000 Y=0.875000;5;1
p3d:p3d_caustic-view0;7.351269;X=0.552083 Y=0.036111;X=0.875000 Y=0.875000;5;1
p3d:p3d_caustic-view0;7.367965;X=0.479167 Y=0.026852;X=0.875000 Y=0.875000;5;1
p3d:p3d_caustic-view0;7.384533;X=0.420833 Y=0.019444;X=0.875000 Y=0.875000;5;1
p3d:p3d_caustic-view0;7.401276;X=0.377083 Y=0.017593;X=0.875000 Y=0.875000;5;1
p3d:p3d_caustic-view0;7.417913;X=0.343750 Y=0.017593;X=0.875000 Y=0.875000;5;1
p3d:p3d_caustic-view0;7.434685;X=0.329167 Y=0.017593;X=0.875000 Y=0.875000;5;1
p3d:p3d_caustic-view0;7.451233;X=0.320833 Y=0.018519;X=0.875000 Y=0.875000;5;1
p3d:p3d_caustic-view0;7.468029;X=0.312500 Y=0.024074;X=0.875000 Y=0.875000;5;1
p3d:p3d_caustic-view0;7.484612;X=0.296875 Y=0.034259;X=0.875000 Y=0.875000;5;1
p3d:p3d_caustic-view0;7.501337;X=0.288542 Y=0.038889;X=0.875000 Y=0.875000;5;1
p3d:p3d_caustic-view0;7.517890;X=0.277083 Y=0.042593;X=0.875000 Y=0.875000;5;1
p3d:p3d_caustic-view0;7.534944;X=0.270833 Y=0.044444;X=0.875000 Y=0.875000;5;1
p3d:p3d_caustic-view0;7.551691;X=0.268750 Y=0.045370;X=0.875000 Y=0.875000;5;1
p3d:p3d_caustic-view0;7.568737;X=0.268750 Y=0.045370;X=0.875000 Y=0.875000;5;1
p3d:p3d_caustic-view0;7.584635;X=0.268750 Y=0.045370;X=0.875000 Y=0.875000;5;1
p3d:p3d_caustic-view0;7.601644;X=0.268750 Y=0.045370;X=0.875000 Y=0.875000;5;1
p3d:p3d_caustic-view0;7.617965;X=0.268750 Y=0.045370;X=0.875000 Y=0.875000;5;0
p3d:p3d_caustic-view0;7.634912;X=0.268750 Y=0.045370;X=0.875000 Y=0.875000;5;0
p3d:p3d_caustic-view0;7.651444;X=0.268750 Y=0.045370;X=0.875000 Y=0.875000;5;0
p3d:p3d_caustic-view0;7.668315;X=0.268750 Y=0.045370;X=0.875000 Y=0.875000;5;0
p3d:p3d_caustic-view0;7.684819;X=0.268750 Y=0.045370;X=0.875000 Y=0.875000;5;0
p3d:p3d_caustic-view0;7.701432;X=0.268750 Y=0.045370;X=0.875000 Y=0.875000;5;0
p3d:p3d_caustic-view0;7.718297;X=0.265625 Y=0.046296;X=0.875000 Y=0.875000;5;0
p3d:p3d_caustic-view0;7.734729;X=0.260417 Y=0.048148;X=0.875000 Y=0.875000;5;0
p3d:p3d_caustic-view0;7.751556;X=0.254167 Y=0.049074;X=0.875000 Y=0.875000;5;0
p3d:p3d_caustic-view0;7.768229;X=0.245833 Y=0.052778;X=0.875000 Y=0.875000;5;0
p3d:p3d_caustic-view0;7.784790;X=0.235417 Y=0.054630;X=0.875000 Y=0.875000;5;0
p3d:p3d_caustic-view0;7.801635;X=0.222917 Y=0.058333;X=0.875000 Y=0.875000;5;0
p3d:p3d_caustic-view0;7.818519;X=0.209375 Y=0.062037;X=0.875000 Y=0.875000;5;0
p3d:p3d_caustic-view0;7.834854;X=0.189583 Y=0.068519;X=0.875000 Y=0.875000;5;0
p3d:p3d_caustic-view0;7.851597;X=0.177083 Y=0.074074;X=0.875000 Y=0.875000;5;0
p3d:p3d_caustic-view0;7.868540;X=0.170833 Y=0.078704;X=0.875000 Y=0.875000;5;1
p3d:p3d_caustic-view0;7.884955;X=0.170833 Y=0.078704;X=0.875000 Y=0.875000;5;1
p3d:p3d_caustic-view0;7.901944;X=0.170833 Y=0.083333;X=0.875000 Y=0.875000;5;1
p3d:p3d_caustic-view0;7.918285;X=0.183333 Y=0.092593;X=0.875000 Y=0.875000;5;1
p3d:p3d_caustic-view0;7.934955;X=0.207292 Y=0.104630;X=0.875000 Y=0.875000;5;1
p3d:p3d_caustic-view0;7.951653;X=0.252083 Y=0.121296;X=0.875000 Y=0.875000;5;1
p3d:p3d_caustic-view0;7.968463;X=0.308333 Y=0.141667;X=0.875000 Y=0.875000;5;1
p3d:p3d_caustic-view0;7.985195;X=0.372917 Y=0.162037;X=0.875000 Y=0.875000;5;1
p3d:p3d_caustic-view0;8.001792;X=0.435417 Y=0.184259;X=0.875000 Y=0.875000;5;1
p3d:p3d_caustic-view0;8.018573;X=0.500000 Y=0.210185;X=0.875000 Y=0.875000;5;1
p3d:p3d_caustic-view0;8.035410;X=0.547917 Y=0.232407;X=0.875000 Y=0.875000;5;1
p3d:p3d_caustic-view0;8.051823;X=0.585417 Y=0.258333;X=0.875000 Y=0.875000;5;1
p3d:p3d_caustic-view0;8.068486;X=0.627083 Y=0.305556;X=0.875000 Y=0.875000;5;1
p3d:p3d_caustic-view0;8.085166;X=0.656250 Y=0.351852;X=0.875000 Y=0.875000;5;1
p3d:p3d_caustic-view0;8.101719;X=0.685417 Y=0.401852;X=0.875000 Y=0.875000;5;1
p3d:p3d_caustic-view0;8.118753;X=0.708333 Y=0.446296;X=0.875000 Y=0.875000;5;1
p3d:p3d_caustic-view0;8.135180;X=0.720833 Y=0.481481;X=0.875000 Y=0.875000;5;1
p3d:p3d_caustic-view0;8.151851;X=0.726042 Y=0.504630;X=0.875000 Y=0.875000;5;1
p3d:p3d_caustic-view0;8.168569;X=0.728125 Y=0.525000;X=0.875000 Y=0.875000;5;1
p3d:p3d_caustic-view0;8.185351;X=0.728125 Y=0.537037;X=0.875000 Y=0.875000;5;1
p3d:p3d_caustic-view0;8.201857;X=0.728125 Y=0.545370;X=0.875000 Y=0.875000;5;1
p3d:p3d_caustic-view0;8.218744;X=0.719792 Y=0.551852;X=0.875000 Y=0.875000;5;1
p3d:p3d_caustic-view0;8.235392;X=0.711458 Y=0.553704;X=0.875000 Y=0.875000;5;1
p3d:p3d_caustic-view0;8.251964;X=0.698958 Y=0.554630;X=0.875000 Y=0.875000;5;1
p3d:p3d_caustic-view0;8.268742;X=0.642708 Y=0.548148;X=0.875000 Y=0.875000;5;1
p3d:p3d_caustic-view0;8.285458;X=0.584375 Y=0.531482;X=0.875000 Y=0.875000;5;1
p3d:p3d_caustic-view0;8.301967;X=0.519792 Y=0.509259;X=0.875000 Y=0.875000;5;1
p3d:p3d_caustic-view0;8.318900;X=0.451042 Y=0.483333;X=0.875000 Y=0.875000;5;1
p3d:p3d_caustic-view0;8.335361;X=0.392708 Y=0.455556;X=0.875000 Y=0.875000;5;1
p3d:p3d_caustic-view0;8.351933;X=0.340625 Y=0.429630;X=0.875000 Y=0.875000;5;1
p3d:p3d_caustic-view0;8.368687;X=0.311458 Y=0.414815;X=0.875000 Y=0.875000;5;1
p3d:p3d_caustic-view0;8.385686;X=0.293750 Y=0.403704;X=0.875000 Y=0.875000;5;1
p3d:p3d_caustic-view0;8.402184;X=0.285417 Y=0.398148;X=0.875000 Y=0.875000;5;1
p3d:p3d_caustic-view0;8.418888;X=0.279167 Y=0.393519;X=0.875000 Y=0.875000;5;1
p3d:p3d_caustic-view0;8.435622;X=0.271875 Y=0.387037;X=0.875000 Y=0.875000;5;1
p3d:p3d_caustic-view0;8.452208;X=0.268750 Y=0.381481;X=0.875000 Y=0.875000;5;1
p3d:p3d_caustic-view0;8.468918;X=0.267708 Y=0.380556;X=0.875000 Y=0.875000;5;1
p3d:p3d_caustic-view0;8.485856;X=0.267708 Y=0.380556;X=0.875000 Y=0.875000;5;1
p3d:p3d_caustic-view0;8.502285;X=0.267708 Y=0.380556;X=0.875000 Y=0.875000;5;1
p3d:p3d_caustic-view0;8.518813;X=0.267708 Y=0.380556;X=0.875000 Y=0.875000;5;1
p3d:p3d_caustic-view0;8.535663;X=0.269792 Y=0.379630;X=0.875000 Y=0.875000;5;1
p3d:p3d_caustic-view0;8.552279;X=0.271875 Y=0.379630;X=0.875000 Y=0.875000;5;0
p3d:p3d_caustic-view0;8.568881;X=0.271875 Y=0.379630;X=0.875000 Y=0.875000;5;0
p3d:p3d_caustic-view0;8.585813;X=0.271875 Y=0.379630;X=0.875000 Y=0.875000;5;0
p3d:p3d_caustic-view0;8.602317;X=0.272917 Y=0.379630;X=0.875000 Y=0.875000;5;0
p3d:p3d_caustic-view0;8.619053;X=0.273958 Y=0.379630;X=0.875000 Y=0.875000;5;0
p3d:p3d_caustic-view0;8.635702;X=0.275000 Y=0.390741;X=0.875000 Y=0.875000;5;0
p3d:p3d_caustic-view0;8.652324;X=0.275000 Y=0.410185;X=0.875000 Y=0.875000;5;0
p3d:p3d_caustic-view0;8.669055;X=0.268750 Y=0.429630;X=0.875000 Y=0.875000;5;0
p3d:p3d_caustic-view0;8.685809;X=0.256250 Y=0.454630;X=0.875000 Y=0.875000;5;0
p3d:p3d_caustic-view0;8.702464;X=0.237500 Y=0.479630;X=0.875000 Y=0.875000;5;0
p3d:p3d_caustic-view0;8.719172;X=0.217708 Y=0.499074;X=0.875000 Y=0.875000;5;0
p3d:p3d_caustic-view0;8.735956;X=0.201042 Y=0.510185;X=0.875000 Y=0.875000;5;0
p3d:p3d_caustic-view0;8.752652;X=0.184375 Y=0.521296;X=0.875000 Y=0.875000;5;0
p3d:p3d_caustic-view0;8.769025;X=0.168750 Y=0.535185;X=0.875000 Y=0.875000;5;0
p3d:p3d_caustic-view0;8.785968;X=0.150000 Y=0.552778;X=0.875000 Y=0.875000;5;0
p3d:p3d_caustic-view0;8.802557;X=0.141667 Y=0.565741;X=0.875000 Y=0.875000;5;0
p3d:p3d_caustic-view0;8.819122;X=0.126042 Y=0.586111;X=0.875000 Y=0.875000;5;0
p3d:p3d_caustic-view0;8.835934;X=0.116667 Y=0.602778;X=0.875000 Y=0.875000;5;0
p3d:p3d_caustic-view0;8.852465;X=0.102083 Y=0.622222;X=0.875000 Y=0.875000;5;0
p3d:p3d_caustic-view0;8.869153;X=0.096875 Y=0.633333;X=0.875000 Y=0.875000;5;0
p3d:p3d_caustic-view0;8.885832;X=0.096875 Y=0.637037;X=0.875000 Y=0.875000;5;0
p3d:p3d_caustic-view0;8.902847;X=0.096875 Y=0.637963;X=0.875000 Y=0.875000;5;0
p3d:p3d_caustic-view0;8.919217;X=0.096875 Y=0.641667;X=0.875000 Y=0.875000;5;1
p3d:p3d_caustic-view0;8.935784;X=0.100000 Y=0.644444;X=0.875000 Y=0.875000;5;1
p3d:p3d_caustic-view0;8.952599;X=0.109375 Y=0.647222;X=0.875000 Y=0.875000;5;1
p3d:p3d_caustic-view0;8.969362;X=0.116667 Y=0.650000;X=0.875000 Y=0.875000;5;1
p3d:p3d_caustic-view0;8.985947;X=0.130208 Y=0.654630;X=0.875000 Y=0.875000;5;1
p3d:p3d_caustic-view0;9.002652;X=0.170833 Y=0.661111;X=0.875000 Y=0.875000;5;1
p3d:p3d_caustic-view0;9.019452;X=0.231250 Y=0.661111;X=0.875000 Y=0.875000;5;1
p3d:p3d_caustic-view0;9.035938;X=0.304167 Y=0.661111;X=0.875000 Y=0.875000;5;1
p3d:p3d_caustic-view0;9.052772;X=0.414583 Y=0.661111;X=0.875000 Y=0.875000;5;1
p3d:p3d_caustic-view0;9.069459;X=0.489583 Y=0.661111;X=0.875000 Y=0.875000;5;1
p3d:p3d_caustic-view0;9.086040;X=0.556250 Y=0.661111;X=0.875000 Y=0.875000;5;1
p3d:p3d_caustic-view0;9.102889;X=0.616667 Y=0.661111;X=0.875000 Y=0.875000;5;1
p3d:p3d_caustic-view0;9.119594;X=0.670833 Y=0.661111;X=0.875000 Y=0.875000;5;1
p3d:p3d_caustic-view0;9.136236;X=0.722917 Y=0.661111;X=0.875000 Y=0.875000;5;1
p3d:p3d_caustic-view0;9.152925;X=0.764583 Y=0.661111;X=0.875000 Y=0.875000;5;1
p3d:p3d_caustic-view0;9.169579;X=0.806250 Y=0.653704;X=0.875000 Y=0.875000;5;1
p3d:p3d_caustic-view0;9.186210;X=0.841667 Y=0.645370;X=0.875000 Y=0.875000;5;1
p3d:p3d_caustic-view0;9.203021;X=0.857292 Y=0.637963;X=0.875000 Y=0.875000;5;1
p3d:p3d_caustic-view0;9.219628;X=0.870833 Y=0.634259;X=0.875000 Y=0.875000;5;1
p3d:p3d_caustic-view0;9.236132;X=0.878125 Y=0.631481;X=0.875000 Y=0.875000;5;1
p3d:p3d_caustic-view0;9.253025;X=0.882292 Y=0.629630;X=0.875000 Y=0.875000;5;1
p3d:p3d_caustic-view0;9.269610;X=0.882292 Y=0.629630;X=0.875000 Y=0.875000;5;1
p3d:p3d_caustic-view0;9.286295;X=0.882292 Y=0.629630;X=0.875000 Y=0.875000;5;1
p3d:p3d_caustic-view0;9.303137;X=0.882292 Y=0.629630;X=0.875000 Y=0.875000;5;1
p3d:p3d_caustic-view0;9.319862;X=0.882292 Y=0.629630;X=0.875000 Y=0.875000;5;1
p3d:p3d_caustic-view0;9.336311;X=0.882292 Y=0.629630;X=0.875000 Y=0.875000;5;1
p3d:p3d_caustic-view0;9.352815;X=0.882292 Y=0.629630;X=0.875000 Y=0.875000;5;1
p3d:p3d_caustic-view0;9.369920;X=0.882292 Y=0.629630;X=0.875000 Y=0.875000;5;1
p3d:p3d_caustic-view0;9.386368;X=0.882292 Y=0.629630;X=0.875000 Y=0.875000;5;1
p3d:p3d_caustic-view0;9.402880;X=0.882292 Y=0.629630;X=0.875000 Y=0.875000;5;1
p3d:p3d_caustic-view0;9.419773;X=0.882292 Y=0.629630;X=0.875000 Y=0.875000;5;1
p3d:p3d_caustic-view0;9.436514;X=0.882292 Y=0.629630;X=0.875000 Y=0.875000;5;1
p3d:p3d_caustic-view0;9.452992;X=0.882292 Y=0.629630;X=0.875000 Y=0.875000;5;1
p3d:p3d_caustic-view0;9.469944;X=0.882292 Y=0.629630;X=0.875000 Y=0.875000;5;1
p3d:p3d_caustic-view0;9.486511;X=0.882292 Y=0.629630;X=0.875000 Y=0.875000;5;1
p3d:p3d_caustic-view0;9.503072;X=0.882292 Y=0.629630;X=0.875000 Y=0.875000;5;1
p3d:p3d_caustic-view0;9.519769;X=0.882292 Y=0.629630;X=0.875000 Y=0.875000;5;1
p3d:p3d_caustic-view0;9.536363;X=0.882292 Y=0.629630;X=0.875000 Y=0.875000;5;1
p3d:p3d_caustic-view0;9.553061;X=0.882292 Y=0.629630;X=0.875000 Y=0.875000;5;1
p3d:p3d_caustic-view0;9.569675;X=0.882292 Y=0.629630;X=0.875000 Y=0.875000;5;1
p3d:p3d_caustic-view0;9.586471;X=0.882292 Y=0.629630;X=0.875000 Y=0.875000;5;1
p3d:p3d_caustic-view0;9.603100;X=0.882292 Y=0.629630;X=0.875000 Y=0.875000;5;1
p3d:p3d_caustic-view0;9.619949;X=0.882292 Y=0.629630;X=0.875000 Y=0.875000;5;1
p3d:p3d_caustic-view0;9.636483;X=0.882292 Y=0.629630;X=0.875000 Y=0.875000;5;1
p3d:p3d_caustic-view0;9.653217;X=0.882292 Y=0.629630;X=0.875000 Y=0.875000;5;1
p3d:p3d_caustic-view0;9.669761;X=0.882292 Y=0.629630;X=0.875000 Y=0.875000;5;0
p3d:p3d_caustic-view0;9.686592;X=0.882292 Y=0.629630;X=0.875000 Y=0.875000;5;0
p3d:p3d_caustic-view0;9.703418;X=0.882292 Y=0.629630;X=0.875000 Y=0.875000;5;0
p3d:p3d_caustic-view0;9.720055;X=0.882292 Y=0.629630;X=0.875000 Y=0.875000;5;0
p3d:p3d_caustic-view0;9.736567;X=0.882292 Y=0.629630;X=0.875000 Y=0.875000;5;0
p3d:p3d_caustic-view0;9.753260;X=0.882292 Y=0.631481;X=0.875000 Y=0.875000;5;0
p3d:p3d_caustic-view0;9.769856;X=0.882292 Y=0.634259;X=0.875000 Y=0.875000;5;0
p3d:p3d_caustic-view0;9.786909;X=0.882292 Y=0.637963;X=0.875000 Y=0.875000;5;0
p3d:p3d_caustic-view0;9.803506;X=0.883333 Y=0.641667;X=0.875000 Y=0.875000;5;0
p3d:p3d_caustic-view0;9.819927;X=0.883333 Y=0.647222;X=0.875000 Y=0.875000;5;0
p3d:p3d_caustic-view0;9.836755;X=0.886458 Y=0.657407;X=0.875000 Y=0.875000;5;0
p3d:p3d_caustic-view0;9.853446;X=0.886458 Y=0.662963;X=0.875000 Y=0.875000;5;0
p3d:p3d_caustic-view0;9.870045;X=0.886458 Y=0.667593;X=0.875000 Y=0.875000;5;0
p3d:p3d_caustic-view0;9.886824;X=0.886458 Y=0.671296;X=0.875000 Y=0.875000;5;0
p3d:p3d_caustic-view0;9.903653;X=0.886458 Y=0.672222;X=0.875000 Y=0.875000;5;0
p3d:p3d_caustic-view0;9.920125;X=0.886458 Y=0.673148;X=0.875000 Y=0.875000;5;0
p3d:p3d_caustic-view0;9.937079;X=0.886458 Y=0.673148;X=0.875000 Y=0.875000;5;0
p3d:p3d_caustic-view0;9.953670;X=0.886458 Y=0.673148;X=0.875000 Y=0.875000;5;0
p3d:p3d_caustic-view0;9.970176;X=0.886458 Y=0.673148;X=0.875000 Y=0.875000;5;0
p3d:p3d_caustic-view0;9.986970;X=0.886458 Y=0.673148;X=0.875000 Y=0.875000;5;1
p3d:p3d_caustic-view0;10.003746;X=0.886458 Y=0.673148;X=0.875000 Y=0.875000;5;1
p3d:p3d_caustic-view0;10.251697;X=0.885417 Y=0.665741;X=0.125000 Y=0.625000;5;1
p3d:p3d_caustic-view0;10.252338;X=0.493750 Y=0.152778;X=0.125000 Y=0.625000;5;1
p3d:p3d_caustic-view0;10.254244;X=0.493750 Y=0.152778;X=0.125000 Y=0.625000;5;1
p3d:p3d_caustic-view0;10.254953;X=0.493750 Y=0.152778;X=0.125000 Y=0.625000;5;1
p3d:p3d_caustic-view0;10.270680;X=0.493750 Y=0.152778;X=0.125000 Y=0.625000;5;1
p3d:p3d_caustic-view0;10.287451;X=0.493750 Y=0.152778;X=0.125000 Y=0.625000;5;1
p3d:p3d_caustic-view0;10.303833;X=0.491667 Y=0.152778;X=0.125000 Y=0.625000;5;1
p3d:p3d_caustic-view0;10.320600;X=0.490625 Y=0.152778;X=0.125000 Y=0.625000;5;1
p3d:p3d_caustic-view0;10.337144;X=0.489583 Y=0.152778;X=0.125000 Y=0.625000;5;1
p3d:p3d_caustic-view0;10.353985;X=0.489583 Y=0.152778;X=0.125000 Y=0.625000;5;1
p3d:p3d_caustic-view0;10.370671;X=0.489583 Y=0.152778;X=0.125000 Y=0.625000;5;1
p3d:p3d_caustic-view0;10.387340;X=0.489583 Y=0.152778;X=0.125000 Y=0.625000;5;0
p3d:p3d_caustic-view0;10.404007;X=0.489583 Y=0.152778;X=0.125000 Y=0.625000;5;0
p3d:p3d_caustic-view0;10.420534;X=0.489583 Y=0.152778;X=0.125000 Y=0.625000;5;0
p3d:p3d_caustic-view0;10.437348;X=0.489583 Y=0.152778;X=0.125000 Y=0.625000;5;0
p3d:p3d_caustic-view0;10.453993;X=0.489583 Y=0.152778;X=0.125000 Y=0.625000;5;0
p3d:p3d_caustic-view0;10.470549;X=0.489583 Y=0.152778;X=0.125000 Y=0.625000;5;0
p3d:p3d_caustic-view0;10.487541;X=0.489583 Y=0.152778;X=0.125000 Y=0.625000;5;0
p3d:p3d_caustic-view0;10.504074;X=0.489583 Y=0.152778;X=0.125000 Y=0.625000;5;0
p3d:p3d_caustic-view0;10.520569;X=0.489583 Y=0.152778;X=0.125000 Y=0.625000;5;0
p3d:p3d_caustic-view0;10.537549;X=0.489583 Y=0.152778;X=0.125000 Y=0.625000;5;0
p3d:p3d_caustic-view0;10.554298;X=0.489583 Y=0.152778;X=0.125000 Y=0.625000;5;0
p3d:p3d_caustic-view0;10.570644;X=0.489583 Y=0.152778;X=0.125000 Y=0.625000;5;0
p3d:p3d_caustic-view0;10.587584;X=0.489583 Y=0.152778;X=0.125000 Y=0.625000;5;0
p3d:p3d_caustic-view0;10.604247;X=0.489583 Y=0.152778;X=0.125000 Y=0.625000;5;0
p3d:p3d_caustic-view0;10.620743;X=0.489583 Y=0.152778;X=0.125000 Y=0.625000;5;0
p3d:p3d_caustic-view0;10.637466;X=0.489583 Y=0.152778;X=0.125000 Y=0.625000;5;0
p3d:p3d_caustic-view0;10.654278;X=0.489583 Y=0.152778;X=0.125000 Y=0.625000;5;0
p3d:p3d_caustic-view0;10.670857;X=0.489583 Y=0.152778;X=0.125000 Y=0.625000;5;0
p3d:p3d_caustic-view0;10.687651;X=0.489583 Y=0.152778;X=0.125000 Y=0.625000;5;0
p3d:p3d_caustic-view0;10.704233;X=0.489583 Y=0.152778;X=0.125000 Y=0.625000;5;0
p3d:p3d_caustic-view0;10.720835;X=0.489583 Y=0.152778;X=0.125000 Y=0.625000;5;0
p3d:p3d_caustic-view0;10.737740;X=0.489583 Y=0.152778;X=0.125000 Y=0.625000;5;0
p3d:p3d_caustic-view0;10.754353;X=0.489583 Y=0.152778;X=0.125000 Y=0.625000;5;0
p3d:p3d_caustic-view0;10.771084;X=0.489583 Y=0.152778;X=0.125000 Y=0.625000;5;0
p3d:p3d_caustic-view0;10.787723;X=0.489583 Y=0.152778;X=0.125000 Y=0.625000;5;0
p3d:p3d_caustic-view0;10.804554;X=0.489583 Y=0.152778;X=0.125000 Y=0.625000;5;0
p3d:p3d_caustic-view0;10.820930;X=0.489583 Y=0.152778;X=0.125000 Y=0.625000;5;0
p3d:p3d_caustic-view0;10.837750;X=0.489583 Y=0.152778;X=0.125000 Y=0.625000;5;0
p3d:p3d_caustic-view0;10.854612;X=0.489583 Y=0.152778;X=0.125000 Y=0.625000;5;0
p3d:p3d_caustic-view0;10.871007;X=0.489583 Y=0.152778;X=0.125000 Y=0.625000;5;0
p3d:p3d_caustic-view0;10.887857;X=0.489583 Y=0.152778;X=0.125000 Y=0.625000;5;0
p3d:p3d_caustic-view0;10.904631;X=0.489583 Y=0.152778;X=0.125000 Y=0.625000;5;0
