Tue Jul  6 15:28:39 2021

p3d:p3d_tutorial;0.012627;X=0.000000 Y=0.000000;X=-0.125000 Y=0.125000;1;0
p3d:p3d_tutorial;0.026062;X=0.000000 Y=0.000000;X=-0.125000 Y=0.125000;1;0
p3d:p3d_tutorial;0.041254;X=0.000000 Y=0.000000;X=-0.125000 Y=0.125000;1;0
p3d:p3d_tutorial;0.057251;X=0.000000 Y=0.000000;X=-0.125000 Y=0.125000;1;0
p3d:p3d_tutorial;0.074064;X=0.000000 Y=0.000000;X=-0.125000 Y=0.125000;1;0
p3d:p3d_tutorial;0.091462;X=0.000000 Y=0.000000;X=-0.125000 Y=0.125000;1;0
p3d:p3d_tutorial;0.108158;X=0.000000 Y=0.000000;X=-0.125000 Y=0.125000;1;0
p3d:p3d_tutorial;0.124954;X=0.000000 Y=0.000000;X=-0.125000 Y=0.125000;1;0
p3d:p3d_tutorial;0.141455;X=0.000000 Y=0.000000;X=-0.125000 Y=0.125000;1;0
p3d:p3d_tutorial;0.158325;X=0.000000 Y=0.000000;X=-0.125000 Y=0.125000;1;0
p3d:p3d_tutorial;0.174953;X=0.000000 Y=0.000000;X=-0.125000 Y=0.125000;1;0
p3d:p3d_tutorial;0.191814;X=0.000000 Y=0.000000;X=-0.125000 Y=0.125000;1;0
p3d:p3d_tutorial;0.208618;X=0.000000 Y=0.000000;X=-0.125000 Y=0.125000;1;0
p3d:p3d_tutorial;0.225109;X=0.000000 Y=0.000000;X=-0.125000 Y=0.125000;1;0
p3d:p3d_tutorial;0.241807;X=0.000000 Y=0.000000;X=-0.125000 Y=0.125000;1;0
p3d:p3d_tutorial;0.258525;X=0.000000 Y=0.000000;X=-0.125000 Y=0.125000;1;0
p3d:p3d_tutorial;0.275417;X=0.000000 Y=0.000000;X=-0.125000 Y=0.125000;1;0
p3d:p3d_tutorial;0.291810;X=0.000000 Y=0.000000;X=-0.125000 Y=0.125000;1;0
p3d:p3d_tutorial;0.308604;X=0.000000 Y=0.000000;X=-0.125000 Y=0.125000;1;0
p3d:p3d_tutorial;0.325398;X=0.000000 Y=0.000000;X=-0.125000 Y=0.125000;1;0
p3d:p3d_tutorial;0.341837;X=0.000000 Y=0.000000;X=-0.125000 Y=0.125000;1;0
p3d:p3d_tutorial;0.358745;X=0.000000 Y=0.000000;X=-0.125000 Y=0.125000;1;0
p3d:p3d_tutorial;0.375371;X=0.000000 Y=0.000000;X=-0.125000 Y=0.125000;1;0
p3d:p3d_tutorial;0.392227;X=0.000000 Y=0.000000;X=-0.125000 Y=0.125000;1;0
p3d:p3d_tutorial;0.408669;X=0.000000 Y=0.000000;X=-0.125000 Y=0.125000;1;0
p3d:p3d_tutorial;0.425457;X=0.000000 Y=0.000000;X=-0.125000 Y=0.125000;1;0
p3d:p3d_tutorial;0.442271;X=0.000000 Y=0.000000;X=-0.125000 Y=0.125000;1;0
p3d:p3d_tutorial;0.459022;X=0.000000 Y=0.000000;X=-0.125000 Y=0.125000;1;0
p3d:p3d_tutorial;0.475699;X=0.000000 Y=0.000000;X=-0.125000 Y=0.125000;1;0
p3d:p3d_tutorial;0.491782;X=0.000000 Y=0.000000;X=-0.125000 Y=0.125000;1;0
p3d:p3d_tutorial;0.508532;X=0.000000 Y=0.000000;X=-0.125000 Y=0.125000;1;0
p3d:p3d_tutorial;0.525203;X=0.000000 Y=0.000000;X=-0.125000 Y=0.125000;1;0
p3d:p3d_tutorial;0.541879;X=0.000000 Y=0.000000;X=-0.125000 Y=0.125000;1;0
p3d:p3d_tutorial;0.558586;X=0.000000 Y=0.000000;X=-0.125000 Y=0.125000;1;0
p3d:p3d_tutorial;0.575336;X=0.000000 Y=0.000000;X=-0.125000 Y=0.125000;1;0
p3d:p3d_tutorial;0.591981;X=0.000000 Y=0.000000;X=-0.125000 Y=0.125000;1;0
p3d:p3d_tutorial;0.608768;X=0.000000 Y=0.000000;X=-0.125000 Y=0.125000;1;0
p3d:p3d_tutorial;0.625347;X=0.000000 Y=0.000000;X=-0.125000 Y=0.125000;1;0
p3d:p3d_tutorial;0.641986;X=0.000000 Y=0.000000;X=-0.125000 Y=0.125000;1;0
p3d:p3d_tutorial;0.658698;X=0.000000 Y=0.000000;X=-0.125000 Y=0.125000;1;0
p3d:p3d_tutorial;0.675548;X=0.000000 Y=0.000000;X=-0.125000 Y=0.125000;1;0
p3d:p3d_tutorial;0.692159;X=0.000000 Y=0.000000;X=-0.125000 Y=0.125000;1;0
p3d:p3d_tutorial;0.708925;X=0.000000 Y=0.000000;X=-0.125000 Y=0.125000;1;0
p3d:p3d_tutorial;0.725421;X=0.000000 Y=0.000000;X=-0.125000 Y=0.125000;1;0
p3d:p3d_tutorial;0.742109;X=0.000000 Y=0.000000;X=-0.125000 Y=0.125000;1;0
p3d:p3d_tutorial;0.758781;X=0.000000 Y=0.000000;X=-0.125000 Y=0.125000;1;0
p3d:p3d_tutorial;0.775445;X=0.000000 Y=0.000000;X=-0.125000 Y=0.125000;1;0
p3d:p3d_tutorial;0.792180;X=0.000000 Y=0.000000;X=-0.125000 Y=0.125000;1;0
p3d:p3d_tutorial;0.809054;X=0.000000 Y=0.000000;X=-0.125000 Y=0.125000;1;0
p3d:p3d_tutorial;0.825646;X=0.000000 Y=0.000000;X=-0.125000 Y=0.125000;1;0
p3d:p3d_tutorial;0.842387;X=0.000000 Y=0.000000;X=-0.125000 Y=0.125000;1;0
p3d:p3d_tutorial;0.859041;X=0.000000 Y=0.000000;X=-0.125000 Y=0.125000;1;0
p3d:p3d_tutorial;0.875505;X=0.000000 Y=0.000000;X=-0.125000 Y=0.125000;1;0
p3d:p3d_tutorial;0.892206;X=0.000000 Y=0.000000;X=-0.125000 Y=0.125000;1;0
p3d:p3d_tutorial;0.909483;X=0.000000 Y=0.000000;X=-0.125000 Y=0.125000;1;0
p3d:p3d_tutorial;0.926447;X=0.000000 Y=0.000000;X=-0.125000 Y=0.125000;1;0
p3d:p3d_tutorial;0.943114;X=0.000000 Y=0.000000;X=-0.125000 Y=0.125000;1;0
p3d:p3d_tutorial;0.959871;X=0.000000 Y=0.000000;X=-0.125000 Y=0.125000;1;0
p3d:p3d_tutorial;0.976512;X=0.000000 Y=0.000000;X=-0.125000 Y=0.125000;1;0
p3d:p3d_tutorial;0.993206;X=0.000000 Y=0.000000;X=-0.125000 Y=0.125000;1;0
p3d:p3d_tutorial;1.009929;X=0.000000 Y=0.000000;X=-0.125000 Y=0.125000;1;0
p3d:p3d_tutorial;1.026644;X=0.000000 Y=0.000000;X=-0.125000 Y=0.125000;1;0
p3d:p3d_tutorial;1.043595;X=0.000000 Y=0.000000;X=-0.125000 Y=0.125000;1;0
p3d:p3d_tutorial;1.060287;X=0.000000 Y=0.000000;X=-0.125000 Y=0.125000;1;0
p3d:p3d_tutorial;1.076947;X=0.000000 Y=0.000000;X=-0.125000 Y=0.125000;1;0
p3d:p3d_tutorial;1.093571;X=0.000000 Y=0.000000;X=-0.125000 Y=0.125000;1;0
p3d:p3d_tutorial;1.110439;X=0.000000 Y=0.000000;X=-0.125000 Y=0.125000;1;0
p3d:p3d_tutorial;1.126905;X=0.000000 Y=0.000000;X=-0.125000 Y=0.125000;1;0
p3d:p3d_tutorial;1.143714;X=0.000000 Y=0.000000;X=-0.125000 Y=0.125000;1;0
p3d:p3d_tutorial;1.160483;X=0.000000 Y=0.000000;X=-0.125000 Y=0.125000;1;0
p3d:p3d_tutorial;1.177137;X=0.000000 Y=0.000000;X=-0.125000 Y=0.125000;1;0
p3d:p3d_tutorial;1.193863;X=0.000000 Y=0.000000;X=-0.125000 Y=0.125000;1;0
p3d:p3d_tutorial;1.210552;X=0.000000 Y=0.000000;X=-0.125000 Y=0.125000;1;0
p3d:p3d_tutorial;1.227222;X=0.000000 Y=0.000000;X=-0.125000 Y=0.125000;1;0
p3d:p3d_tutorial;1.243816;X=0.000000 Y=0.000000;X=-0.125000 Y=0.125000;1;0
p3d:p3d_tutorial;1.260432;X=0.000000 Y=0.000000;X=-0.125000 Y=0.125000;1;0
p3d:p3d_tutorial;1.277075;X=0.000000 Y=0.000000;X=-0.125000 Y=0.125000;1;0
p3d:p3d_tutorial;1.293635;X=0.000000 Y=0.000000;X=-0.125000 Y=0.125000;1;0
p3d:p3d_tutorial;1.310117;X=0.000000 Y=0.000000;X=-0.125000 Y=0.125000;1;0
p3d:p3d_tutorial;1.326840;X=0.000000 Y=0.000000;X=-0.125000 Y=0.125000;1;0
p3d:p3d_tutorial;1.343965;X=0.000000 Y=0.000000;X=-0.125000 Y=0.125000;1;0
p3d:p3d_tutorial;1.360608;X=0.000000 Y=0.000000;X=-0.125000 Y=0.125000;1;0
p3d:p3d_tutorial;1.377338;X=0.000000 Y=0.000000;X=-0.125000 Y=0.125000;1;0
p3d:p3d_tutorial;1.394138;X=0.000000 Y=0.000000;X=-0.125000 Y=0.125000;1;0
p3d:p3d_tutorial;1.410790;X=0.000000 Y=0.000000;X=-0.125000 Y=0.125000;1;0
p3d:p3d_tutorial;1.427291;X=0.000000 Y=0.000000;X=-0.125000 Y=0.125000;1;0
p3d:p3d_tutorial;1.443822;X=0.000000 Y=0.000000;X=-0.125000 Y=0.125000;1;0
p3d:p3d_tutorial;1.460819;X=0.000000 Y=0.000000;X=-0.125000 Y=0.125000;1;0
p3d:p3d_tutorial;1.477374;X=-0.434375 Y=0.343519;X=-0.125000 Y=0.125000;1;0
p3d:p3d_tutorial;1.493766;X=-0.380208 Y=0.343519;X=-0.125000 Y=0.125000;1;0
p3d:p3d_tutorial;1.510478;X=-0.343750 Y=0.343519;X=-0.125000 Y=0.125000;1;0
p3d:p3d_tutorial;1.527196;X=-0.327083 Y=0.341667;X=-0.125000 Y=0.125000;1;0
p3d:p3d_tutorial;1.544207;X=-0.296875 Y=0.337037;X=-0.125000 Y=0.125000;1;0
p3d:p3d_tutorial;1.560998;X=-0.272917 Y=0.335185;X=-0.125000 Y=0.125000;1;0
p3d:p3d_tutorial;1.577859;X=-0.246875 Y=0.335185;X=-0.125000 Y=0.125000;1;0
p3d:p3d_tutorial;1.594733;X=-0.238542 Y=0.335185;X=-0.125000 Y=0.125000;1;0
p3d:p3d_tutorial;1.611474;X=-0.236458 Y=0.335185;X=-0.125000 Y=0.125000;1;0
p3d:p3d_tutorial;1.627977;X=-0.236458 Y=0.335185;X=-0.125000 Y=0.125000;1;0
p3d:p3d_tutorial;1.644703;X=-0.236458 Y=0.335185;X=-0.125000 Y=0.125000;1;0
p3d:p3d_tutorial;1.661464;X=-0.236458 Y=0.335185;X=-0.125000 Y=0.125000;1;0
p3d:p3d_tutorial;1.677659;X=-0.236458 Y=0.335185;X=-0.125000 Y=0.125000;1;0
p3d:p3d_tutorial;1.694643;X=-0.236458 Y=0.335185;X=-0.125000 Y=0.125000;1;0
p3d:p3d_tutorial;1.711431;X=-0.233333 Y=0.334259;X=-0.125000 Y=0.125000;1;0
p3d:p3d_tutorial;1.728160;X=-0.231250 Y=0.333333;X=-0.125000 Y=0.125000;1;0
p3d:p3d_tutorial;1.744981;X=-0.225000 Y=0.333333;X=-0.125000 Y=0.125000;1;0
p3d:p3d_tutorial;1.761806;X=-0.216667 Y=0.333333;X=-0.125000 Y=0.125000;1;0
p3d:p3d_tutorial;1.778435;X=-0.201042 Y=0.333333;X=-0.125000 Y=0.125000;1;0
p3d:p3d_tutorial;1.795119;X=-0.181250 Y=0.339815;X=-0.125000 Y=0.125000;1;0
p3d:p3d_tutorial;1.811805;X=-0.111458 Y=0.362963;X=-0.125000 Y=0.125000;1;0
p3d:p3d_tutorial;1.828638;X=0.012500 Y=0.409259;X=-0.125000 Y=0.125000;1;0
p3d:p3d_tutorial;1.845047;X=0.088542 Y=0.443519;X=-0.125000 Y=0.125000;1;0
p3d:p3d_tutorial;1.861907;X=0.153125 Y=0.477778;X=-0.125000 Y=0.125000;1;0
p3d:p3d_tutorial;1.878652;X=0.191667 Y=0.504630;X=-0.125000 Y=0.125000;1;0
p3d:p3d_tutorial;1.895357;X=0.244792 Y=0.546296;X=-0.125000 Y=0.125000;1;0
p3d:p3d_tutorial;1.912034;X=0.279167 Y=0.575000;X=-0.125000 Y=0.125000;1;0
p3d:p3d_tutorial;1.928667;X=0.290625 Y=0.586111;X=-0.125000 Y=0.125000;1;0
p3d:p3d_tutorial;1.945386;X=0.291667 Y=0.587963;X=-0.125000 Y=0.125000;1;0
p3d:p3d_tutorial;1.961990;X=0.291667 Y=0.591667;X=-0.125000 Y=0.125000;1;0
p3d:p3d_tutorial;1.978761;X=0.291667 Y=0.593518;X=-0.125000 Y=0.125000;1;0
p3d:p3d_tutorial;1.995043;X=0.291667 Y=0.594444;X=-0.125000 Y=0.125000;1;0
p3d:p3d_tutorial;2.012138;X=0.291667 Y=0.594444;X=-0.125000 Y=0.125000;1;0
p3d:p3d_tutorial;2.028712;X=0.291667 Y=0.594444;X=-0.125000 Y=0.125000;1;0
p3d:p3d_tutorial;2.045451;X=0.291667 Y=0.594444;X=-0.125000 Y=0.125000;1;0
p3d:p3d_tutorial;2.062134;X=0.291667 Y=0.594444;X=-0.125000 Y=0.125000;1;0
p3d:p3d_tutorial;2.078874;X=0.291667 Y=0.594444;X=-0.125000 Y=0.125000;1;0
p3d:p3d_tutorial;2.095587;X=0.291667 Y=0.594444;X=-0.125000 Y=0.125000;1;0
p3d:p3d_tutorial;2.112279;X=0.291667 Y=0.594444;X=-0.125000 Y=0.125000;1;0
p3d:p3d_tutorial;2.128960;X=0.291667 Y=0.594444;X=-0.125000 Y=0.125000;1;0
p3d:p3d_tutorial;2.145647;X=0.291667 Y=0.594444;X=-0.125000 Y=0.125000;1;0
p3d:p3d_tutorial;2.162404;X=0.291667 Y=0.594444;X=-0.125000 Y=0.125000;1;0
p3d:p3d_tutorial;2.178917;X=0.291667 Y=0.594444;X=-0.125000 Y=0.125000;1;0
p3d:p3d_tutorial;2.195750;X=0.291667 Y=0.594444;X=-0.125000 Y=0.125000;1;0
p3d:p3d_tutorial;2.212463;X=0.291667 Y=0.594444;X=-0.125000 Y=0.125000;1;0
p3d:p3d_tutorial;2.229157;X=0.291667 Y=0.594444;X=-0.125000 Y=0.125000;1;0
p3d:p3d_tutorial;2.245813;X=0.291667 Y=0.594444;X=-0.125000 Y=0.125000;1;0
p3d:p3d_tutorial;2.262641;X=0.291667 Y=0.594444;X=-0.125000 Y=0.125000;1;1
p3d:p3d_tutorial;2.279371;X=0.291667 Y=0.594444;X=-0.125000 Y=0.125000;1;1
p3d:p3d_tutorial;2.295954;X=0.291667 Y=0.594444;X=-0.125000 Y=0.125000;1;1
p3d:p3d_tutorial;2.312650;X=0.291667 Y=0.594444;X=-0.125000 Y=0.125000;1;1
p3d:p3d_tutorial;2.329388;X=0.291667 Y=0.594444;X=-0.125000 Y=0.125000;1;1
p3d:p3d_tutorial;2.345992;X=0.291667 Y=0.594444;X=-0.125000 Y=0.125000;1;1
p3d:p3d_tutorial;2.362607;X=0.291667 Y=0.594444;X=-0.125000 Y=0.125000;1;1
p3d:p3d_tutorial;2.378686;X=0.291667 Y=0.594444;X=-0.125000 Y=0.125000;1;1
p3d:p3d_tutorial;2.395451;X=0.291667 Y=0.594444;X=-0.125000 Y=0.125000;1;1
p3d:p3d_tutorial;2.412011;X=0.291667 Y=0.594444;X=-0.125000 Y=0.125000;1;1
p3d:p3d_tutorial;2.428675;X=0.291667 Y=0.594444;X=-0.125000 Y=0.125000;1;1
p3d:p3d_tutorial;2.445398;X=0.291667 Y=0.594444;X=-0.125000 Y=0.125000;1;1
p3d:p3d_tutorial;2.462235;X=0.292708 Y=0.599074;X=-0.125000 Y=0.125000;1;1
p3d:p3d_tutorial;2.478961;X=0.297917 Y=0.609259;X=-0.125000 Y=0.125000;1;1
p3d:p3d_tutorial;2.495576;X=0.322917 Y=0.650926;X=-0.125000 Y=0.125000;1;1
p3d:p3d_tutorial;2.512384;X=0.369792 Y=0.708333;X=-0.125000 Y=0.125000;1;1
p3d:p3d_tutorial;2.529081;X=0.417708 Y=0.763889;X=-0.125000 Y=0.125000;1;1
p3d:p3d_tutorial;2.545790;X=0.462500 Y=0.815741;X=-0.125000 Y=0.125000;1;1
p3d:p3d_tutorial;2.562442;X=0.533333 Y=0.878704;X=-0.125000 Y=0.125000;1;1
p3d:p3d_tutorial;2.579211;X=0.613542 Y=0.934259;X=-0.125000 Y=0.125000;1;1
p3d:p3d_tutorial;2.595878;X=0.707292 Y=0.987037;X=-0.125000 Y=0.125000;1;1
p3d:p3d_tutorial;2.612563;X=0.745833 Y=0.999074;X=-0.125000 Y=0.125000;1;1
p3d:p3d_tutorial;2.629170;X=0.745833 Y=0.999074;X=-0.125000 Y=0.125000;1;1
p3d:p3d_tutorial;2.645971;X=0.745833 Y=0.999074;X=-0.125000 Y=0.125000;1;1
p3d:p3d_tutorial;2.662592;X=0.745833 Y=0.999074;X=-0.125000 Y=0.125000;1;1
p3d:p3d_tutorial;2.679367;X=0.745833 Y=0.999074;X=-0.125000 Y=0.125000;1;1
p3d:p3d_tutorial;2.696006;X=0.745833 Y=0.999074;X=-0.125000 Y=0.125000;1;1
p3d:p3d_tutorial;2.712760;X=0.745833 Y=0.999074;X=-0.125000 Y=0.125000;1;1
p3d:p3d_tutorial;2.729393;X=0.745833 Y=0.999074;X=-0.125000 Y=0.125000;1;1
p3d:p3d_tutorial;2.746145;X=0.745833 Y=0.999074;X=-0.125000 Y=0.125000;1;1
p3d:p3d_tutorial;2.762835;X=0.745833 Y=0.999074;X=-0.125000 Y=0.125000;1;1
p3d:p3d_tutorial;2.780195;X=0.745833 Y=0.999074;X=-0.125000 Y=0.125000;1;1
p3d:p3d_tutorial;2.796448;X=0.881250 Y=0.908333;X=-0.125000 Y=0.125000;1;1
p3d:p3d_tutorial;2.812974;X=0.844792 Y=0.852778;X=-0.125000 Y=0.125000;1;1
p3d:p3d_tutorial;2.829674;X=0.808333 Y=0.800000;X=-0.125000 Y=0.125000;1;1
p3d:p3d_tutorial;2.846511;X=0.765625 Y=0.746296;X=-0.125000 Y=0.125000;1;1
p3d:p3d_tutorial;2.863155;X=0.747917 Y=0.725000;X=-0.125000 Y=0.125000;1;1
p3d:p3d_tutorial;2.879843;X=0.711458 Y=0.690741;X=-0.125000 Y=0.125000;1;1
p3d:p3d_tutorial;2.896529;X=0.687500 Y=0.665741;X=-0.125000 Y=0.125000;1;1
p3d:p3d_tutorial;2.913284;X=0.668750 Y=0.649074;X=-0.125000 Y=0.125000;1;1
p3d:p3d_tutorial;2.929928;X=0.651042 Y=0.633333;X=-0.125000 Y=0.125000;1;1
p3d:p3d_tutorial;2.946607;X=0.644792 Y=0.629630;X=-0.125000 Y=0.125000;1;1
p3d:p3d_tutorial;2.963232;X=0.644792 Y=0.629630;X=-0.125000 Y=0.125000;1;1
p3d:p3d_tutorial;2.979939;X=0.644792 Y=0.629630;X=-0.125000 Y=0.125000;1;1
p3d:p3d_tutorial;2.996306;X=0.644792 Y=0.629630;X=-0.125000 Y=0.125000;1;1
p3d:p3d_tutorial;3.013308;X=0.644792 Y=0.629630;X=-0.125000 Y=0.125000;1;1
p3d:p3d_tutorial;3.030027;X=0.644792 Y=0.629630;X=-0.125000 Y=0.125000;1;1
p3d:p3d_tutorial;3.046694;X=0.644792 Y=0.629630;X=-0.125000 Y=0.125000;1;1
p3d:p3d_tutorial;3.063417;X=0.644792 Y=0.629630;X=-0.125000 Y=0.125000;1;1
p3d:p3d_tutorial;3.080056;X=0.644792 Y=0.629630;X=-0.125000 Y=0.125000;1;1
p3d:p3d_tutorial;3.096776;X=0.644792 Y=0.629630;X=-0.125000 Y=0.125000;1;1
p3d:p3d_tutorial;3.113542;X=0.644792 Y=0.629630;X=-0.125000 Y=0.125000;1;1
p3d:p3d_tutorial;3.130213;X=0.644792 Y=0.629630;X=-0.125000 Y=0.125000;1;1
p3d:p3d_tutorial;3.146953;X=0.644792 Y=0.629630;X=-0.125000 Y=0.125000;1;1
p3d:p3d_tutorial;3.163525;X=0.644792 Y=0.629630;X=-0.125000 Y=0.125000;1;1
p3d:p3d_tutorial;3.180235;X=0.644792 Y=0.629630;X=-0.125000 Y=0.125000;1;1
p3d:p3d_tutorial;3.196971;X=0.644792 Y=0.629630;X=-0.125000 Y=0.125000;1;1
p3d:p3d_tutorial;3.213693;X=0.644792 Y=0.629630;X=-0.125000 Y=0.125000;1;1
p3d:p3d_tutorial;3.230397;X=0.644792 Y=0.629630;X=-0.125000 Y=0.125000;1;1
p3d:p3d_tutorial;3.247168;X=0.644792 Y=0.629630;X=-0.125000 Y=0.125000;1;1
p3d:p3d_tutorial;3.264028;X=0.644792 Y=0.629630;X=-0.125000 Y=0.125000;1;1
p3d:p3d_tutorial;3.280502;X=0.644792 Y=0.629630;X=-0.125000 Y=0.125000;1;1
p3d:p3d_tutorial;3.297155;X=0.644792 Y=0.629630;X=-0.125000 Y=0.125000;1;1
p3d:p3d_tutorial;3.313931;X=0.644792 Y=0.629630;X=-0.125000 Y=0.125000;1;1
p3d:p3d_tutorial;3.330610;X=0.644792 Y=0.629630;X=-0.125000 Y=0.125000;1;1
p3d:p3d_tutorial;3.347316;X=0.644792 Y=0.629630;X=-0.125000 Y=0.125000;1;1
p3d:p3d_tutorial;3.363961;X=0.644792 Y=0.629630;X=-0.125000 Y=0.125000;1;1
p3d:p3d_tutorial;3.380664;X=0.644792 Y=0.629630;X=-0.125000 Y=0.125000;1;1
p3d:p3d_tutorial;3.397371;X=0.644792 Y=0.629630;X=-0.125000 Y=0.125000;1;1
p3d:p3d_tutorial;3.414074;X=0.644792 Y=0.629630;X=-0.125000 Y=0.125000;1;1
p3d:p3d_tutorial;3.430797;X=0.644792 Y=0.629630;X=-0.125000 Y=0.125000;1;1
p3d:p3d_tutorial;3.447505;X=0.644792 Y=0.629630;X=-0.125000 Y=0.125000;1;1
p3d:p3d_tutorial;3.464098;X=0.644792 Y=0.629630;X=-0.125000 Y=0.125000;1;1
p3d:p3d_tutorial;3.480835;X=0.644792 Y=0.629630;X=-0.125000 Y=0.125000;1;1
p3d:p3d_tutorial;3.497591;X=0.644792 Y=0.629630;X=-0.125000 Y=0.125000;1;1
p3d:p3d_tutorial;3.514245;X=0.644792 Y=0.629630;X=-0.125000 Y=0.125000;1;1
p3d:p3d_tutorial;3.530926;X=0.644792 Y=0.629630;X=-0.125000 Y=0.125000;1;1
p3d:p3d_tutorial;3.547593;X=0.644792 Y=0.629630;X=-0.125000 Y=0.125000;1;1
p3d:p3d_tutorial;3.564371;X=0.644792 Y=0.629630;X=-0.125000 Y=0.125000;1;0
p3d:p3d_tutorial;3.581087;X=0.644792 Y=0.629630;X=-0.125000 Y=0.125000;1;0
p3d:p3d_tutorial;3.597781;X=0.644792 Y=0.629630;X=-0.125000 Y=0.125000;1;0
p3d:p3d_tutorial;3.614469;X=0.644792 Y=0.629630;X=-0.125000 Y=0.125000;1;0
p3d:p3d_tutorial;3.631184;X=0.644792 Y=0.629630;X=-0.125000 Y=0.125000;1;0
p3d:p3d_tutorial;3.647821;X=0.644792 Y=0.629630;X=-0.125000 Y=0.125000;1;0
p3d:p3d_tutorial;3.664532;X=0.644792 Y=0.629630;X=-0.125000 Y=0.125000;1;0
p3d:p3d_tutorial;3.681240;X=0.644792 Y=0.629630;X=-0.125000 Y=0.125000;1;0
p3d:p3d_tutorial;3.697927;X=0.644792 Y=0.629630;X=-0.125000 Y=0.125000;1;0
p3d:p3d_tutorial;3.714647;X=0.644792 Y=0.629630;X=-0.125000 Y=0.125000;1;0
p3d:p3d_tutorial;3.731370;X=0.644792 Y=0.629630;X=-0.125000 Y=0.125000;1;0
p3d:p3d_tutorial;3.748034;X=0.644792 Y=0.629630;X=-0.125000 Y=0.125000;1;0
p3d:p3d_tutorial;3.764691;X=0.644792 Y=0.629630;X=-0.125000 Y=0.125000;1;0
p3d:p3d_tutorial;3.781570;X=0.645833 Y=0.635185;X=-0.125000 Y=0.125000;1;0
p3d:p3d_tutorial;3.798203;X=0.658333 Y=0.653704;X=-0.125000 Y=0.125000;1;0
p3d:p3d_tutorial;3.814918;X=0.662500 Y=0.665741;X=-0.125000 Y=0.125000;1;0
p3d:p3d_tutorial;3.831521;X=0.662500 Y=0.671296;X=-0.125000 Y=0.125000;1;0
p3d:p3d_tutorial;3.848278;X=0.662500 Y=0.675926;X=-0.125000 Y=0.125000;1;0
p3d:p3d_tutorial;3.865050;X=0.662500 Y=0.680556;X=-0.125000 Y=0.125000;1;0
p3d:p3d_tutorial;3.881611;X=0.662500 Y=0.680556;X=-0.125000 Y=0.125000;1;0
p3d:p3d_tutorial;3.898310;X=0.662500 Y=0.680556;X=-0.125000 Y=0.125000;1;0
p3d:p3d_tutorial;3.915029;X=0.662500 Y=0.680556;X=-0.125000 Y=0.125000;1;0
p3d:p3d_tutorial;3.931688;X=0.662500 Y=0.680556;X=-0.125000 Y=0.125000;1;0
p3d:p3d_tutorial;3.948411;X=0.662500 Y=0.680556;X=-0.125000 Y=0.125000;1;0
p3d:p3d_tutorial;3.965136;X=0.662500 Y=0.680556;X=-0.125000 Y=0.125000;1;0
p3d:p3d_tutorial;3.981827;X=0.662500 Y=0.680556;X=-0.125000 Y=0.125000;1;0
p3d:p3d_tutorial;3.998316;X=0.662500 Y=0.680556;X=-0.125000 Y=0.125000;1;0
p3d:p3d_tutorial;4.015309;X=0.662500 Y=0.680556;X=-0.125000 Y=0.125000;1;0
p3d:p3d_tutorial;4.031905;X=0.662500 Y=0.680556;X=-0.125000 Y=0.125000;1;0
p3d:p3d_tutorial;4.048597;X=0.662500 Y=0.680556;X=-0.125000 Y=0.125000;1;0
p3d:p3d_tutorial;4.065303;X=0.662500 Y=0.680556;X=-0.125000 Y=0.125000;1;0
p3d:p3d_tutorial;4.081977;X=0.662500 Y=0.680556;X=-0.125000 Y=0.125000;1;0
p3d:p3d_tutorial;4.098735;X=0.662500 Y=0.680556;X=-0.125000 Y=0.125000;1;0
p3d:p3d_tutorial;4.115445;X=0.662500 Y=0.680556;X=-0.125000 Y=0.125000;1;0
p3d:p3d_tutorial;4.132111;X=0.662500 Y=0.679630;X=-0.125000 Y=0.125000;1;0
p3d:p3d_tutorial;4.148963;X=0.661458 Y=0.663889;X=-0.125000 Y=0.125000;1;0
p3d:p3d_tutorial;4.165490;X=0.661458 Y=0.663889;X=-0.125000 Y=0.125000;1;0
p3d:p3d_tutorial;4.182168;X=0.661458 Y=0.663889;X=-0.125000 Y=0.125000;1;0
p3d:p3d_tutorial;4.198892;X=0.661458 Y=0.663889;X=-0.125000 Y=0.125000;1;0
p3d:p3d_tutorial;4.215575;X=0.661458 Y=0.663889;X=-0.125000 Y=0.125000;1;0
p3d:p3d_tutorial;4.232260;X=0.661458 Y=0.659259;X=-0.125000 Y=0.125000;1;0
p3d:p3d_tutorial;4.248975;X=0.660417 Y=0.650926;X=-0.125000 Y=0.125000;1;0
p3d:p3d_tutorial;4.265784;X=0.660417 Y=0.635185;X=-0.125000 Y=0.125000;1;0
p3d:p3d_tutorial;4.282541;X=0.660417 Y=0.617593;X=-0.125000 Y=0.125000;1;0
p3d:p3d_tutorial;4.299281;X=0.660417 Y=0.588889;X=-0.125000 Y=0.125000;1;0
p3d:p3d_tutorial;4.315928;X=0.664583 Y=0.564815;X=-0.125000 Y=0.125000;1;0
p3d:p3d_tutorial;4.332660;X=0.680208 Y=0.527778;X=-0.125000 Y=0.125000;1;0
p3d:p3d_tutorial;4.349298;X=0.698958 Y=0.494444;X=-0.125000 Y=0.125000;1;0
p3d:p3d_tutorial;4.366018;X=0.711458 Y=0.470370;X=-0.125000 Y=0.125000;1;0
p3d:p3d_tutorial;4.382703;X=0.721875 Y=0.452778;X=-0.125000 Y=0.125000;1;0
p3d:p3d_tutorial;4.399425;X=0.722917 Y=0.449074;X=-0.125000 Y=0.125000;1;0
p3d:p3d_tutorial;4.416028;X=0.722917 Y=0.447222;X=-0.125000 Y=0.125000;1;0
p3d:p3d_tutorial;4.432710;X=0.722917 Y=0.447222;X=-0.125000 Y=0.125000;1;0
p3d:p3d_tutorial;4.449352;X=0.722917 Y=0.447222;X=-0.125000 Y=0.125000;1;0
p3d:p3d_tutorial;4.466070;X=0.722917 Y=0.447222;X=-0.125000 Y=0.125000;1;0
p3d:p3d_tutorial;4.482780;X=0.722917 Y=0.447222;X=-0.125000 Y=0.125000;1;0
p3d:p3d_tutorial;4.499371;X=0.722917 Y=0.447222;X=-0.125000 Y=0.125000;1;1
p3d:p3d_tutorial;4.516057;X=0.722917 Y=0.447222;X=-0.125000 Y=0.125000;1;1
p3d:p3d_tutorial;4.532813;X=0.722917 Y=0.447222;X=-0.125000 Y=0.125000;1;1
p3d:p3d_tutorial;4.549527;X=0.722917 Y=0.447222;X=-0.125000 Y=0.125000;1;1
p3d:p3d_tutorial;4.566250;X=0.722917 Y=0.447222;X=-0.125000 Y=0.125000;1;1
p3d:p3d_tutorial;4.582788;X=0.722917 Y=0.447222;X=-0.125000 Y=0.125000;1;1
p3d:p3d_tutorial;4.599586;X=0.722917 Y=0.447222;X=-0.125000 Y=0.125000;1;1
p3d:p3d_tutorial;4.616323;X=0.722917 Y=0.447222;X=-0.125000 Y=0.125000;1;1
p3d:p3d_tutorial;4.633001;X=0.722917 Y=0.447222;X=-0.125000 Y=0.125000;1;1
p3d:p3d_tutorial;4.649705;X=0.722917 Y=0.447222;X=-0.125000 Y=0.125000;1;1
p3d:p3d_tutorial;4.666409;X=0.722917 Y=0.447222;X=-0.125000 Y=0.125000;1;1
p3d:p3d_tutorial;4.683175;X=0.722917 Y=0.447222;X=-0.125000 Y=0.125000;1;1
p3d:p3d_tutorial;4.699768;X=0.722917 Y=0.447222;X=-0.125000 Y=0.125000;1;1
p3d:p3d_tutorial;4.716502;X=0.722917 Y=0.447222;X=-0.125000 Y=0.125000;1;1
p3d:p3d_tutorial;4.733233;X=0.722917 Y=0.447222;X=-0.125000 Y=0.125000;1;1
p3d:p3d_tutorial;4.749949;X=0.722917 Y=0.447222;X=-0.125000 Y=0.125000;1;1
p3d:p3d_tutorial;4.766593;X=0.722917 Y=0.447222;X=-0.125000 Y=0.125000;1;1
p3d:p3d_tutorial;4.783355;X=0.722917 Y=0.447222;X=-0.125000 Y=0.125000;1;1
p3d:p3d_tutorial;4.799986;X=0.722917 Y=0.447222;X=-0.125000 Y=0.125000;1;1
p3d:p3d_tutorial;4.816665;X=0.722917 Y=0.447222;X=-0.125000 Y=0.125000;1;1
p3d:p3d_tutorial;4.833396;X=0.722917 Y=0.447222;X=-0.125000 Y=0.125000;1;1
p3d:p3d_tutorial;4.850072;X=0.722917 Y=0.447222;X=-0.125000 Y=0.125000;1;1
p3d:p3d_tutorial;4.866770;X=0.722917 Y=0.447222;X=-0.125000 Y=0.125000;1;1
p3d:p3d_tutorial;4.883451;X=0.722917 Y=0.447222;X=-0.125000 Y=0.125000;1;1
p3d:p3d_tutorial;4.900135;X=0.722917 Y=0.447222;X=-0.125000 Y=0.125000;1;1
p3d:p3d_tutorial;4.916941;X=0.722917 Y=0.447222;X=-0.125000 Y=0.125000;1;1
p3d:p3d_tutorial;4.933570;X=0.722917 Y=0.447222;X=-0.125000 Y=0.125000;1;1
p3d:p3d_tutorial;4.950321;X=0.722917 Y=0.447222;X=-0.125000 Y=0.125000;1;1
p3d:p3d_tutorial;4.967044;X=0.722917 Y=0.441667;X=-0.125000 Y=0.125000;1;1
p3d:p3d_tutorial;4.983717;X=0.720833 Y=0.422222;X=-0.125000 Y=0.125000;1;1
p3d:p3d_tutorial;5.262195;X=0.711458 Y=0.383333;X=0.875000 Y=0.875000;1;1
p3d:p3d_tutorial;5.263121;X=0.657292 Y=0.065741;X=0.875000 Y=0.875000;1;1
p3d:p3d_tutorial;5.275818;X=0.657292 Y=0.065741;X=0.875000 Y=0.875000;1;1
p3d:p3d_tutorial;5.289008;X=0.657292 Y=0.065741;X=0.875000 Y=0.875000;1;1
p3d:p3d_tutorial;5.302793;X=0.657292 Y=0.065741;X=0.875000 Y=0.875000;1;1
p3d:p3d_tutorial;5.318222;X=0.657292 Y=0.065741;X=0.875000 Y=0.875000;1;1
p3d:p3d_tutorial;5.334466;X=0.657292 Y=0.065741;X=0.875000 Y=0.875000;1;1
p3d:p3d_tutorial;5.351170;X=0.657292 Y=0.065741;X=0.875000 Y=0.875000;1;1
p3d:p3d_tutorial;5.367768;X=0.657292 Y=0.065741;X=0.875000 Y=0.875000;1;1
p3d:p3d_tutorial;5.384465;X=0.657292 Y=0.065741;X=0.875000 Y=0.875000;1;1
p3d:p3d_tutorial;5.401230;X=0.657292 Y=0.065741;X=0.875000 Y=0.875000;1;1
p3d:p3d_tutorial;5.417904;X=0.657292 Y=0.065741;X=0.875000 Y=0.875000;1;1
p3d:p3d_tutorial;5.434658;X=0.657292 Y=0.065741;X=0.875000 Y=0.875000;1;1
p3d:p3d_tutorial;5.451335;X=0.657292 Y=0.065741;X=0.875000 Y=0.875000;1;1
p3d:p3d_tutorial;5.467976;X=0.657292 Y=0.065741;X=0.875000 Y=0.875000;1;1
p3d:p3d_tutorial;5.484694;X=0.657292 Y=0.065741;X=0.875000 Y=0.875000;1;1
p3d:p3d_tutorial;5.501403;X=0.657292 Y=0.065741;X=0.875000 Y=0.875000;1;1
p3d:p3d_tutorial;5.518100;X=0.657292 Y=0.065741;X=0.875000 Y=0.875000;1;1
p3d:p3d_tutorial;5.534840;X=0.657292 Y=0.065741;X=0.875000 Y=0.875000;1;1
p3d:p3d_tutorial;5.551498;X=0.657292 Y=0.065741;X=0.875000 Y=0.875000;1;1
p3d:p3d_tutorial;5.568239;X=0.657292 Y=0.068519;X=0.875000 Y=0.875000;1;1
p3d:p3d_tutorial;5.584959;X=0.657292 Y=0.071296;X=0.875000 Y=0.875000;1;1
p3d:p3d_tutorial;5.601689;X=0.657292 Y=0.074074;X=0.875000 Y=0.875000;1;1
p3d:p3d_tutorial;5.618406;X=0.657292 Y=0.079630;X=0.875000 Y=0.875000;1;1
p3d:p3d_tutorial;5.635025;X=0.658333 Y=0.083333;X=0.875000 Y=0.875000;1;1
p3d:p3d_tutorial;5.651749;X=0.659375 Y=0.092593;X=0.875000 Y=0.875000;1;1
p3d:p3d_tutorial;5.668459;X=0.663542 Y=0.107407;X=0.875000 Y=0.875000;1;1
p3d:p3d_tutorial;5.685115;X=0.664583 Y=0.112963;X=0.875000 Y=0.875000;1;1
p3d:p3d_tutorial;5.701868;X=0.665625 Y=0.117593;X=0.875000 Y=0.875000;1;1
p3d:p3d_tutorial;5.718554;X=0.666667 Y=0.125926;X=0.875000 Y=0.875000;1;1
p3d:p3d_tutorial;5.735270;X=0.666667 Y=0.133333;X=0.875000 Y=0.875000;1;1
p3d:p3d_tutorial;5.751979;X=0.667708 Y=0.141667;X=0.875000 Y=0.875000;1;1
p3d:p3d_tutorial;5.768597;X=0.667708 Y=0.149074;X=0.875000 Y=0.875000;1;1
p3d:p3d_tutorial;5.785315;X=0.667708 Y=0.152778;X=0.875000 Y=0.875000;1;1
p3d:p3d_tutorial;5.801928;X=0.668750 Y=0.155556;X=0.875000 Y=0.875000;1;1
p3d:p3d_tutorial;5.818760;X=0.668750 Y=0.157407;X=0.875000 Y=0.875000;1;1
p3d:p3d_tutorial;5.835447;X=0.668750 Y=0.158333;X=0.875000 Y=0.875000;1;1
p3d:p3d_tutorial;5.852181;X=0.668750 Y=0.160185;X=0.875000 Y=0.875000;1;1
p3d:p3d_tutorial;5.868803;X=0.668750 Y=0.162037;X=0.875000 Y=0.875000;1;1
p3d:p3d_tutorial;5.885554;X=0.668750 Y=0.163889;X=0.875000 Y=0.875000;1;1
p3d:p3d_tutorial;5.902246;X=0.669792 Y=0.163889;X=0.875000 Y=0.875000;1;1
p3d:p3d_tutorial;5.918985;X=0.669792 Y=0.165741;X=0.875000 Y=0.875000;1;1
p3d:p3d_tutorial;5.935492;X=0.669792 Y=0.165741;X=0.875000 Y=0.875000;1;1
p3d:p3d_tutorial;5.952295;X=0.669792 Y=0.165741;X=0.875000 Y=0.875000;1;1
p3d:p3d_tutorial;5.969037;X=0.669792 Y=0.166667;X=0.875000 Y=0.875000;1;1
p3d:p3d_tutorial;5.985625;X=0.669792 Y=0.166667;X=0.875000 Y=0.875000;1;1
p3d:p3d_tutorial;6.002216;X=0.669792 Y=0.166667;X=0.875000 Y=0.875000;1;1
p3d:p3d_tutorial;6.019152;X=0.669792 Y=0.166667;X=0.875000 Y=0.875000;1;1
p3d:p3d_tutorial;6.035739;X=0.669792 Y=0.166667;X=0.875000 Y=0.875000;1;1
p3d:p3d_tutorial;6.052448;X=0.669792 Y=0.166667;X=0.875000 Y=0.875000;1;1
p3d:p3d_tutorial;6.069140;X=0.669792 Y=0.166667;X=0.875000 Y=0.875000;1;1
p3d:p3d_tutorial;6.085795;X=0.669792 Y=0.166667;X=0.875000 Y=0.875000;1;1
p3d:p3d_tutorial;6.102584;X=0.669792 Y=0.166667;X=0.875000 Y=0.875000;1;1
p3d:p3d_tutorial;6.119347;X=0.669792 Y=0.166667;X=0.875000 Y=0.875000;1;1
p3d:p3d_tutorial;6.136039;X=0.669792 Y=0.166667;X=0.875000 Y=0.875000;1;0
p3d:p3d_tutorial;6.152605;X=0.669792 Y=0.166667;X=0.875000 Y=0.875000;1;0
p3d:p3d_tutorial;6.169375;X=0.669792 Y=0.166667;X=0.875000 Y=0.875000;1;0
p3d:p3d_tutorial;6.186034;X=0.669792 Y=0.166667;X=0.875000 Y=0.875000;1;0
p3d:p3d_tutorial;6.202772;X=0.669792 Y=0.166667;X=0.875000 Y=0.875000;1;0
p3d:p3d_tutorial;6.219458;X=0.669792 Y=0.166667;X=0.875000 Y=0.875000;1;0
p3d:p3d_tutorial;6.236122;X=0.669792 Y=0.166667;X=0.875000 Y=0.875000;1;0
p3d:p3d_tutorial;6.252793;X=0.669792 Y=0.166667;X=0.875000 Y=0.875000;1;0
p3d:p3d_tutorial;6.269527;X=0.669792 Y=0.166667;X=0.875000 Y=0.875000;1;0
p3d:p3d_tutorial;6.286225;X=0.669792 Y=0.166667;X=0.875000 Y=0.875000;1;0
p3d:p3d_tutorial;6.302917;X=0.669792 Y=0.166667;X=0.875000 Y=0.875000;1;0
p3d:p3d_tutorial;6.319610;X=0.669792 Y=0.166667;X=0.875000 Y=0.875000;1;0
p3d:p3d_tutorial;6.336340;X=0.669792 Y=0.166667;X=0.875000 Y=0.875000;1;0
p3d:p3d_tutorial;6.353016;X=0.669792 Y=0.166667;X=0.875000 Y=0.875000;1;0
p3d:p3d_tutorial;6.369737;X=0.669792 Y=0.166667;X=0.875000 Y=0.875000;1;0
p3d:p3d_tutorial;6.386461;X=0.669792 Y=0.166667;X=0.875000 Y=0.875000;1;0
p3d:p3d_tutorial;6.403466;X=0.669792 Y=0.166667;X=0.875000 Y=0.875000;1;0
p3d:p3d_tutorial;6.419803;X=0.669792 Y=0.166667;X=0.875000 Y=0.875000;1;0
p3d:p3d_tutorial;6.436510;X=0.669792 Y=0.169444;X=0.875000 Y=0.875000;1;0
p3d:p3d_tutorial;6.453207;X=0.675000 Y=0.187963;X=0.875000 Y=0.875000;1;0
p3d:p3d_tutorial;6.469930;X=0.681250 Y=0.226852;X=0.875000 Y=0.875000;1;0
p3d:p3d_tutorial;6.486616;X=0.692708 Y=0.295370;X=0.875000 Y=0.875000;1;0
p3d:p3d_tutorial;6.503119;X=0.701042 Y=0.367593;X=0.875000 Y=0.875000;1;0
p3d:p3d_tutorial;6.520013;X=0.703125 Y=0.421296;X=0.875000 Y=0.875000;1;0
p3d:p3d_tutorial;6.536723;X=0.707292 Y=0.511111;X=0.875000 Y=0.875000;1;0
p3d:p3d_tutorial;6.553419;X=0.707292 Y=0.624074;X=0.875000 Y=0.875000;1;0
p3d:p3d_tutorial;6.570165;X=0.717708 Y=0.719444;X=0.875000 Y=0.875000;1;0
p3d:p3d_tutorial;6.586833;X=0.725000 Y=0.807407;X=0.875000 Y=0.875000;1;0
p3d:p3d_tutorial;6.603559;X=0.725000 Y=0.857407;X=0.875000 Y=0.875000;1;0
p3d:p3d_tutorial;6.620233;X=0.725000 Y=0.897222;X=0.875000 Y=0.875000;1;0
p3d:p3d_tutorial;6.636894;X=0.725000 Y=0.924074;X=0.875000 Y=0.875000;1;0
p3d:p3d_tutorial;6.653625;X=0.725000 Y=0.931481;X=0.875000 Y=0.875000;1;0
p3d:p3d_tutorial;6.670264;X=0.725000 Y=0.931481;X=0.875000 Y=0.875000;1;0
p3d:p3d_tutorial;6.686931;X=0.725000 Y=0.931481;X=0.875000 Y=0.875000;1;0
p3d:p3d_tutorial;6.703630;X=0.725000 Y=0.931481;X=0.875000 Y=0.875000;1;0
p3d:p3d_tutorial;6.720405;X=0.721875 Y=0.931481;X=0.875000 Y=0.875000;1;0
p3d:p3d_tutorial;6.736666;X=0.718750 Y=0.929630;X=0.875000 Y=0.875000;1;0
p3d:p3d_tutorial;6.753505;X=0.717708 Y=0.928704;X=0.875000 Y=0.875000;1;0
p3d:p3d_tutorial;6.770496;X=0.716667 Y=0.926852;X=0.875000 Y=0.875000;1;0
p3d:p3d_tutorial;6.787245;X=0.715625 Y=0.925926;X=0.875000 Y=0.875000;1;0
p3d:p3d_tutorial;6.803870;X=0.715625 Y=0.925000;X=0.875000 Y=0.875000;1;0
p3d:p3d_tutorial;6.820594;X=0.715625 Y=0.923148;X=0.875000 Y=0.875000;1;0
p3d:p3d_tutorial;6.837193;X=0.715625 Y=0.923148;X=0.875000 Y=0.875000;1;0
p3d:p3d_tutorial;6.853961;X=0.715625 Y=0.923148;X=0.875000 Y=0.875000;1;0
p3d:p3d_tutorial;6.870657;X=0.715625 Y=0.923148;X=0.875000 Y=0.875000;1;0
p3d:p3d_tutorial;6.887396;X=0.715625 Y=0.923148;X=0.875000 Y=0.875000;1;0
p3d:p3d_tutorial;6.903981;X=0.715625 Y=0.923148;X=0.875000 Y=0.875000;1;0
p3d:p3d_tutorial;6.920712;X=0.715625 Y=0.923148;X=0.875000 Y=0.875000;1;0
p3d:p3d_tutorial;6.937371;X=0.715625 Y=0.923148;X=0.875000 Y=0.875000;1;0
p3d:p3d_tutorial;6.954123;X=0.715625 Y=0.923148;X=0.875000 Y=0.875000;1;0
p3d:p3d_tutorial;6.970826;X=0.715625 Y=0.923148;X=0.875000 Y=0.875000;1;0
p3d:p3d_tutorial;6.987541;X=0.715625 Y=0.923148;X=0.875000 Y=0.875000;1;0
p3d:p3d_tutorial;7.004056;X=0.715625 Y=0.923148;X=0.875000 Y=0.875000;1;0
p3d:p3d_tutorial;7.020926;X=0.715625 Y=0.923148;X=0.875000 Y=0.875000;1;0
p3d:p3d_tutorial;7.037619;X=0.715625 Y=0.923148;X=0.875000 Y=0.875000;1;0
p3d:p3d_tutorial;7.054325;X=0.715625 Y=0.923148;X=0.875000 Y=0.875000;1;0
p3d:p3d_tutorial;7.071019;X=0.715625 Y=0.923148;X=0.875000 Y=0.875000;1;0
p3d:p3d_tutorial;7.087730;X=0.715625 Y=0.923148;X=0.875000 Y=0.875000;1;0
p3d:p3d_tutorial;7.104379;X=0.715625 Y=0.923148;X=0.875000 Y=0.875000;1;0
p3d:p3d_tutorial;7.121130;X=0.715625 Y=0.923148;X=0.875000 Y=0.875000;1;0
p3d:p3d_tutorial;7.137784;X=0.715625 Y=0.923148;X=0.875000 Y=0.875000;1;0
p3d:p3d_tutorial;7.154561;X=0.715625 Y=0.923148;X=0.875000 Y=0.875000;1;0
p3d:p3d_tutorial;7.171199;X=0.715625 Y=0.923148;X=0.875000 Y=0.875000;1;0
p3d:p3d_tutorial;7.187911;X=0.715625 Y=0.923148;X=0.875000 Y=0.875000;1;0
p3d:p3d_tutorial;7.204667;X=0.715625 Y=0.923148;X=0.875000 Y=0.875000;1;1
p3d:p3d_tutorial;7.221340;X=0.715625 Y=0.923148;X=0.875000 Y=0.875000;1;1
p3d:p3d_tutorial;7.238005;X=0.715625 Y=0.923148;X=0.875000 Y=0.875000;1;1
p3d:p3d_tutorial;7.254720;X=0.715625 Y=0.923148;X=0.875000 Y=0.875000;1;1
p3d:p3d_tutorial;7.271406;X=0.715625 Y=0.923148;X=0.875000 Y=0.875000;1;1
p3d:p3d_tutorial;7.288107;X=0.715625 Y=0.923148;X=0.875000 Y=0.875000;1;1
p3d:p3d_tutorial;7.304785;X=0.715625 Y=0.923148;X=0.875000 Y=0.875000;1;1
p3d:p3d_tutorial;7.321529;X=0.715625 Y=0.923148;X=0.875000 Y=0.875000;1;1
p3d:p3d_tutorial;7.338165;X=0.715625 Y=0.923148;X=0.875000 Y=0.875000;1;1
p3d:p3d_tutorial;7.354938;X=0.715625 Y=0.923148;X=0.875000 Y=0.875000;1;1
p3d:p3d_tutorial;7.371519;X=0.715625 Y=0.923148;X=0.875000 Y=0.875000;1;1
p3d:p3d_tutorial;7.388246;X=0.715625 Y=0.923148;X=0.875000 Y=0.875000;1;1
p3d:p3d_tutorial;7.405033;X=0.715625 Y=0.923148;X=0.875000 Y=0.875000;1;1
p3d:p3d_tutorial;7.421674;X=0.715625 Y=0.923148;X=0.875000 Y=0.875000;1;1
p3d:p3d_tutorial;7.438386;X=0.715625 Y=0.923148;X=0.875000 Y=0.875000;1;1
p3d:p3d_tutorial;7.455025;X=0.715625 Y=0.923148;X=0.875000 Y=0.875000;1;1
p3d:p3d_tutorial;7.471773;X=0.715625 Y=0.923148;X=0.875000 Y=0.875000;1;1
p3d:p3d_tutorial;7.488471;X=0.715625 Y=0.923148;X=0.875000 Y=0.875000;1;1
p3d:p3d_tutorial;7.505210;X=0.715625 Y=0.923148;X=0.875000 Y=0.875000;1;1
p3d:p3d_tutorial;7.521891;X=0.715625 Y=0.923148;X=0.875000 Y=0.875000;1;1
p3d:p3d_tutorial;7.538573;X=0.715625 Y=0.923148;X=0.875000 Y=0.875000;1;1
p3d:p3d_tutorial;7.555313;X=0.715625 Y=0.923148;X=0.875000 Y=0.875000;1;1
p3d:p3d_tutorial;7.571948;X=0.715625 Y=0.923148;X=0.875000 Y=0.875000;1;1
p3d:p3d_tutorial;7.588671;X=0.715625 Y=0.923148;X=0.875000 Y=0.875000;1;1
p3d:p3d_tutorial;7.605405;X=0.715625 Y=0.923148;X=0.875000 Y=0.875000;1;1
p3d:p3d_tutorial;7.622065;X=0.715625 Y=0.923148;X=0.875000 Y=0.875000;1;1
p3d:p3d_tutorial;7.638759;X=0.715625 Y=0.923148;X=0.875000 Y=0.875000;1;1
p3d:p3d_tutorial;7.655470;X=0.715625 Y=0.923148;X=0.875000 Y=0.875000;1;1
p3d:p3d_tutorial;7.672154;X=0.715625 Y=0.923148;X=0.875000 Y=0.875000;1;1
p3d:p3d_tutorial;7.688882;X=0.715625 Y=0.923148;X=0.875000 Y=0.875000;1;1
p3d:p3d_tutorial;7.705542;X=0.715625 Y=0.923148;X=0.875000 Y=0.875000;1;1
p3d:p3d_tutorial;7.722285;X=0.715625 Y=0.923148;X=0.875000 Y=0.875000;1;1
p3d:p3d_tutorial;7.738914;X=0.715625 Y=0.923148;X=0.875000 Y=0.875000;1;1
p3d:p3d_tutorial;7.755674;X=0.715625 Y=0.923148;X=0.875000 Y=0.875000;1;1
p3d:p3d_tutorial;7.772352;X=0.715625 Y=0.923148;X=0.875000 Y=0.875000;1;1
p3d:p3d_tutorial;7.789073;X=0.714583 Y=0.922222;X=0.875000 Y=0.875000;1;1
p3d:p3d_tutorial;7.805811;X=0.710417 Y=0.921296;X=0.875000 Y=0.875000;1;1
p3d:p3d_tutorial;7.822551;X=0.701042 Y=0.918519;X=0.875000 Y=0.875000;1;1
p3d:p3d_tutorial;7.839298;X=0.672917 Y=0.910185;X=0.875000 Y=0.875000;1;1
p3d:p3d_tutorial;7.855954;X=0.636458 Y=0.900926;X=0.875000 Y=0.875000;1;1
p3d:p3d_tutorial;7.872604;X=0.612500 Y=0.896296;X=0.875000 Y=0.875000;1;1
p3d:p3d_tutorial;7.889337;X=0.556250 Y=0.884259;X=0.875000 Y=0.875000;1;1
p3d:p3d_tutorial;7.905989;X=0.497917 Y=0.872222;X=0.875000 Y=0.875000;1;1
p3d:p3d_tutorial;7.922736;X=0.445833 Y=0.862963;X=0.875000 Y=0.875000;1;1
p3d:p3d_tutorial;7.939451;X=0.418750 Y=0.857407;X=0.875000 Y=0.875000;1;1
p3d:p3d_tutorial;7.956083;X=0.398958 Y=0.853704;X=0.875000 Y=0.875000;1;1
p3d:p3d_tutorial;7.972815;X=0.385417 Y=0.851852;X=0.875000 Y=0.875000;1;1
p3d:p3d_tutorial;7.989452;X=0.385417 Y=0.851852;X=0.875000 Y=0.875000;1;1
p3d:p3d_tutorial;8.006011;X=0.385417 Y=0.851852;X=0.875000 Y=0.875000;1;1
p3d:p3d_tutorial;8.022850;X=0.385417 Y=0.851852;X=0.875000 Y=0.875000;1;1
p3d:p3d_tutorial;8.039469;X=0.385417 Y=0.851852;X=0.875000 Y=0.875000;1;1
p3d:p3d_tutorial;8.056247;X=0.385417 Y=0.851852;X=0.875000 Y=0.875000;1;1
p3d:p3d_tutorial;8.072927;X=0.385417 Y=0.851852;X=0.875000 Y=0.875000;1;1
p3d:p3d_tutorial;8.089667;X=0.385417 Y=0.851852;X=0.875000 Y=0.875000;1;1
p3d:p3d_tutorial;8.106340;X=0.385417 Y=0.851852;X=0.875000 Y=0.875000;1;1
p3d:p3d_tutorial;8.123039;X=0.385417 Y=0.851852;X=0.875000 Y=0.875000;1;1
p3d:p3d_tutorial;8.139704;X=0.385417 Y=0.851852;X=0.875000 Y=0.875000;1;1
p3d:p3d_tutorial;8.156401;X=0.385417 Y=0.851852;X=0.875000 Y=0.875000;1;1
p3d:p3d_tutorial;8.173139;X=0.385417 Y=0.851852;X=0.875000 Y=0.875000;1;1
p3d:p3d_tutorial;8.189810;X=0.385417 Y=0.851852;X=0.875000 Y=0.875000;1;1
p3d:p3d_tutorial;8.206520;X=0.385417 Y=0.851852;X=0.875000 Y=0.875000;1;1
p3d:p3d_tutorial;8.223298;X=0.385417 Y=0.851852;X=0.875000 Y=0.875000;1;1
p3d:p3d_tutorial;8.239973;X=0.385417 Y=0.851852;X=0.875000 Y=0.875000;1;1
p3d:p3d_tutorial;8.256599;X=0.385417 Y=0.851852;X=0.875000 Y=0.875000;1;1
p3d:p3d_tutorial;8.273377;X=0.388542 Y=0.851852;X=0.875000 Y=0.875000;1;1
p3d:p3d_tutorial;8.290107;X=0.406250 Y=0.854630;X=0.875000 Y=0.875000;1;1
p3d:p3d_tutorial;8.306775;X=0.443750 Y=0.862037;X=0.875000 Y=0.875000;1;1
p3d:p3d_tutorial;8.323514;X=0.522917 Y=0.874074;X=0.875000 Y=0.875000;1;1
p3d:p3d_tutorial;8.340184;X=0.606250 Y=0.881481;X=0.875000 Y=0.875000;1;1
p3d:p3d_tutorial;8.356876;X=0.698958 Y=0.883333;X=0.875000 Y=0.875000;1;1
p3d:p3d_tutorial;8.373646;X=0.771875 Y=0.885185;X=0.875000 Y=0.875000;1;1
p3d:p3d_tutorial;8.390347;X=0.830208 Y=0.885185;X=0.875000 Y=0.875000;1;1
p3d:p3d_tutorial;8.407059;X=0.854167 Y=0.885185;X=0.875000 Y=0.875000;1;1
p3d:p3d_tutorial;8.423683;X=0.860417 Y=0.885185;X=0.875000 Y=0.875000;1;1
p3d:p3d_tutorial;8.440352;X=0.860417 Y=0.885185;X=0.875000 Y=0.875000;1;1
p3d:p3d_tutorial;8.457102;X=0.860417 Y=0.885185;X=0.875000 Y=0.875000;1;1
p3d:p3d_tutorial;8.473701;X=0.860417 Y=0.885185;X=0.875000 Y=0.875000;1;1
p3d:p3d_tutorial;8.490471;X=0.860417 Y=0.885185;X=0.875000 Y=0.875000;1;1
p3d:p3d_tutorial;8.507172;X=0.860417 Y=0.885185;X=0.875000 Y=0.875000;1;1
p3d:p3d_tutorial;8.523871;X=0.860417 Y=0.885185;X=0.875000 Y=0.875000;1;1
p3d:p3d_tutorial;8.540525;X=0.860417 Y=0.885185;X=0.875000 Y=0.875000;1;1
p3d:p3d_tutorial;8.557284;X=0.860417 Y=0.885185;X=0.875000 Y=0.875000;1;1
p3d:p3d_tutorial;8.573901;X=0.860417 Y=0.885185;X=0.875000 Y=0.875000;1;1
p3d:p3d_tutorial;8.590662;X=0.860417 Y=0.885185;X=0.875000 Y=0.875000;1;1
p3d:p3d_tutorial;8.607369;X=0.860417 Y=0.885185;X=0.875000 Y=0.875000;1;1
p3d:p3d_tutorial;8.624038;X=0.860417 Y=0.885185;X=0.875000 Y=0.875000;1;1
p3d:p3d_tutorial;8.640717;X=0.860417 Y=0.885185;X=0.875000 Y=0.875000;1;1
p3d:p3d_tutorial;8.657467;X=0.860417 Y=0.885185;X=0.875000 Y=0.875000;1;1
p3d:p3d_tutorial;8.674141;X=0.860417 Y=0.885185;X=0.875000 Y=0.875000;1;1
p3d:p3d_tutorial;8.690865;X=0.860417 Y=0.885185;X=0.875000 Y=0.875000;1;1
p3d:p3d_tutorial;8.707515;X=0.860417 Y=0.885185;X=0.875000 Y=0.875000;1;1
p3d:p3d_tutorial;8.724254;X=0.860417 Y=0.885185;X=0.875000 Y=0.875000;1;1
p3d:p3d_tutorial;8.740919;X=0.860417 Y=0.885185;X=0.875000 Y=0.875000;1;1
p3d:p3d_tutorial;8.757687;X=0.860417 Y=0.885185;X=0.875000 Y=0.875000;1;1
p3d:p3d_tutorial;8.774345;X=0.860417 Y=0.885185;X=0.875000 Y=0.875000;1;1
p3d:p3d_tutorial;8.791122;X=0.860417 Y=0.885185;X=0.875000 Y=0.875000;1;1
p3d:p3d_tutorial;8.807712;X=0.860417 Y=0.885185;X=0.875000 Y=0.875000;1;1
p3d:p3d_tutorial;8.824482;X=0.860417 Y=0.885185;X=0.875000 Y=0.875000;1;1
p3d:p3d_tutorial;8.841163;X=0.860417 Y=0.885185;X=0.875000 Y=0.875000;1;1
p3d:p3d_tutorial;8.857881;X=0.860417 Y=0.885185;X=0.875000 Y=0.875000;1;1
p3d:p3d_tutorial;8.874318;X=0.860417 Y=0.885185;X=0.875000 Y=0.875000;1;1
p3d:p3d_tutorial;8.891187;X=0.860417 Y=0.885185;X=0.875000 Y=0.875000;1;1
p3d:p3d_tutorial;8.907925;X=0.860417 Y=0.885185;X=0.875000 Y=0.875000;1;1
p3d:p3d_tutorial;8.924648;X=0.860417 Y=0.885185;X=0.875000 Y=0.875000;1;1
p3d:p3d_tutorial;8.941305;X=0.860417 Y=0.885185;X=0.875000 Y=0.875000;1;1
p3d:p3d_tutorial;8.958023;X=0.860417 Y=0.885185;X=0.875000 Y=0.875000;1;1
p3d:p3d_tutorial;8.974727;X=0.860417 Y=0.885185;X=0.875000 Y=0.875000;1;1
p3d:p3d_tutorial;8.991418;X=0.860417 Y=0.885185;X=0.875000 Y=0.875000;1;1
p3d:p3d_tutorial;9.007900;X=0.860417 Y=0.885185;X=0.875000 Y=0.875000;1;1
p3d:p3d_tutorial;9.024811;X=0.860417 Y=0.885185;X=0.875000 Y=0.875000;1;1
p3d:p3d_tutorial;9.041521;X=0.860417 Y=0.885185;X=0.875000 Y=0.875000;1;1
p3d:p3d_tutorial;9.058202;X=0.860417 Y=0.885185;X=0.875000 Y=0.875000;1;1
p3d:p3d_tutorial;9.074933;X=0.860417 Y=0.885185;X=0.875000 Y=0.875000;1;1
p3d:p3d_tutorial;9.091595;X=0.860417 Y=0.885185;X=0.875000 Y=0.875000;1;1
p3d:p3d_tutorial;9.108294;X=0.860417 Y=0.885185;X=0.875000 Y=0.875000;1;1
p3d:p3d_tutorial;9.125060;X=0.860417 Y=0.885185;X=0.875000 Y=0.875000;1;1
p3d:p3d_tutorial;9.141684;X=0.860417 Y=0.885185;X=0.875000 Y=0.875000;1;1
p3d:p3d_tutorial;9.158424;X=0.860417 Y=0.885185;X=0.875000 Y=0.875000;1;1
p3d:p3d_tutorial;9.175026;X=0.860417 Y=0.885185;X=0.875000 Y=0.875000;1;1
p3d:p3d_tutorial;9.191813;X=0.860417 Y=0.885185;X=0.875000 Y=0.875000;1;1
p3d:p3d_tutorial;9.208492;X=0.860417 Y=0.885185;X=0.875000 Y=0.875000;1;1
p3d:p3d_tutorial;9.225201;X=0.860417 Y=0.885185;X=0.875000 Y=0.875000;1;1
p3d:p3d_tutorial;9.241888;X=0.860417 Y=0.885185;X=0.875000 Y=0.875000;1;1
p3d:p3d_tutorial;9.258651;X=0.860417 Y=0.885185;X=0.875000 Y=0.875000;1;1
p3d:p3d_tutorial;9.275237;X=0.860417 Y=0.885185;X=0.875000 Y=0.875000;1;1
p3d:p3d_tutorial;9.292024;X=0.860417 Y=0.885185;X=0.875000 Y=0.875000;1;1
p3d:p3d_tutorial;9.308661;X=0.860417 Y=0.885185;X=0.875000 Y=0.875000;1;1
p3d:p3d_tutorial;9.325410;X=0.860417 Y=0.885185;X=0.875000 Y=0.875000;1;1
p3d:p3d_tutorial;9.342063;X=0.860417 Y=0.885185;X=0.875000 Y=0.875000;1;1
p3d:p3d_tutorial;9.358791;X=0.860417 Y=0.885185;X=0.875000 Y=0.875000;1;1
p3d:p3d_tutorial;9.375423;X=0.860417 Y=0.885185;X=0.875000 Y=0.875000;1;1
p3d:p3d_tutorial;9.392193;X=0.860417 Y=0.885185;X=0.875000 Y=0.875000;1;1
p3d:p3d_tutorial;9.408888;X=0.860417 Y=0.885185;X=0.875000 Y=0.875000;1;1
p3d:p3d_tutorial;9.425593;X=0.860417 Y=0.885185;X=0.875000 Y=0.875000;1;1
p3d:p3d_tutorial;9.442306;X=0.860417 Y=0.885185;X=0.875000 Y=0.875000;1;1
p3d:p3d_tutorial;9.458999;X=0.860417 Y=0.885185;X=0.875000 Y=0.875000;1;1
p3d:p3d_tutorial;9.475582;X=0.860417 Y=0.885185;X=0.875000 Y=0.875000;1;1
p3d:p3d_tutorial;9.492332;X=0.860417 Y=0.885185;X=0.875000 Y=0.875000;1;1
p3d:p3d_tutorial;9.509057;X=0.860417 Y=0.885185;X=0.875000 Y=0.875000;1;1
p3d:p3d_tutorial;9.525777;X=0.860417 Y=0.885185;X=0.875000 Y=0.875000;1;1
p3d:p3d_tutorial;9.542469;X=0.860417 Y=0.885185;X=0.875000 Y=0.875000;1;1
p3d:p3d_tutorial;9.559203;X=0.860417 Y=0.885185;X=0.875000 Y=0.875000;1;1
p3d:p3d_tutorial;9.575809;X=0.860417 Y=0.885185;X=0.875000 Y=0.875000;1;1
p3d:p3d_tutorial;9.592551;X=0.860417 Y=0.885185;X=0.875000 Y=0.875000;1;1
p3d:p3d_tutorial;9.609302;X=0.860417 Y=0.885185;X=0.875000 Y=0.875000;1;1
p3d:p3d_tutorial;9.625955;X=0.860417 Y=0.885185;X=0.875000 Y=0.875000;1;1
p3d:p3d_tutorial;9.642648;X=0.860417 Y=0.885185;X=0.875000 Y=0.875000;1;1
p3d:p3d_tutorial;9.659414;X=0.860417 Y=0.885185;X=0.875000 Y=0.875000;1;1
p3d:p3d_tutorial;9.676064;X=0.860417 Y=0.885185;X=0.875000 Y=0.875000;1;1
p3d:p3d_tutorial;9.692404;X=0.860417 Y=0.885185;X=0.875000 Y=0.875000;1;1
p3d:p3d_tutorial;9.709067;X=0.860417 Y=0.885185;X=0.875000 Y=0.875000;1;1
p3d:p3d_tutorial;9.726108;X=0.860417 Y=0.885185;X=0.875000 Y=0.875000;1;1
p3d:p3d_tutorial;9.742864;X=0.860417 Y=0.885185;X=0.875000 Y=0.875000;1;1
p3d:p3d_tutorial;9.759521;X=0.860417 Y=0.885185;X=0.875000 Y=0.875000;1;1
p3d:p3d_tutorial;9.776308;X=0.860417 Y=0.885185;X=0.875000 Y=0.875000;1;0
p3d:p3d_tutorial;9.792996;X=0.860417 Y=0.885185;X=0.875000 Y=0.875000;1;0
p3d:p3d_tutorial;9.809684;X=0.860417 Y=0.885185;X=0.875000 Y=0.875000;1;0
p3d:p3d_tutorial;9.826353;X=0.860417 Y=0.885185;X=0.875000 Y=0.875000;1;0
p3d:p3d_tutorial;9.843026;X=0.860417 Y=0.885185;X=0.875000 Y=0.875000;1;0
p3d:p3d_tutorial;9.859728;X=0.860417 Y=0.885185;X=0.875000 Y=0.875000;1;0
p3d:p3d_tutorial;9.876403;X=0.860417 Y=0.885185;X=0.875000 Y=0.875000;1;0
p3d:p3d_tutorial;9.893188;X=0.860417 Y=0.885185;X=0.875000 Y=0.875000;1;0
p3d:p3d_tutorial;9.909746;X=0.860417 Y=0.885185;X=0.875000 Y=0.875000;1;0
p3d:p3d_tutorial;9.926528;X=0.860417 Y=0.885185;X=0.875000 Y=0.875000;1;0
p3d:p3d_tutorial;9.943307;X=0.860417 Y=0.885185;X=0.875000 Y=0.875000;1;0
p3d:p3d_tutorial;9.959941;X=0.860417 Y=0.885185;X=0.875000 Y=0.875000;1;0
p3d:p3d_tutorial;9.976541;X=0.860417 Y=0.885185;X=0.875000 Y=0.875000;1;0
p3d:p3d_tutorial;9.993383;X=0.860417 Y=0.885185;X=0.875000 Y=0.875000;1;0
p3d:p3d_tutorial;10.262842;X=0.860417 Y=0.885185;X=0.125000 Y=0.625000;1;0
p3d:p3d_tutorial;10.263595;X=0.860417 Y=0.885185;X=0.125000 Y=0.625000;1;1
p3d:p3d_tutorial;10.276993;X=0.860417 Y=0.885185;X=0.125000 Y=0.625000;1;1
p3d:p3d_tutorial;10.293899;X=0.860417 Y=0.885185;X=0.125000 Y=0.625000;1;1
p3d:p3d_tutorial;10.310561;X=0.860417 Y=0.885185;X=0.125000 Y=0.625000;1;1
p3d:p3d_tutorial;10.327347;X=0.860417 Y=0.885185;X=0.125000 Y=0.625000;1;1
p3d:p3d_tutorial;10.344049;X=0.860417 Y=0.885185;X=0.125000 Y=0.625000;1;1
p3d:p3d_tutorial;10.360686;X=0.860417 Y=0.885185;X=0.125000 Y=0.625000;1;1
p3d:p3d_tutorial;10.377321;X=0.860417 Y=0.885185;X=0.125000 Y=0.625000;1;1
p3d:p3d_tutorial;10.394062;X=0.860417 Y=0.885185;X=0.125000 Y=0.625000;1;1
p3d:p3d_tutorial;10.410727;X=0.860417 Y=0.885185;X=0.125000 Y=0.625000;1;1
p3d:p3d_tutorial;10.427486;X=0.860417 Y=0.885185;X=0.125000 Y=0.625000;1;1
p3d:p3d_tutorial;10.444053;X=0.860417 Y=0.885185;X=0.125000 Y=0.625000;1;1
p3d:p3d_tutorial;10.460797;X=0.860417 Y=0.885185;X=0.125000 Y=0.625000;1;1
p3d:p3d_tutorial;10.477574;X=0.860417 Y=0.885185;X=0.125000 Y=0.625000;1;1
p3d:p3d_tutorial;10.494255;X=0.860417 Y=0.885185;X=0.125000 Y=0.625000;1;1
p3d:p3d_tutorial;10.510619;X=0.860417 Y=0.885185;X=0.125000 Y=0.625000;1;1
p3d:p3d_tutorial;10.527627;X=0.860417 Y=0.885185;X=0.125000 Y=0.625000;1;1
p3d:p3d_tutorial;10.544278;X=0.860417 Y=0.885185;X=0.125000 Y=0.625000;1;1
p3d:p3d_tutorial;10.561075;X=0.860417 Y=0.885185;X=0.125000 Y=0.625000;1;1
p3d:p3d_tutorial;10.577724;X=0.860417 Y=0.885185;X=0.125000 Y=0.625000;1;1
p3d:p3d_tutorial;10.594470;X=0.860417 Y=0.885185;X=0.125000 Y=0.625000;1;1
p3d:p3d_tutorial;10.611164;X=0.860417 Y=0.885185;X=0.125000 Y=0.625000;1;1
p3d:p3d_tutorial;10.627911;X=0.860417 Y=0.885185;X=0.125000 Y=0.625000;1;1
p3d:p3d_tutorial;10.644508;X=0.860417 Y=0.885185;X=0.125000 Y=0.625000;1;1
p3d:p3d_tutorial;10.661222;X=0.860417 Y=0.885185;X=0.125000 Y=0.625000;1;1
p3d:p3d_tutorial;10.677925;X=0.860417 Y=0.885185;X=0.125000 Y=0.625000;1;1
p3d:p3d_tutorial;10.694616;X=0.860417 Y=0.885185;X=0.125000 Y=0.625000;1;1
p3d:p3d_tutorial;10.711312;X=0.860417 Y=0.885185;X=0.125000 Y=0.625000;1;1
p3d:p3d_tutorial;10.727986;X=0.860417 Y=0.885185;X=0.125000 Y=0.625000;1;1
p3d:p3d_tutorial;10.744685;X=0.860417 Y=0.885185;X=0.125000 Y=0.625000;1;1
p3d:p3d_tutorial;10.761429;X=0.860417 Y=0.885185;X=0.125000 Y=0.625000;1;1
p3d:p3d_tutorial;10.778100;X=0.860417 Y=0.885185;X=0.125000 Y=0.625000;1;1
p3d:p3d_tutorial;10.794838;X=0.860417 Y=0.885185;X=0.125000 Y=0.625000;1;1
p3d:p3d_tutorial;10.811475;X=0.860417 Y=0.885185;X=0.125000 Y=0.625000;1;1
p3d:p3d_tutorial;10.828243;X=0.860417 Y=0.885185;X=0.125000 Y=0.625000;1;1
p3d:p3d_tutorial;10.844925;X=0.860417 Y=0.885185;X=0.125000 Y=0.625000;1;1
p3d:p3d_tutorial;10.861660;X=0.860417 Y=0.885185;X=0.125000 Y=0.625000;1;1
p3d:p3d_tutorial;10.878382;X=0.848958 Y=0.882407;X=0.125000 Y=0.625000;1;1
p3d:p3d_tutorial;10.895061;X=0.779167 Y=0.857407;X=0.125000 Y=0.625000;1;1
p3d:p3d_tutorial;10.911749;X=0.695833 Y=0.828704;X=0.125000 Y=0.625000;1;1
p3d:p3d_tutorial;10.928465;X=0.598958 Y=0.794444;X=0.125000 Y=0.625000;1;1
p3d:p3d_tutorial;10.945130;X=0.478125 Y=0.754630;X=0.125000 Y=0.625000;1;1
p3d:p3d_tutorial;10.961885;X=0.358333 Y=0.713889;X=0.125000 Y=0.625000;1;1
p3d:p3d_tutorial;10.978537;X=0.261458 Y=0.683333;X=0.125000 Y=0.625000;1;1
p3d:p3d_tutorial;10.995274;X=0.190625 Y=0.664815;X=0.125000 Y=0.625000;1;1
p3d:p3d_tutorial;11.012012;X=0.172917 Y=0.658333;X=0.125000 Y=0.625000;1;1
p3d:p3d_tutorial;11.028668;X=0.154167 Y=0.650926;X=0.125000 Y=0.625000;1;1
p3d:p3d_tutorial;11.045294;X=0.151042 Y=0.650000;X=0.125000 Y=0.625000;1;1
p3d:p3d_tutorial;11.061996;X=0.151042 Y=0.650000;X=0.125000 Y=0.625000;1;1
p3d:p3d_tutorial;11.078692;X=0.151042 Y=0.650000;X=0.125000 Y=0.625000;1;1
p3d:p3d_tutorial;11.095426;X=0.151042 Y=0.650000;X=0.125000 Y=0.625000;1;1
p3d:p3d_tutorial;11.112076;X=0.151042 Y=0.650000;X=0.125000 Y=0.625000;1;1
p3d:p3d_tutorial;11.128807;X=0.151042 Y=0.650000;X=0.125000 Y=0.625000;1;1
p3d:p3d_tutorial;11.145557;X=0.146875 Y=0.650000;X=0.125000 Y=0.625000;1;1
p3d:p3d_tutorial;11.162261;X=0.140625 Y=0.647222;X=0.125000 Y=0.625000;1;1
p3d:p3d_tutorial;11.178939;X=0.139583 Y=0.647222;X=0.125000 Y=0.625000;1;1
p3d:p3d_tutorial;11.195624;X=0.138542 Y=0.647222;X=0.125000 Y=0.625000;1;1
p3d:p3d_tutorial;11.212299;X=0.138542 Y=0.647222;X=0.125000 Y=0.625000;1;1
p3d:p3d_tutorial;11.229008;X=0.138542 Y=0.647222;X=0.125000 Y=0.625000;1;1
p3d:p3d_tutorial;11.245671;X=0.138542 Y=0.647222;X=0.125000 Y=0.625000;1;1
p3d:p3d_tutorial;11.262393;X=0.138542 Y=0.647222;X=0.125000 Y=0.625000;1;1
p3d:p3d_tutorial;11.279065;X=0.138542 Y=0.647222;X=0.125000 Y=0.625000;1;1
p3d:p3d_tutorial;11.295801;X=0.138542 Y=0.647222;X=0.125000 Y=0.625000;1;1
p3d:p3d_tutorial;11.312458;X=0.138542 Y=0.647222;X=0.125000 Y=0.625000;1;1
p3d:p3d_tutorial;11.329226;X=0.138542 Y=0.647222;X=0.125000 Y=0.625000;1;1
p3d:p3d_tutorial;11.345860;X=0.138542 Y=0.647222;X=0.125000 Y=0.625000;1;1
p3d:p3d_tutorial;11.362587;X=0.138542 Y=0.647222;X=0.125000 Y=0.625000;1;1
p3d:p3d_tutorial;11.379341;X=0.138542 Y=0.647222;X=0.125000 Y=0.625000;1;1
p3d:p3d_tutorial;11.395974;X=0.138542 Y=0.647222;X=0.125000 Y=0.625000;1;1
p3d:p3d_tutorial;11.412693;X=0.138542 Y=0.647222;X=0.125000 Y=0.625000;1;1
p3d:p3d_tutorial;11.429419;X=0.138542 Y=0.647222;X=0.125000 Y=0.625000;1;1
p3d:p3d_tutorial;11.446068;X=0.138542 Y=0.647222;X=0.125000 Y=0.625000;1;1
p3d:p3d_tutorial;11.462776;X=0.138542 Y=0.647222;X=0.125000 Y=0.625000;1;1
p3d:p3d_tutorial;11.479490;X=0.138542 Y=0.647222;X=0.125000 Y=0.625000;1;1
p3d:p3d_tutorial;11.496082;X=0.138542 Y=0.647222;X=0.125000 Y=0.625000;1;1
p3d:p3d_tutorial;11.512865;X=0.138542 Y=0.647222;X=0.125000 Y=0.625000;1;1
p3d:p3d_tutorial;11.529580;X=0.138542 Y=0.647222;X=0.125000 Y=0.625000;1;1
p3d:p3d_tutorial;11.546297;X=0.138542 Y=0.647222;X=0.125000 Y=0.625000;1;1
p3d:p3d_tutorial;11.562970;X=0.138542 Y=0.647222;X=0.125000 Y=0.625000;1;1
p3d:p3d_tutorial;11.579656;X=0.138542 Y=0.647222;X=0.125000 Y=0.625000;1;1
p3d:p3d_tutorial;11.596410;X=0.138542 Y=0.647222;X=0.125000 Y=0.625000;1;1
p3d:p3d_tutorial;11.613050;X=0.138542 Y=0.647222;X=0.125000 Y=0.625000;1;1
p3d:p3d_tutorial;11.629753;X=0.138542 Y=0.647222;X=0.125000 Y=0.625000;1;1
p3d:p3d_tutorial;11.646459;X=0.138542 Y=0.647222;X=0.125000 Y=0.625000;1;1
p3d:p3d_tutorial;11.663212;X=0.138542 Y=0.647222;X=0.125000 Y=0.625000;1;1
p3d:p3d_tutorial;11.679921;X=0.138542 Y=0.647222;X=0.125000 Y=0.625000;1;1
p3d:p3d_tutorial;11.696588;X=0.138542 Y=0.647222;X=0.125000 Y=0.625000;1;1
p3d:p3d_tutorial;11.713210;X=0.138542 Y=0.647222;X=0.125000 Y=0.625000;1;1
p3d:p3d_tutorial;11.729967;X=0.138542 Y=0.647222;X=0.125000 Y=0.625000;1;1
p3d:p3d_tutorial;11.746687;X=0.138542 Y=0.647222;X=0.125000 Y=0.625000;1;1
p3d:p3d_tutorial;11.763392;X=0.138542 Y=0.647222;X=0.125000 Y=0.625000;1;1
p3d:p3d_tutorial;11.780013;X=0.138542 Y=0.647222;X=0.125000 Y=0.625000;1;1
p3d:p3d_tutorial;11.796717;X=0.138542 Y=0.647222;X=0.125000 Y=0.625000;1;1
p3d:p3d_tutorial;11.813473;X=0.138542 Y=0.647222;X=0.125000 Y=0.625000;1;1
p3d:p3d_tutorial;11.830134;X=0.138542 Y=0.647222;X=0.125000 Y=0.625000;1;1
p3d:p3d_tutorial;11.846814;X=0.138542 Y=0.647222;X=0.125000 Y=0.625000;1;1
p3d:p3d_tutorial;11.863525;X=0.138542 Y=0.647222;X=0.125000 Y=0.625000;1;1
p3d:p3d_tutorial;11.880195;X=0.138542 Y=0.647222;X=0.125000 Y=0.625000;1;1
p3d:p3d_tutorial;11.896952;X=0.138542 Y=0.647222;X=0.125000 Y=0.625000;1;1
p3d:p3d_tutorial;11.913619;X=0.138542 Y=0.647222;X=0.125000 Y=0.625000;1;1
p3d:p3d_tutorial;11.930360;X=0.138542 Y=0.647222;X=0.125000 Y=0.625000;1;1
p3d:p3d_tutorial;11.946926;X=0.138542 Y=0.647222;X=0.125000 Y=0.625000;1;1
p3d:p3d_tutorial;11.963713;X=0.138542 Y=0.647222;X=0.125000 Y=0.625000;1;1
p3d:p3d_tutorial;11.980394;X=0.138542 Y=0.647222;X=0.125000 Y=0.625000;1;1
p3d:p3d_tutorial;11.997187;X=0.138542 Y=0.647222;X=0.125000 Y=0.625000;1;1
p3d:p3d_tutorial;12.013532;X=0.138542 Y=0.647222;X=0.125000 Y=0.625000;1;1
p3d:p3d_tutorial;12.030522;X=0.138542 Y=0.647222;X=0.125000 Y=0.625000;1;1
p3d:p3d_tutorial;12.047264;X=0.138542 Y=0.647222;X=0.125000 Y=0.625000;1;1
p3d:p3d_tutorial;12.063946;X=0.138542 Y=0.647222;X=0.125000 Y=0.625000;1;1
p3d:p3d_tutorial;12.080615;X=0.138542 Y=0.647222;X=0.125000 Y=0.625000;1;1
p3d:p3d_tutorial;12.097324;X=0.138542 Y=0.647222;X=0.125000 Y=0.625000;1;1
p3d:p3d_tutorial;12.113999;X=0.138542 Y=0.647222;X=0.125000 Y=0.625000;1;1
p3d:p3d_tutorial;12.130748;X=0.138542 Y=0.647222;X=0.125000 Y=0.625000;1;1
p3d:p3d_tutorial;12.147425;X=0.138542 Y=0.647222;X=0.125000 Y=0.625000;1;1
p3d:p3d_tutorial;12.164071;X=0.138542 Y=0.647222;X=0.125000 Y=0.625000;1;1
p3d:p3d_tutorial;12.180819;X=0.138542 Y=0.647222;X=0.125000 Y=0.625000;1;1
p3d:p3d_tutorial;12.197509;X=0.138542 Y=0.647222;X=0.125000 Y=0.625000;1;1
p3d:p3d_tutorial;12.214207;X=0.138542 Y=0.647222;X=0.125000 Y=0.625000;1;1
p3d:p3d_tutorial;12.230914;X=0.138542 Y=0.647222;X=0.125000 Y=0.625000;1;1
p3d:p3d_tutorial;12.247571;X=0.138542 Y=0.647222;X=0.125000 Y=0.625000;1;1
p3d:p3d_tutorial;12.264293;X=0.138542 Y=0.647222;X=0.125000 Y=0.625000;1;1
p3d:p3d_tutorial;12.280993;X=0.138542 Y=0.647222;X=0.125000 Y=0.625000;1;1
p3d:p3d_tutorial;12.297735;X=0.138542 Y=0.647222;X=0.125000 Y=0.625000;1;1
p3d:p3d_tutorial;12.314404;X=0.138542 Y=0.647222;X=0.125000 Y=0.625000;1;1
p3d:p3d_tutorial;12.331121;X=0.138542 Y=0.647222;X=0.125000 Y=0.625000;1;1
p3d:p3d_tutorial;12.347794;X=0.138542 Y=0.647222;X=0.125000 Y=0.625000;1;1
p3d:p3d_tutorial;12.364515;X=0.138542 Y=0.647222;X=0.125000 Y=0.625000;1;1
p3d:p3d_tutorial;12.381192;X=0.138542 Y=0.647222;X=0.125000 Y=0.625000;1;1
p3d:p3d_tutorial;12.397883;X=0.138542 Y=0.647222;X=0.125000 Y=0.625000;1;1
p3d:p3d_tutorial;12.414583;X=0.138542 Y=0.647222;X=0.125000 Y=0.625000;1;1
p3d:p3d_tutorial;12.431360;X=0.138542 Y=0.647222;X=0.125000 Y=0.625000;1;1
p3d:p3d_tutorial;12.448020;X=0.138542 Y=0.647222;X=0.125000 Y=0.625000;1;1
p3d:p3d_tutorial;12.464685;X=0.138542 Y=0.647222;X=0.125000 Y=0.625000;1;1
p3d:p3d_tutorial;12.481395;X=0.138542 Y=0.647222;X=0.125000 Y=0.625000;1;1
p3d:p3d_tutorial;12.498094;X=0.138542 Y=0.647222;X=0.125000 Y=0.625000;1;1
p3d:p3d_tutorial;12.514789;X=0.138542 Y=0.647222;X=0.125000 Y=0.625000;1;1
p3d:p3d_tutorial;12.531474;X=0.138542 Y=0.647222;X=0.125000 Y=0.625000;1;1
p3d:p3d_tutorial;12.548118;X=0.138542 Y=0.647222;X=0.125000 Y=0.625000;1;1
p3d:p3d_tutorial;12.564887;X=0.138542 Y=0.647222;X=0.125000 Y=0.625000;1;1
p3d:p3d_tutorial;12.581586;X=0.138542 Y=0.647222;X=0.125000 Y=0.625000;1;1
p3d:p3d_tutorial;12.598344;X=0.138542 Y=0.647222;X=0.125000 Y=0.625000;1;1
p3d:p3d_tutorial;12.615037;X=0.138542 Y=0.647222;X=0.125000 Y=0.625000;1;1
p3d:p3d_tutorial;12.631658;X=0.138542 Y=0.647222;X=0.125000 Y=0.625000;1;1
p3d:p3d_tutorial;12.648323;X=0.138542 Y=0.647222;X=0.125000 Y=0.625000;1;1
p3d:p3d_tutorial;12.665088;X=0.138542 Y=0.647222;X=0.125000 Y=0.625000;1;1
p3d:p3d_tutorial;12.681730;X=0.138542 Y=0.647222;X=0.125000 Y=0.625000;1;1
p3d:p3d_tutorial;12.698486;X=0.138542 Y=0.647222;X=0.125000 Y=0.625000;1;1
p3d:p3d_tutorial;12.715047;X=0.138542 Y=0.647222;X=0.125000 Y=0.625000;1;1
p3d:p3d_tutorial;12.731969;X=0.138542 Y=0.647222;X=0.125000 Y=0.625000;1;0
p3d:p3d_tutorial;12.748583;X=0.138542 Y=0.647222;X=0.125000 Y=0.625000;1;0
p3d:p3d_tutorial;12.765258;X=0.138542 Y=0.647222;X=0.125000 Y=0.625000;1;0
p3d:p3d_tutorial;12.781980;X=0.138542 Y=0.647222;X=0.125000 Y=0.625000;1;0
p3d:p3d_tutorial;12.798608;X=0.138542 Y=0.647222;X=0.125000 Y=0.625000;1;0
p3d:p3d_tutorial;12.815354;X=0.138542 Y=0.647222;X=0.125000 Y=0.625000;1;0
p3d:p3d_tutorial;12.832003;X=0.138542 Y=0.647222;X=0.125000 Y=0.625000;1;0
p3d:p3d_tutorial;12.848742;X=0.138542 Y=0.647222;X=0.125000 Y=0.625000;1;0
p3d:p3d_tutorial;12.865466;X=0.138542 Y=0.647222;X=0.125000 Y=0.625000;1;0
p3d:p3d_tutorial;12.882116;X=0.138542 Y=0.647222;X=0.125000 Y=0.625000;1;0
p3d:p3d_tutorial;12.898849;X=0.138542 Y=0.647222;X=0.125000 Y=0.625000;1;0
p3d:p3d_tutorial;12.915482;X=0.138542 Y=0.647222;X=0.125000 Y=0.625000;1;0
p3d:p3d_tutorial;12.932208;X=0.138542 Y=0.647222;X=0.125000 Y=0.625000;1;0
p3d:p3d_tutorial;12.948972;X=0.138542 Y=0.647222;X=0.125000 Y=0.625000;1;0
p3d:p3d_tutorial;12.965637;X=0.138542 Y=0.647222;X=0.125000 Y=0.625000;1;0
p3d:p3d_tutorial;12.982273;X=0.138542 Y=0.647222;X=0.125000 Y=0.625000;1;0
p3d:p3d_tutorial;12.999054;X=0.138542 Y=0.647222;X=0.125000 Y=0.625000;1;0
p3d:p3d_tutorial;13.015503;X=0.138542 Y=0.647222;X=0.125000 Y=0.625000;1;0
p3d:p3d_tutorial;13.032427;X=0.138542 Y=0.647222;X=0.125000 Y=0.625000;1;0
p3d:p3d_tutorial;13.049085;X=0.138542 Y=0.647222;X=0.125000 Y=0.625000;1;0
p3d:p3d_tutorial;13.065835;X=0.138542 Y=0.647222;X=0.125000 Y=0.625000;1;0
p3d:p3d_tutorial;13.082548;X=0.138542 Y=0.647222;X=0.125000 Y=0.625000;1;0
