Tue Jul  6 15:03:22 2021

p3d:p3d_tutorial;0.020163;X=0.000000 Y=0.000000;X=-0.125000 Y=0.125000;1;0
p3d:p3d_tutorial;0.033633;X=0.000000 Y=0.000000;X=-0.125000 Y=0.125000;1;0
p3d:p3d_tutorial;0.049206;X=0.000000 Y=0.000000;X=-0.125000 Y=0.125000;1;0
p3d:p3d_tutorial;0.065849;X=0.000000 Y=0.000000;X=-0.125000 Y=0.125000;1;0
p3d:p3d_tutorial;0.082468;X=0.000000 Y=0.000000;X=-0.125000 Y=0.125000;1;0
p3d:p3d_tutorial;0.099862;X=0.000000 Y=0.000000;X=-0.125000 Y=0.125000;1;0
p3d:p3d_tutorial;0.116141;X=0.000000 Y=0.000000;X=-0.125000 Y=0.125000;1;0
p3d:p3d_tutorial;0.133139;X=0.000000 Y=0.000000;X=-0.125000 Y=0.125000;1;0
p3d:p3d_tutorial;0.149963;X=0.000000 Y=0.000000;X=-0.125000 Y=0.125000;1;0
p3d:p3d_tutorial;0.166573;X=0.000000 Y=0.000000;X=-0.125000 Y=0.125000;1;0
p3d:p3d_tutorial;0.183263;X=0.000000 Y=0.000000;X=-0.125000 Y=0.125000;1;0
p3d:p3d_tutorial;0.199941;X=0.000000 Y=0.000000;X=-0.125000 Y=0.125000;1;0
p3d:p3d_tutorial;0.216118;X=0.000000 Y=0.000000;X=-0.125000 Y=0.125000;1;0
p3d:p3d_tutorial;0.232790;X=0.000000 Y=0.000000;X=-0.125000 Y=0.125000;1;0
p3d:p3d_tutorial;0.249461;X=0.000000 Y=0.000000;X=-0.125000 Y=0.125000;1;0
p3d:p3d_tutorial;0.266229;X=0.000000 Y=0.000000;X=-0.125000 Y=0.125000;1;0
p3d:p3d_tutorial;0.282979;X=0.000000 Y=0.000000;X=-0.125000 Y=0.125000;1;0
p3d:p3d_tutorial;0.299579;X=0.000000 Y=0.000000;X=-0.125000 Y=0.125000;1;0
p3d:p3d_tutorial;0.316294;X=0.000000 Y=0.000000;X=-0.125000 Y=0.125000;1;0
p3d:p3d_tutorial;0.332981;X=0.000000 Y=0.000000;X=-0.125000 Y=0.125000;1;0
p3d:p3d_tutorial;0.349705;X=0.000000 Y=0.000000;X=-0.125000 Y=0.125000;1;0
p3d:p3d_tutorial;0.366426;X=0.000000 Y=0.000000;X=-0.125000 Y=0.125000;1;0
p3d:p3d_tutorial;0.383170;X=0.000000 Y=0.000000;X=-0.125000 Y=0.125000;1;0
p3d:p3d_tutorial;0.399881;X=0.000000 Y=0.000000;X=-0.125000 Y=0.125000;1;0
p3d:p3d_tutorial;0.416563;X=0.000000 Y=0.000000;X=-0.125000 Y=0.125000;1;0
p3d:p3d_tutorial;0.433228;X=0.000000 Y=0.000000;X=-0.125000 Y=0.125000;1;0
p3d:p3d_tutorial;0.449934;X=0.000000 Y=0.000000;X=-0.125000 Y=0.125000;1;0
p3d:p3d_tutorial;0.466641;X=0.000000 Y=0.000000;X=-0.125000 Y=0.125000;1;0
p3d:p3d_tutorial;0.483298;X=0.000000 Y=0.000000;X=-0.125000 Y=0.125000;1;0
p3d:p3d_tutorial;0.500029;X=0.000000 Y=0.000000;X=-0.125000 Y=0.125000;1;0
p3d:p3d_tutorial;0.516716;X=0.000000 Y=0.000000;X=-0.125000 Y=0.125000;1;0
p3d:p3d_tutorial;0.533402;X=0.000000 Y=0.000000;X=-0.125000 Y=0.125000;1;0
p3d:p3d_tutorial;0.550096;X=0.000000 Y=0.000000;X=-0.125000 Y=0.125000;1;0
p3d:p3d_tutorial;0.566829;X=0.000000 Y=0.000000;X=-0.125000 Y=0.125000;1;0
p3d:p3d_tutorial;0.583502;X=0.000000 Y=0.000000;X=-0.125000 Y=0.125000;1;0
p3d:p3d_tutorial;0.600217;X=0.000000 Y=0.000000;X=-0.125000 Y=0.125000;1;0
p3d:p3d_tutorial;0.616822;X=0.000000 Y=0.000000;X=-0.125000 Y=0.125000;1;0
p3d:p3d_tutorial;0.633566;X=0.000000 Y=0.000000;X=-0.125000 Y=0.125000;1;0
p3d:p3d_tutorial;0.650284;X=0.000000 Y=0.000000;X=-0.125000 Y=0.125000;1;0
p3d:p3d_tutorial;0.667029;X=0.000000 Y=0.000000;X=-0.125000 Y=0.125000;1;0
p3d:p3d_tutorial;0.683712;X=0.000000 Y=0.000000;X=-0.125000 Y=0.125000;1;0
p3d:p3d_tutorial;0.700352;X=0.000000 Y=0.000000;X=-0.125000 Y=0.125000;1;0
p3d:p3d_tutorial;0.717096;X=0.000000 Y=0.000000;X=-0.125000 Y=0.125000;1;0
p3d:p3d_tutorial;0.733823;X=0.000000 Y=0.000000;X=-0.125000 Y=0.125000;1;0
p3d:p3d_tutorial;0.750496;X=0.000000 Y=0.000000;X=-0.125000 Y=0.125000;1;0
p3d:p3d_tutorial;0.767224;X=0.000000 Y=0.000000;X=-0.125000 Y=0.125000;1;0
p3d:p3d_tutorial;0.783901;X=0.000000 Y=0.000000;X=-0.125000 Y=0.125000;1;0
p3d:p3d_tutorial;0.800648;X=0.000000 Y=0.000000;X=-0.125000 Y=0.125000;1;0
p3d:p3d_tutorial;0.817300;X=0.000000 Y=0.000000;X=-0.125000 Y=0.125000;1;0
p3d:p3d_tutorial;0.833958;X=0.000000 Y=0.000000;X=-0.125000 Y=0.125000;1;0
p3d:p3d_tutorial;0.850682;X=0.000000 Y=0.000000;X=-0.125000 Y=0.125000;1;0
p3d:p3d_tutorial;0.867336;X=0.000000 Y=0.000000;X=-0.125000 Y=0.125000;1;0
p3d:p3d_tutorial;0.883762;X=0.000000 Y=0.000000;X=-0.125000 Y=0.125000;1;0
p3d:p3d_tutorial;0.900663;X=0.000000 Y=0.000000;X=-0.125000 Y=0.125000;1;0
p3d:p3d_tutorial;0.917495;X=0.000000 Y=0.000000;X=-0.125000 Y=0.125000;1;0
p3d:p3d_tutorial;0.934173;X=0.000000 Y=0.000000;X=-0.125000 Y=0.125000;1;0
p3d:p3d_tutorial;0.950875;X=0.000000 Y=0.000000;X=-0.125000 Y=0.125000;1;0
p3d:p3d_tutorial;0.967577;X=0.000000 Y=0.000000;X=-0.125000 Y=0.125000;1;0
p3d:p3d_tutorial;0.984203;X=0.000000 Y=0.000000;X=-0.125000 Y=0.125000;1;0
p3d:p3d_tutorial;1.000931;X=0.000000 Y=0.000000;X=-0.125000 Y=0.125000;1;0
p3d:p3d_tutorial;1.017698;X=0.000000 Y=0.000000;X=-0.125000 Y=0.125000;1;0
p3d:p3d_tutorial;1.034319;X=0.000000 Y=0.000000;X=-0.125000 Y=0.125000;1;0
p3d:p3d_tutorial;1.051090;X=0.000000 Y=0.000000;X=-0.125000 Y=0.125000;1;0
p3d:p3d_tutorial;1.067745;X=0.000000 Y=0.000000;X=-0.125000 Y=0.125000;1;0
p3d:p3d_tutorial;1.084457;X=0.000000 Y=0.000000;X=-0.125000 Y=0.125000;1;0
p3d:p3d_tutorial;1.101117;X=0.000000 Y=0.000000;X=-0.125000 Y=0.125000;1;0
p3d:p3d_tutorial;1.117706;X=0.000000 Y=0.000000;X=-0.125000 Y=0.125000;1;0
p3d:p3d_tutorial;1.134567;X=0.000000 Y=0.000000;X=-0.125000 Y=0.125000;1;0
p3d:p3d_tutorial;1.151287;X=0.000000 Y=0.000000;X=-0.125000 Y=0.125000;1;0
p3d:p3d_tutorial;1.168059;X=0.000000 Y=0.000000;X=-0.125000 Y=0.125000;1;0
p3d:p3d_tutorial;1.184763;X=0.000000 Y=0.000000;X=-0.125000 Y=0.125000;1;0
p3d:p3d_tutorial;1.201359;X=0.000000 Y=0.000000;X=-0.125000 Y=0.125000;1;0
p3d:p3d_tutorial;1.218102;X=0.000000 Y=0.000000;X=-0.125000 Y=0.125000;1;0
p3d:p3d_tutorial;1.234757;X=0.000000 Y=0.000000;X=-0.125000 Y=0.125000;1;0
p3d:p3d_tutorial;1.251523;X=0.000000 Y=0.000000;X=-0.125000 Y=0.125000;1;0
p3d:p3d_tutorial;1.268181;X=0.000000 Y=0.000000;X=-0.125000 Y=0.125000;1;0
p3d:p3d_tutorial;1.284809;X=0.000000 Y=0.000000;X=-0.125000 Y=0.125000;1;0
p3d:p3d_tutorial;1.301604;X=0.000000 Y=0.000000;X=-0.125000 Y=0.125000;1;0
p3d:p3d_tutorial;1.318280;X=0.000000 Y=0.000000;X=-0.125000 Y=0.125000;1;0
p3d:p3d_tutorial;1.335013;X=0.000000 Y=0.000000;X=-0.125000 Y=0.125000;1;0
p3d:p3d_tutorial;1.351666;X=0.000000 Y=0.000000;X=-0.125000 Y=0.125000;1;0
p3d:p3d_tutorial;1.368311;X=0.000000 Y=0.000000;X=-0.125000 Y=0.125000;1;0
p3d:p3d_tutorial;1.385078;X=0.000000 Y=0.000000;X=-0.125000 Y=0.125000;1;0
p3d:p3d_tutorial;1.401760;X=0.000000 Y=0.000000;X=-0.125000 Y=0.125000;1;0
p3d:p3d_tutorial;1.418541;X=0.000000 Y=0.000000;X=-0.125000 Y=0.125000;1;0
p3d:p3d_tutorial;1.435159;X=0.000000 Y=0.000000;X=-0.125000 Y=0.125000;1;0
p3d:p3d_tutorial;1.451944;X=0.000000 Y=0.000000;X=-0.125000 Y=0.125000;1;0
p3d:p3d_tutorial;1.468523;X=0.000000 Y=0.000000;X=-0.125000 Y=0.125000;1;0
p3d:p3d_tutorial;1.485258;X=0.000000 Y=0.000000;X=-0.125000 Y=0.125000;1;0
p3d:p3d_tutorial;1.502005;X=0.000000 Y=0.000000;X=-0.125000 Y=0.125000;1;0
p3d:p3d_tutorial;1.518648;X=0.000000 Y=0.000000;X=-0.125000 Y=0.125000;1;0
p3d:p3d_tutorial;1.535375;X=0.000000 Y=0.000000;X=-0.125000 Y=0.125000;1;0
p3d:p3d_tutorial;1.552107;X=0.000000 Y=0.000000;X=-0.125000 Y=0.125000;1;0
p3d:p3d_tutorial;1.568805;X=0.000000 Y=0.000000;X=-0.125000 Y=0.125000;1;0
p3d:p3d_tutorial;1.585454;X=0.000000 Y=0.000000;X=-0.125000 Y=0.125000;1;0
p3d:p3d_tutorial;1.602194;X=0.000000 Y=0.000000;X=-0.125000 Y=0.125000;1;0
p3d:p3d_tutorial;1.618836;X=0.000000 Y=0.000000;X=-0.125000 Y=0.125000;1;0
p3d:p3d_tutorial;1.635541;X=0.000000 Y=0.000000;X=-0.125000 Y=0.125000;1;0
p3d:p3d_tutorial;1.652302;X=0.000000 Y=0.000000;X=-0.125000 Y=0.125000;1;0
p3d:p3d_tutorial;1.668870;X=0.000000 Y=0.000000;X=-0.125000 Y=0.125000;1;0
p3d:p3d_tutorial;1.685643;X=0.000000 Y=0.000000;X=-0.125000 Y=0.125000;1;0
p3d:p3d_tutorial;1.702371;X=0.000000 Y=0.000000;X=-0.125000 Y=0.125000;1;0
p3d:p3d_tutorial;1.718998;X=0.000000 Y=0.000000;X=-0.125000 Y=0.125000;1;0
p3d:p3d_tutorial;1.735788;X=0.000000 Y=0.000000;X=-0.125000 Y=0.125000;1;0
p3d:p3d_tutorial;1.752455;X=0.000000 Y=0.000000;X=-0.125000 Y=0.125000;1;0
p3d:p3d_tutorial;1.769160;X=0.000000 Y=0.000000;X=-0.125000 Y=0.125000;1;0
p3d:p3d_tutorial;1.785828;X=0.000000 Y=0.000000;X=-0.125000 Y=0.125000;1;0
p3d:p3d_tutorial;1.802521;X=0.000000 Y=0.000000;X=-0.125000 Y=0.125000;1;0
p3d:p3d_tutorial;1.819253;X=0.000000 Y=0.000000;X=-0.125000 Y=0.125000;1;0
p3d:p3d_tutorial;1.835957;X=0.000000 Y=0.000000;X=-0.125000 Y=0.125000;1;0
p3d:p3d_tutorial;1.852654;X=0.000000 Y=0.000000;X=-0.125000 Y=0.125000;1;0
p3d:p3d_tutorial;1.869363;X=0.000000 Y=0.000000;X=-0.125000 Y=0.125000;1;0
p3d:p3d_tutorial;1.886088;X=0.000000 Y=0.000000;X=-0.125000 Y=0.125000;1;0
p3d:p3d_tutorial;1.902704;X=0.000000 Y=0.000000;X=-0.125000 Y=0.125000;1;0
p3d:p3d_tutorial;1.919414;X=0.000000 Y=0.000000;X=-0.125000 Y=0.125000;1;0
p3d:p3d_tutorial;1.936134;X=0.000000 Y=0.000000;X=-0.125000 Y=0.125000;1;0
p3d:p3d_tutorial;1.952801;X=0.000000 Y=0.000000;X=-0.125000 Y=0.125000;1;0
p3d:p3d_tutorial;1.969555;X=0.000000 Y=0.000000;X=-0.125000 Y=0.125000;1;0
p3d:p3d_tutorial;1.986209;X=0.000000 Y=0.000000;X=-0.125000 Y=0.125000;1;0
p3d:p3d_tutorial;2.002911;X=0.000000 Y=0.000000;X=-0.125000 Y=0.125000;1;0
p3d:p3d_tutorial;2.019624;X=0.000000 Y=0.000000;X=-0.125000 Y=0.125000;1;0
p3d:p3d_tutorial;2.036251;X=0.000000 Y=0.000000;X=-0.125000 Y=0.125000;1;0
p3d:p3d_tutorial;2.052910;X=0.000000 Y=0.000000;X=-0.125000 Y=0.125000;1;0
p3d:p3d_tutorial;2.069695;X=0.000000 Y=0.000000;X=-0.125000 Y=0.125000;1;0
p3d:p3d_tutorial;2.086419;X=0.000000 Y=0.000000;X=-0.125000 Y=0.125000;1;0
p3d:p3d_tutorial;2.103143;X=0.000000 Y=0.000000;X=-0.125000 Y=0.125000;1;0
p3d:p3d_tutorial;2.119643;X=0.000000 Y=0.000000;X=-0.125000 Y=0.125000;1;0
p3d:p3d_tutorial;2.136508;X=0.000000 Y=0.000000;X=-0.125000 Y=0.125000;1;0
p3d:p3d_tutorial;2.153250;X=0.000000 Y=0.000000;X=-0.125000 Y=0.125000;1;0
p3d:p3d_tutorial;2.169939;X=0.000000 Y=0.000000;X=-0.125000 Y=0.125000;1;0
p3d:p3d_tutorial;2.186657;X=0.000000 Y=0.000000;X=-0.125000 Y=0.125000;1;0
p3d:p3d_tutorial;2.203289;X=0.000000 Y=0.000000;X=-0.125000 Y=0.125000;1;0
p3d:p3d_tutorial;2.220031;X=0.000000 Y=0.000000;X=-0.125000 Y=0.125000;1;0
p3d:p3d_tutorial;2.236743;X=0.000000 Y=0.000000;X=-0.125000 Y=0.125000;1;0
p3d:p3d_tutorial;2.253418;X=0.000000 Y=0.000000;X=-0.125000 Y=0.125000;1;0
p3d:p3d_tutorial;2.270086;X=0.000000 Y=0.000000;X=-0.125000 Y=0.125000;1;0
p3d:p3d_tutorial;2.286796;X=0.000000 Y=0.000000;X=-0.125000 Y=0.125000;1;0
p3d:p3d_tutorial;2.303499;X=0.000000 Y=0.000000;X=-0.125000 Y=0.125000;1;0
p3d:p3d_tutorial;2.320141;X=0.000000 Y=0.000000;X=-0.125000 Y=0.125000;1;0
p3d:p3d_tutorial;2.336861;X=0.000000 Y=0.000000;X=-0.125000 Y=0.125000;1;0
p3d:p3d_tutorial;2.353634;X=0.000000 Y=0.000000;X=-0.125000 Y=0.125000;1;0
p3d:p3d_tutorial;2.370245;X=0.000000 Y=0.000000;X=-0.125000 Y=0.125000;1;0
p3d:p3d_tutorial;2.387000;X=0.000000 Y=0.000000;X=-0.125000 Y=0.125000;1;0
p3d:p3d_tutorial;2.403660;X=0.000000 Y=0.000000;X=-0.125000 Y=0.125000;1;0
p3d:p3d_tutorial;2.420295;X=0.000000 Y=0.000000;X=-0.125000 Y=0.125000;1;0
p3d:p3d_tutorial;2.437041;X=0.000000 Y=0.000000;X=-0.125000 Y=0.125000;1;0
p3d:p3d_tutorial;2.453771;X=0.000000 Y=0.000000;X=-0.125000 Y=0.125000;1;0
p3d:p3d_tutorial;2.470454;X=0.000000 Y=0.000000;X=-0.125000 Y=0.125000;1;0
p3d:p3d_tutorial;2.487223;X=0.000000 Y=0.000000;X=-0.125000 Y=0.125000;1;0
p3d:p3d_tutorial;2.503916;X=0.000000 Y=0.000000;X=-0.125000 Y=0.125000;1;0
p3d:p3d_tutorial;2.520485;X=0.000000 Y=0.000000;X=-0.125000 Y=0.125000;1;0
p3d:p3d_tutorial;2.537295;X=0.000000 Y=0.000000;X=-0.125000 Y=0.125000;1;0
p3d:p3d_tutorial;2.554017;X=0.000000 Y=0.000000;X=-0.125000 Y=0.125000;1;0
p3d:p3d_tutorial;2.570701;X=0.000000 Y=0.000000;X=-0.125000 Y=0.125000;1;0
p3d:p3d_tutorial;2.587398;X=0.000000 Y=0.000000;X=-0.125000 Y=0.125000;1;0
p3d:p3d_tutorial;2.604129;X=0.000000 Y=0.000000;X=-0.125000 Y=0.125000;1;0
p3d:p3d_tutorial;2.620674;X=0.000000 Y=0.000000;X=-0.125000 Y=0.125000;1;0
p3d:p3d_tutorial;2.637464;X=0.000000 Y=0.000000;X=-0.125000 Y=0.125000;1;0
p3d:p3d_tutorial;2.654170;X=0.000000 Y=0.000000;X=-0.125000 Y=0.125000;1;0
p3d:p3d_tutorial;2.670870;X=0.000000 Y=0.000000;X=-0.125000 Y=0.125000;1;0
p3d:p3d_tutorial;2.687548;X=0.000000 Y=0.000000;X=-0.125000 Y=0.125000;1;0
p3d:p3d_tutorial;2.704226;X=0.000000 Y=0.000000;X=-0.125000 Y=0.125000;1;0
p3d:p3d_tutorial;2.720966;X=0.000000 Y=0.000000;X=-0.125000 Y=0.125000;1;0
p3d:p3d_tutorial;2.737642;X=0.000000 Y=0.000000;X=-0.125000 Y=0.125000;1;0
p3d:p3d_tutorial;2.754355;X=0.000000 Y=0.000000;X=-0.125000 Y=0.125000;1;0
p3d:p3d_tutorial;2.771055;X=0.000000 Y=0.000000;X=-0.125000 Y=0.125000;1;0
p3d:p3d_tutorial;2.787760;X=0.000000 Y=0.000000;X=-0.125000 Y=0.125000;1;0
p3d:p3d_tutorial;2.804501;X=0.000000 Y=0.000000;X=-0.125000 Y=0.125000;1;0
p3d:p3d_tutorial;2.821137;X=0.000000 Y=0.000000;X=-0.125000 Y=0.125000;1;0
p3d:p3d_tutorial;2.837688;X=0.000000 Y=0.000000;X=-0.125000 Y=0.125000;1;0
p3d:p3d_tutorial;2.854577;X=0.000000 Y=0.000000;X=-0.125000 Y=0.125000;1;0
p3d:p3d_tutorial;2.871279;X=0.000000 Y=0.000000;X=-0.125000 Y=0.125000;1;0
p3d:p3d_tutorial;2.888107;X=0.000000 Y=0.000000;X=-0.125000 Y=0.125000;1;0
p3d:p3d_tutorial;2.904654;X=0.000000 Y=0.000000;X=-0.125000 Y=0.125000;1;0
p3d:p3d_tutorial;2.921309;X=0.000000 Y=0.000000;X=-0.125000 Y=0.125000;1;0
p3d:p3d_tutorial;2.938046;X=0.000000 Y=0.000000;X=-0.125000 Y=0.125000;1;0
p3d:p3d_tutorial;2.954773;X=0.000000 Y=0.000000;X=-0.125000 Y=0.125000;1;0
p3d:p3d_tutorial;2.971419;X=0.000000 Y=0.000000;X=-0.125000 Y=0.125000;1;0
p3d:p3d_tutorial;2.988147;X=0.000000 Y=0.000000;X=-0.125000 Y=0.125000;1;0
p3d:p3d_tutorial;3.004763;X=0.000000 Y=0.000000;X=-0.125000 Y=0.125000;1;0
p3d:p3d_tutorial;3.021506;X=0.000000 Y=0.000000;X=-0.125000 Y=0.125000;1;0
p3d:p3d_tutorial;3.038275;X=0.000000 Y=0.000000;X=-0.125000 Y=0.125000;1;0
p3d:p3d_tutorial;3.054945;X=0.000000 Y=0.000000;X=-0.125000 Y=0.125000;1;0
p3d:p3d_tutorial;3.071667;X=0.000000 Y=0.000000;X=-0.125000 Y=0.125000;1;0
p3d:p3d_tutorial;3.088314;X=0.000000 Y=0.000000;X=-0.125000 Y=0.125000;1;0
p3d:p3d_tutorial;3.104997;X=0.000000 Y=0.000000;X=-0.125000 Y=0.125000;1;0
p3d:p3d_tutorial;3.121560;X=0.000000 Y=0.000000;X=-0.125000 Y=0.125000;1;0
p3d:p3d_tutorial;3.138463;X=0.000000 Y=0.000000;X=-0.125000 Y=0.125000;1;0
p3d:p3d_tutorial;3.155170;X=0.000000 Y=0.000000;X=-0.125000 Y=0.125000;1;0
p3d:p3d_tutorial;3.171792;X=0.000000 Y=0.000000;X=-0.125000 Y=0.125000;1;0
p3d:p3d_tutorial;3.188533;X=0.000000 Y=0.000000;X=-0.125000 Y=0.125000;1;0
p3d:p3d_tutorial;3.205243;X=0.000000 Y=0.000000;X=-0.125000 Y=0.125000;1;0
p3d:p3d_tutorial;3.221910;X=0.000000 Y=0.000000;X=-0.125000 Y=0.125000;1;0
p3d:p3d_tutorial;3.238635;X=0.000000 Y=0.000000;X=-0.125000 Y=0.125000;1;0
p3d:p3d_tutorial;3.255310;X=0.000000 Y=0.000000;X=-0.125000 Y=0.125000;1;0
p3d:p3d_tutorial;3.272081;X=0.000000 Y=0.000000;X=-0.125000 Y=0.125000;1;0
p3d:p3d_tutorial;3.288723;X=0.000000 Y=0.000000;X=-0.125000 Y=0.125000;1;0
p3d:p3d_tutorial;3.305396;X=0.000000 Y=0.000000;X=-0.125000 Y=0.125000;1;0
p3d:p3d_tutorial;3.322159;X=0.000000 Y=0.000000;X=-0.125000 Y=0.125000;1;0
p3d:p3d_tutorial;3.338803;X=0.000000 Y=0.000000;X=-0.125000 Y=0.125000;1;0
p3d:p3d_tutorial;3.355519;X=0.000000 Y=0.000000;X=-0.125000 Y=0.125000;1;0
p3d:p3d_tutorial;3.372208;X=0.000000 Y=0.000000;X=-0.125000 Y=0.125000;1;0
p3d:p3d_tutorial;3.388899;X=0.000000 Y=0.000000;X=-0.125000 Y=0.125000;1;0
p3d:p3d_tutorial;3.405626;X=0.000000 Y=0.000000;X=-0.125000 Y=0.125000;1;0
p3d:p3d_tutorial;3.422303;X=0.000000 Y=0.000000;X=-0.125000 Y=0.125000;1;0
p3d:p3d_tutorial;3.439009;X=0.000000 Y=0.000000;X=-0.125000 Y=0.125000;1;0
p3d:p3d_tutorial;3.455714;X=0.000000 Y=0.000000;X=-0.125000 Y=0.125000;1;0
p3d:p3d_tutorial;3.472398;X=0.000000 Y=0.000000;X=-0.125000 Y=0.125000;1;0
p3d:p3d_tutorial;3.489074;X=0.000000 Y=0.000000;X=-0.125000 Y=0.125000;1;0
p3d:p3d_tutorial;3.505839;X=0.000000 Y=0.000000;X=-0.125000 Y=0.125000;1;0
p3d:p3d_tutorial;3.522480;X=0.000000 Y=0.000000;X=-0.125000 Y=0.125000;1;0
p3d:p3d_tutorial;3.539172;X=0.000000 Y=0.000000;X=-0.125000 Y=0.125000;1;0
p3d:p3d_tutorial;3.555991;X=0.000000 Y=0.000000;X=-0.125000 Y=0.125000;1;0
p3d:p3d_tutorial;3.572594;X=0.000000 Y=0.000000;X=-0.125000 Y=0.125000;1;0
p3d:p3d_tutorial;3.589283;X=0.000000 Y=0.000000;X=-0.125000 Y=0.125000;1;0
p3d:p3d_tutorial;3.606033;X=0.000000 Y=0.000000;X=-0.125000 Y=0.125000;1;0
p3d:p3d_tutorial;3.622739;X=0.000000 Y=0.000000;X=-0.125000 Y=0.125000;1;0
p3d:p3d_tutorial;3.639375;X=0.000000 Y=0.000000;X=-0.125000 Y=0.125000;1;0
p3d:p3d_tutorial;3.656137;X=0.000000 Y=0.000000;X=-0.125000 Y=0.125000;1;0
p3d:p3d_tutorial;3.672751;X=0.000000 Y=0.000000;X=-0.125000 Y=0.125000;1;0
p3d:p3d_tutorial;3.689524;X=0.000000 Y=0.000000;X=-0.125000 Y=0.125000;1;0
p3d:p3d_tutorial;3.706174;X=0.000000 Y=0.000000;X=-0.125000 Y=0.125000;1;0
p3d:p3d_tutorial;3.722944;X=0.000000 Y=0.000000;X=-0.125000 Y=0.125000;1;0
p3d:p3d_tutorial;3.739617;X=0.000000 Y=0.000000;X=-0.125000 Y=0.125000;1;0
p3d:p3d_tutorial;3.756248;X=0.000000 Y=0.000000;X=-0.125000 Y=0.125000;1;0
p3d:p3d_tutorial;3.772922;X=0.000000 Y=0.000000;X=-0.125000 Y=0.125000;1;0
p3d:p3d_tutorial;3.789668;X=0.000000 Y=0.000000;X=-0.125000 Y=0.125000;1;0
p3d:p3d_tutorial;3.806432;X=0.000000 Y=0.000000;X=-0.125000 Y=0.125000;1;0
p3d:p3d_tutorial;3.823083;X=0.000000 Y=0.000000;X=-0.125000 Y=0.125000;1;0
p3d:p3d_tutorial;3.839763;X=0.000000 Y=0.000000;X=-0.125000 Y=0.125000;1;0
p3d:p3d_tutorial;3.856475;X=0.000000 Y=0.000000;X=-0.125000 Y=0.125000;1;0
p3d:p3d_tutorial;3.873191;X=0.000000 Y=0.000000;X=-0.125000 Y=0.125000;1;0
p3d:p3d_tutorial;3.889861;X=0.000000 Y=0.000000;X=-0.125000 Y=0.125000;1;0
p3d:p3d_tutorial;3.906604;X=0.000000 Y=0.000000;X=-0.125000 Y=0.125000;1;0
p3d:p3d_tutorial;3.923324;X=0.000000 Y=0.000000;X=-0.125000 Y=0.125000;1;0
p3d:p3d_tutorial;3.939993;X=0.000000 Y=0.000000;X=-0.125000 Y=0.125000;1;0
p3d:p3d_tutorial;3.956652;X=0.000000 Y=0.000000;X=-0.125000 Y=0.125000;1;0
p3d:p3d_tutorial;3.973867;X=0.000000 Y=0.000000;X=-0.125000 Y=0.125000;1;0
p3d:p3d_tutorial;3.990029;X=0.000000 Y=0.000000;X=-0.125000 Y=0.125000;1;0
p3d:p3d_tutorial;4.006684;X=0.000000 Y=0.000000;X=-0.125000 Y=0.125000;1;0
p3d:p3d_tutorial;4.023410;X=0.000000 Y=0.000000;X=-0.125000 Y=0.125000;1;0
p3d:p3d_tutorial;4.040122;X=0.000000 Y=0.000000;X=-0.125000 Y=0.125000;1;0
p3d:p3d_tutorial;4.056749;X=0.000000 Y=0.000000;X=-0.125000 Y=0.125000;1;0
p3d:p3d_tutorial;4.073538;X=0.000000 Y=0.000000;X=-0.125000 Y=0.125000;1;0
p3d:p3d_tutorial;4.090172;X=0.000000 Y=0.000000;X=-0.125000 Y=0.125000;1;0
p3d:p3d_tutorial;4.106892;X=0.000000 Y=0.000000;X=-0.125000 Y=0.125000;1;0
p3d:p3d_tutorial;4.123426;X=0.000000 Y=0.000000;X=-0.125000 Y=0.125000;1;0
p3d:p3d_tutorial;4.140266;X=0.000000 Y=0.000000;X=-0.125000 Y=0.125000;1;0
p3d:p3d_tutorial;4.156995;X=0.000000 Y=0.000000;X=-0.125000 Y=0.125000;1;0
p3d:p3d_tutorial;4.173735;X=0.000000 Y=0.000000;X=-0.125000 Y=0.125000;1;0
p3d:p3d_tutorial;4.190409;X=0.000000 Y=0.000000;X=-0.125000 Y=0.125000;1;0
p3d:p3d_tutorial;4.207136;X=0.000000 Y=0.000000;X=-0.125000 Y=0.125000;1;0
p3d:p3d_tutorial;4.223792;X=0.000000 Y=0.000000;X=-0.125000 Y=0.125000;1;0
p3d:p3d_tutorial;4.240461;X=0.000000 Y=0.000000;X=-0.125000 Y=0.125000;1;0
p3d:p3d_tutorial;4.257176;X=0.000000 Y=0.000000;X=-0.125000 Y=0.125000;1;0
p3d:p3d_tutorial;4.273926;X=0.000000 Y=0.000000;X=-0.125000 Y=0.125000;1;0
p3d:p3d_tutorial;4.290566;X=0.000000 Y=0.000000;X=-0.125000 Y=0.125000;1;0
p3d:p3d_tutorial;4.307332;X=0.000000 Y=0.000000;X=-0.125000 Y=0.125000;1;0
p3d:p3d_tutorial;4.324034;X=0.000000 Y=0.000000;X=-0.125000 Y=0.125000;1;0
p3d:p3d_tutorial;4.340671;X=0.000000 Y=0.000000;X=-0.125000 Y=0.125000;1;0
p3d:p3d_tutorial;4.357452;X=0.000000 Y=0.000000;X=-0.125000 Y=0.125000;1;0
p3d:p3d_tutorial;4.374122;X=0.000000 Y=0.000000;X=-0.125000 Y=0.125000;1;0
p3d:p3d_tutorial;4.390791;X=0.000000 Y=0.000000;X=-0.125000 Y=0.125000;1;0
p3d:p3d_tutorial;4.407471;X=0.000000 Y=0.000000;X=-0.125000 Y=0.125000;1;0
p3d:p3d_tutorial;4.424201;X=0.000000 Y=0.000000;X=-0.125000 Y=0.125000;1;0
p3d:p3d_tutorial;4.440797;X=0.000000 Y=0.000000;X=-0.125000 Y=0.125000;1;0
p3d:p3d_tutorial;4.457621;X=0.000000 Y=0.000000;X=-0.125000 Y=0.125000;1;0
p3d:p3d_tutorial;4.474267;X=0.000000 Y=0.000000;X=-0.125000 Y=0.125000;1;0
p3d:p3d_tutorial;4.490964;X=0.000000 Y=0.000000;X=-0.125000 Y=0.125000;1;0
p3d:p3d_tutorial;4.507714;X=0.000000 Y=0.000000;X=-0.125000 Y=0.125000;1;0
p3d:p3d_tutorial;4.524323;X=0.000000 Y=0.000000;X=-0.125000 Y=0.125000;1;0
p3d:p3d_tutorial;4.541004;X=0.000000 Y=0.000000;X=-0.125000 Y=0.125000;1;0
p3d:p3d_tutorial;4.557780;X=0.000000 Y=0.000000;X=-0.125000 Y=0.125000;1;0
p3d:p3d_tutorial;4.574423;X=0.000000 Y=0.000000;X=-0.125000 Y=0.125000;1;0
p3d:p3d_tutorial;4.591211;X=0.000000 Y=0.000000;X=-0.125000 Y=0.125000;1;0
p3d:p3d_tutorial;4.607931;X=0.000000 Y=0.000000;X=-0.125000 Y=0.125000;1;0
p3d:p3d_tutorial;4.624575;X=0.000000 Y=0.000000;X=-0.125000 Y=0.125000;1;0
p3d:p3d_tutorial;4.641218;X=0.000000 Y=0.000000;X=-0.125000 Y=0.125000;1;0
p3d:p3d_tutorial;4.657789;X=0.000000 Y=0.000000;X=-0.125000 Y=0.125000;1;0
p3d:p3d_tutorial;4.674640;X=0.000000 Y=0.000000;X=-0.125000 Y=0.125000;1;0
p3d:p3d_tutorial;4.691355;X=0.000000 Y=0.000000;X=-0.125000 Y=0.125000;1;0
p3d:p3d_tutorial;4.708141;X=0.000000 Y=0.000000;X=-0.125000 Y=0.125000;1;0
p3d:p3d_tutorial;4.724733;X=0.000000 Y=0.000000;X=-0.125000 Y=0.125000;1;0
p3d:p3d_tutorial;4.741426;X=0.000000 Y=0.000000;X=-0.125000 Y=0.125000;1;0
p3d:p3d_tutorial;4.758102;X=0.000000 Y=0.000000;X=-0.125000 Y=0.125000;1;0
p3d:p3d_tutorial;4.774869;X=0.000000 Y=0.000000;X=-0.125000 Y=0.125000;1;0
p3d:p3d_tutorial;4.791586;X=0.000000 Y=0.000000;X=-0.125000 Y=0.125000;1;0
p3d:p3d_tutorial;4.808249;X=0.000000 Y=0.000000;X=-0.125000 Y=0.125000;1;0
p3d:p3d_tutorial;4.824948;X=0.000000 Y=0.000000;X=-0.125000 Y=0.125000;1;0
p3d:p3d_tutorial;4.841674;X=0.000000 Y=0.000000;X=-0.125000 Y=0.125000;1;0
p3d:p3d_tutorial;4.858448;X=0.000000 Y=0.000000;X=-0.125000 Y=0.125000;1;0
p3d:p3d_tutorial;4.875087;X=0.000000 Y=0.000000;X=-0.125000 Y=0.125000;1;0
p3d:p3d_tutorial;4.891770;X=0.000000 Y=0.000000;X=-0.125000 Y=0.125000;1;0
p3d:p3d_tutorial;4.908517;X=0.000000 Y=0.000000;X=-0.125000 Y=0.125000;1;0
p3d:p3d_tutorial;4.925228;X=0.000000 Y=0.000000;X=-0.125000 Y=0.125000;1;0
p3d:p3d_tutorial;4.941890;X=0.000000 Y=0.000000;X=-0.125000 Y=0.125000;1;0
p3d:p3d_tutorial;4.958648;X=0.000000 Y=0.000000;X=-0.125000 Y=0.125000;1;0
p3d:p3d_tutorial;4.975269;X=0.000000 Y=0.000000;X=-0.125000 Y=0.125000;1;0
p3d:p3d_tutorial;4.991987;X=0.000000 Y=0.000000;X=-0.125000 Y=0.125000;1;0
p3d:p3d_tutorial;5.271146;X=0.000000 Y=0.000000;X=0.875000 Y=0.875000;1;0
p3d:p3d_tutorial;5.271856;X=0.000000 Y=0.000000;X=0.875000 Y=0.875000;1;0
p3d:p3d_tutorial;5.284829;X=0.000000 Y=0.000000;X=0.875000 Y=0.875000;1;0
p3d:p3d_tutorial;5.298048;X=0.000000 Y=0.000000;X=0.875000 Y=0.875000;1;0
p3d:p3d_tutorial;5.311793;X=0.000000 Y=0.000000;X=0.875000 Y=0.875000;1;0
p3d:p3d_tutorial;5.326350;X=0.000000 Y=0.000000;X=0.875000 Y=0.875000;1;0
p3d:p3d_tutorial;5.342603;X=0.000000 Y=0.000000;X=0.875000 Y=0.875000;1;0
p3d:p3d_tutorial;5.359324;X=0.000000 Y=0.000000;X=0.875000 Y=0.875000;1;0
p3d:p3d_tutorial;5.376063;X=0.000000 Y=0.000000;X=0.875000 Y=0.875000;1;0
p3d:p3d_tutorial;5.392692;X=0.000000 Y=0.000000;X=0.875000 Y=0.875000;1;0
p3d:p3d_tutorial;5.409382;X=0.000000 Y=0.000000;X=0.875000 Y=0.875000;1;0
p3d:p3d_tutorial;5.426109;X=0.000000 Y=0.000000;X=0.875000 Y=0.875000;1;0
p3d:p3d_tutorial;5.442829;X=0.000000 Y=0.000000;X=0.875000 Y=0.875000;1;0
p3d:p3d_tutorial;5.459542;X=0.000000 Y=0.000000;X=0.875000 Y=0.875000;1;0
p3d:p3d_tutorial;5.476225;X=0.000000 Y=0.000000;X=0.875000 Y=0.875000;1;0
p3d:p3d_tutorial;5.492850;X=0.000000 Y=0.000000;X=0.875000 Y=0.875000;1;0
p3d:p3d_tutorial;5.509557;X=0.000000 Y=0.000000;X=0.875000 Y=0.875000;1;0
p3d:p3d_tutorial;5.526330;X=0.000000 Y=0.000000;X=0.875000 Y=0.875000;1;0
p3d:p3d_tutorial;5.542981;X=0.000000 Y=0.000000;X=0.875000 Y=0.875000;1;0
p3d:p3d_tutorial;5.559694;X=0.000000 Y=0.000000;X=0.875000 Y=0.875000;1;0
p3d:p3d_tutorial;5.576334;X=0.000000 Y=0.000000;X=0.875000 Y=0.875000;1;0
p3d:p3d_tutorial;5.593041;X=0.000000 Y=0.000000;X=0.875000 Y=0.875000;1;0
p3d:p3d_tutorial;5.609769;X=0.000000 Y=0.000000;X=0.875000 Y=0.875000;1;0
p3d:p3d_tutorial;5.626526;X=0.000000 Y=0.000000;X=0.875000 Y=0.875000;1;0
p3d:p3d_tutorial;5.643242;X=0.000000 Y=0.000000;X=0.875000 Y=0.875000;1;0
p3d:p3d_tutorial;5.659951;X=0.000000 Y=0.000000;X=0.875000 Y=0.875000;1;0
p3d:p3d_tutorial;5.676597;X=0.000000 Y=0.000000;X=0.875000 Y=0.875000;1;0
p3d:p3d_tutorial;5.693270;X=0.000000 Y=0.000000;X=0.875000 Y=0.875000;1;0
p3d:p3d_tutorial;5.709973;X=0.000000 Y=0.000000;X=0.875000 Y=0.875000;1;0
p3d:p3d_tutorial;5.726616;X=0.000000 Y=0.000000;X=0.875000 Y=0.875000;1;0
p3d:p3d_tutorial;5.743349;X=0.000000 Y=0.000000;X=0.875000 Y=0.875000;1;0
p3d:p3d_tutorial;5.760133;X=0.000000 Y=0.000000;X=0.875000 Y=0.875000;1;0
p3d:p3d_tutorial;5.776726;X=0.000000 Y=0.000000;X=0.875000 Y=0.875000;1;0
p3d:p3d_tutorial;5.793444;X=0.000000 Y=0.000000;X=0.875000 Y=0.875000;1;0
p3d:p3d_tutorial;5.810193;X=0.000000 Y=0.000000;X=0.875000 Y=0.875000;1;0
p3d:p3d_tutorial;5.826881;X=0.000000 Y=0.000000;X=0.875000 Y=0.875000;1;0
p3d:p3d_tutorial;5.843430;X=0.000000 Y=0.000000;X=0.875000 Y=0.875000;1;0
p3d:p3d_tutorial;5.860271;X=0.000000 Y=0.000000;X=0.875000 Y=0.875000;1;0
p3d:p3d_tutorial;5.876932;X=0.000000 Y=0.000000;X=0.875000 Y=0.875000;1;0
p3d:p3d_tutorial;5.893645;X=0.000000 Y=0.000000;X=0.875000 Y=0.875000;1;0
p3d:p3d_tutorial;5.910371;X=0.000000 Y=0.000000;X=0.875000 Y=0.875000;1;0
p3d:p3d_tutorial;5.926983;X=0.000000 Y=0.000000;X=0.875000 Y=0.875000;1;0
p3d:p3d_tutorial;5.943723;X=0.000000 Y=0.000000;X=0.875000 Y=0.875000;1;0
p3d:p3d_tutorial;5.960445;X=0.000000 Y=0.000000;X=0.875000 Y=0.875000;1;0
p3d:p3d_tutorial;5.977103;X=0.000000 Y=0.000000;X=0.875000 Y=0.875000;1;0
p3d:p3d_tutorial;5.993817;X=0.000000 Y=0.000000;X=0.875000 Y=0.875000;1;0
p3d:p3d_tutorial;6.010536;X=0.000000 Y=0.000000;X=0.875000 Y=0.875000;1;0
p3d:p3d_tutorial;6.027244;X=0.000000 Y=0.000000;X=0.875000 Y=0.875000;1;0
p3d:p3d_tutorial;6.044007;X=0.000000 Y=0.000000;X=0.875000 Y=0.875000;1;0
p3d:p3d_tutorial;6.060675;X=0.000000 Y=0.000000;X=0.875000 Y=0.875000;1;0
p3d:p3d_tutorial;6.077308;X=0.000000 Y=0.000000;X=0.875000 Y=0.875000;1;0
p3d:p3d_tutorial;6.094087;X=0.000000 Y=0.000000;X=0.875000 Y=0.875000;1;0
p3d:p3d_tutorial;6.110722;X=0.000000 Y=0.000000;X=0.875000 Y=0.875000;1;0
p3d:p3d_tutorial;6.127275;X=0.000000 Y=0.000000;X=0.875000 Y=0.875000;1;0
p3d:p3d_tutorial;6.144130;X=0.000000 Y=0.000000;X=0.875000 Y=0.875000;1;0
p3d:p3d_tutorial;6.160800;X=0.000000 Y=0.000000;X=0.875000 Y=0.875000;1;0
p3d:p3d_tutorial;6.177526;X=0.000000 Y=0.000000;X=0.875000 Y=0.875000;1;0
p3d:p3d_tutorial;6.194235;X=0.000000 Y=0.000000;X=0.875000 Y=0.875000;1;0
p3d:p3d_tutorial;6.210911;X=0.000000 Y=0.000000;X=0.875000 Y=0.875000;1;0
p3d:p3d_tutorial;6.227671;X=0.000000 Y=0.000000;X=0.875000 Y=0.875000;1;0
p3d:p3d_tutorial;6.244268;X=0.000000 Y=0.000000;X=0.875000 Y=0.875000;1;0
p3d:p3d_tutorial;6.261056;X=0.000000 Y=0.000000;X=0.875000 Y=0.875000;1;0
p3d:p3d_tutorial;6.277689;X=0.000000 Y=0.000000;X=0.875000 Y=0.875000;1;0
p3d:p3d_tutorial;6.294399;X=0.000000 Y=0.000000;X=0.875000 Y=0.875000;1;0
p3d:p3d_tutorial;6.311159;X=0.000000 Y=0.000000;X=0.875000 Y=0.875000;1;0
p3d:p3d_tutorial;6.327851;X=0.000000 Y=0.000000;X=0.875000 Y=0.875000;1;0
p3d:p3d_tutorial;6.344477;X=0.000000 Y=0.000000;X=0.875000 Y=0.875000;1;0
p3d:p3d_tutorial;6.361138;X=0.000000 Y=0.000000;X=0.875000 Y=0.875000;1;0
p3d:p3d_tutorial;6.377939;X=0.000000 Y=0.000000;X=0.875000 Y=0.875000;1;0
p3d:p3d_tutorial;6.394586;X=0.000000 Y=0.000000;X=0.875000 Y=0.875000;1;0
p3d:p3d_tutorial;6.411310;X=0.000000 Y=0.000000;X=0.875000 Y=0.875000;1;0
p3d:p3d_tutorial;6.428088;X=0.000000 Y=0.000000;X=0.875000 Y=0.875000;1;0
p3d:p3d_tutorial;6.444679;X=0.000000 Y=0.000000;X=0.875000 Y=0.875000;1;0
p3d:p3d_tutorial;6.461395;X=0.000000 Y=0.000000;X=0.875000 Y=0.875000;1;0
p3d:p3d_tutorial;6.478142;X=0.000000 Y=0.000000;X=0.875000 Y=0.875000;1;0
p3d:p3d_tutorial;6.494856;X=0.000000 Y=0.000000;X=0.875000 Y=0.875000;1;0
p3d:p3d_tutorial;6.511542;X=0.000000 Y=0.000000;X=0.875000 Y=0.875000;1;0
p3d:p3d_tutorial;6.528218;X=0.000000 Y=0.000000;X=0.875000 Y=0.875000;1;0
p3d:p3d_tutorial;6.544803;X=0.000000 Y=0.000000;X=0.875000 Y=0.875000;1;0
p3d:p3d_tutorial;6.561581;X=0.000000 Y=0.000000;X=0.875000 Y=0.875000;1;0
p3d:p3d_tutorial;6.578301;X=0.000000 Y=0.000000;X=0.875000 Y=0.875000;1;0
p3d:p3d_tutorial;6.594989;X=0.000000 Y=0.000000;X=0.875000 Y=0.875000;1;0
p3d:p3d_tutorial;6.611687;X=0.000000 Y=0.000000;X=0.875000 Y=0.875000;1;0
p3d:p3d_tutorial;6.628414;X=0.000000 Y=0.000000;X=0.875000 Y=0.875000;1;0
p3d:p3d_tutorial;6.645083;X=0.000000 Y=0.000000;X=0.875000 Y=0.875000;1;0
p3d:p3d_tutorial;6.661841;X=0.000000 Y=0.000000;X=0.875000 Y=0.875000;1;0
p3d:p3d_tutorial;6.678477;X=0.000000 Y=0.000000;X=0.875000 Y=0.875000;1;0
p3d:p3d_tutorial;6.695224;X=0.000000 Y=0.000000;X=0.875000 Y=0.875000;1;0
p3d:p3d_tutorial;6.711884;X=0.000000 Y=0.000000;X=0.875000 Y=0.875000;1;0
p3d:p3d_tutorial;6.728644;X=0.000000 Y=0.000000;X=0.875000 Y=0.875000;1;0
p3d:p3d_tutorial;6.745317;X=0.000000 Y=0.000000;X=0.875000 Y=0.875000;1;0
p3d:p3d_tutorial;6.762002;X=0.000000 Y=0.000000;X=0.875000 Y=0.875000;1;0
p3d:p3d_tutorial;6.778710;X=0.000000 Y=0.000000;X=0.875000 Y=0.875000;1;0
p3d:p3d_tutorial;6.795362;X=0.000000 Y=0.000000;X=0.875000 Y=0.875000;1;0
p3d:p3d_tutorial;6.812126;X=0.000000 Y=0.000000;X=0.875000 Y=0.875000;1;0
p3d:p3d_tutorial;6.828746;X=0.000000 Y=0.000000;X=0.875000 Y=0.875000;1;0
p3d:p3d_tutorial;6.845443;X=0.000000 Y=0.000000;X=0.875000 Y=0.875000;1;0
p3d:p3d_tutorial;6.862122;X=0.000000 Y=0.000000;X=0.875000 Y=0.875000;1;0
p3d:p3d_tutorial;6.878812;X=0.000000 Y=0.000000;X=0.875000 Y=0.875000;1;0
p3d:p3d_tutorial;6.895545;X=0.000000 Y=0.000000;X=0.875000 Y=0.875000;1;0
p3d:p3d_tutorial;6.912217;X=0.000000 Y=0.000000;X=0.875000 Y=0.875000;1;0
p3d:p3d_tutorial;6.928950;X=0.000000 Y=0.000000;X=0.875000 Y=0.875000;1;0
p3d:p3d_tutorial;6.945713;X=0.000000 Y=0.000000;X=0.875000 Y=0.875000;1;0
p3d:p3d_tutorial;6.962442;X=0.000000 Y=0.000000;X=0.875000 Y=0.875000;1;0
p3d:p3d_tutorial;6.978972;X=0.000000 Y=0.000000;X=0.875000 Y=0.875000;1;0
p3d:p3d_tutorial;6.995775;X=0.000000 Y=0.000000;X=0.875000 Y=0.875000;1;0
p3d:p3d_tutorial;7.012326;X=0.000000 Y=0.000000;X=0.875000 Y=0.875000;1;0
p3d:p3d_tutorial;7.029042;X=0.000000 Y=0.000000;X=0.875000 Y=0.875000;1;0
p3d:p3d_tutorial;7.045867;X=0.000000 Y=0.000000;X=0.875000 Y=0.875000;1;0
p3d:p3d_tutorial;7.062518;X=0.000000 Y=0.000000;X=0.875000 Y=0.875000;1;0
p3d:p3d_tutorial;7.079243;X=0.000000 Y=0.000000;X=0.875000 Y=0.875000;1;0
p3d:p3d_tutorial;7.095928;X=0.000000 Y=0.000000;X=0.875000 Y=0.875000;1;0
p3d:p3d_tutorial;7.112611;X=0.000000 Y=0.000000;X=0.875000 Y=0.875000;1;0
p3d:p3d_tutorial;7.129177;X=0.000000 Y=0.000000;X=0.875000 Y=0.875000;1;0
p3d:p3d_tutorial;7.146009;X=0.000000 Y=0.000000;X=0.875000 Y=0.875000;1;0
p3d:p3d_tutorial;7.162711;X=0.000000 Y=0.000000;X=0.875000 Y=0.875000;1;0
p3d:p3d_tutorial;7.179401;X=0.000000 Y=0.000000;X=0.875000 Y=0.875000;1;0
p3d:p3d_tutorial;7.196114;X=0.000000 Y=0.000000;X=0.875000 Y=0.875000;1;0
p3d:p3d_tutorial;7.212720;X=0.000000 Y=0.000000;X=0.875000 Y=0.875000;1;0
p3d:p3d_tutorial;7.229557;X=0.000000 Y=0.000000;X=0.875000 Y=0.875000;1;0
p3d:p3d_tutorial;7.246145;X=0.000000 Y=0.000000;X=0.875000 Y=0.875000;1;0
p3d:p3d_tutorial;7.262919;X=0.000000 Y=0.000000;X=0.875000 Y=0.875000;1;0
p3d:p3d_tutorial;7.279600;X=0.000000 Y=0.000000;X=0.875000 Y=0.875000;1;0
p3d:p3d_tutorial;7.296270;X=0.000000 Y=0.000000;X=0.875000 Y=0.875000;1;0
p3d:p3d_tutorial;7.313007;X=0.000000 Y=0.000000;X=0.875000 Y=0.875000;1;0
p3d:p3d_tutorial;7.329738;X=0.000000 Y=0.000000;X=0.875000 Y=0.875000;1;0
p3d:p3d_tutorial;7.346428;X=0.000000 Y=0.000000;X=0.875000 Y=0.875000;1;0
p3d:p3d_tutorial;7.363081;X=0.000000 Y=0.000000;X=0.875000 Y=0.875000;1;0
p3d:p3d_tutorial;7.379770;X=0.000000 Y=0.000000;X=0.875000 Y=0.875000;1;0
p3d:p3d_tutorial;7.396505;X=0.000000 Y=0.000000;X=0.875000 Y=0.875000;1;0
p3d:p3d_tutorial;7.413220;X=0.000000 Y=0.000000;X=0.875000 Y=0.875000;1;0
p3d:p3d_tutorial;7.429889;X=0.000000 Y=0.000000;X=0.875000 Y=0.875000;1;0
p3d:p3d_tutorial;7.446578;X=0.000000 Y=0.000000;X=0.875000 Y=0.875000;1;0
p3d:p3d_tutorial;7.463292;X=0.000000 Y=0.000000;X=0.875000 Y=0.875000;1;0
p3d:p3d_tutorial;7.480012;X=0.000000 Y=0.000000;X=0.875000 Y=0.875000;1;0
p3d:p3d_tutorial;7.496705;X=0.000000 Y=0.000000;X=0.875000 Y=0.875000;1;0
p3d:p3d_tutorial;7.513408;X=0.000000 Y=0.000000;X=0.875000 Y=0.875000;1;0
p3d:p3d_tutorial;7.530104;X=0.000000 Y=0.000000;X=0.875000 Y=0.875000;1;0
p3d:p3d_tutorial;7.546763;X=0.000000 Y=0.000000;X=0.875000 Y=0.875000;1;0
p3d:p3d_tutorial;7.563491;X=0.000000 Y=0.000000;X=0.875000 Y=0.875000;1;0
p3d:p3d_tutorial;7.580164;X=0.000000 Y=0.000000;X=0.875000 Y=0.875000;1;0
p3d:p3d_tutorial;7.596788;X=0.000000 Y=0.000000;X=0.875000 Y=0.875000;1;0
p3d:p3d_tutorial;7.613424;X=0.000000 Y=0.000000;X=0.875000 Y=0.875000;1;0
p3d:p3d_tutorial;7.630231;X=0.000000 Y=0.000000;X=0.875000 Y=0.875000;1;0
p3d:p3d_tutorial;7.647012;X=0.000000 Y=0.000000;X=0.875000 Y=0.875000;1;0
p3d:p3d_tutorial;7.663648;X=0.000000 Y=0.000000;X=0.875000 Y=0.875000;1;0
p3d:p3d_tutorial;7.680253;X=0.000000 Y=0.000000;X=0.875000 Y=0.875000;1;0
p3d:p3d_tutorial;7.696790;X=0.000000 Y=0.000000;X=0.875000 Y=0.875000;1;0
p3d:p3d_tutorial;7.713490;X=0.000000 Y=0.000000;X=0.875000 Y=0.875000;1;0
p3d:p3d_tutorial;7.730684;X=0.000000 Y=0.000000;X=0.875000 Y=0.875000;1;0
p3d:p3d_tutorial;7.747561;X=0.000000 Y=0.000000;X=0.875000 Y=0.875000;1;0
p3d:p3d_tutorial;7.764867;X=0.000000 Y=0.000000;X=0.875000 Y=0.875000;1;0
p3d:p3d_tutorial;7.781073;X=0.000000 Y=0.000000;X=0.875000 Y=0.875000;1;0
p3d:p3d_tutorial;7.797355;X=0.000000 Y=0.000000;X=0.875000 Y=0.875000;1;0
p3d:p3d_tutorial;7.814373;X=0.000000 Y=0.000000;X=0.875000 Y=0.875000;1;0
p3d:p3d_tutorial;7.830859;X=0.000000 Y=0.000000;X=0.875000 Y=0.875000;1;0
p3d:p3d_tutorial;7.847415;X=0.000000 Y=0.000000;X=0.875000 Y=0.875000;1;0
p3d:p3d_tutorial;7.864934;X=0.000000 Y=0.000000;X=0.875000 Y=0.875000;1;0
p3d:p3d_tutorial;7.881053;X=0.000000 Y=0.000000;X=0.875000 Y=0.875000;1;0
p3d:p3d_tutorial;7.897821;X=0.000000 Y=0.000000;X=0.875000 Y=0.875000;1;0
p3d:p3d_tutorial;7.915236;X=0.000000 Y=0.000000;X=0.875000 Y=0.875000;1;0
p3d:p3d_tutorial;7.931938;X=0.000000 Y=0.000000;X=0.875000 Y=0.875000;1;0
p3d:p3d_tutorial;7.948109;X=0.000000 Y=0.000000;X=0.875000 Y=0.875000;1;0
p3d:p3d_tutorial;7.964685;X=0.000000 Y=0.000000;X=0.875000 Y=0.875000;1;0
p3d:p3d_tutorial;7.981511;X=0.000000 Y=0.000000;X=0.875000 Y=0.875000;1;0
p3d:p3d_tutorial;7.998421;X=0.000000 Y=0.000000;X=0.875000 Y=0.875000;1;0
p3d:p3d_tutorial;8.014800;X=0.000000 Y=0.000000;X=0.875000 Y=0.875000;1;0
p3d:p3d_tutorial;8.031734;X=0.000000 Y=0.000000;X=0.875000 Y=0.875000;1;0
p3d:p3d_tutorial;8.048244;X=0.000000 Y=0.000000;X=0.875000 Y=0.875000;1;0
p3d:p3d_tutorial;8.064734;X=0.000000 Y=0.000000;X=0.875000 Y=0.875000;1;0
p3d:p3d_tutorial;8.081607;X=0.000000 Y=0.000000;X=0.875000 Y=0.875000;1;0
p3d:p3d_tutorial;8.098407;X=0.000000 Y=0.000000;X=0.875000 Y=0.875000;1;0
p3d:p3d_tutorial;8.114944;X=0.000000 Y=0.000000;X=0.875000 Y=0.875000;1;0
p3d:p3d_tutorial;8.131574;X=0.000000 Y=0.000000;X=0.875000 Y=0.875000;1;0
p3d:p3d_tutorial;8.148491;X=0.000000 Y=0.000000;X=0.875000 Y=0.875000;1;0
p3d:p3d_tutorial;8.165225;X=0.000000 Y=0.000000;X=0.875000 Y=0.875000;1;0
p3d:p3d_tutorial;8.181846;X=0.000000 Y=0.000000;X=0.875000 Y=0.875000;1;0
p3d:p3d_tutorial;8.198571;X=0.000000 Y=0.000000;X=0.875000 Y=0.875000;1;0
p3d:p3d_tutorial;8.215265;X=0.000000 Y=0.000000;X=0.875000 Y=0.875000;1;0
p3d:p3d_tutorial;8.232004;X=0.000000 Y=0.000000;X=0.875000 Y=0.875000;1;0
p3d:p3d_tutorial;8.248653;X=0.000000 Y=0.000000;X=0.875000 Y=0.875000;1;0
p3d:p3d_tutorial;8.265230;X=0.000000 Y=0.000000;X=0.875000 Y=0.875000;1;0
p3d:p3d_tutorial;8.282063;X=0.000000 Y=0.000000;X=0.875000 Y=0.875000;1;0
p3d:p3d_tutorial;8.298753;X=0.000000 Y=0.000000;X=0.875000 Y=0.875000;1;0
p3d:p3d_tutorial;8.315319;X=0.000000 Y=0.000000;X=0.875000 Y=0.875000;1;0
p3d:p3d_tutorial;8.332064;X=0.000000 Y=0.000000;X=0.875000 Y=0.875000;1;0
p3d:p3d_tutorial;8.348877;X=0.000000 Y=0.000000;X=0.875000 Y=0.875000;1;0
p3d:p3d_tutorial;8.365649;X=0.000000 Y=0.000000;X=0.875000 Y=0.875000;1;0
p3d:p3d_tutorial;8.382294;X=0.000000 Y=0.000000;X=0.875000 Y=0.875000;1;0
p3d:p3d_tutorial;8.398917;X=0.000000 Y=0.000000;X=0.875000 Y=0.875000;1;0
p3d:p3d_tutorial;8.415745;X=0.000000 Y=0.000000;X=0.875000 Y=0.875000;1;0
p3d:p3d_tutorial;8.432478;X=0.000000 Y=0.000000;X=0.875000 Y=0.875000;1;0
p3d:p3d_tutorial;8.449287;X=0.000000 Y=0.000000;X=0.875000 Y=0.875000;1;0
p3d:p3d_tutorial;8.465771;X=0.000000 Y=0.000000;X=0.875000 Y=0.875000;1;0
p3d:p3d_tutorial;8.482415;X=0.000000 Y=0.000000;X=0.875000 Y=0.875000;1;0
p3d:p3d_tutorial;8.498926;X=0.000000 Y=0.000000;X=0.875000 Y=0.875000;1;0
p3d:p3d_tutorial;8.515799;X=0.000000 Y=0.000000;X=0.875000 Y=0.875000;1;0
p3d:p3d_tutorial;8.532672;X=0.000000 Y=0.000000;X=0.875000 Y=0.875000;1;0
p3d:p3d_tutorial;8.549374;X=0.000000 Y=0.000000;X=0.875000 Y=0.875000;1;0
p3d:p3d_tutorial;8.565810;X=0.000000 Y=0.000000;X=0.875000 Y=0.875000;1;0
p3d:p3d_tutorial;8.582771;X=0.000000 Y=0.000000;X=0.875000 Y=0.875000;1;0
p3d:p3d_tutorial;8.598916;X=0.000000 Y=0.000000;X=0.875000 Y=0.875000;1;0
p3d:p3d_tutorial;8.615641;X=0.000000 Y=0.000000;X=0.875000 Y=0.875000;1;0
p3d:p3d_tutorial;8.632285;X=0.000000 Y=0.000000;X=0.875000 Y=0.875000;1;0
p3d:p3d_tutorial;8.649174;X=0.000000 Y=0.000000;X=0.875000 Y=0.875000;1;0
p3d:p3d_tutorial;8.666109;X=0.000000 Y=0.000000;X=0.875000 Y=0.875000;1;0
p3d:p3d_tutorial;8.682487;X=0.000000 Y=0.000000;X=0.875000 Y=0.875000;1;0
p3d:p3d_tutorial;8.699187;X=0.000000 Y=0.000000;X=0.875000 Y=0.875000;1;0
p3d:p3d_tutorial;8.715961;X=0.000000 Y=0.000000;X=0.875000 Y=0.875000;1;0
p3d:p3d_tutorial;8.732907;X=0.000000 Y=0.000000;X=0.875000 Y=0.875000;1;0
p3d:p3d_tutorial;8.749578;X=0.000000 Y=0.000000;X=0.875000 Y=0.875000;1;0
p3d:p3d_tutorial;8.766378;X=0.000000 Y=0.000000;X=0.875000 Y=0.875000;1;0
p3d:p3d_tutorial;8.783064;X=0.000000 Y=0.000000;X=0.875000 Y=0.875000;1;0
p3d:p3d_tutorial;8.799951;X=0.000000 Y=0.000000;X=0.875000 Y=0.875000;1;0
p3d:p3d_tutorial;8.817372;X=-0.284375 Y=0.564815;X=0.875000 Y=0.875000;1;0
p3d:p3d_tutorial;8.833421;X=-0.030208 Y=0.541667;X=0.875000 Y=0.875000;1;0
p3d:p3d_tutorial;8.850091;X=0.291667 Y=0.527778;X=0.875000 Y=0.875000;1;0
p3d:p3d_tutorial;8.866758;X=0.495833 Y=0.525926;X=0.875000 Y=0.875000;1;0
p3d:p3d_tutorial;8.883385;X=0.669792 Y=0.524074;X=0.875000 Y=0.875000;1;0
p3d:p3d_tutorial;8.900135;X=0.798958 Y=0.512963;X=0.875000 Y=0.875000;1;0
p3d:p3d_tutorial;8.916723;X=0.881250 Y=0.503704;X=0.875000 Y=0.875000;1;0
p3d:p3d_tutorial;8.933452;X=0.938542 Y=0.495370;X=0.875000 Y=0.875000;1;0
p3d:p3d_tutorial;8.950200;X=0.964583 Y=0.491667;X=0.875000 Y=0.875000;1;0
p3d:p3d_tutorial;8.966860;X=0.968750 Y=0.489815;X=0.875000 Y=0.875000;1;0
p3d:p3d_tutorial;8.983519;X=0.968750 Y=0.489815;X=0.875000 Y=0.875000;1;0
p3d:p3d_tutorial;9.000198;X=0.968750 Y=0.489815;X=0.875000 Y=0.875000;1;0
p3d:p3d_tutorial;9.016903;X=0.968750 Y=0.489815;X=0.875000 Y=0.875000;1;0
p3d:p3d_tutorial;9.033693;X=0.966667 Y=0.488889;X=0.875000 Y=0.875000;1;0
p3d:p3d_tutorial;9.050435;X=0.954167 Y=0.476852;X=0.875000 Y=0.875000;1;0
p3d:p3d_tutorial;9.067073;X=0.936458 Y=0.459259;X=0.875000 Y=0.875000;1;0
p3d:p3d_tutorial;9.083726;X=0.888542 Y=0.424074;X=0.875000 Y=0.875000;1;0
p3d:p3d_tutorial;9.100463;X=0.832292 Y=0.380556;X=0.875000 Y=0.875000;1;0
p3d:p3d_tutorial;9.117190;X=0.765625 Y=0.310185;X=0.875000 Y=0.875000;1;0
p3d:p3d_tutorial;9.133524;X=0.718750 Y=0.236111;X=0.875000 Y=0.875000;1;0
p3d:p3d_tutorial;9.150799;X=0.668750 Y=0.142593;X=0.875000 Y=0.875000;1;0
p3d:p3d_tutorial;9.167442;X=0.645833 Y=0.071296;X=0.875000 Y=0.875000;1;0
p3d:p3d_tutorial;9.184052;X=0.632292 Y=0.000926;X=0.875000 Y=0.875000;1;0
p3d:p3d_tutorial;9.200555;X=0.632292 Y=0.000000;X=0.875000 Y=0.875000;1;0
p3d:p3d_tutorial;9.217354;X=0.632292 Y=0.000000;X=0.875000 Y=0.875000;1;0
p3d:p3d_tutorial;9.233973;X=0.632292 Y=0.000000;X=0.875000 Y=0.875000;1;0
p3d:p3d_tutorial;9.250773;X=0.632292 Y=0.000000;X=0.875000 Y=0.875000;1;0
p3d:p3d_tutorial;9.267287;X=0.632292 Y=0.000000;X=0.875000 Y=0.875000;1;0
p3d:p3d_tutorial;9.284020;X=0.632292 Y=0.000000;X=0.875000 Y=0.875000;1;0
p3d:p3d_tutorial;9.300879;X=0.632292 Y=0.000000;X=0.875000 Y=0.875000;1;0
p3d:p3d_tutorial;9.317633;X=0.632292 Y=0.000000;X=0.875000 Y=0.875000;1;0
p3d:p3d_tutorial;9.334321;X=0.632292 Y=0.000000;X=0.875000 Y=0.875000;1;0
p3d:p3d_tutorial;9.351004;X=0.632292 Y=0.000000;X=0.875000 Y=0.875000;1;0
p3d:p3d_tutorial;9.367741;X=0.632292 Y=0.000000;X=0.875000 Y=0.875000;1;0
p3d:p3d_tutorial;9.384451;X=0.632292 Y=0.000000;X=0.875000 Y=0.875000;1;0
p3d:p3d_tutorial;9.401052;X=0.632292 Y=0.000000;X=0.875000 Y=0.875000;1;0
p3d:p3d_tutorial;9.417717;X=0.632292 Y=0.000000;X=0.875000 Y=0.875000;1;0
p3d:p3d_tutorial;9.434458;X=0.632292 Y=0.000000;X=0.875000 Y=0.875000;1;0
p3d:p3d_tutorial;9.451118;X=0.632292 Y=0.000000;X=0.875000 Y=0.875000;1;0
p3d:p3d_tutorial;9.467538;X=0.632292 Y=0.000000;X=0.875000 Y=0.875000;1;0
p3d:p3d_tutorial;9.484476;X=0.632292 Y=0.000000;X=0.875000 Y=0.875000;1;0
p3d:p3d_tutorial;9.501204;X=0.632292 Y=0.000000;X=0.875000 Y=0.875000;1;0
p3d:p3d_tutorial;9.517827;X=0.632292 Y=0.000000;X=0.875000 Y=0.875000;1;0
p3d:p3d_tutorial;9.534523;X=0.632292 Y=0.000000;X=0.875000 Y=0.875000;1;0
p3d:p3d_tutorial;9.550723;X=0.632292 Y=0.000000;X=0.875000 Y=0.875000;1;0
p3d:p3d_tutorial;9.567404;X=0.632292 Y=0.000000;X=0.875000 Y=0.875000;1;0
p3d:p3d_tutorial;9.584085;X=0.632292 Y=0.000000;X=0.875000 Y=0.875000;1;0
p3d:p3d_tutorial;9.600806;X=0.632292 Y=0.000000;X=0.875000 Y=0.875000;1;0
p3d:p3d_tutorial;9.617535;X=0.632292 Y=0.000000;X=0.875000 Y=0.875000;1;0
p3d:p3d_tutorial;9.634188;X=0.632292 Y=0.000000;X=0.875000 Y=0.875000;1;0
p3d:p3d_tutorial;9.650886;X=0.632292 Y=0.000000;X=0.875000 Y=0.875000;1;0
p3d:p3d_tutorial;9.667554;X=0.632292 Y=0.000000;X=0.875000 Y=0.875000;1;0
p3d:p3d_tutorial;9.684216;X=0.632292 Y=0.000000;X=0.875000 Y=0.875000;1;0
p3d:p3d_tutorial;9.700853;X=0.632292 Y=0.000000;X=0.875000 Y=0.875000;1;0
p3d:p3d_tutorial;9.717675;X=0.632292 Y=0.000000;X=0.875000 Y=0.875000;1;0
p3d:p3d_tutorial;9.734434;X=0.632292 Y=0.000000;X=0.875000 Y=0.875000;1;0
p3d:p3d_tutorial;9.751031;X=0.632292 Y=0.000000;X=0.875000 Y=0.875000;1;0
p3d:p3d_tutorial;9.767773;X=0.632292 Y=0.000000;X=0.875000 Y=0.875000;1;0
p3d:p3d_tutorial;9.784454;X=0.632292 Y=0.000000;X=0.875000 Y=0.875000;1;0
p3d:p3d_tutorial;9.801168;X=0.632292 Y=0.000000;X=0.875000 Y=0.875000;1;0
p3d:p3d_tutorial;9.817896;X=0.632292 Y=0.000000;X=0.875000 Y=0.875000;1;0
p3d:p3d_tutorial;9.834550;X=0.632292 Y=0.000000;X=0.875000 Y=0.875000;1;0
p3d:p3d_tutorial;9.851152;X=0.632292 Y=0.000000;X=0.875000 Y=0.875000;1;0
p3d:p3d_tutorial;9.867993;X=0.632292 Y=0.000000;X=0.875000 Y=0.875000;1;0
p3d:p3d_tutorial;9.884684;X=0.632292 Y=0.000000;X=0.875000 Y=0.875000;1;0
p3d:p3d_tutorial;9.901314;X=0.632292 Y=0.000000;X=0.875000 Y=0.875000;1;0
p3d:p3d_tutorial;9.918026;X=0.632292 Y=0.000000;X=0.875000 Y=0.875000;1;0
p3d:p3d_tutorial;9.934731;X=0.632292 Y=0.000000;X=0.875000 Y=0.875000;1;0
p3d:p3d_tutorial;9.951380;X=0.632292 Y=0.000000;X=0.875000 Y=0.875000;1;0
p3d:p3d_tutorial;9.968204;X=0.632292 Y=0.000000;X=0.875000 Y=0.875000;1;0
p3d:p3d_tutorial;9.984776;X=0.632292 Y=0.000000;X=0.875000 Y=0.875000;1;0
p3d:p3d_tutorial;10.001559;X=0.632292 Y=0.000000;X=0.875000 Y=0.875000;1;0
p3d:p3d_tutorial;10.285349;X=0.632292 Y=0.000000;X=0.125000 Y=0.625000;1;0
p3d:p3d_tutorial;10.288329;X=0.632292 Y=0.000000;X=0.125000 Y=0.625000;1;0
p3d:p3d_tutorial;10.302448;X=0.632292 Y=0.000000;X=0.125000 Y=0.625000;1;0
p3d:p3d_tutorial;10.318501;X=0.632292 Y=0.000000;X=0.125000 Y=0.625000;1;0
p3d:p3d_tutorial;10.352433;X=0.632292 Y=0.000000;X=0.125000 Y=0.625000;1;0
p3d:p3d_tutorial;10.368557;X=0.632292 Y=0.000000;X=0.125000 Y=0.625000;1;0
p3d:p3d_tutorial;10.402179;X=0.632292 Y=0.000000;X=0.125000 Y=0.625000;1;0
p3d:p3d_tutorial;10.418733;X=0.632292 Y=0.000000;X=0.125000 Y=0.625000;1;0
p3d:p3d_tutorial;10.435795;X=0.632292 Y=0.000000;X=0.125000 Y=0.625000;1;0
p3d:p3d_tutorial;10.438942;X=0.632292 Y=0.000000;X=0.125000 Y=0.625000;1;0
p3d:p3d_tutorial;10.454084;X=0.632292 Y=0.000000;X=0.125000 Y=0.625000;1;0
p3d:p3d_tutorial;10.469242;X=0.632292 Y=0.000000;X=0.125000 Y=0.625000;1;0
p3d:p3d_tutorial;10.485459;X=0.632292 Y=0.000000;X=0.125000 Y=0.625000;1;0
p3d:p3d_tutorial;10.502659;X=0.632292 Y=0.000000;X=0.125000 Y=0.625000;1;0
p3d:p3d_tutorial;10.518858;X=0.632292 Y=0.000000;X=0.125000 Y=0.625000;1;0
p3d:p3d_tutorial;10.535886;X=0.632292 Y=0.000000;X=0.125000 Y=0.625000;1;0
p3d:p3d_tutorial;10.552594;X=0.632292 Y=0.000000;X=0.125000 Y=0.625000;1;0
p3d:p3d_tutorial;10.569309;X=0.632292 Y=0.000000;X=0.125000 Y=0.625000;1;0
p3d:p3d_tutorial;10.585964;X=0.632292 Y=0.000000;X=0.125000 Y=0.625000;1;0
p3d:p3d_tutorial;10.602725;X=0.632292 Y=0.000000;X=0.125000 Y=0.625000;1;0
p3d:p3d_tutorial;10.619392;X=0.632292 Y=0.000000;X=0.125000 Y=0.625000;1;0
p3d:p3d_tutorial;10.636106;X=0.632292 Y=0.000000;X=0.125000 Y=0.625000;1;0
p3d:p3d_tutorial;10.652725;X=0.632292 Y=0.000000;X=0.125000 Y=0.625000;1;0
p3d:p3d_tutorial;10.669734;X=0.632292 Y=0.000000;X=0.125000 Y=0.625000;1;0
p3d:p3d_tutorial;10.685871;X=0.632292 Y=0.000000;X=0.125000 Y=0.625000;1;0
p3d:p3d_tutorial;10.702848;X=0.632292 Y=0.000000;X=0.125000 Y=0.625000;1;0
p3d:p3d_tutorial;10.719172;X=0.632292 Y=0.000000;X=0.125000 Y=0.625000;1;0
p3d:p3d_tutorial;10.736057;X=0.632292 Y=0.000000;X=0.125000 Y=0.625000;1;0
p3d:p3d_tutorial;10.752604;X=0.632292 Y=0.000000;X=0.125000 Y=0.625000;1;0
p3d:p3d_tutorial;10.769577;X=0.632292 Y=0.000000;X=0.125000 Y=0.625000;1;0
p3d:p3d_tutorial;10.785959;X=0.632292 Y=0.000000;X=0.125000 Y=0.625000;1;0
p3d:p3d_tutorial;10.803053;X=0.632292 Y=0.000000;X=0.125000 Y=0.625000;1;0
p3d:p3d_tutorial;10.819357;X=0.632292 Y=0.000000;X=0.125000 Y=0.625000;1;0
p3d:p3d_tutorial;10.853056;X=0.632292 Y=0.000000;X=0.125000 Y=0.625000;1;0
p3d:p3d_tutorial;10.854377;X=0.632292 Y=0.000000;X=0.125000 Y=0.625000;1;0
p3d:p3d_tutorial;10.869987;X=0.632292 Y=0.000000;X=0.125000 Y=0.625000;1;0
p3d:p3d_tutorial;10.886219;X=0.632292 Y=0.000000;X=0.125000 Y=0.625000;1;0
p3d:p3d_tutorial;10.903426;X=0.632292 Y=0.000000;X=0.125000 Y=0.625000;1;0
p3d:p3d_tutorial;10.919617;X=0.632292 Y=0.000000;X=0.125000 Y=0.625000;1;0
p3d:p3d_tutorial;10.936657;X=0.632292 Y=0.000000;X=0.125000 Y=0.625000;1;0
p3d:p3d_tutorial;10.952950;X=0.632292 Y=0.000000;X=0.125000 Y=0.625000;1;0
p3d:p3d_tutorial;10.969961;X=0.632292 Y=0.000000;X=0.125000 Y=0.625000;1;0
p3d:p3d_tutorial;10.986462;X=0.632292 Y=0.000000;X=0.125000 Y=0.625000;1;0
p3d:p3d_tutorial;11.003495;X=0.632292 Y=0.000000;X=0.125000 Y=0.625000;1;0
p3d:p3d_tutorial;11.020029;X=0.632292 Y=0.000000;X=0.125000 Y=0.625000;1;0
p3d:p3d_tutorial;11.036844;X=0.632292 Y=0.000000;X=0.125000 Y=0.625000;1;0
p3d:p3d_tutorial;11.053557;X=0.632292 Y=0.000000;X=0.125000 Y=0.625000;1;0
p3d:p3d_tutorial;11.070236;X=0.632292 Y=0.000000;X=0.125000 Y=0.625000;1;0
p3d:p3d_tutorial;11.086984;X=0.632292 Y=0.000000;X=0.125000 Y=0.625000;1;0
p3d:p3d_tutorial;11.103694;X=0.632292 Y=0.000000;X=0.125000 Y=0.625000;1;0
p3d:p3d_tutorial;11.120309;X=0.632292 Y=0.000000;X=0.125000 Y=0.625000;1;0
p3d:p3d_tutorial;11.136931;X=0.632292 Y=0.000000;X=0.125000 Y=0.625000;1;0
p3d:p3d_tutorial;11.153733;X=0.632292 Y=0.000000;X=0.125000 Y=0.625000;1;0
p3d:p3d_tutorial;11.170437;X=0.632292 Y=0.000000;X=0.125000 Y=0.625000;1;0
p3d:p3d_tutorial;11.187129;X=0.632292 Y=0.000000;X=0.125000 Y=0.625000;1;0
p3d:p3d_tutorial;11.203794;X=0.632292 Y=0.000000;X=0.125000 Y=0.625000;1;0
p3d:p3d_tutorial;11.220562;X=0.632292 Y=0.000000;X=0.125000 Y=0.625000;1;0
p3d:p3d_tutorial;11.237271;X=0.632292 Y=0.000000;X=0.125000 Y=0.625000;1;0
p3d:p3d_tutorial;11.253913;X=0.632292 Y=0.000000;X=0.125000 Y=0.625000;1;0
p3d:p3d_tutorial;11.270619;X=0.632292 Y=0.000000;X=0.125000 Y=0.625000;1;0
p3d:p3d_tutorial;11.287308;X=0.632292 Y=0.000000;X=0.125000 Y=0.625000;1;0
p3d:p3d_tutorial;11.304097;X=0.632292 Y=0.000000;X=0.125000 Y=0.625000;1;0
p3d:p3d_tutorial;11.320679;X=0.632292 Y=0.000000;X=0.125000 Y=0.625000;1;0
p3d:p3d_tutorial;11.337462;X=0.632292 Y=0.000000;X=0.125000 Y=0.625000;1;0
p3d:p3d_tutorial;11.354136;X=0.632292 Y=0.000000;X=0.125000 Y=0.625000;1;0
p3d:p3d_tutorial;11.370870;X=0.632292 Y=0.000000;X=0.125000 Y=0.625000;1;0
p3d:p3d_tutorial;11.387505;X=0.632292 Y=0.000000;X=0.125000 Y=0.625000;1;0
p3d:p3d_tutorial;11.404181;X=0.632292 Y=0.000000;X=0.125000 Y=0.625000;1;0
p3d:p3d_tutorial;11.420819;X=0.632292 Y=0.000000;X=0.125000 Y=0.625000;1;0
p3d:p3d_tutorial;11.437644;X=0.632292 Y=0.000000;X=0.125000 Y=0.625000;1;0
p3d:p3d_tutorial;11.454279;X=0.632292 Y=0.000000;X=0.125000 Y=0.625000;1;0
p3d:p3d_tutorial;11.471006;X=0.632292 Y=0.000000;X=0.125000 Y=0.625000;1;0
p3d:p3d_tutorial;11.487698;X=0.632292 Y=0.000000;X=0.125000 Y=0.625000;1;0
p3d:p3d_tutorial;11.504405;X=0.632292 Y=0.000000;X=0.125000 Y=0.625000;1;0
p3d:p3d_tutorial;11.521044;X=0.632292 Y=0.000000;X=0.125000 Y=0.625000;1;0
p3d:p3d_tutorial;11.537667;X=0.632292 Y=0.000000;X=0.125000 Y=0.625000;1;0
p3d:p3d_tutorial;11.554475;X=0.632292 Y=0.000000;X=0.125000 Y=0.625000;1;0
p3d:p3d_tutorial;11.571269;X=0.632292 Y=0.000000;X=0.125000 Y=0.625000;1;0
p3d:p3d_tutorial;11.588000;X=0.632292 Y=0.000000;X=0.125000 Y=0.625000;1;0
p3d:p3d_tutorial;11.604618;X=0.632292 Y=0.000000;X=0.125000 Y=0.625000;1;0
p3d:p3d_tutorial;11.621272;X=0.632292 Y=0.000000;X=0.125000 Y=0.625000;1;0
p3d:p3d_tutorial;11.637985;X=0.632292 Y=0.000000;X=0.125000 Y=0.625000;1;0
p3d:p3d_tutorial;11.654737;X=0.632292 Y=0.000000;X=0.125000 Y=0.625000;1;0
p3d:p3d_tutorial;11.671430;X=0.632292 Y=0.000000;X=0.125000 Y=0.625000;1;0
p3d:p3d_tutorial;11.688087;X=0.632292 Y=0.000000;X=0.125000 Y=0.625000;1;0
p3d:p3d_tutorial;11.704784;X=0.632292 Y=0.000000;X=0.125000 Y=0.625000;1;0
p3d:p3d_tutorial;11.721511;X=0.632292 Y=0.000000;X=0.125000 Y=0.625000;1;0
p3d:p3d_tutorial;11.738208;X=0.632292 Y=0.000000;X=0.125000 Y=0.625000;1;0
p3d:p3d_tutorial;11.754898;X=0.632292 Y=0.000000;X=0.125000 Y=0.625000;1;0
p3d:p3d_tutorial;11.771233;X=0.632292 Y=0.000000;X=0.125000 Y=0.625000;1;0
p3d:p3d_tutorial;11.805213;X=0.632292 Y=0.000000;X=0.125000 Y=0.625000;1;0
p3d:p3d_tutorial;11.806968;X=0.632292 Y=0.000000;X=0.125000 Y=0.625000;1;0
p3d:p3d_tutorial;11.821318;X=0.632292 Y=0.000000;X=0.125000 Y=0.625000;1;0
p3d:p3d_tutorial;11.838570;X=0.632292 Y=0.000000;X=0.125000 Y=0.625000;1;0
p3d:p3d_tutorial;11.854723;X=0.632292 Y=0.000000;X=0.125000 Y=0.625000;1;0
p3d:p3d_tutorial;11.871694;X=0.632292 Y=0.000000;X=0.125000 Y=0.625000;1;0
p3d:p3d_tutorial;11.888089;X=0.632292 Y=0.000000;X=0.125000 Y=0.625000;1;0
p3d:p3d_tutorial;11.905150;X=0.632292 Y=0.000000;X=0.125000 Y=0.625000;1;0
p3d:p3d_tutorial;11.921491;X=0.632292 Y=0.000000;X=0.125000 Y=0.625000;1;0
p3d:p3d_tutorial;11.938608;X=0.632292 Y=0.000000;X=0.125000 Y=0.625000;1;0
p3d:p3d_tutorial;11.955051;X=0.632292 Y=0.000000;X=0.125000 Y=0.625000;1;0
p3d:p3d_tutorial;11.971842;X=0.632292 Y=0.000000;X=0.125000 Y=0.625000;1;0
p3d:p3d_tutorial;11.988679;X=0.632292 Y=0.000000;X=0.125000 Y=0.625000;1;0
p3d:p3d_tutorial;12.005342;X=0.632292 Y=0.000000;X=0.125000 Y=0.625000;1;0
p3d:p3d_tutorial;12.022096;X=0.632292 Y=0.000000;X=0.125000 Y=0.625000;1;0
p3d:p3d_tutorial;12.038833;X=0.632292 Y=0.000000;X=0.125000 Y=0.625000;1;0
p3d:p3d_tutorial;12.055439;X=0.632292 Y=0.000000;X=0.125000 Y=0.625000;1;0
p3d:p3d_tutorial;12.072163;X=0.632292 Y=0.000000;X=0.125000 Y=0.625000;1;0
p3d:p3d_tutorial;12.088848;X=0.632292 Y=0.000000;X=0.125000 Y=0.625000;1;0
p3d:p3d_tutorial;12.105648;X=0.632292 Y=0.000000;X=0.125000 Y=0.625000;1;0
p3d:p3d_tutorial;12.122291;X=0.632292 Y=0.000000;X=0.125000 Y=0.625000;1;0
p3d:p3d_tutorial;12.138763;X=0.632292 Y=0.000000;X=0.125000 Y=0.625000;1;0
p3d:p3d_tutorial;12.155652;X=0.632292 Y=0.000000;X=0.125000 Y=0.625000;1;0
p3d:p3d_tutorial;12.172379;X=0.632292 Y=0.000000;X=0.125000 Y=0.625000;1;0
p3d:p3d_tutorial;12.189034;X=0.632292 Y=0.000000;X=0.125000 Y=0.625000;1;0
p3d:p3d_tutorial;12.205833;X=0.632292 Y=0.000000;X=0.125000 Y=0.625000;1;0
p3d:p3d_tutorial;12.222489;X=0.632292 Y=0.000000;X=0.125000 Y=0.625000;1;0
p3d:p3d_tutorial;12.239163;X=0.632292 Y=0.000000;X=0.125000 Y=0.625000;1;0
p3d:p3d_tutorial;12.255905;X=0.632292 Y=0.000000;X=0.125000 Y=0.625000;1;0
p3d:p3d_tutorial;12.272550;X=0.632292 Y=0.000000;X=0.125000 Y=0.625000;1;0
p3d:p3d_tutorial;12.289236;X=0.632292 Y=0.000000;X=0.125000 Y=0.625000;1;0
p3d:p3d_tutorial;12.305939;X=0.632292 Y=0.000000;X=0.125000 Y=0.625000;1;0
p3d:p3d_tutorial;12.322649;X=0.632292 Y=0.000000;X=0.125000 Y=0.625000;1;0
p3d:p3d_tutorial;12.339352;X=0.632292 Y=0.000000;X=0.125000 Y=0.625000;1;0
p3d:p3d_tutorial;12.356063;X=0.632292 Y=0.000000;X=0.125000 Y=0.625000;1;0
p3d:p3d_tutorial;12.372769;X=0.632292 Y=0.000000;X=0.125000 Y=0.625000;1;0
p3d:p3d_tutorial;12.389432;X=0.632292 Y=0.000000;X=0.125000 Y=0.625000;1;0
p3d:p3d_tutorial;12.406076;X=0.632292 Y=0.000000;X=0.125000 Y=0.625000;1;0
p3d:p3d_tutorial;12.422869;X=0.632292 Y=0.000000;X=0.125000 Y=0.625000;1;0
p3d:p3d_tutorial;12.439542;X=0.632292 Y=0.000000;X=0.125000 Y=0.625000;1;0
p3d:p3d_tutorial;12.456201;X=0.632292 Y=0.000000;X=0.125000 Y=0.625000;1;0
p3d:p3d_tutorial;12.472866;X=0.632292 Y=0.000000;X=0.125000 Y=0.625000;1;0
p3d:p3d_tutorial;12.489658;X=0.632292 Y=0.000000;X=0.125000 Y=0.625000;1;0
p3d:p3d_tutorial;12.506307;X=0.632292 Y=0.000000;X=0.125000 Y=0.625000;1;0
p3d:p3d_tutorial;12.523065;X=0.632292 Y=0.000000;X=0.125000 Y=0.625000;1;0
p3d:p3d_tutorial;12.539716;X=0.632292 Y=0.000000;X=0.125000 Y=0.625000;1;0
p3d:p3d_tutorial;12.556456;X=0.632292 Y=0.000000;X=0.125000 Y=0.625000;1;0
p3d:p3d_tutorial;12.573122;X=0.632292 Y=0.000000;X=0.125000 Y=0.625000;1;0
p3d:p3d_tutorial;12.589852;X=0.632292 Y=0.000000;X=0.125000 Y=0.625000;1;0
p3d:p3d_tutorial;12.606443;X=0.632292 Y=0.000000;X=0.125000 Y=0.625000;1;0
p3d:p3d_tutorial;12.623192;X=0.632292 Y=0.000000;X=0.125000 Y=0.625000;1;0
p3d:p3d_tutorial;12.639951;X=0.632292 Y=0.000000;X=0.125000 Y=0.625000;1;0
p3d:p3d_tutorial;12.656687;X=0.632292 Y=0.000000;X=0.125000 Y=0.625000;1;0
p3d:p3d_tutorial;12.673304;X=0.632292 Y=0.000000;X=0.125000 Y=0.625000;1;0
p3d:p3d_tutorial;12.690001;X=0.632292 Y=0.000000;X=0.125000 Y=0.625000;1;0
p3d:p3d_tutorial;12.706706;X=0.632292 Y=0.000000;X=0.125000 Y=0.625000;1;0
p3d:p3d_tutorial;12.723440;X=0.632292 Y=0.000000;X=0.125000 Y=0.625000;1;0
p3d:p3d_tutorial;12.740197;X=0.632292 Y=0.000000;X=0.125000 Y=0.625000;1;0
p3d:p3d_tutorial;12.756810;X=0.632292 Y=0.000000;X=0.125000 Y=0.625000;1;0
p3d:p3d_tutorial;12.773555;X=0.632292 Y=0.000000;X=0.125000 Y=0.625000;1;0
p3d:p3d_tutorial;12.790192;X=0.632292 Y=0.000000;X=0.125000 Y=0.625000;1;0
p3d:p3d_tutorial;12.806872;X=0.632292 Y=0.000000;X=0.125000 Y=0.625000;1;0
p3d:p3d_tutorial;12.823633;X=0.632292 Y=0.000000;X=0.125000 Y=0.625000;1;0
p3d:p3d_tutorial;12.840276;X=0.632292 Y=0.000000;X=0.125000 Y=0.625000;1;0
p3d:p3d_tutorial;12.856997;X=0.632292 Y=0.000000;X=0.125000 Y=0.625000;1;0
p3d:p3d_tutorial;12.873695;X=0.632292 Y=0.000000;X=0.125000 Y=0.625000;1;0
p3d:p3d_tutorial;12.890432;X=0.632292 Y=0.000000;X=0.125000 Y=0.625000;1;0
p3d:p3d_tutorial;12.907079;X=0.632292 Y=0.000000;X=0.125000 Y=0.625000;1;0
p3d:p3d_tutorial;12.923843;X=0.632292 Y=0.000000;X=0.125000 Y=0.625000;1;0
p3d:p3d_tutorial;12.940516;X=0.632292 Y=0.000000;X=0.125000 Y=0.625000;1;0
p3d:p3d_tutorial;12.957172;X=0.632292 Y=0.000000;X=0.125000 Y=0.625000;1;0
p3d:p3d_tutorial;12.973929;X=0.632292 Y=0.000000;X=0.125000 Y=0.625000;1;0
p3d:p3d_tutorial;12.990567;X=0.632292 Y=0.000000;X=0.125000 Y=0.625000;1;0
p3d:p3d_tutorial;13.007333;X=0.632292 Y=0.000000;X=0.125000 Y=0.625000;1;0
p3d:p3d_tutorial;13.024006;X=0.632292 Y=0.000000;X=0.125000 Y=0.625000;1;0
p3d:p3d_tutorial;13.040682;X=0.632292 Y=0.000000;X=0.125000 Y=0.625000;1;0
p3d:p3d_tutorial;13.057411;X=0.632292 Y=0.000000;X=0.125000 Y=0.625000;1;0
p3d:p3d_tutorial;13.074093;X=0.632292 Y=0.000000;X=0.125000 Y=0.625000;1;0
p3d:p3d_tutorial;13.090799;X=0.632292 Y=0.000000;X=0.125000 Y=0.625000;1;0
p3d:p3d_tutorial;13.107517;X=0.632292 Y=0.000000;X=0.125000 Y=0.625000;1;0
p3d:p3d_tutorial;13.124192;X=0.632292 Y=0.000000;X=0.125000 Y=0.625000;1;0
p3d:p3d_tutorial;13.140645;X=0.632292 Y=0.000000;X=0.125000 Y=0.625000;1;0
p3d:p3d_tutorial;13.157553;X=0.632292 Y=0.000000;X=0.125000 Y=0.625000;1;0
p3d:p3d_tutorial;13.174299;X=0.632292 Y=0.000000;X=0.125000 Y=0.625000;1;0
p3d:p3d_tutorial;13.191004;X=0.632292 Y=0.000000;X=0.125000 Y=0.625000;1;0
p3d:p3d_tutorial;13.207684;X=0.632292 Y=0.000000;X=0.125000 Y=0.625000;1;0
p3d:p3d_tutorial;13.224360;X=0.632292 Y=0.000000;X=0.125000 Y=0.625000;1;0
p3d:p3d_tutorial;13.241056;X=0.632292 Y=0.000000;X=0.125000 Y=0.625000;1;0
p3d:p3d_tutorial;13.257748;X=0.632292 Y=0.000000;X=0.125000 Y=0.625000;1;0
p3d:p3d_tutorial;13.274467;X=0.632292 Y=0.000000;X=0.125000 Y=0.625000;1;0
p3d:p3d_tutorial;13.291056;X=0.632292 Y=0.000000;X=0.125000 Y=0.625000;1;0
p3d:p3d_tutorial;13.307875;X=0.632292 Y=0.000000;X=0.125000 Y=0.625000;1;0
p3d:p3d_tutorial;13.324568;X=0.632292 Y=0.000000;X=0.125000 Y=0.625000;1;0
p3d:p3d_tutorial;13.341294;X=0.632292 Y=0.000000;X=0.125000 Y=0.625000;1;0
p3d:p3d_tutorial;13.357937;X=0.632292 Y=0.000000;X=0.125000 Y=0.625000;1;0
p3d:p3d_tutorial;13.374687;X=0.632292 Y=0.000000;X=0.125000 Y=0.625000;1;0
p3d:p3d_tutorial;13.391376;X=0.632292 Y=0.000000;X=0.125000 Y=0.625000;1;0
p3d:p3d_tutorial;13.408089;X=0.632292 Y=0.000000;X=0.125000 Y=0.625000;1;0
p3d:p3d_tutorial;13.424762;X=0.632292 Y=0.000000;X=0.125000 Y=0.625000;1;0
p3d:p3d_tutorial;13.441415;X=0.632292 Y=0.000000;X=0.125000 Y=0.625000;1;0
p3d:p3d_tutorial;13.458184;X=0.632292 Y=0.000000;X=0.125000 Y=0.625000;1;0
p3d:p3d_tutorial;13.474893;X=0.632292 Y=0.000000;X=0.125000 Y=0.625000;1;0
p3d:p3d_tutorial;13.491402;X=0.632292 Y=0.000000;X=0.125000 Y=0.625000;1;0
p3d:p3d_tutorial;13.508200;X=0.632292 Y=0.000000;X=0.125000 Y=0.625000;1;0
p3d:p3d_tutorial;13.524914;X=0.632292 Y=0.000000;X=0.125000 Y=0.625000;1;0
p3d:p3d_tutorial;13.541658;X=0.632292 Y=0.000000;X=0.125000 Y=0.625000;1;0
p3d:p3d_tutorial;13.558336;X=0.632292 Y=0.000000;X=0.125000 Y=0.625000;1;0
p3d:p3d_tutorial;13.575056;X=0.632292 Y=0.000000;X=0.125000 Y=0.625000;1;0
p3d:p3d_tutorial;13.591722;X=0.632292 Y=0.000000;X=0.125000 Y=0.625000;1;0
p3d:p3d_tutorial;13.608486;X=0.632292 Y=0.000000;X=0.125000 Y=0.625000;1;0
p3d:p3d_tutorial;13.625140;X=0.632292 Y=0.000000;X=0.125000 Y=0.625000;1;0
p3d:p3d_tutorial;13.641881;X=0.632292 Y=0.000000;X=0.125000 Y=0.625000;1;0
p3d:p3d_tutorial;13.658567;X=0.632292 Y=0.000000;X=0.125000 Y=0.625000;1;0
p3d:p3d_tutorial;13.675220;X=0.632292 Y=0.000000;X=0.125000 Y=0.625000;1;0
p3d:p3d_tutorial;13.691949;X=0.632292 Y=0.000000;X=0.125000 Y=0.625000;1;0
p3d:p3d_tutorial;13.708695;X=0.632292 Y=0.000000;X=0.125000 Y=0.625000;1;0
p3d:p3d_tutorial;13.725298;X=0.632292 Y=0.000000;X=0.125000 Y=0.625000;1;0
p3d:p3d_tutorial;13.742071;X=0.632292 Y=0.000000;X=0.125000 Y=0.625000;1;0
p3d:p3d_tutorial;13.758692;X=0.632292 Y=0.000000;X=0.125000 Y=0.625000;1;0
p3d:p3d_tutorial;13.775432;X=0.632292 Y=0.000000;X=0.125000 Y=0.625000;1;0
p3d:p3d_tutorial;13.792150;X=0.632292 Y=0.000000;X=0.125000 Y=0.625000;1;0
p3d:p3d_tutorial;13.808736;X=0.632292 Y=0.000000;X=0.125000 Y=0.625000;1;0
p3d:p3d_tutorial;13.825495;X=0.632292 Y=0.000000;X=0.125000 Y=0.625000;1;0
p3d:p3d_tutorial;13.842238;X=0.632292 Y=0.000000;X=0.125000 Y=0.625000;1;0
p3d:p3d_tutorial;13.858939;X=0.632292 Y=0.000000;X=0.125000 Y=0.625000;1;0
p3d:p3d_tutorial;13.875614;X=0.632292 Y=0.000000;X=0.125000 Y=0.625000;1;0
p3d:p3d_tutorial;13.892275;X=0.632292 Y=0.000000;X=0.125000 Y=0.625000;1;0
p3d:p3d_tutorial;13.908974;X=0.632292 Y=0.000000;X=0.125000 Y=0.625000;1;0
p3d:p3d_tutorial;13.925697;X=0.632292 Y=0.000000;X=0.125000 Y=0.625000;1;0
p3d:p3d_tutorial;13.942445;X=0.632292 Y=0.000000;X=0.125000 Y=0.625000;1;0
p3d:p3d_tutorial;13.959109;X=0.632292 Y=0.000000;X=0.125000 Y=0.625000;1;0
p3d:p3d_tutorial;13.975872;X=0.632292 Y=0.000000;X=0.125000 Y=0.625000;1;0
p3d:p3d_tutorial;13.992452;X=0.632292 Y=0.000000;X=0.125000 Y=0.625000;1;0
p3d:p3d_tutorial;14.009186;X=0.632292 Y=0.000000;X=0.125000 Y=0.625000;1;0
p3d:p3d_tutorial;14.025872;X=0.632292 Y=0.000000;X=0.125000 Y=0.625000;1;0
p3d:p3d_tutorial;14.042650;X=0.632292 Y=0.000000;X=0.125000 Y=0.625000;1;0
p3d:p3d_tutorial;14.059318;X=0.632292 Y=0.000000;X=0.125000 Y=0.625000;1;0
p3d:p3d_tutorial;14.076071;X=0.632292 Y=0.000000;X=0.125000 Y=0.625000;1;0
p3d:p3d_tutorial;14.092678;X=0.632292 Y=0.000000;X=0.125000 Y=0.625000;1;0
p3d:p3d_tutorial;14.109385;X=0.632292 Y=0.000000;X=0.125000 Y=0.625000;1;0
p3d:p3d_tutorial;14.126135;X=0.632292 Y=0.000000;X=0.125000 Y=0.625000;1;0
p3d:p3d_tutorial;14.142598;X=0.632292 Y=0.000000;X=0.125000 Y=0.625000;1;0
p3d:p3d_tutorial;14.159233;X=0.632292 Y=0.000000;X=0.125000 Y=0.625000;1;0
p3d:p3d_tutorial;14.176232;X=0.632292 Y=0.000000;X=0.125000 Y=0.625000;1;0
p3d:p3d_tutorial;14.192808;X=0.632292 Y=0.000000;X=0.125000 Y=0.625000;1;0
p3d:p3d_tutorial;14.209595;X=0.632292 Y=0.000000;X=0.125000 Y=0.625000;1;0
p3d:p3d_tutorial;14.226403;X=0.632292 Y=0.000000;X=0.125000 Y=0.625000;1;0
p3d:p3d_tutorial;14.242983;X=0.632292 Y=0.000000;X=0.125000 Y=0.625000;1;0
p3d:p3d_tutorial;14.259667;X=0.632292 Y=0.000000;X=0.125000 Y=0.625000;1;0
p3d:p3d_tutorial;14.276425;X=0.632292 Y=0.000000;X=0.125000 Y=0.625000;1;0
p3d:p3d_tutorial;14.293065;X=0.632292 Y=0.000000;X=0.125000 Y=0.625000;1;0
p3d:p3d_tutorial;14.309772;X=0.632292 Y=0.000000;X=0.125000 Y=0.625000;1;0
p3d:p3d_tutorial;14.326518;X=0.632292 Y=0.000000;X=0.125000 Y=0.625000;1;0
p3d:p3d_tutorial;14.343229;X=0.632292 Y=0.000000;X=0.125000 Y=0.625000;1;0
p3d:p3d_tutorial;14.359961;X=0.632292 Y=0.000000;X=0.125000 Y=0.625000;1;0
p3d:p3d_tutorial;14.376578;X=0.632292 Y=0.000000;X=0.125000 Y=0.625000;1;0
p3d:p3d_tutorial;14.393295;X=0.632292 Y=0.000000;X=0.125000 Y=0.625000;1;0
p3d:p3d_tutorial;14.410024;X=0.632292 Y=0.000000;X=0.125000 Y=0.625000;1;0
p3d:p3d_tutorial;14.426664;X=0.632292 Y=0.000000;X=0.125000 Y=0.625000;1;0
p3d:p3d_tutorial;14.443367;X=0.632292 Y=0.000000;X=0.125000 Y=0.625000;1;0
p3d:p3d_tutorial;14.460070;X=0.632292 Y=0.000000;X=0.125000 Y=0.625000;1;0
p3d:p3d_tutorial;14.476718;X=0.632292 Y=0.000000;X=0.125000 Y=0.625000;1;0
p3d:p3d_tutorial;14.493466;X=0.632292 Y=0.000000;X=0.125000 Y=0.625000;1;0
p3d:p3d_tutorial;14.510187;X=0.632292 Y=0.000000;X=0.125000 Y=0.625000;1;0
p3d:p3d_tutorial;14.526870;X=0.632292 Y=0.000000;X=0.125000 Y=0.625000;1;0
p3d:p3d_tutorial;14.543612;X=0.632292 Y=0.000000;X=0.125000 Y=0.625000;1;0
p3d:p3d_tutorial;14.559943;X=0.632292 Y=0.000000;X=0.125000 Y=0.625000;1;0
p3d:p3d_tutorial;14.577005;X=0.632292 Y=0.000000;X=0.125000 Y=0.625000;1;0
p3d:p3d_tutorial;14.593316;X=0.632292 Y=0.000000;X=0.125000 Y=0.625000;1;0
p3d:p3d_tutorial;14.626961;X=0.632292 Y=0.000000;X=0.125000 Y=0.625000;1;0
p3d:p3d_tutorial;14.628201;X=0.632292 Y=0.000000;X=0.125000 Y=0.625000;1;0
p3d:p3d_tutorial;14.643650;X=0.632292 Y=0.000000;X=0.125000 Y=0.625000;1;0
p3d:p3d_tutorial;14.660531;X=0.632292 Y=0.000000;X=0.125000 Y=0.625000;1;0
p3d:p3d_tutorial;14.676808;X=0.632292 Y=0.000000;X=0.125000 Y=0.625000;1;0
p3d:p3d_tutorial;14.693817;X=0.632292 Y=0.000000;X=0.125000 Y=0.625000;1;0
p3d:p3d_tutorial;14.710190;X=0.632292 Y=0.000000;X=0.125000 Y=0.625000;1;0
p3d:p3d_tutorial;14.727171;X=0.632292 Y=0.000000;X=0.125000 Y=0.625000;1;0
p3d:p3d_tutorial;14.743567;X=0.632292 Y=0.000000;X=0.125000 Y=0.625000;1;0
p3d:p3d_tutorial;14.760551;X=0.632292 Y=0.000000;X=0.125000 Y=0.625000;1;0
p3d:p3d_tutorial;14.776965;X=0.632292 Y=0.000000;X=0.125000 Y=0.625000;1;0
p3d:p3d_tutorial;14.793885;X=0.632292 Y=0.000000;X=0.125000 Y=0.625000;1;0
p3d:p3d_tutorial;14.810329;X=0.632292 Y=0.000000;X=0.125000 Y=0.625000;1;0
p3d:p3d_tutorial;14.827327;X=0.632292 Y=0.000000;X=0.125000 Y=0.625000;1;0
p3d:p3d_tutorial;14.843741;X=0.632292 Y=0.000000;X=0.125000 Y=0.625000;1;0
p3d:p3d_tutorial;14.860794;X=0.632292 Y=0.000000;X=0.125000 Y=0.625000;1;0
p3d:p3d_tutorial;14.877162;X=0.632292 Y=0.000000;X=0.125000 Y=0.625000;1;0
p3d:p3d_tutorial;14.910813;X=0.632292 Y=0.000000;X=0.125000 Y=0.625000;1;0
p3d:p3d_tutorial;14.927784;X=0.632292 Y=0.000000;X=0.125000 Y=0.625000;1;0
p3d:p3d_tutorial;14.929491;X=0.632292 Y=0.000000;X=0.125000 Y=0.625000;1;0
p3d:p3d_tutorial;14.943905;X=0.632292 Y=0.000000;X=0.125000 Y=0.625000;1;0
p3d:p3d_tutorial;14.961089;X=0.632292 Y=0.000000;X=0.125000 Y=0.625000;1;0
p3d:p3d_tutorial;14.977435;X=0.632292 Y=0.000000;X=0.125000 Y=0.625000;1;0
p3d:p3d_tutorial;14.994378;X=0.632292 Y=0.000000;X=0.125000 Y=0.625000;1;0
p3d:p3d_caustic-view0;1.375608;X=0.632292 Y=0.000000;X=0.125000 Y=0.625000;1;0
p3d:p3d_caustic-view0;1.393232;X=0.632292 Y=0.000000;X=0.625000 Y=0.375000;5;0
p3d:p3d_caustic-view0;1.393779;X=0.632292 Y=0.000000;X=0.625000 Y=0.375000;5;0
p3d:p3d_caustic-view0;1.406786;X=0.632292 Y=0.000000;X=0.625000 Y=0.375000;5;0
p3d:p3d_caustic-view0;1.419969;X=0.632292 Y=0.000000;X=0.625000 Y=0.375000;5;0
p3d:p3d_caustic-view0;1.436056;X=0.632292 Y=0.000000;X=0.625000 Y=0.375000;5;0
p3d:p3d_caustic-view0;1.452855;X=0.632292 Y=0.000000;X=0.625000 Y=0.375000;5;0
p3d:p3d_caustic-view0;1.469787;X=0.632292 Y=0.000000;X=0.625000 Y=0.375000;5;0
p3d:p3d_caustic-view0;1.486480;X=0.632292 Y=0.000000;X=0.625000 Y=0.375000;5;0
p3d:p3d_caustic-view0;1.503200;X=0.632292 Y=0.000000;X=0.625000 Y=0.375000;5;0
p3d:p3d_caustic-view0;1.519857;X=0.632292 Y=0.000000;X=0.625000 Y=0.375000;5;0
p3d:p3d_caustic-view0;1.536617;X=0.632292 Y=0.000000;X=0.625000 Y=0.375000;5;0
p3d:p3d_caustic-view0;1.553351;X=0.632292 Y=0.000000;X=0.625000 Y=0.375000;5;0
p3d:p3d_caustic-view0;1.570049;X=0.632292 Y=0.000000;X=0.625000 Y=0.375000;5;0
p3d:p3d_caustic-view0;1.586716;X=0.632292 Y=0.000000;X=0.625000 Y=0.375000;5;0
p3d:p3d_caustic-view0;1.603503;X=0.632292 Y=0.000000;X=0.625000 Y=0.375000;5;0
p3d:p3d_caustic-view0;1.620171;X=0.632292 Y=0.000000;X=0.625000 Y=0.375000;5;0
p3d:p3d_caustic-view0;1.636854;X=0.632292 Y=0.000000;X=0.625000 Y=0.375000;5;0
p3d:p3d_caustic-view0;1.653439;X=0.632292 Y=0.000000;X=0.625000 Y=0.375000;5;0
p3d:p3d_caustic-view0;1.670216;X=0.632292 Y=0.000000;X=0.625000 Y=0.375000;5;0
p3d:p3d_caustic-view0;1.686921;X=0.632292 Y=0.000000;X=0.625000 Y=0.375000;5;0
p3d:p3d_caustic-view0;1.703594;X=0.632292 Y=0.000000;X=0.625000 Y=0.375000;5;0
p3d:p3d_caustic-view0;1.720336;X=0.632292 Y=0.000000;X=0.625000 Y=0.375000;5;0
p3d:p3d_caustic-view0;1.737103;X=0.632292 Y=0.000000;X=0.625000 Y=0.375000;5;0
p3d:p3d_caustic-view0;1.753715;X=0.632292 Y=0.000000;X=0.625000 Y=0.375000;5;0
p3d:p3d_caustic-view0;1.770428;X=0.632292 Y=0.000000;X=0.625000 Y=0.375000;5;0
p3d:p3d_caustic-view0;1.787106;X=0.632292 Y=0.000000;X=0.625000 Y=0.375000;5;0
p3d:p3d_caustic-view0;1.803808;X=0.632292 Y=0.000000;X=0.625000 Y=0.375000;5;0
p3d:p3d_caustic-view0;1.820479;X=0.632292 Y=0.000000;X=0.625000 Y=0.375000;5;0
p3d:p3d_caustic-view0;1.837290;X=0.632292 Y=0.000000;X=0.625000 Y=0.375000;5;0
p3d:p3d_caustic-view0;1.853894;X=0.632292 Y=0.000000;X=0.625000 Y=0.375000;5;0
p3d:p3d_caustic-view0;1.870581;X=0.632292 Y=0.000000;X=0.625000 Y=0.375000;5;0
p3d:p3d_caustic-view0;1.887313;X=0.632292 Y=0.000000;X=0.625000 Y=0.375000;5;0
p3d:p3d_caustic-view0;1.903936;X=0.632292 Y=0.000000;X=0.625000 Y=0.375000;5;0
p3d:p3d_caustic-view0;1.920697;X=0.632292 Y=0.000000;X=0.625000 Y=0.375000;5;0
p3d:p3d_caustic-view0;1.937478;X=0.632292 Y=0.000000;X=0.625000 Y=0.375000;5;0
p3d:p3d_caustic-view0;1.954054;X=0.632292 Y=0.000000;X=0.625000 Y=0.375000;5;0
p3d:p3d_caustic-view0;1.970852;X=0.632292 Y=0.000000;X=0.625000 Y=0.375000;5;0
p3d:p3d_caustic-view0;1.987457;X=0.632292 Y=0.000000;X=0.625000 Y=0.375000;5;0
p3d:p3d_caustic-view0;2.004151;X=0.632292 Y=0.000000;X=0.625000 Y=0.375000;5;0
p3d:p3d_caustic-view0;2.020900;X=0.632292 Y=0.000000;X=0.625000 Y=0.375000;5;0
p3d:p3d_caustic-view0;2.037567;X=0.632292 Y=0.000000;X=0.625000 Y=0.375000;5;0
p3d:p3d_caustic-view0;2.054261;X=0.632292 Y=0.000000;X=0.625000 Y=0.375000;5;0
p3d:p3d_caustic-view0;2.070990;X=0.632292 Y=0.000000;X=0.625000 Y=0.375000;5;0
p3d:p3d_caustic-view0;2.087715;X=0.632292 Y=0.000000;X=0.625000 Y=0.375000;5;0
p3d:p3d_caustic-view0;2.104410;X=0.632292 Y=0.000000;X=0.625000 Y=0.375000;5;0
p3d:p3d_caustic-view0;2.120968;X=0.632292 Y=0.000000;X=0.625000 Y=0.375000;5;0
p3d:p3d_caustic-view0;2.138259;X=0.632292 Y=0.000000;X=0.625000 Y=0.375000;5;0
p3d:p3d_caustic-view0;2.154189;X=0.632292 Y=0.000000;X=0.625000 Y=0.375000;5;0
p3d:p3d_caustic-view0;2.171329;X=0.632292 Y=0.000000;X=0.625000 Y=0.375000;5;0
p3d:p3d_caustic-view0;2.187555;X=0.632292 Y=0.000000;X=0.625000 Y=0.375000;5;0
p3d:p3d_caustic-view0;2.204781;X=0.632292 Y=0.000000;X=0.625000 Y=0.375000;5;0
p3d:p3d_caustic-view0;2.220941;X=0.632292 Y=0.000000;X=0.625000 Y=0.375000;5;0
p3d:p3d_caustic-view0;2.238366;X=0.632292 Y=0.000000;X=0.625000 Y=0.375000;5;0
p3d:p3d_caustic-view0;2.254640;X=0.632292 Y=0.000000;X=0.625000 Y=0.375000;5;0
p3d:p3d_caustic-view0;2.271377;X=0.632292 Y=0.000000;X=0.625000 Y=0.375000;5;0
p3d:p3d_caustic-view0;2.288022;X=0.632292 Y=0.000000;X=0.625000 Y=0.375000;5;0
p3d:p3d_caustic-view0;2.304389;X=0.632292 Y=0.000000;X=0.625000 Y=0.375000;5;0
p3d:p3d_caustic-view0;2.321632;X=0.632292 Y=0.000000;X=0.625000 Y=0.375000;5;0
p3d:p3d_caustic-view0;2.337844;X=0.632292 Y=0.000000;X=0.625000 Y=0.375000;5;0
p3d:p3d_caustic-view0;2.355052;X=0.632292 Y=0.000000;X=0.625000 Y=0.375000;5;0
p3d:p3d_caustic-view0;2.371570;X=0.632292 Y=0.000000;X=0.625000 Y=0.375000;5;0
p3d:p3d_caustic-view0;2.388429;X=0.632292 Y=0.000000;X=0.625000 Y=0.375000;5;0
p3d:p3d_caustic-view0;2.405133;X=0.632292 Y=0.000000;X=0.625000 Y=0.375000;5;0
p3d:p3d_caustic-view0;2.422064;X=0.632292 Y=0.000000;X=0.625000 Y=0.375000;5;0
p3d:p3d_caustic-view0;2.438508;X=0.632292 Y=0.000000;X=0.625000 Y=0.375000;5;0
p3d:p3d_caustic-view0;2.455085;X=0.632292 Y=0.000000;X=0.625000 Y=0.375000;5;0
p3d:p3d_caustic-view0;2.471432;X=0.632292 Y=0.000000;X=0.625000 Y=0.375000;5;0
p3d:p3d_caustic-view0;2.488474;X=0.632292 Y=0.000000;X=0.625000 Y=0.375000;5;0
p3d:p3d_caustic-view0;2.504775;X=0.632292 Y=0.000000;X=0.625000 Y=0.375000;5;0
p3d:p3d_caustic-view0;2.521788;X=0.632292 Y=0.000000;X=0.625000 Y=0.375000;5;0
p3d:p3d_caustic-view0;2.538182;X=0.632292 Y=0.000000;X=0.625000 Y=0.375000;5;0
p3d:p3d_caustic-view0;2.555237;X=0.632292 Y=0.000000;X=0.625000 Y=0.375000;5;0
p3d:p3d_caustic-view0;2.571590;X=0.632292 Y=0.000000;X=0.625000 Y=0.375000;5;0
p3d:p3d_caustic-view0;2.588551;X=0.632292 Y=0.000000;X=0.625000 Y=0.375000;5;0
p3d:p3d_caustic-view0;2.604976;X=0.632292 Y=0.000000;X=0.625000 Y=0.375000;5;0
p3d:p3d_caustic-view0;2.622001;X=0.632292 Y=0.000000;X=0.625000 Y=0.375000;5;0
p3d:p3d_caustic-view0;2.638400;X=0.632292 Y=0.000000;X=0.625000 Y=0.375000;5;0
p3d:p3d_caustic-view0;2.655360;X=0.632292 Y=0.000000;X=0.625000 Y=0.375000;5;0
p3d:p3d_caustic-view0;2.672222;X=0.632292 Y=0.000000;X=0.625000 Y=0.375000;5;0
p3d:p3d_caustic-view0;2.688850;X=0.632292 Y=0.000000;X=0.625000 Y=0.375000;5;0
p3d:p3d_caustic-view0;2.705534;X=0.632292 Y=0.000000;X=0.625000 Y=0.375000;5;0
p3d:p3d_caustic-view0;2.722251;X=0.632292 Y=0.000000;X=0.625000 Y=0.375000;5;0
p3d:p3d_caustic-view0;2.738938;X=0.632292 Y=0.000000;X=0.625000 Y=0.375000;5;0
p3d:p3d_caustic-view0;2.755611;X=0.632292 Y=0.000000;X=0.625000 Y=0.375000;5;0
p3d:p3d_caustic-view0;2.772385;X=0.632292 Y=0.000000;X=0.625000 Y=0.375000;5;0
p3d:p3d_caustic-view0;2.789114;X=0.632292 Y=0.000000;X=0.625000 Y=0.375000;5;0
p3d:p3d_caustic-view0;2.805787;X=0.632292 Y=0.000000;X=0.625000 Y=0.375000;5;0
p3d:p3d_caustic-view0;2.822435;X=0.632292 Y=0.000000;X=0.625000 Y=0.375000;5;0
p3d:p3d_caustic-view0;2.839134;X=0.632292 Y=0.000000;X=0.625000 Y=0.375000;5;0
p3d:p3d_caustic-view0;2.855820;X=0.632292 Y=0.000000;X=0.625000 Y=0.375000;5;0
p3d:p3d_caustic-view0;2.872550;X=0.632292 Y=0.000000;X=0.625000 Y=0.375000;5;0
p3d:p3d_caustic-view0;2.889248;X=0.632292 Y=0.000000;X=0.625000 Y=0.375000;5;0
p3d:p3d_caustic-view0;2.905982;X=0.632292 Y=0.000000;X=0.625000 Y=0.375000;5;0
p3d:p3d_caustic-view0;2.922603;X=0.632292 Y=0.000000;X=0.625000 Y=0.375000;5;0
p3d:p3d_caustic-view0;2.939353;X=0.632292 Y=0.000000;X=0.625000 Y=0.375000;5;0
p3d:p3d_caustic-view0;2.955983;X=0.632292 Y=0.000000;X=0.625000 Y=0.375000;5;0
p3d:p3d_caustic-view0;2.972735;X=0.632292 Y=0.000000;X=0.625000 Y=0.375000;5;0
p3d:p3d_caustic-view0;2.989434;X=0.632292 Y=0.000000;X=0.625000 Y=0.375000;5;0
p3d:p3d_caustic-view0;3.006077;X=0.632292 Y=0.000000;X=0.625000 Y=0.375000;5;0
p3d:p3d_caustic-view0;3.022811;X=0.632292 Y=0.000000;X=0.625000 Y=0.375000;5;0
p3d:p3d_caustic-view0;3.039567;X=0.632292 Y=0.000000;X=0.625000 Y=0.375000;5;0
p3d:p3d_caustic-view0;3.056193;X=0.632292 Y=0.000000;X=0.625000 Y=0.375000;5;0
p3d:p3d_caustic-view0;3.072961;X=0.632292 Y=0.000000;X=0.625000 Y=0.375000;5;0
p3d:p3d_caustic-view0;3.089607;X=0.632292 Y=0.000000;X=0.625000 Y=0.375000;5;0
p3d:p3d_caustic-view0;3.106279;X=0.632292 Y=0.000000;X=0.625000 Y=0.375000;5;0
p3d:p3d_caustic-view0;3.122874;X=0.632292 Y=0.000000;X=0.625000 Y=0.375000;5;0
p3d:p3d_caustic-view0;3.139773;X=0.632292 Y=0.000000;X=0.625000 Y=0.375000;5;0
p3d:p3d_caustic-view0;3.156412;X=0.632292 Y=0.000000;X=0.625000 Y=0.375000;5;0
p3d:p3d_caustic-view0;3.173169;X=0.632292 Y=0.000000;X=0.625000 Y=0.375000;5;0
p3d:p3d_caustic-view0;3.189814;X=0.632292 Y=0.000000;X=0.625000 Y=0.375000;5;0
p3d:p3d_caustic-view0;3.207289;X=0.632292 Y=0.000000;X=0.625000 Y=0.375000;5;0
p3d:p3d_caustic-view0;3.223195;X=0.632292 Y=0.000000;X=0.625000 Y=0.375000;5;0
p3d:p3d_caustic-view0;3.239949;X=0.632292 Y=0.000000;X=0.625000 Y=0.375000;5;0
p3d:p3d_caustic-view0;3.256579;X=0.632292 Y=0.000000;X=0.625000 Y=0.375000;5;0
p3d:p3d_caustic-view0;3.273339;X=0.632292 Y=0.000000;X=0.625000 Y=0.375000;5;0
p3d:p3d_caustic-view0;3.289972;X=0.632292 Y=0.000000;X=0.625000 Y=0.375000;5;0
p3d:p3d_caustic-view0;3.306708;X=0.632292 Y=0.000000;X=0.625000 Y=0.375000;5;0
p3d:p3d_caustic-view0;3.323403;X=0.632292 Y=0.000000;X=0.625000 Y=0.375000;5;0
p3d:p3d_caustic-view0;3.340136;X=0.632292 Y=0.000000;X=0.625000 Y=0.375000;5;0
p3d:p3d_caustic-view0;3.356805;X=0.632292 Y=0.000000;X=0.625000 Y=0.375000;5;0
p3d:p3d_caustic-view0;3.373481;X=0.632292 Y=0.000000;X=0.625000 Y=0.375000;5;0
p3d:p3d_caustic-view0;3.391004;X=0.586458 Y=0.004630;X=0.625000 Y=0.375000;5;0
p3d:p3d_caustic-view0;3.407012;X=0.586458 Y=0.013889;X=0.625000 Y=0.375000;5;0
p3d:p3d_caustic-view0;3.423646;X=0.585417 Y=0.041667;X=0.625000 Y=0.375000;5;0
p3d:p3d_caustic-view0;3.440337;X=0.578125 Y=0.073148;X=0.625000 Y=0.375000;5;0
p3d:p3d_caustic-view0;3.457108;X=0.568750 Y=0.107407;X=0.625000 Y=0.375000;5;0
p3d:p3d_caustic-view0;3.473823;X=0.552083 Y=0.156481;X=0.625000 Y=0.375000;5;0
p3d:p3d_caustic-view0;3.490460;X=0.528125 Y=0.210185;X=0.625000 Y=0.375000;5;0
p3d:p3d_caustic-view0;3.507177;X=0.493750 Y=0.275000;X=0.625000 Y=0.375000;5;0
p3d:p3d_caustic-view0;3.523904;X=0.465625 Y=0.325000;X=0.625000 Y=0.375000;5;0
p3d:p3d_caustic-view0;3.540577;X=0.444792 Y=0.366667;X=0.625000 Y=0.375000;5;0
p3d:p3d_caustic-view0;3.557272;X=0.425000 Y=0.397222;X=0.625000 Y=0.375000;5;0
p3d:p3d_caustic-view0;3.573960;X=0.406250 Y=0.420370;X=0.625000 Y=0.375000;5;0
p3d:p3d_caustic-view0;3.590614;X=0.396875 Y=0.427778;X=0.625000 Y=0.375000;5;0
p3d:p3d_caustic-view0;3.607469;X=0.378125 Y=0.446296;X=0.625000 Y=0.375000;5;0
p3d:p3d_caustic-view0;3.624029;X=0.362500 Y=0.462037;X=0.625000 Y=0.375000;5;0
p3d:p3d_caustic-view0;3.640774;X=0.338542 Y=0.480556;X=0.625000 Y=0.375000;5;0
p3d:p3d_caustic-view0;3.657451;X=0.323958 Y=0.492593;X=0.625000 Y=0.375000;5;0
p3d:p3d_caustic-view0;3.674152;X=0.310417 Y=0.510185;X=0.625000 Y=0.375000;5;0
p3d:p3d_caustic-view0;3.690826;X=0.307292 Y=0.516667;X=0.625000 Y=0.375000;5;0
p3d:p3d_caustic-view0;3.707457;X=0.307292 Y=0.516667;X=0.625000 Y=0.375000;5;0
p3d:p3d_caustic-view0;3.724195;X=0.307292 Y=0.516667;X=0.625000 Y=0.375000;5;0
p3d:p3d_caustic-view0;3.740867;X=0.307292 Y=0.516667;X=0.625000 Y=0.375000;5;0
p3d:p3d_caustic-view0;3.757518;X=0.307292 Y=0.516667;X=0.625000 Y=0.375000;5;0
p3d:p3d_caustic-view0;3.774289;X=0.307292 Y=0.516667;X=0.625000 Y=0.375000;5;0
p3d:p3d_caustic-view0;3.790937;X=0.307292 Y=0.516667;X=0.625000 Y=0.375000;5;0
p3d:p3d_caustic-view0;3.807699;X=0.307292 Y=0.516667;X=0.625000 Y=0.375000;5;0
p3d:p3d_caustic-view0;3.824346;X=0.307292 Y=0.516667;X=0.625000 Y=0.375000;5;0
p3d:p3d_caustic-view0;3.841117;X=0.307292 Y=0.516667;X=0.625000 Y=0.375000;5;0
p3d:p3d_caustic-view0;3.857727;X=0.307292 Y=0.516667;X=0.625000 Y=0.375000;5;0
p3d:p3d_caustic-view0;3.874419;X=0.307292 Y=0.516667;X=0.625000 Y=0.375000;5;0
p3d:p3d_caustic-view0;3.891105;X=0.307292 Y=0.516667;X=0.625000 Y=0.375000;5;0
p3d:p3d_caustic-view0;3.907846;X=0.307292 Y=0.516667;X=0.625000 Y=0.375000;5;0
p3d:p3d_caustic-view0;3.924575;X=0.307292 Y=0.516667;X=0.625000 Y=0.375000;5;0
p3d:p3d_caustic-view0;3.941288;X=0.307292 Y=0.516667;X=0.625000 Y=0.375000;5;0
p3d:p3d_caustic-view0;3.957952;X=0.307292 Y=0.516667;X=0.625000 Y=0.375000;5;0
p3d:p3d_caustic-view0;3.974629;X=0.307292 Y=0.516667;X=0.625000 Y=0.375000;5;0
p3d:p3d_caustic-view0;3.991381;X=0.307292 Y=0.516667;X=0.625000 Y=0.375000;5;0
p3d:p3d_caustic-view0;4.008083;X=0.307292 Y=0.516667;X=0.625000 Y=0.375000;5;0
p3d:p3d_caustic-view0;4.024715;X=0.307292 Y=0.516667;X=0.625000 Y=0.375000;5;0
p3d:p3d_caustic-view0;4.041457;X=0.307292 Y=0.516667;X=0.625000 Y=0.375000;5;0
p3d:p3d_caustic-view0;4.058102;X=0.307292 Y=0.516667;X=0.625000 Y=0.375000;5;0
p3d:p3d_caustic-view0;4.074834;X=0.307292 Y=0.516667;X=0.625000 Y=0.375000;5;0
p3d:p3d_caustic-view0;4.091486;X=0.307292 Y=0.516667;X=0.625000 Y=0.375000;5;0
p3d:p3d_caustic-view0;4.108366;X=0.307292 Y=0.521296;X=0.625000 Y=0.375000;5;0
p3d:p3d_caustic-view0;4.124762;X=0.308333 Y=0.520370;X=0.625000 Y=0.375000;5;0
p3d:p3d_caustic-view0;4.141695;X=0.308333 Y=0.517593;X=0.625000 Y=0.375000;5;0
p3d:p3d_caustic-view0;4.158326;X=0.308333 Y=0.517593;X=0.625000 Y=0.375000;5;0
p3d:p3d_caustic-view0;4.175190;X=0.308333 Y=0.517593;X=0.625000 Y=0.375000;5;0
