Tue Jul  6 15:29:13 2021

p3d:p3d_tutorial;0.020770;X=0.000000 Y=0.000000;X=-0.125000 Y=0.125000;1;0
p3d:p3d_tutorial;0.034773;X=0.000000 Y=0.000000;X=-0.125000 Y=0.125000;1;0
p3d:p3d_tutorial;0.050343;X=0.000000 Y=0.000000;X=-0.125000 Y=0.125000;1;0
p3d:p3d_tutorial;0.066591;X=0.000000 Y=0.000000;X=-0.125000 Y=0.125000;1;0
p3d:p3d_tutorial;0.083287;X=0.000000 Y=0.000000;X=-0.125000 Y=0.125000;1;0
p3d:p3d_tutorial;0.099993;X=0.000000 Y=0.000000;X=-0.125000 Y=0.125000;1;0
p3d:p3d_tutorial;0.116733;X=0.000000 Y=0.000000;X=-0.125000 Y=0.125000;1;0
p3d:p3d_tutorial;0.133390;X=0.000000 Y=0.000000;X=-0.125000 Y=0.125000;1;0
p3d:p3d_tutorial;0.150069;X=0.000000 Y=0.000000;X=-0.125000 Y=0.125000;1;0
p3d:p3d_tutorial;0.166817;X=0.000000 Y=0.000000;X=-0.125000 Y=0.125000;1;0
p3d:p3d_tutorial;0.183504;X=0.000000 Y=0.000000;X=-0.125000 Y=0.125000;1;0
p3d:p3d_tutorial;0.200218;X=0.000000 Y=0.000000;X=-0.125000 Y=0.125000;1;0
p3d:p3d_tutorial;0.216843;X=0.000000 Y=0.000000;X=-0.125000 Y=0.125000;1;0
p3d:p3d_tutorial;0.233572;X=0.000000 Y=0.000000;X=-0.125000 Y=0.125000;1;0
p3d:p3d_tutorial;0.250230;X=0.000000 Y=0.000000;X=-0.125000 Y=0.125000;1;0
p3d:p3d_tutorial;0.267001;X=0.000000 Y=0.000000;X=-0.125000 Y=0.125000;1;0
p3d:p3d_tutorial;0.283681;X=0.000000 Y=0.000000;X=-0.125000 Y=0.125000;1;0
p3d:p3d_tutorial;0.300337;X=0.000000 Y=0.000000;X=-0.125000 Y=0.125000;1;0
p3d:p3d_tutorial;0.317046;X=0.000000 Y=0.000000;X=-0.125000 Y=0.125000;1;0
p3d:p3d_tutorial;0.333753;X=0.000000 Y=0.000000;X=-0.125000 Y=0.125000;1;0
p3d:p3d_tutorial;0.350439;X=0.000000 Y=0.000000;X=-0.125000 Y=0.125000;1;0
p3d:p3d_tutorial;0.367195;X=0.000000 Y=0.000000;X=-0.125000 Y=0.125000;1;0
p3d:p3d_tutorial;0.383881;X=0.000000 Y=0.000000;X=-0.125000 Y=0.125000;1;0
p3d:p3d_tutorial;0.400610;X=0.000000 Y=0.000000;X=-0.125000 Y=0.125000;1;0
p3d:p3d_tutorial;0.417229;X=0.000000 Y=0.000000;X=-0.125000 Y=0.125000;1;0
p3d:p3d_tutorial;0.433963;X=0.000000 Y=0.000000;X=-0.125000 Y=0.125000;1;0
p3d:p3d_tutorial;0.450686;X=0.000000 Y=0.000000;X=-0.125000 Y=0.125000;1;0
p3d:p3d_tutorial;0.467331;X=0.000000 Y=0.000000;X=-0.125000 Y=0.125000;1;0
p3d:p3d_tutorial;0.484036;X=0.000000 Y=0.000000;X=-0.125000 Y=0.125000;1;0
p3d:p3d_tutorial;0.500748;X=0.000000 Y=0.000000;X=-0.125000 Y=0.125000;1;0
p3d:p3d_tutorial;0.517437;X=0.000000 Y=0.000000;X=-0.125000 Y=0.125000;1;0
p3d:p3d_tutorial;0.534127;X=0.000000 Y=0.000000;X=-0.125000 Y=0.125000;1;0
p3d:p3d_tutorial;0.550855;X=0.000000 Y=0.000000;X=-0.125000 Y=0.125000;1;0
p3d:p3d_tutorial;0.567572;X=0.000000 Y=0.000000;X=-0.125000 Y=0.125000;1;0
p3d:p3d_tutorial;0.584085;X=0.000000 Y=0.000000;X=-0.125000 Y=0.125000;1;0
p3d:p3d_tutorial;0.600810;X=0.000000 Y=0.000000;X=-0.125000 Y=0.125000;1;0
p3d:p3d_tutorial;0.617587;X=0.000000 Y=0.000000;X=-0.125000 Y=0.125000;1;0
p3d:p3d_tutorial;0.634917;X=0.000000 Y=0.000000;X=-0.125000 Y=0.125000;1;0
p3d:p3d_tutorial;0.650765;X=-0.261458 Y=0.784259;X=-0.125000 Y=0.125000;1;0
p3d:p3d_tutorial;0.667466;X=-0.079167 Y=0.748148;X=-0.125000 Y=0.125000;1;0
p3d:p3d_tutorial;0.684940;X=0.061458 Y=0.706481;X=-0.125000 Y=0.125000;1;0
p3d:p3d_tutorial;0.702232;X=0.207292 Y=0.650926;X=-0.125000 Y=0.125000;1;0
p3d:p3d_tutorial;0.718264;X=0.245833 Y=0.629630;X=-0.125000 Y=0.125000;1;0
p3d:p3d_tutorial;0.735125;X=0.271875 Y=0.616667;X=-0.125000 Y=0.125000;1;0
p3d:p3d_tutorial;0.751821;X=0.284375 Y=0.611111;X=-0.125000 Y=0.125000;1;0
p3d:p3d_tutorial;0.768602;X=0.298958 Y=0.605556;X=-0.125000 Y=0.125000;1;0
p3d:p3d_tutorial;0.785185;X=0.305208 Y=0.601852;X=-0.125000 Y=0.125000;1;0
p3d:p3d_tutorial;0.802009;X=0.319792 Y=0.598148;X=-0.125000 Y=0.125000;1;0
p3d:p3d_tutorial;0.818492;X=0.327083 Y=0.598148;X=-0.125000 Y=0.125000;1;0
p3d:p3d_tutorial;0.835018;X=0.332292 Y=0.597222;X=-0.125000 Y=0.125000;1;0
p3d:p3d_tutorial;0.852027;X=0.334375 Y=0.597222;X=-0.125000 Y=0.125000;1;0
p3d:p3d_tutorial;0.868778;X=0.335417 Y=0.596296;X=-0.125000 Y=0.125000;1;0
p3d:p3d_tutorial;0.885393;X=0.335417 Y=0.596296;X=-0.125000 Y=0.125000;1;0
p3d:p3d_tutorial;0.902081;X=0.335417 Y=0.596296;X=-0.125000 Y=0.125000;1;0
p3d:p3d_tutorial;0.918830;X=0.335417 Y=0.596296;X=-0.125000 Y=0.125000;1;0
p3d:p3d_tutorial;0.935486;X=0.335417 Y=0.596296;X=-0.125000 Y=0.125000;1;0
p3d:p3d_tutorial;0.952083;X=0.335417 Y=0.596296;X=-0.125000 Y=0.125000;1;0
p3d:p3d_tutorial;0.968770;X=0.335417 Y=0.596296;X=-0.125000 Y=0.125000;1;0
p3d:p3d_tutorial;0.985459;X=0.335417 Y=0.596296;X=-0.125000 Y=0.125000;1;0
p3d:p3d_tutorial;1.002172;X=0.335417 Y=0.596296;X=-0.125000 Y=0.125000;1;0
p3d:p3d_tutorial;1.018915;X=0.335417 Y=0.596296;X=-0.125000 Y=0.125000;1;0
p3d:p3d_tutorial;1.035591;X=0.335417 Y=0.596296;X=-0.125000 Y=0.125000;1;0
p3d:p3d_tutorial;1.052399;X=0.335417 Y=0.596296;X=-0.125000 Y=0.125000;1;0
p3d:p3d_tutorial;1.069066;X=0.335417 Y=0.596296;X=-0.125000 Y=0.125000;1;0
p3d:p3d_tutorial;1.085728;X=0.335417 Y=0.596296;X=-0.125000 Y=0.125000;1;0
p3d:p3d_tutorial;1.102406;X=0.335417 Y=0.596296;X=-0.125000 Y=0.125000;1;0
p3d:p3d_tutorial;1.119097;X=0.335417 Y=0.596296;X=-0.125000 Y=0.125000;1;0
p3d:p3d_tutorial;1.135865;X=0.335417 Y=0.596296;X=-0.125000 Y=0.125000;1;0
p3d:p3d_tutorial;1.152530;X=0.335417 Y=0.596296;X=-0.125000 Y=0.125000;1;0
p3d:p3d_tutorial;1.169242;X=0.335417 Y=0.596296;X=-0.125000 Y=0.125000;1;0
p3d:p3d_tutorial;1.185913;X=0.335417 Y=0.596296;X=-0.125000 Y=0.125000;1;0
p3d:p3d_tutorial;1.202765;X=0.335417 Y=0.596296;X=-0.125000 Y=0.125000;1;0
p3d:p3d_tutorial;1.219500;X=0.335417 Y=0.596296;X=-0.125000 Y=0.125000;1;0
p3d:p3d_tutorial;1.235976;X=0.335417 Y=0.596296;X=-0.125000 Y=0.125000;1;0
p3d:p3d_tutorial;1.252894;X=0.335417 Y=0.596296;X=-0.125000 Y=0.125000;1;1
p3d:p3d_tutorial;1.269197;X=0.335417 Y=0.596296;X=-0.125000 Y=0.125000;1;1
p3d:p3d_tutorial;1.285982;X=0.335417 Y=0.596296;X=-0.125000 Y=0.125000;1;1
p3d:p3d_tutorial;1.302740;X=0.335417 Y=0.596296;X=-0.125000 Y=0.125000;1;1
p3d:p3d_tutorial;1.319684;X=0.335417 Y=0.596296;X=-0.125000 Y=0.125000;1;1
p3d:p3d_tutorial;1.336188;X=0.335417 Y=0.596296;X=-0.125000 Y=0.125000;1;1
p3d:p3d_tutorial;1.352862;X=0.335417 Y=0.596296;X=-0.125000 Y=0.125000;1;1
p3d:p3d_tutorial;1.369744;X=0.335417 Y=0.596296;X=-0.125000 Y=0.125000;1;1
p3d:p3d_tutorial;1.386324;X=0.335417 Y=0.596296;X=-0.125000 Y=0.125000;1;1
p3d:p3d_tutorial;1.403003;X=0.335417 Y=0.596296;X=-0.125000 Y=0.125000;1;1
p3d:p3d_tutorial;1.419742;X=0.335417 Y=0.596296;X=-0.125000 Y=0.125000;1;1
p3d:p3d_tutorial;1.436516;X=0.335417 Y=0.596296;X=-0.125000 Y=0.125000;1;1
p3d:p3d_tutorial;1.453177;X=0.335417 Y=0.596296;X=-0.125000 Y=0.125000;1;1
p3d:p3d_tutorial;1.469877;X=0.335417 Y=0.596296;X=-0.125000 Y=0.125000;1;1
p3d:p3d_tutorial;1.486542;X=0.335417 Y=0.596296;X=-0.125000 Y=0.125000;1;1
p3d:p3d_tutorial;1.503299;X=0.335417 Y=0.596296;X=-0.125000 Y=0.125000;1;1
p3d:p3d_tutorial;1.519408;X=0.335417 Y=0.596296;X=-0.125000 Y=0.125000;1;1
p3d:p3d_tutorial;1.536159;X=0.336458 Y=0.596296;X=-0.125000 Y=0.125000;1;1
p3d:p3d_tutorial;1.552841;X=0.341667 Y=0.598148;X=-0.125000 Y=0.125000;1;1
p3d:p3d_tutorial;1.569592;X=0.344792 Y=0.600000;X=-0.125000 Y=0.125000;1;1
p3d:p3d_tutorial;1.586317;X=0.360417 Y=0.606481;X=-0.125000 Y=0.125000;1;1
p3d:p3d_tutorial;1.602988;X=0.387500 Y=0.616667;X=-0.125000 Y=0.125000;1;1
p3d:p3d_tutorial;1.619660;X=0.437500 Y=0.636111;X=-0.125000 Y=0.125000;1;1
p3d:p3d_tutorial;1.636417;X=0.485417 Y=0.653704;X=-0.125000 Y=0.125000;1;1
p3d:p3d_tutorial;1.652890;X=0.543750 Y=0.674074;X=-0.125000 Y=0.125000;1;1
p3d:p3d_tutorial;1.669662;X=0.593750 Y=0.690741;X=-0.125000 Y=0.125000;1;1
p3d:p3d_tutorial;1.686404;X=0.650000 Y=0.707407;X=-0.125000 Y=0.125000;1;1
p3d:p3d_tutorial;1.703035;X=0.676042 Y=0.716667;X=-0.125000 Y=0.125000;1;1
p3d:p3d_tutorial;1.719769;X=0.694792 Y=0.721296;X=-0.125000 Y=0.125000;1;1
p3d:p3d_tutorial;1.736516;X=0.705208 Y=0.725000;X=-0.125000 Y=0.125000;1;1
p3d:p3d_tutorial;1.753204;X=0.709375 Y=0.725000;X=-0.125000 Y=0.125000;1;1
p3d:p3d_tutorial;1.769798;X=0.709375 Y=0.725000;X=-0.125000 Y=0.125000;1;1
p3d:p3d_tutorial;1.786534;X=0.709375 Y=0.725000;X=-0.125000 Y=0.125000;1;1
p3d:p3d_tutorial;1.803209;X=0.709375 Y=0.725000;X=-0.125000 Y=0.125000;1;1
p3d:p3d_tutorial;1.819953;X=0.709375 Y=0.725000;X=-0.125000 Y=0.125000;1;1
p3d:p3d_tutorial;1.836273;X=0.709375 Y=0.725000;X=-0.125000 Y=0.125000;1;1
p3d:p3d_tutorial;1.853321;X=0.709375 Y=0.725000;X=-0.125000 Y=0.125000;1;1
p3d:p3d_tutorial;1.870062;X=0.709375 Y=0.725000;X=-0.125000 Y=0.125000;1;1
p3d:p3d_tutorial;1.886702;X=0.709375 Y=0.725000;X=-0.125000 Y=0.125000;1;1
p3d:p3d_tutorial;1.903470;X=0.709375 Y=0.725000;X=-0.125000 Y=0.125000;1;1
p3d:p3d_tutorial;1.920106;X=0.709375 Y=0.725000;X=-0.125000 Y=0.125000;1;1
p3d:p3d_tutorial;1.936876;X=0.709375 Y=0.725000;X=-0.125000 Y=0.125000;1;1
p3d:p3d_tutorial;1.953437;X=0.709375 Y=0.725000;X=-0.125000 Y=0.125000;1;1
p3d:p3d_tutorial;1.970250;X=0.709375 Y=0.725000;X=-0.125000 Y=0.125000;1;1
p3d:p3d_tutorial;1.986921;X=0.709375 Y=0.725000;X=-0.125000 Y=0.125000;1;1
p3d:p3d_tutorial;2.003579;X=0.709375 Y=0.725000;X=-0.125000 Y=0.125000;1;1
p3d:p3d_tutorial;2.020303;X=0.709375 Y=0.725000;X=-0.125000 Y=0.125000;1;1
p3d:p3d_tutorial;2.036952;X=0.709375 Y=0.725000;X=-0.125000 Y=0.125000;1;1
p3d:p3d_tutorial;2.053735;X=0.709375 Y=0.725000;X=-0.125000 Y=0.125000;1;1
p3d:p3d_tutorial;2.070427;X=0.709375 Y=0.725000;X=-0.125000 Y=0.125000;1;1
p3d:p3d_tutorial;2.087110;X=0.709375 Y=0.725000;X=-0.125000 Y=0.125000;1;1
p3d:p3d_tutorial;2.103816;X=0.709375 Y=0.725000;X=-0.125000 Y=0.125000;1;1
p3d:p3d_tutorial;2.120647;X=0.709375 Y=0.725000;X=-0.125000 Y=0.125000;1;0
p3d:p3d_tutorial;2.137219;X=0.709375 Y=0.725000;X=-0.125000 Y=0.125000;1;0
p3d:p3d_tutorial;2.153864;X=0.709375 Y=0.725000;X=-0.125000 Y=0.125000;1;0
p3d:p3d_tutorial;2.170586;X=0.709375 Y=0.725000;X=-0.125000 Y=0.125000;1;0
p3d:p3d_tutorial;2.187296;X=0.709375 Y=0.725000;X=-0.125000 Y=0.125000;1;0
p3d:p3d_tutorial;2.204006;X=0.709375 Y=0.725000;X=-0.125000 Y=0.125000;1;0
p3d:p3d_tutorial;2.220717;X=0.709375 Y=0.725000;X=-0.125000 Y=0.125000;1;0
p3d:p3d_tutorial;2.237395;X=0.709375 Y=0.725000;X=-0.125000 Y=0.125000;1;0
p3d:p3d_tutorial;2.254082;X=0.709375 Y=0.725000;X=-0.125000 Y=0.125000;1;0
p3d:p3d_tutorial;2.270845;X=0.709375 Y=0.725000;X=-0.125000 Y=0.125000;1;0
p3d:p3d_tutorial;2.287538;X=0.709375 Y=0.725000;X=-0.125000 Y=0.125000;1;0
p3d:p3d_tutorial;2.304202;X=0.709375 Y=0.725000;X=-0.125000 Y=0.125000;1;0
p3d:p3d_tutorial;2.320892;X=0.709375 Y=0.725000;X=-0.125000 Y=0.125000;1;0
p3d:p3d_tutorial;2.337602;X=0.709375 Y=0.725000;X=-0.125000 Y=0.125000;1;0
p3d:p3d_tutorial;2.354284;X=0.709375 Y=0.725000;X=-0.125000 Y=0.125000;1;0
p3d:p3d_tutorial;2.371087;X=0.710417 Y=0.723148;X=-0.125000 Y=0.125000;1;0
p3d:p3d_tutorial;2.387752;X=0.710417 Y=0.713889;X=-0.125000 Y=0.125000;1;0
p3d:p3d_tutorial;2.404490;X=0.713542 Y=0.696296;X=-0.125000 Y=0.125000;1;0
p3d:p3d_tutorial;2.421111;X=0.713542 Y=0.636111;X=-0.125000 Y=0.125000;1;0
p3d:p3d_tutorial;2.437907;X=0.711458 Y=0.562963;X=-0.125000 Y=0.125000;1;0
p3d:p3d_tutorial;2.454530;X=0.730208 Y=0.442593;X=-0.125000 Y=0.125000;1;0
p3d:p3d_tutorial;2.471196;X=0.756250 Y=0.381481;X=-0.125000 Y=0.125000;1;0
p3d:p3d_tutorial;2.487960;X=0.772917 Y=0.350926;X=-0.125000 Y=0.125000;1;0
p3d:p3d_tutorial;2.504697;X=0.794792 Y=0.307407;X=-0.125000 Y=0.125000;1;0
p3d:p3d_tutorial;2.521370;X=0.810417 Y=0.269444;X=-0.125000 Y=0.125000;1;0
p3d:p3d_tutorial;2.538071;X=0.814583 Y=0.246296;X=-0.125000 Y=0.125000;1;0
p3d:p3d_tutorial;2.554744;X=0.816667 Y=0.232407;X=-0.125000 Y=0.125000;1;0
p3d:p3d_tutorial;2.571466;X=0.816667 Y=0.225000;X=-0.125000 Y=0.125000;1;0
p3d:p3d_tutorial;2.588160;X=0.816667 Y=0.222222;X=-0.125000 Y=0.125000;1;0
p3d:p3d_tutorial;2.604941;X=0.816667 Y=0.219444;X=-0.125000 Y=0.125000;1;0
p3d:p3d_tutorial;2.621535;X=0.816667 Y=0.218519;X=-0.125000 Y=0.125000;1;0
p3d:p3d_tutorial;2.638214;X=0.816667 Y=0.218519;X=-0.125000 Y=0.125000;1;0
p3d:p3d_tutorial;2.654871;X=0.816667 Y=0.218519;X=-0.125000 Y=0.125000;1;0
p3d:p3d_tutorial;2.671617;X=0.816667 Y=0.218519;X=-0.125000 Y=0.125000;1;0
p3d:p3d_tutorial;2.688306;X=0.816667 Y=0.218519;X=-0.125000 Y=0.125000;1;0
p3d:p3d_tutorial;2.704962;X=0.816667 Y=0.218519;X=-0.125000 Y=0.125000;1;0
p3d:p3d_tutorial;2.721661;X=0.816667 Y=0.218519;X=-0.125000 Y=0.125000;1;0
p3d:p3d_tutorial;2.738386;X=0.816667 Y=0.218519;X=-0.125000 Y=0.125000;1;0
p3d:p3d_tutorial;2.755110;X=0.816667 Y=0.218519;X=-0.125000 Y=0.125000;1;0
p3d:p3d_tutorial;2.771881;X=0.816667 Y=0.222222;X=-0.125000 Y=0.125000;1;0
p3d:p3d_tutorial;2.788618;X=0.815625 Y=0.226852;X=-0.125000 Y=0.125000;1;0
p3d:p3d_tutorial;2.805300;X=0.813542 Y=0.237037;X=-0.125000 Y=0.125000;1;0
p3d:p3d_tutorial;2.822085;X=0.808333 Y=0.262963;X=-0.125000 Y=0.125000;1;0
p3d:p3d_tutorial;2.838707;X=0.807292 Y=0.281481;X=-0.125000 Y=0.125000;1;0
p3d:p3d_tutorial;2.855377;X=0.802083 Y=0.301852;X=-0.125000 Y=0.125000;1;0
p3d:p3d_tutorial;2.872141;X=0.797917 Y=0.314815;X=-0.125000 Y=0.125000;1;0
p3d:p3d_tutorial;2.888907;X=0.794792 Y=0.330556;X=-0.125000 Y=0.125000;1;0
p3d:p3d_tutorial;2.905538;X=0.792708 Y=0.344444;X=-0.125000 Y=0.125000;1;0
p3d:p3d_tutorial;2.922193;X=0.789583 Y=0.350926;X=-0.125000 Y=0.125000;1;0
p3d:p3d_tutorial;2.938975;X=0.786458 Y=0.362963;X=-0.125000 Y=0.125000;1;0
p3d:p3d_tutorial;2.955581;X=0.784375 Y=0.370370;X=-0.125000 Y=0.125000;1;0
p3d:p3d_tutorial;2.972329;X=0.783333 Y=0.375000;X=-0.125000 Y=0.125000;1;0
p3d:p3d_tutorial;2.989068;X=0.783333 Y=0.379630;X=-0.125000 Y=0.125000;1;0
p3d:p3d_tutorial;3.005662;X=0.782292 Y=0.380556;X=-0.125000 Y=0.125000;1;0
p3d:p3d_tutorial;3.022004;X=0.782292 Y=0.381481;X=-0.125000 Y=0.125000;1;0
p3d:p3d_tutorial;3.038979;X=0.782292 Y=0.381481;X=-0.125000 Y=0.125000;1;0
p3d:p3d_tutorial;3.055747;X=0.782292 Y=0.381481;X=-0.125000 Y=0.125000;1;0
p3d:p3d_tutorial;3.072427;X=0.782292 Y=0.381481;X=-0.125000 Y=0.125000;1;0
p3d:p3d_tutorial;3.089118;X=0.782292 Y=0.381481;X=-0.125000 Y=0.125000;1;0
p3d:p3d_tutorial;3.105816;X=0.782292 Y=0.381481;X=-0.125000 Y=0.125000;1;0
p3d:p3d_tutorial;3.122561;X=0.782292 Y=0.381481;X=-0.125000 Y=0.125000;1;0
p3d:p3d_tutorial;3.139204;X=0.782292 Y=0.381481;X=-0.125000 Y=0.125000;1;0
p3d:p3d_tutorial;3.155909;X=0.782292 Y=0.381481;X=-0.125000 Y=0.125000;1;0
p3d:p3d_tutorial;3.172665;X=0.782292 Y=0.381481;X=-0.125000 Y=0.125000;1;0
p3d:p3d_tutorial;3.189261;X=0.782292 Y=0.381481;X=-0.125000 Y=0.125000;1;1
p3d:p3d_tutorial;3.206011;X=0.782292 Y=0.381481;X=-0.125000 Y=0.125000;1;1
p3d:p3d_tutorial;3.222736;X=0.782292 Y=0.381481;X=-0.125000 Y=0.125000;1;1
p3d:p3d_tutorial;3.239405;X=0.782292 Y=0.381481;X=-0.125000 Y=0.125000;1;1
p3d:p3d_tutorial;3.256110;X=0.782292 Y=0.381481;X=-0.125000 Y=0.125000;1;1
p3d:p3d_tutorial;3.272917;X=0.782292 Y=0.381481;X=-0.125000 Y=0.125000;1;1
p3d:p3d_tutorial;3.289558;X=0.782292 Y=0.381481;X=-0.125000 Y=0.125000;1;1
p3d:p3d_tutorial;3.306248;X=0.782292 Y=0.381481;X=-0.125000 Y=0.125000;1;1
p3d:p3d_tutorial;3.322867;X=0.782292 Y=0.381481;X=-0.125000 Y=0.125000;1;1
p3d:p3d_tutorial;3.339603;X=0.782292 Y=0.381481;X=-0.125000 Y=0.125000;1;1
p3d:p3d_tutorial;3.356291;X=0.782292 Y=0.381481;X=-0.125000 Y=0.125000;1;1
p3d:p3d_tutorial;3.373068;X=0.782292 Y=0.381481;X=-0.125000 Y=0.125000;1;1
p3d:p3d_tutorial;3.389631;X=0.782292 Y=0.381481;X=-0.125000 Y=0.125000;1;1
p3d:p3d_tutorial;3.406381;X=0.782292 Y=0.381481;X=-0.125000 Y=0.125000;1;1
p3d:p3d_tutorial;3.423117;X=0.782292 Y=0.381481;X=-0.125000 Y=0.125000;1;1
p3d:p3d_tutorial;3.439860;X=0.782292 Y=0.381481;X=-0.125000 Y=0.125000;1;1
p3d:p3d_tutorial;3.456533;X=0.782292 Y=0.381481;X=-0.125000 Y=0.125000;1;1
p3d:p3d_tutorial;3.473191;X=0.782292 Y=0.381481;X=-0.125000 Y=0.125000;1;1
p3d:p3d_tutorial;3.489856;X=0.782292 Y=0.381481;X=-0.125000 Y=0.125000;1;1
p3d:p3d_tutorial;3.506570;X=0.782292 Y=0.381481;X=-0.125000 Y=0.125000;1;1
p3d:p3d_tutorial;3.523321;X=0.782292 Y=0.381481;X=-0.125000 Y=0.125000;1;1
p3d:p3d_tutorial;3.539986;X=0.782292 Y=0.381481;X=-0.125000 Y=0.125000;1;1
p3d:p3d_tutorial;3.556762;X=0.782292 Y=0.381481;X=-0.125000 Y=0.125000;1;1
p3d:p3d_tutorial;3.573407;X=0.782292 Y=0.381481;X=-0.125000 Y=0.125000;1;1
p3d:p3d_tutorial;3.590076;X=0.782292 Y=0.381481;X=-0.125000 Y=0.125000;1;1
p3d:p3d_tutorial;3.606829;X=0.782292 Y=0.381481;X=-0.125000 Y=0.125000;1;1
p3d:p3d_tutorial;3.623507;X=0.782292 Y=0.381481;X=-0.125000 Y=0.125000;1;1
p3d:p3d_tutorial;3.640181;X=0.782292 Y=0.381481;X=-0.125000 Y=0.125000;1;1
p3d:p3d_tutorial;3.656838;X=0.782292 Y=0.381481;X=-0.125000 Y=0.125000;1;1
p3d:p3d_tutorial;3.673480;X=0.782292 Y=0.381481;X=-0.125000 Y=0.125000;1;1
p3d:p3d_tutorial;3.690220;X=0.782292 Y=0.381481;X=-0.125000 Y=0.125000;1;1
p3d:p3d_tutorial;3.706948;X=0.782292 Y=0.381481;X=-0.125000 Y=0.125000;1;1
p3d:p3d_tutorial;3.723585;X=0.782292 Y=0.381481;X=-0.125000 Y=0.125000;1;1
p3d:p3d_tutorial;3.740370;X=0.782292 Y=0.381481;X=-0.125000 Y=0.125000;1;1
p3d:p3d_tutorial;3.756991;X=0.782292 Y=0.381481;X=-0.125000 Y=0.125000;1;1
p3d:p3d_tutorial;3.773764;X=0.779167 Y=0.381481;X=-0.125000 Y=0.125000;1;1
p3d:p3d_tutorial;3.790500;X=0.759375 Y=0.387963;X=-0.125000 Y=0.125000;1;1
p3d:p3d_tutorial;3.807179;X=0.735417 Y=0.396296;X=-0.125000 Y=0.125000;1;1
p3d:p3d_tutorial;3.823913;X=0.697917 Y=0.409259;X=-0.125000 Y=0.125000;1;1
p3d:p3d_tutorial;3.840292;X=0.635417 Y=0.434259;X=-0.125000 Y=0.125000;1;1
p3d:p3d_tutorial;3.857291;X=0.571875 Y=0.461111;X=-0.125000 Y=0.125000;1;1
p3d:p3d_tutorial;3.873972;X=0.505208 Y=0.486111;X=-0.125000 Y=0.125000;1;1
p3d:p3d_tutorial;3.890727;X=0.455208 Y=0.501852;X=-0.125000 Y=0.125000;1;1
p3d:p3d_tutorial;3.907360;X=0.436458 Y=0.507407;X=-0.125000 Y=0.125000;1;1
p3d:p3d_tutorial;3.924074;X=0.406250 Y=0.516667;X=-0.125000 Y=0.125000;1;1
p3d:p3d_tutorial;3.940819;X=0.397917 Y=0.518519;X=-0.125000 Y=0.125000;1;1
p3d:p3d_tutorial;3.957501;X=0.397917 Y=0.519444;X=-0.125000 Y=0.125000;1;1
p3d:p3d_tutorial;3.974144;X=0.397917 Y=0.519444;X=-0.125000 Y=0.125000;1;1
p3d:p3d_tutorial;3.990797;X=0.397917 Y=0.519444;X=-0.125000 Y=0.125000;1;1
p3d:p3d_tutorial;4.007483;X=0.397917 Y=0.519444;X=-0.125000 Y=0.125000;1;1
p3d:p3d_tutorial;4.024216;X=0.397917 Y=0.519444;X=-0.125000 Y=0.125000;1;1
p3d:p3d_tutorial;4.040862;X=0.397917 Y=0.519444;X=-0.125000 Y=0.125000;1;1
p3d:p3d_tutorial;4.057549;X=0.397917 Y=0.519444;X=-0.125000 Y=0.125000;1;1
p3d:p3d_tutorial;4.074312;X=0.397917 Y=0.519444;X=-0.125000 Y=0.125000;1;1
p3d:p3d_tutorial;4.091112;X=0.409375 Y=0.516667;X=-0.125000 Y=0.125000;1;1
p3d:p3d_tutorial;4.107768;X=0.456250 Y=0.508333;X=-0.125000 Y=0.125000;1;1
p3d:p3d_tutorial;4.124501;X=0.537500 Y=0.492593;X=-0.125000 Y=0.125000;1;1
p3d:p3d_tutorial;4.141171;X=0.612500 Y=0.472222;X=-0.125000 Y=0.125000;1;1
p3d:p3d_tutorial;4.157797;X=0.677083 Y=0.447222;X=-0.125000 Y=0.125000;1;1
p3d:p3d_tutorial;4.174563;X=0.733333 Y=0.414815;X=-0.125000 Y=0.125000;1;1
p3d:p3d_tutorial;4.191215;X=0.747917 Y=0.395370;X=-0.125000 Y=0.125000;1;1
p3d:p3d_tutorial;4.207971;X=0.752083 Y=0.380556;X=-0.125000 Y=0.125000;1;1
p3d:p3d_tutorial;4.224669;X=0.754167 Y=0.375000;X=-0.125000 Y=0.125000;1;1
p3d:p3d_tutorial;4.241349;X=0.756250 Y=0.371296;X=-0.125000 Y=0.125000;1;1
p3d:p3d_tutorial;4.257958;X=0.756250 Y=0.371296;X=-0.125000 Y=0.125000;1;1
p3d:p3d_tutorial;4.274648;X=0.756250 Y=0.371296;X=-0.125000 Y=0.125000;1;1
p3d:p3d_tutorial;4.291421;X=0.756250 Y=0.371296;X=-0.125000 Y=0.125000;1;1
p3d:p3d_tutorial;4.308126;X=0.756250 Y=0.371296;X=-0.125000 Y=0.125000;1;1
p3d:p3d_tutorial;4.324790;X=0.756250 Y=0.371296;X=-0.125000 Y=0.125000;1;1
p3d:p3d_tutorial;4.341490;X=0.756250 Y=0.371296;X=-0.125000 Y=0.125000;1;1
p3d:p3d_tutorial;4.358209;X=0.752083 Y=0.371296;X=-0.125000 Y=0.125000;1;1
p3d:p3d_tutorial;4.374864;X=0.745833 Y=0.374074;X=-0.125000 Y=0.125000;1;1
p3d:p3d_tutorial;4.391623;X=0.731250 Y=0.376852;X=-0.125000 Y=0.125000;1;1
p3d:p3d_tutorial;4.408354;X=0.703125 Y=0.381481;X=-0.125000 Y=0.125000;1;1
p3d:p3d_tutorial;4.425071;X=0.676042 Y=0.386111;X=-0.125000 Y=0.125000;1;1
p3d:p3d_tutorial;4.441675;X=0.644792 Y=0.393519;X=-0.125000 Y=0.125000;1;1
p3d:p3d_tutorial;4.458427;X=0.621875 Y=0.400000;X=-0.125000 Y=0.125000;1;1
p3d:p3d_tutorial;4.475096;X=0.607292 Y=0.402778;X=-0.125000 Y=0.125000;1;1
p3d:p3d_tutorial;4.491840;X=0.598958 Y=0.405556;X=-0.125000 Y=0.125000;1;1
p3d:p3d_tutorial;4.508631;X=0.596875 Y=0.407407;X=-0.125000 Y=0.125000;1;1
p3d:p3d_tutorial;4.525177;X=0.596875 Y=0.407407;X=-0.125000 Y=0.125000;1;1
p3d:p3d_tutorial;4.541805;X=0.596875 Y=0.407407;X=-0.125000 Y=0.125000;1;1
p3d:p3d_tutorial;4.558541;X=0.596875 Y=0.407407;X=-0.125000 Y=0.125000;1;1
p3d:p3d_tutorial;4.575233;X=0.596875 Y=0.407407;X=-0.125000 Y=0.125000;1;1
p3d:p3d_tutorial;4.591923;X=0.596875 Y=0.407407;X=-0.125000 Y=0.125000;1;1
p3d:p3d_tutorial;4.608733;X=0.596875 Y=0.407407;X=-0.125000 Y=0.125000;1;1
p3d:p3d_tutorial;4.625349;X=0.596875 Y=0.407407;X=-0.125000 Y=0.125000;1;1
p3d:p3d_tutorial;4.642086;X=0.596875 Y=0.407407;X=-0.125000 Y=0.125000;1;1
p3d:p3d_tutorial;4.658783;X=0.596875 Y=0.407407;X=-0.125000 Y=0.125000;1;1
p3d:p3d_tutorial;4.675469;X=0.596875 Y=0.407407;X=-0.125000 Y=0.125000;1;1
p3d:p3d_tutorial;4.692145;X=0.596875 Y=0.407407;X=-0.125000 Y=0.125000;1;1
p3d:p3d_tutorial;4.708920;X=0.596875 Y=0.407407;X=-0.125000 Y=0.125000;1;1
p3d:p3d_tutorial;4.725542;X=0.596875 Y=0.407407;X=-0.125000 Y=0.125000;1;1
p3d:p3d_tutorial;4.742226;X=0.596875 Y=0.407407;X=-0.125000 Y=0.125000;1;1
p3d:p3d_tutorial;4.758924;X=0.596875 Y=0.407407;X=-0.125000 Y=0.125000;1;1
p3d:p3d_tutorial;4.775646;X=0.596875 Y=0.407407;X=-0.125000 Y=0.125000;1;1
p3d:p3d_tutorial;4.792326;X=0.596875 Y=0.407407;X=-0.125000 Y=0.125000;1;1
p3d:p3d_tutorial;4.808987;X=0.596875 Y=0.407407;X=-0.125000 Y=0.125000;1;1
p3d:p3d_tutorial;4.825742;X=0.596875 Y=0.407407;X=-0.125000 Y=0.125000;1;1
p3d:p3d_tutorial;4.842398;X=0.596875 Y=0.407407;X=-0.125000 Y=0.125000;1;1
p3d:p3d_tutorial;4.859134;X=0.596875 Y=0.407407;X=-0.125000 Y=0.125000;1;1
p3d:p3d_tutorial;4.875816;X=0.596875 Y=0.407407;X=-0.125000 Y=0.125000;1;1
p3d:p3d_tutorial;4.892595;X=0.596875 Y=0.407407;X=-0.125000 Y=0.125000;1;1
p3d:p3d_tutorial;4.909018;X=0.596875 Y=0.407407;X=-0.125000 Y=0.125000;1;1
p3d:p3d_tutorial;4.925884;X=0.596875 Y=0.407407;X=-0.125000 Y=0.125000;1;1
p3d:p3d_tutorial;4.942626;X=0.596875 Y=0.407407;X=-0.125000 Y=0.125000;1;1
p3d:p3d_tutorial;4.959319;X=0.596875 Y=0.407407;X=-0.125000 Y=0.125000;1;1
p3d:p3d_tutorial;4.975951;X=0.596875 Y=0.407407;X=-0.125000 Y=0.125000;1;1
p3d:p3d_tutorial;4.992746;X=0.596875 Y=0.407407;X=-0.125000 Y=0.125000;1;1
p3d:p3d_tutorial;5.271626;X=0.596875 Y=0.407407;X=0.875000 Y=0.875000;1;1
p3d:p3d_tutorial;5.272411;X=0.596875 Y=0.407407;X=0.875000 Y=0.875000;1;0
p3d:p3d_tutorial;5.285374;X=0.596875 Y=0.407407;X=0.875000 Y=0.875000;1;0
p3d:p3d_tutorial;5.298600;X=0.596875 Y=0.407407;X=0.875000 Y=0.875000;1;0
p3d:p3d_tutorial;5.312269;X=0.596875 Y=0.407407;X=0.875000 Y=0.875000;1;0
p3d:p3d_tutorial;5.327153;X=0.596875 Y=0.407407;X=0.875000 Y=0.875000;1;0
p3d:p3d_tutorial;5.343383;X=0.596875 Y=0.407407;X=0.875000 Y=0.875000;1;0
p3d:p3d_tutorial;5.360091;X=0.596875 Y=0.407407;X=0.875000 Y=0.875000;1;0
p3d:p3d_tutorial;5.376735;X=0.596875 Y=0.407407;X=0.875000 Y=0.875000;1;0
p3d:p3d_tutorial;5.393483;X=0.596875 Y=0.407407;X=0.875000 Y=0.875000;1;0
p3d:p3d_tutorial;5.410130;X=0.596875 Y=0.407407;X=0.875000 Y=0.875000;1;0
p3d:p3d_tutorial;5.426868;X=0.596875 Y=0.407407;X=0.875000 Y=0.875000;1;0
p3d:p3d_tutorial;5.443515;X=0.596875 Y=0.407407;X=0.875000 Y=0.875000;1;0
p3d:p3d_tutorial;5.460232;X=0.596875 Y=0.407407;X=0.875000 Y=0.875000;1;0
p3d:p3d_tutorial;5.476913;X=0.596875 Y=0.407407;X=0.875000 Y=0.875000;1;0
p3d:p3d_tutorial;5.493738;X=0.595833 Y=0.410185;X=0.875000 Y=0.875000;1;0
p3d:p3d_tutorial;5.510380;X=0.595833 Y=0.450926;X=0.875000 Y=0.875000;1;0
p3d:p3d_tutorial;5.527079;X=0.595833 Y=0.500926;X=0.875000 Y=0.875000;1;0
p3d:p3d_tutorial;5.543745;X=0.600000 Y=0.550000;X=0.875000 Y=0.875000;1;0
p3d:p3d_tutorial;5.560514;X=0.607292 Y=0.605556;X=0.875000 Y=0.875000;1;0
p3d:p3d_tutorial;5.577119;X=0.613542 Y=0.659259;X=0.875000 Y=0.875000;1;0
p3d:p3d_tutorial;5.593898;X=0.623958 Y=0.712963;X=0.875000 Y=0.875000;1;0
p3d:p3d_tutorial;5.610584;X=0.635417 Y=0.754630;X=0.875000 Y=0.875000;1;0
p3d:p3d_tutorial;5.627280;X=0.639583 Y=0.770370;X=0.875000 Y=0.875000;1;0
p3d:p3d_tutorial;5.644016;X=0.645833 Y=0.797222;X=0.875000 Y=0.875000;1;0
p3d:p3d_tutorial;5.660868;X=0.647917 Y=0.810185;X=0.875000 Y=0.875000;1;0
p3d:p3d_tutorial;5.677476;X=0.650000 Y=0.817593;X=0.875000 Y=0.875000;1;0
p3d:p3d_tutorial;5.694144;X=0.650000 Y=0.820370;X=0.875000 Y=0.875000;1;0
p3d:p3d_tutorial;5.710762;X=0.650000 Y=0.820370;X=0.875000 Y=0.875000;1;0
p3d:p3d_tutorial;5.727451;X=0.650000 Y=0.820370;X=0.875000 Y=0.875000;1;0
p3d:p3d_tutorial;5.744155;X=0.650000 Y=0.820370;X=0.875000 Y=0.875000;1;0
p3d:p3d_tutorial;5.760894;X=0.650000 Y=0.820370;X=0.875000 Y=0.875000;1;0
p3d:p3d_tutorial;5.777516;X=0.650000 Y=0.820370;X=0.875000 Y=0.875000;1;0
p3d:p3d_tutorial;5.794265;X=0.650000 Y=0.820370;X=0.875000 Y=0.875000;1;0
p3d:p3d_tutorial;5.810885;X=0.650000 Y=0.820370;X=0.875000 Y=0.875000;1;0
p3d:p3d_tutorial;5.827741;X=0.650000 Y=0.819444;X=0.875000 Y=0.875000;1;0
p3d:p3d_tutorial;5.844121;X=0.645833 Y=0.816667;X=0.875000 Y=0.875000;1;0
p3d:p3d_tutorial;5.861089;X=0.642708 Y=0.814815;X=0.875000 Y=0.875000;1;0
p3d:p3d_tutorial;5.877831;X=0.640625 Y=0.813889;X=0.875000 Y=0.875000;1;0
p3d:p3d_tutorial;5.894420;X=0.640625 Y=0.813889;X=0.875000 Y=0.875000;1;0
p3d:p3d_tutorial;5.911101;X=0.640625 Y=0.813889;X=0.875000 Y=0.875000;1;0
p3d:p3d_tutorial;5.927808;X=0.640625 Y=0.813889;X=0.875000 Y=0.875000;1;0
p3d:p3d_tutorial;5.944465;X=0.640625 Y=0.813889;X=0.875000 Y=0.875000;1;0
p3d:p3d_tutorial;5.961239;X=0.640625 Y=0.813889;X=0.875000 Y=0.875000;1;0
p3d:p3d_tutorial;5.977846;X=0.640625 Y=0.813889;X=0.875000 Y=0.875000;1;0
p3d:p3d_tutorial;5.994594;X=0.640625 Y=0.813889;X=0.875000 Y=0.875000;1;0
p3d:p3d_tutorial;6.011317;X=0.640625 Y=0.813889;X=0.875000 Y=0.875000;1;0
p3d:p3d_tutorial;6.028086;X=0.640625 Y=0.814815;X=0.875000 Y=0.875000;1;0
p3d:p3d_tutorial;6.044786;X=0.641667 Y=0.820370;X=0.875000 Y=0.875000;1;0
p3d:p3d_tutorial;6.061447;X=0.644792 Y=0.825926;X=0.875000 Y=0.875000;1;0
p3d:p3d_tutorial;6.078193;X=0.650000 Y=0.835185;X=0.875000 Y=0.875000;1;0
p3d:p3d_tutorial;6.094839;X=0.651042 Y=0.837037;X=0.875000 Y=0.875000;1;0
p3d:p3d_tutorial;6.111526;X=0.651042 Y=0.837963;X=0.875000 Y=0.875000;1;0
p3d:p3d_tutorial;6.128218;X=0.651042 Y=0.837963;X=0.875000 Y=0.875000;1;0
p3d:p3d_tutorial;6.144848;X=0.651042 Y=0.837963;X=0.875000 Y=0.875000;1;0
p3d:p3d_tutorial;6.161541;X=0.651042 Y=0.837963;X=0.875000 Y=0.875000;1;0
p3d:p3d_tutorial;6.178233;X=0.651042 Y=0.837963;X=0.875000 Y=0.875000;1;0
p3d:p3d_tutorial;6.194986;X=0.651042 Y=0.837963;X=0.875000 Y=0.875000;1;0
p3d:p3d_tutorial;6.211643;X=0.651042 Y=0.837963;X=0.875000 Y=0.875000;1;0
p3d:p3d_tutorial;6.228366;X=0.651042 Y=0.837963;X=0.875000 Y=0.875000;1;0
p3d:p3d_tutorial;6.245039;X=0.651042 Y=0.837963;X=0.875000 Y=0.875000;1;0
p3d:p3d_tutorial;6.261736;X=0.651042 Y=0.837963;X=0.875000 Y=0.875000;1;0
p3d:p3d_tutorial;6.278456;X=0.651042 Y=0.837963;X=0.875000 Y=0.875000;1;0
p3d:p3d_tutorial;6.295253;X=0.651042 Y=0.837963;X=0.875000 Y=0.875000;1;1
p3d:p3d_tutorial;6.311919;X=0.651042 Y=0.837963;X=0.875000 Y=0.875000;1;1
p3d:p3d_tutorial;6.328609;X=0.651042 Y=0.837963;X=0.875000 Y=0.875000;1;1
p3d:p3d_tutorial;6.345275;X=0.651042 Y=0.837963;X=0.875000 Y=0.875000;1;1
p3d:p3d_tutorial;6.361972;X=0.651042 Y=0.837963;X=0.875000 Y=0.875000;1;1
p3d:p3d_tutorial;6.378645;X=0.651042 Y=0.837963;X=0.875000 Y=0.875000;1;1
p3d:p3d_tutorial;6.395370;X=0.651042 Y=0.837963;X=0.875000 Y=0.875000;1;1
p3d:p3d_tutorial;6.412080;X=0.651042 Y=0.837963;X=0.875000 Y=0.875000;1;1
p3d:p3d_tutorial;6.428764;X=0.651042 Y=0.837963;X=0.875000 Y=0.875000;1;1
p3d:p3d_tutorial;6.445442;X=0.651042 Y=0.837963;X=0.875000 Y=0.875000;1;1
p3d:p3d_tutorial;6.462200;X=0.651042 Y=0.837963;X=0.875000 Y=0.875000;1;1
p3d:p3d_tutorial;6.478879;X=0.651042 Y=0.837963;X=0.875000 Y=0.875000;1;1
p3d:p3d_tutorial;6.495534;X=0.651042 Y=0.837963;X=0.875000 Y=0.875000;1;1
p3d:p3d_tutorial;6.512227;X=0.651042 Y=0.837963;X=0.875000 Y=0.875000;1;1
p3d:p3d_tutorial;6.528924;X=0.651042 Y=0.837963;X=0.875000 Y=0.875000;1;1
p3d:p3d_tutorial;6.545599;X=0.651042 Y=0.837963;X=0.875000 Y=0.875000;1;1
p3d:p3d_tutorial;6.562345;X=0.651042 Y=0.837963;X=0.875000 Y=0.875000;1;1
p3d:p3d_tutorial;6.579035;X=0.651042 Y=0.837963;X=0.875000 Y=0.875000;1;1
p3d:p3d_tutorial;6.595748;X=0.651042 Y=0.837963;X=0.875000 Y=0.875000;1;1
p3d:p3d_tutorial;6.612433;X=0.651042 Y=0.837963;X=0.875000 Y=0.875000;1;1
p3d:p3d_tutorial;6.629119;X=0.651042 Y=0.837963;X=0.875000 Y=0.875000;1;1
p3d:p3d_tutorial;6.645831;X=0.651042 Y=0.837963;X=0.875000 Y=0.875000;1;1
p3d:p3d_tutorial;6.662537;X=0.651042 Y=0.837963;X=0.875000 Y=0.875000;1;1
p3d:p3d_tutorial;6.679227;X=0.651042 Y=0.837963;X=0.875000 Y=0.875000;1;1
p3d:p3d_tutorial;6.695943;X=0.651042 Y=0.837963;X=0.875000 Y=0.875000;1;1
p3d:p3d_tutorial;6.712600;X=0.651042 Y=0.837963;X=0.875000 Y=0.875000;1;1
p3d:p3d_tutorial;6.729373;X=0.651042 Y=0.837963;X=0.875000 Y=0.875000;1;1
p3d:p3d_tutorial;6.746019;X=0.651042 Y=0.837963;X=0.875000 Y=0.875000;1;1
p3d:p3d_tutorial;6.762746;X=0.651042 Y=0.837963;X=0.875000 Y=0.875000;1;1
p3d:p3d_tutorial;6.779460;X=0.651042 Y=0.837963;X=0.875000 Y=0.875000;1;1
p3d:p3d_tutorial;6.796137;X=0.651042 Y=0.837963;X=0.875000 Y=0.875000;1;1
p3d:p3d_tutorial;6.812412;X=0.651042 Y=0.837963;X=0.875000 Y=0.875000;1;1
p3d:p3d_tutorial;6.829504;X=0.651042 Y=0.837963;X=0.875000 Y=0.875000;1;1
p3d:p3d_tutorial;6.846175;X=0.651042 Y=0.837963;X=0.875000 Y=0.875000;1;1
p3d:p3d_tutorial;6.862926;X=0.651042 Y=0.837963;X=0.875000 Y=0.875000;1;1
p3d:p3d_tutorial;6.879602;X=0.651042 Y=0.837963;X=0.875000 Y=0.875000;1;1
p3d:p3d_tutorial;6.896325;X=0.651042 Y=0.837963;X=0.875000 Y=0.875000;1;1
p3d:p3d_tutorial;6.912946;X=0.651042 Y=0.837963;X=0.875000 Y=0.875000;1;1
p3d:p3d_tutorial;6.929708;X=0.651042 Y=0.837963;X=0.875000 Y=0.875000;1;1
p3d:p3d_tutorial;6.946403;X=0.651042 Y=0.837963;X=0.875000 Y=0.875000;1;1
p3d:p3d_tutorial;6.963135;X=0.651042 Y=0.837963;X=0.875000 Y=0.875000;1;1
p3d:p3d_tutorial;6.979846;X=0.651042 Y=0.837963;X=0.875000 Y=0.875000;1;1
p3d:p3d_tutorial;6.996497;X=0.651042 Y=0.837963;X=0.875000 Y=0.875000;1;1
p3d:p3d_tutorial;7.013199;X=0.651042 Y=0.837963;X=0.875000 Y=0.875000;1;1
p3d:p3d_tutorial;7.029891;X=0.651042 Y=0.837963;X=0.875000 Y=0.875000;1;1
p3d:p3d_tutorial;7.046602;X=0.651042 Y=0.837963;X=0.875000 Y=0.875000;1;1
p3d:p3d_tutorial;7.063292;X=0.651042 Y=0.837963;X=0.875000 Y=0.875000;1;1
p3d:p3d_tutorial;7.080002;X=0.651042 Y=0.837963;X=0.875000 Y=0.875000;1;1
p3d:p3d_tutorial;7.096757;X=0.651042 Y=0.837963;X=0.875000 Y=0.875000;1;1
p3d:p3d_tutorial;7.113433;X=0.651042 Y=0.837963;X=0.875000 Y=0.875000;1;1
p3d:p3d_tutorial;7.130117;X=0.651042 Y=0.837963;X=0.875000 Y=0.875000;1;1
p3d:p3d_tutorial;7.146779;X=0.651042 Y=0.837963;X=0.875000 Y=0.875000;1;1
p3d:p3d_tutorial;7.163507;X=0.651042 Y=0.837963;X=0.875000 Y=0.875000;1;1
p3d:p3d_tutorial;7.180192;X=0.651042 Y=0.837963;X=0.875000 Y=0.875000;1;1
p3d:p3d_tutorial;7.196953;X=0.651042 Y=0.837963;X=0.875000 Y=0.875000;1;0
p3d:p3d_tutorial;7.213559;X=0.651042 Y=0.837963;X=0.875000 Y=0.875000;1;0
p3d:p3d_tutorial;7.230298;X=0.651042 Y=0.837963;X=0.875000 Y=0.875000;1;0
p3d:p3d_tutorial;7.246994;X=0.651042 Y=0.837963;X=0.875000 Y=0.875000;1;0
p3d:p3d_tutorial;7.263708;X=0.651042 Y=0.837963;X=0.875000 Y=0.875000;1;0
p3d:p3d_tutorial;7.280414;X=0.651042 Y=0.837963;X=0.875000 Y=0.875000;1;0
p3d:p3d_tutorial;7.297080;X=0.651042 Y=0.837963;X=0.875000 Y=0.875000;1;0
p3d:p3d_tutorial;7.313773;X=0.651042 Y=0.837963;X=0.875000 Y=0.875000;1;0
p3d:p3d_tutorial;7.330524;X=0.651042 Y=0.837963;X=0.875000 Y=0.875000;1;0
p3d:p3d_tutorial;7.347209;X=0.651042 Y=0.837963;X=0.875000 Y=0.875000;1;0
p3d:p3d_tutorial;7.363922;X=0.651042 Y=0.837963;X=0.875000 Y=0.875000;1;0
p3d:p3d_tutorial;7.380647;X=0.651042 Y=0.837963;X=0.875000 Y=0.875000;1;0
p3d:p3d_tutorial;7.397290;X=0.651042 Y=0.837963;X=0.875000 Y=0.875000;1;0
p3d:p3d_tutorial;7.413984;X=0.651042 Y=0.837963;X=0.875000 Y=0.875000;1;0
p3d:p3d_tutorial;7.430670;X=0.651042 Y=0.837963;X=0.875000 Y=0.875000;1;0
p3d:p3d_tutorial;7.447409;X=0.651042 Y=0.837963;X=0.875000 Y=0.875000;1;0
p3d:p3d_tutorial;7.464087;X=0.651042 Y=0.837963;X=0.875000 Y=0.875000;1;0
p3d:p3d_tutorial;7.480778;X=0.651042 Y=0.837963;X=0.875000 Y=0.875000;1;0
p3d:p3d_tutorial;7.497465;X=0.651042 Y=0.837963;X=0.875000 Y=0.875000;1;0
p3d:p3d_tutorial;7.514186;X=0.651042 Y=0.837963;X=0.875000 Y=0.875000;1;0
p3d:p3d_tutorial;7.530877;X=0.651042 Y=0.837963;X=0.875000 Y=0.875000;1;0
p3d:p3d_tutorial;7.547573;X=0.651042 Y=0.837963;X=0.875000 Y=0.875000;1;0
p3d:p3d_tutorial;7.564306;X=0.651042 Y=0.837963;X=0.875000 Y=0.875000;1;0
p3d:p3d_tutorial;7.580911;X=0.651042 Y=0.837963;X=0.875000 Y=0.875000;1;0
p3d:p3d_tutorial;7.597684;X=0.651042 Y=0.837963;X=0.875000 Y=0.875000;1;0
p3d:p3d_tutorial;7.614361;X=0.651042 Y=0.837963;X=0.875000 Y=0.875000;1;0
p3d:p3d_tutorial;7.631086;X=0.651042 Y=0.837963;X=0.875000 Y=0.875000;1;0
p3d:p3d_tutorial;7.647740;X=0.651042 Y=0.837963;X=0.875000 Y=0.875000;1;0
p3d:p3d_tutorial;7.664474;X=0.651042 Y=0.837963;X=0.875000 Y=0.875000;1;0
p3d:p3d_tutorial;7.681110;X=0.651042 Y=0.837963;X=0.875000 Y=0.875000;1;0
p3d:p3d_tutorial;7.697848;X=0.651042 Y=0.837963;X=0.875000 Y=0.875000;1;0
p3d:p3d_tutorial;7.714530;X=0.651042 Y=0.837963;X=0.875000 Y=0.875000;1;0
p3d:p3d_tutorial;7.731256;X=0.651042 Y=0.837963;X=0.875000 Y=0.875000;1;0
p3d:p3d_tutorial;7.747952;X=0.651042 Y=0.837963;X=0.875000 Y=0.875000;1;0
p3d:p3d_tutorial;7.764708;X=0.651042 Y=0.837963;X=0.875000 Y=0.875000;1;0
p3d:p3d_tutorial;7.781312;X=0.651042 Y=0.837963;X=0.875000 Y=0.875000;1;0
p3d:p3d_tutorial;7.798045;X=0.651042 Y=0.837963;X=0.875000 Y=0.875000;1;0
p3d:p3d_tutorial;7.814734;X=0.651042 Y=0.837963;X=0.875000 Y=0.875000;1;0
p3d:p3d_tutorial;7.831423;X=0.651042 Y=0.837963;X=0.875000 Y=0.875000;1;0
p3d:p3d_tutorial;7.847833;X=0.651042 Y=0.837963;X=0.875000 Y=0.875000;1;0
p3d:p3d_tutorial;7.864857;X=0.651042 Y=0.837963;X=0.875000 Y=0.875000;1;0
p3d:p3d_tutorial;7.881452;X=0.651042 Y=0.837963;X=0.875000 Y=0.875000;1;0
p3d:p3d_tutorial;7.898252;X=0.651042 Y=0.837963;X=0.875000 Y=0.875000;1;0
p3d:p3d_tutorial;7.914971;X=0.651042 Y=0.837963;X=0.875000 Y=0.875000;1;0
p3d:p3d_tutorial;7.931713;X=0.651042 Y=0.837963;X=0.875000 Y=0.875000;1;0
p3d:p3d_tutorial;7.948363;X=0.651042 Y=0.837963;X=0.875000 Y=0.875000;1;0
p3d:p3d_tutorial;7.965034;X=0.651042 Y=0.837963;X=0.875000 Y=0.875000;1;0
p3d:p3d_tutorial;7.981739;X=0.651042 Y=0.837963;X=0.875000 Y=0.875000;1;0
p3d:p3d_tutorial;7.998428;X=0.651042 Y=0.837963;X=0.875000 Y=0.875000;1;0
p3d:p3d_tutorial;8.015151;X=0.651042 Y=0.837963;X=0.875000 Y=0.875000;1;0
p3d:p3d_tutorial;8.031866;X=0.651042 Y=0.837963;X=0.875000 Y=0.875000;1;0
p3d:p3d_tutorial;8.048579;X=0.651042 Y=0.837963;X=0.875000 Y=0.875000;1;0
p3d:p3d_tutorial;8.065259;X=0.651042 Y=0.837963;X=0.875000 Y=0.875000;1;0
p3d:p3d_tutorial;8.081858;X=0.651042 Y=0.837963;X=0.875000 Y=0.875000;1;0
p3d:p3d_tutorial;8.098631;X=0.651042 Y=0.837963;X=0.875000 Y=0.875000;1;0
p3d:p3d_tutorial;8.115316;X=0.651042 Y=0.837963;X=0.875000 Y=0.875000;1;0
p3d:p3d_tutorial;8.132022;X=0.651042 Y=0.837963;X=0.875000 Y=0.875000;1;0
p3d:p3d_tutorial;8.148750;X=0.651042 Y=0.837963;X=0.875000 Y=0.875000;1;0
p3d:p3d_tutorial;8.165477;X=0.651042 Y=0.837963;X=0.875000 Y=0.875000;1;0
p3d:p3d_tutorial;8.182109;X=0.651042 Y=0.837963;X=0.875000 Y=0.875000;1;0
p3d:p3d_tutorial;8.198808;X=0.651042 Y=0.837963;X=0.875000 Y=0.875000;1;0
p3d:p3d_tutorial;8.215489;X=0.651042 Y=0.837963;X=0.875000 Y=0.875000;1;0
p3d:p3d_tutorial;8.232264;X=0.651042 Y=0.837963;X=0.875000 Y=0.875000;1;0
p3d:p3d_tutorial;8.248834;X=0.651042 Y=0.837963;X=0.875000 Y=0.875000;1;0
p3d:p3d_tutorial;8.265552;X=0.651042 Y=0.837963;X=0.875000 Y=0.875000;1;0
p3d:p3d_tutorial;8.282283;X=0.651042 Y=0.837963;X=0.875000 Y=0.875000;1;0
p3d:p3d_tutorial;8.299023;X=0.651042 Y=0.837963;X=0.875000 Y=0.875000;1;0
p3d:p3d_tutorial;8.315739;X=0.651042 Y=0.837963;X=0.875000 Y=0.875000;1;0
p3d:p3d_tutorial;8.332385;X=0.651042 Y=0.837963;X=0.875000 Y=0.875000;1;0
p3d:p3d_tutorial;8.349069;X=0.651042 Y=0.837963;X=0.875000 Y=0.875000;1;0
p3d:p3d_tutorial;8.365761;X=0.651042 Y=0.837963;X=0.875000 Y=0.875000;1;0
p3d:p3d_tutorial;8.382490;X=0.651042 Y=0.837963;X=0.875000 Y=0.875000;1;0
p3d:p3d_tutorial;8.399215;X=0.651042 Y=0.837963;X=0.875000 Y=0.875000;1;0
p3d:p3d_tutorial;8.415870;X=0.651042 Y=0.837963;X=0.875000 Y=0.875000;1;0
p3d:p3d_tutorial;8.432634;X=0.651042 Y=0.837963;X=0.875000 Y=0.875000;1;0
p3d:p3d_tutorial;8.449328;X=0.651042 Y=0.837963;X=0.875000 Y=0.875000;1;0
p3d:p3d_tutorial;8.465985;X=0.651042 Y=0.837963;X=0.875000 Y=0.875000;1;0
p3d:p3d_tutorial;8.482658;X=0.651042 Y=0.837963;X=0.875000 Y=0.875000;1;0
p3d:p3d_tutorial;8.499430;X=0.651042 Y=0.837963;X=0.875000 Y=0.875000;1;0
p3d:p3d_tutorial;8.516077;X=0.651042 Y=0.837963;X=0.875000 Y=0.875000;1;0
p3d:p3d_tutorial;8.532825;X=0.651042 Y=0.837963;X=0.875000 Y=0.875000;1;0
p3d:p3d_tutorial;8.549434;X=0.651042 Y=0.837963;X=0.875000 Y=0.875000;1;0
p3d:p3d_tutorial;8.566175;X=0.651042 Y=0.837963;X=0.875000 Y=0.875000;1;0
p3d:p3d_tutorial;8.582870;X=0.651042 Y=0.837963;X=0.875000 Y=0.875000;1;0
p3d:p3d_tutorial;8.599600;X=0.651042 Y=0.837963;X=0.875000 Y=0.875000;1;0
p3d:p3d_tutorial;8.616242;X=0.651042 Y=0.837963;X=0.875000 Y=0.875000;1;0
p3d:p3d_tutorial;8.632961;X=0.651042 Y=0.837963;X=0.875000 Y=0.875000;1;0
p3d:p3d_tutorial;8.649621;X=0.651042 Y=0.837963;X=0.875000 Y=0.875000;1;0
p3d:p3d_tutorial;8.666393;X=0.651042 Y=0.837963;X=0.875000 Y=0.875000;1;0
p3d:p3d_tutorial;8.683073;X=0.651042 Y=0.837963;X=0.875000 Y=0.875000;1;0
p3d:p3d_tutorial;8.699771;X=0.651042 Y=0.837963;X=0.875000 Y=0.875000;1;0
p3d:p3d_tutorial;8.716503;X=0.651042 Y=0.837963;X=0.875000 Y=0.875000;1;0
p3d:p3d_tutorial;8.733229;X=0.651042 Y=0.837963;X=0.875000 Y=0.875000;1;0
p3d:p3d_tutorial;8.749884;X=0.651042 Y=0.837963;X=0.875000 Y=0.875000;1;0
p3d:p3d_tutorial;8.766560;X=0.651042 Y=0.837963;X=0.875000 Y=0.875000;1;0
p3d:p3d_tutorial;8.783245;X=0.651042 Y=0.837963;X=0.875000 Y=0.875000;1;0
p3d:p3d_tutorial;8.800016;X=0.651042 Y=0.837963;X=0.875000 Y=0.875000;1;0
p3d:p3d_tutorial;8.816668;X=0.651042 Y=0.837963;X=0.875000 Y=0.875000;1;0
p3d:p3d_tutorial;8.833387;X=0.651042 Y=0.837963;X=0.875000 Y=0.875000;1;0
p3d:p3d_tutorial;8.849965;X=0.651042 Y=0.837963;X=0.875000 Y=0.875000;1;0
p3d:p3d_tutorial;8.866765;X=0.651042 Y=0.837963;X=0.875000 Y=0.875000;1;0
p3d:p3d_tutorial;8.883488;X=0.651042 Y=0.837963;X=0.875000 Y=0.875000;1;0
p3d:p3d_tutorial;8.900174;X=0.651042 Y=0.837963;X=0.875000 Y=0.875000;1;0
p3d:p3d_tutorial;8.916838;X=0.651042 Y=0.837963;X=0.875000 Y=0.875000;1;0
p3d:p3d_tutorial;8.933534;X=0.651042 Y=0.837963;X=0.875000 Y=0.875000;1;0
p3d:p3d_tutorial;8.950292;X=0.651042 Y=0.837963;X=0.875000 Y=0.875000;1;0
p3d:p3d_tutorial;8.966971;X=0.651042 Y=0.837963;X=0.875000 Y=0.875000;1;0
p3d:p3d_tutorial;8.983679;X=0.651042 Y=0.837963;X=0.875000 Y=0.875000;1;0
p3d:p3d_tutorial;9.000364;X=0.651042 Y=0.837963;X=0.875000 Y=0.875000;1;0
p3d:p3d_tutorial;9.017005;X=0.651042 Y=0.837963;X=0.875000 Y=0.875000;1;0
p3d:p3d_tutorial;9.033730;X=0.651042 Y=0.837963;X=0.875000 Y=0.875000;1;0
p3d:p3d_tutorial;9.050421;X=0.651042 Y=0.837963;X=0.875000 Y=0.875000;1;0
p3d:p3d_tutorial;9.067154;X=0.651042 Y=0.837963;X=0.875000 Y=0.875000;1;0
p3d:p3d_tutorial;9.083836;X=0.651042 Y=0.837963;X=0.875000 Y=0.875000;1;0
p3d:p3d_tutorial;9.100523;X=0.651042 Y=0.837963;X=0.875000 Y=0.875000;1;0
p3d:p3d_tutorial;9.117270;X=0.651042 Y=0.837963;X=0.875000 Y=0.875000;1;0
p3d:p3d_tutorial;9.133954;X=0.651042 Y=0.837963;X=0.875000 Y=0.875000;1;0
p3d:p3d_tutorial;9.150627;X=0.651042 Y=0.837963;X=0.875000 Y=0.875000;1;0
p3d:p3d_tutorial;9.167354;X=0.651042 Y=0.837963;X=0.875000 Y=0.875000;1;0
p3d:p3d_tutorial;9.184064;X=0.651042 Y=0.837963;X=0.875000 Y=0.875000;1;0
p3d:p3d_tutorial;9.200786;X=0.651042 Y=0.837963;X=0.875000 Y=0.875000;1;0
p3d:p3d_tutorial;9.217407;X=0.651042 Y=0.837963;X=0.875000 Y=0.875000;1;0
p3d:p3d_tutorial;9.234140;X=0.651042 Y=0.837963;X=0.875000 Y=0.875000;1;0
p3d:p3d_tutorial;9.250828;X=0.651042 Y=0.837963;X=0.875000 Y=0.875000;1;0
p3d:p3d_tutorial;9.267578;X=0.651042 Y=0.837963;X=0.875000 Y=0.875000;1;0
p3d:p3d_tutorial;9.284261;X=0.651042 Y=0.837963;X=0.875000 Y=0.875000;1;0
p3d:p3d_tutorial;9.300936;X=0.651042 Y=0.837963;X=0.875000 Y=0.875000;1;0
p3d:p3d_tutorial;9.317546;X=0.651042 Y=0.837963;X=0.875000 Y=0.875000;1;0
p3d:p3d_tutorial;9.334310;X=0.651042 Y=0.837963;X=0.875000 Y=0.875000;1;0
p3d:p3d_tutorial;9.351022;X=0.651042 Y=0.837963;X=0.875000 Y=0.875000;1;0
p3d:p3d_tutorial;9.367731;X=0.651042 Y=0.837963;X=0.875000 Y=0.875000;1;0
p3d:p3d_tutorial;9.384454;X=0.651042 Y=0.837963;X=0.875000 Y=0.875000;1;0
p3d:p3d_tutorial;9.401127;X=0.651042 Y=0.837963;X=0.875000 Y=0.875000;1;0
p3d:p3d_tutorial;9.417805;X=0.651042 Y=0.837963;X=0.875000 Y=0.875000;1;0
p3d:p3d_tutorial;9.434534;X=0.651042 Y=0.837963;X=0.875000 Y=0.875000;1;0
p3d:p3d_tutorial;9.451246;X=0.651042 Y=0.837963;X=0.875000 Y=0.875000;1;0
p3d:p3d_tutorial;9.467899;X=0.651042 Y=0.837963;X=0.875000 Y=0.875000;1;0
p3d:p3d_tutorial;9.484681;X=0.651042 Y=0.837963;X=0.875000 Y=0.875000;1;0
p3d:p3d_tutorial;9.501352;X=0.651042 Y=0.837963;X=0.875000 Y=0.875000;1;0
p3d:p3d_tutorial;9.518016;X=0.651042 Y=0.837963;X=0.875000 Y=0.875000;1;0
p3d:p3d_tutorial;9.534754;X=0.651042 Y=0.837963;X=0.875000 Y=0.875000;1;0
p3d:p3d_tutorial;9.551380;X=0.651042 Y=0.837963;X=0.875000 Y=0.875000;1;0
p3d:p3d_tutorial;9.568094;X=0.651042 Y=0.837963;X=0.875000 Y=0.875000;1;0
p3d:p3d_tutorial;9.584777;X=0.651042 Y=0.837963;X=0.875000 Y=0.875000;1;0
p3d:p3d_tutorial;9.601433;X=0.651042 Y=0.837963;X=0.875000 Y=0.875000;1;0
p3d:p3d_tutorial;9.618155;X=0.651042 Y=0.837963;X=0.875000 Y=0.875000;1;0
p3d:p3d_tutorial;9.634925;X=0.651042 Y=0.837963;X=0.875000 Y=0.875000;1;0
p3d:p3d_tutorial;9.651564;X=0.651042 Y=0.837963;X=0.875000 Y=0.875000;1;0
p3d:p3d_tutorial;9.668262;X=0.651042 Y=0.837963;X=0.875000 Y=0.875000;1;0
p3d:p3d_tutorial;9.684911;X=0.651042 Y=0.837963;X=0.875000 Y=0.875000;1;0
p3d:p3d_tutorial;9.701707;X=0.651042 Y=0.837963;X=0.875000 Y=0.875000;1;0
p3d:p3d_tutorial;9.718350;X=0.651042 Y=0.837963;X=0.875000 Y=0.875000;1;0
p3d:p3d_tutorial;9.735109;X=0.651042 Y=0.837963;X=0.875000 Y=0.875000;1;0
p3d:p3d_tutorial;9.751743;X=0.651042 Y=0.837963;X=0.875000 Y=0.875000;1;0
p3d:p3d_tutorial;9.768483;X=0.651042 Y=0.837963;X=0.875000 Y=0.875000;1;0
p3d:p3d_tutorial;9.785151;X=0.651042 Y=0.837963;X=0.875000 Y=0.875000;1;0
p3d:p3d_tutorial;9.801857;X=0.651042 Y=0.837963;X=0.875000 Y=0.875000;1;0
p3d:p3d_tutorial;9.818571;X=0.651042 Y=0.837963;X=0.875000 Y=0.875000;1;0
p3d:p3d_tutorial;9.835268;X=0.651042 Y=0.837963;X=0.875000 Y=0.875000;1;0
p3d:p3d_tutorial;9.851957;X=0.651042 Y=0.837963;X=0.875000 Y=0.875000;1;0
p3d:p3d_tutorial;9.868693;X=0.651042 Y=0.837963;X=0.875000 Y=0.875000;1;0
p3d:p3d_tutorial;9.885363;X=0.651042 Y=0.837963;X=0.875000 Y=0.875000;1;0
p3d:p3d_tutorial;9.902096;X=0.651042 Y=0.837963;X=0.875000 Y=0.875000;1;0
p3d:p3d_tutorial;9.918745;X=0.651042 Y=0.837963;X=0.875000 Y=0.875000;1;0
p3d:p3d_tutorial;9.935484;X=0.651042 Y=0.837963;X=0.875000 Y=0.875000;1;0
p3d:p3d_tutorial;9.952187;X=0.651042 Y=0.837963;X=0.875000 Y=0.875000;1;0
p3d:p3d_tutorial;9.968863;X=0.651042 Y=0.837963;X=0.875000 Y=0.875000;1;0
p3d:p3d_tutorial;9.985489;X=0.651042 Y=0.837963;X=0.875000 Y=0.875000;1;0
p3d:p3d_tutorial;10.002369;X=0.651042 Y=0.837963;X=0.875000 Y=0.875000;1;0
p3d:p3d_tutorial;10.272610;X=0.651042 Y=0.837963;X=0.125000 Y=0.625000;1;0
p3d:p3d_tutorial;10.273392;X=0.651042 Y=0.837963;X=0.125000 Y=0.625000;1;0
p3d:p3d_tutorial;10.286712;X=0.651042 Y=0.837963;X=0.125000 Y=0.625000;1;0
p3d:p3d_tutorial;10.302827;X=0.651042 Y=0.837963;X=0.125000 Y=0.625000;1;0
p3d:p3d_tutorial;10.319499;X=0.651042 Y=0.837963;X=0.125000 Y=0.625000;1;0
p3d:p3d_tutorial;10.336239;X=0.651042 Y=0.837963;X=0.125000 Y=0.625000;1;0
p3d:p3d_tutorial;10.352888;X=0.651042 Y=0.837963;X=0.125000 Y=0.625000;1;0
p3d:p3d_tutorial;10.369624;X=0.651042 Y=0.837963;X=0.125000 Y=0.625000;1;0
p3d:p3d_tutorial;10.386305;X=0.651042 Y=0.837963;X=0.125000 Y=0.625000;1;0
p3d:p3d_tutorial;10.403052;X=0.651042 Y=0.837963;X=0.125000 Y=0.625000;1;0
p3d:p3d_tutorial;10.419778;X=0.651042 Y=0.837963;X=0.125000 Y=0.625000;1;0
p3d:p3d_tutorial;10.436450;X=0.651042 Y=0.837963;X=0.125000 Y=0.625000;1;0
p3d:p3d_tutorial;10.453143;X=0.651042 Y=0.837963;X=0.125000 Y=0.625000;1;0
p3d:p3d_tutorial;10.469825;X=0.651042 Y=0.837963;X=0.125000 Y=0.625000;1;0
p3d:p3d_tutorial;10.486507;X=0.651042 Y=0.837963;X=0.125000 Y=0.625000;1;0
p3d:p3d_tutorial;10.503276;X=0.651042 Y=0.837963;X=0.125000 Y=0.625000;1;0
p3d:p3d_tutorial;10.519902;X=0.651042 Y=0.837963;X=0.125000 Y=0.625000;1;0
p3d:p3d_tutorial;10.536677;X=0.651042 Y=0.837963;X=0.125000 Y=0.625000;1;0
p3d:p3d_tutorial;10.553396;X=0.651042 Y=0.837963;X=0.125000 Y=0.625000;1;0
p3d:p3d_tutorial;10.570030;X=0.651042 Y=0.837963;X=0.125000 Y=0.625000;1;0
p3d:p3d_tutorial;10.586708;X=0.651042 Y=0.837963;X=0.125000 Y=0.625000;1;0
p3d:p3d_tutorial;10.603415;X=0.651042 Y=0.837963;X=0.125000 Y=0.625000;1;0
p3d:p3d_tutorial;10.620123;X=0.651042 Y=0.837963;X=0.125000 Y=0.625000;1;0
p3d:p3d_tutorial;10.636860;X=0.651042 Y=0.837963;X=0.125000 Y=0.625000;1;0
p3d:p3d_tutorial;10.653438;X=0.651042 Y=0.837963;X=0.125000 Y=0.625000;1;0
p3d:p3d_tutorial;10.670013;X=0.651042 Y=0.837963;X=0.125000 Y=0.625000;1;0
p3d:p3d_tutorial;10.686884;X=0.651042 Y=0.837963;X=0.125000 Y=0.625000;1;0
p3d:p3d_tutorial;10.703641;X=0.651042 Y=0.837963;X=0.125000 Y=0.625000;1;0
p3d:p3d_tutorial;10.720266;X=0.651042 Y=0.837963;X=0.125000 Y=0.625000;1;0
p3d:p3d_tutorial;10.736984;X=0.651042 Y=0.837963;X=0.125000 Y=0.625000;1;0
p3d:p3d_tutorial;10.753727;X=0.651042 Y=0.837963;X=0.125000 Y=0.625000;1;0
p3d:p3d_tutorial;10.770453;X=0.651042 Y=0.837963;X=0.125000 Y=0.625000;1;0
p3d:p3d_tutorial;10.787155;X=0.651042 Y=0.837963;X=0.125000 Y=0.625000;1;0
p3d:p3d_tutorial;10.803819;X=0.651042 Y=0.837963;X=0.125000 Y=0.625000;1;0
p3d:p3d_tutorial;10.820606;X=0.648958 Y=0.837963;X=0.125000 Y=0.625000;1;0
p3d:p3d_tutorial;10.836909;X=0.637500 Y=0.831481;X=0.125000 Y=0.625000;1;0
p3d:p3d_tutorial;10.853458;X=0.621875 Y=0.825926;X=0.125000 Y=0.625000;1;0
p3d:p3d_tutorial;10.870577;X=0.515625 Y=0.800926;X=0.125000 Y=0.625000;1;0
p3d:p3d_tutorial;10.887299;X=0.404167 Y=0.775926;X=0.125000 Y=0.625000;1;0
p3d:p3d_tutorial;10.904104;X=0.303125 Y=0.754630;X=0.125000 Y=0.625000;1;0
p3d:p3d_tutorial;10.920789;X=0.202083 Y=0.729630;X=0.125000 Y=0.625000;1;0
p3d:p3d_tutorial;10.937469;X=0.131250 Y=0.712963;X=0.125000 Y=0.625000;1;0
p3d:p3d_tutorial;10.954166;X=0.066667 Y=0.695370;X=0.125000 Y=0.625000;1;0
p3d:p3d_tutorial;10.970826;X=0.025000 Y=0.684259;X=0.125000 Y=0.625000;1;0
p3d:p3d_tutorial;10.987544;X=-0.006250 Y=0.674074;X=0.125000 Y=0.625000;1;0
p3d:p3d_tutorial;11.004275;X=-0.021875 Y=0.672222;X=0.125000 Y=0.625000;1;0
p3d:p3d_tutorial;11.020963;X=-0.028125 Y=0.670370;X=0.125000 Y=0.625000;1;0
p3d:p3d_tutorial;11.037519;X=-0.028125 Y=0.670370;X=0.125000 Y=0.625000;1;0
p3d:p3d_tutorial;11.054239;X=-0.028125 Y=0.670370;X=0.125000 Y=0.625000;1;0
p3d:p3d_tutorial;11.070994;X=-0.028125 Y=0.670370;X=0.125000 Y=0.625000;1;0
p3d:p3d_tutorial;11.087644;X=-0.028125 Y=0.670370;X=0.125000 Y=0.625000;1;0
p3d:p3d_tutorial;11.104401;X=-0.028125 Y=0.670370;X=0.125000 Y=0.625000;1;0
p3d:p3d_tutorial;11.121016;X=-0.028125 Y=0.670370;X=0.125000 Y=0.625000;1;0
p3d:p3d_tutorial;11.137761;X=-0.028125 Y=0.670370;X=0.125000 Y=0.625000;1;0
p3d:p3d_tutorial;11.154467;X=-0.028125 Y=0.670370;X=0.125000 Y=0.625000;1;0
p3d:p3d_tutorial;11.171182;X=-0.028125 Y=0.670370;X=0.125000 Y=0.625000;1;0
p3d:p3d_tutorial;11.187884;X=-0.028125 Y=0.670370;X=0.125000 Y=0.625000;1;0
p3d:p3d_tutorial;11.204665;X=-0.021875 Y=0.669444;X=0.125000 Y=0.625000;1;0
p3d:p3d_tutorial;11.221300;X=-0.016667 Y=0.668519;X=0.125000 Y=0.625000;1;0
p3d:p3d_tutorial;11.238126;X=0.012500 Y=0.662963;X=0.125000 Y=0.625000;1;0
p3d:p3d_tutorial;11.254649;X=0.029167 Y=0.661111;X=0.125000 Y=0.625000;1;0
p3d:p3d_tutorial;11.271426;X=0.045833 Y=0.659259;X=0.125000 Y=0.625000;1;0
p3d:p3d_tutorial;11.288126;X=0.061458 Y=0.659259;X=0.125000 Y=0.625000;1;0
p3d:p3d_tutorial;11.304879;X=0.076042 Y=0.658333;X=0.125000 Y=0.625000;1;0
p3d:p3d_tutorial;11.321462;X=0.085417 Y=0.658333;X=0.125000 Y=0.625000;1;0
p3d:p3d_tutorial;11.338230;X=0.093750 Y=0.658333;X=0.125000 Y=0.625000;1;0
p3d:p3d_tutorial;11.354919;X=0.098958 Y=0.658333;X=0.125000 Y=0.625000;1;0
p3d:p3d_tutorial;11.371671;X=0.101042 Y=0.658333;X=0.125000 Y=0.625000;1;0
p3d:p3d_tutorial;11.388322;X=0.102083 Y=0.658333;X=0.125000 Y=0.625000;1;0
p3d:p3d_tutorial;11.404914;X=0.102083 Y=0.658333;X=0.125000 Y=0.625000;1;0
p3d:p3d_tutorial;11.421576;X=0.102083 Y=0.658333;X=0.125000 Y=0.625000;1;0
p3d:p3d_tutorial;11.438352;X=0.102083 Y=0.658333;X=0.125000 Y=0.625000;1;0
p3d:p3d_tutorial;11.455151;X=0.102083 Y=0.658333;X=0.125000 Y=0.625000;1;1
p3d:p3d_tutorial;11.471772;X=0.102083 Y=0.658333;X=0.125000 Y=0.625000;1;1
p3d:p3d_tutorial;11.488379;X=0.102083 Y=0.658333;X=0.125000 Y=0.625000;1;1
p3d:p3d_tutorial;11.505147;X=0.102083 Y=0.658333;X=0.125000 Y=0.625000;1;1
p3d:p3d_tutorial;11.521794;X=0.102083 Y=0.658333;X=0.125000 Y=0.625000;1;1
p3d:p3d_tutorial;11.538525;X=0.102083 Y=0.658333;X=0.125000 Y=0.625000;1;1
p3d:p3d_tutorial;11.555239;X=0.102083 Y=0.658333;X=0.125000 Y=0.625000;1;1
p3d:p3d_tutorial;11.571944;X=0.102083 Y=0.658333;X=0.125000 Y=0.625000;1;1
p3d:p3d_tutorial;11.588662;X=0.102083 Y=0.658333;X=0.125000 Y=0.625000;1;1
p3d:p3d_tutorial;11.605386;X=0.102083 Y=0.658333;X=0.125000 Y=0.625000;1;1
p3d:p3d_tutorial;11.622008;X=0.102083 Y=0.658333;X=0.125000 Y=0.625000;1;1
p3d:p3d_tutorial;11.638730;X=0.102083 Y=0.658333;X=0.125000 Y=0.625000;1;1
p3d:p3d_tutorial;11.655369;X=0.102083 Y=0.658333;X=0.125000 Y=0.625000;1;1
p3d:p3d_tutorial;11.672149;X=0.102083 Y=0.658333;X=0.125000 Y=0.625000;1;1
p3d:p3d_tutorial;11.688800;X=0.102083 Y=0.658333;X=0.125000 Y=0.625000;1;1
p3d:p3d_tutorial;11.705514;X=0.102083 Y=0.658333;X=0.125000 Y=0.625000;1;1
p3d:p3d_tutorial;11.722208;X=0.102083 Y=0.658333;X=0.125000 Y=0.625000;1;1
p3d:p3d_tutorial;11.738899;X=0.102083 Y=0.658333;X=0.125000 Y=0.625000;1;1
p3d:p3d_tutorial;11.755605;X=0.102083 Y=0.658333;X=0.125000 Y=0.625000;1;1
p3d:p3d_tutorial;11.772314;X=0.102083 Y=0.658333;X=0.125000 Y=0.625000;1;1
p3d:p3d_tutorial;11.788913;X=0.102083 Y=0.658333;X=0.125000 Y=0.625000;1;1
p3d:p3d_tutorial;11.805566;X=0.102083 Y=0.658333;X=0.125000 Y=0.625000;1;1
p3d:p3d_tutorial;11.822370;X=0.102083 Y=0.658333;X=0.125000 Y=0.625000;1;1
p3d:p3d_tutorial;11.839146;X=0.102083 Y=0.658333;X=0.125000 Y=0.625000;1;1
p3d:p3d_tutorial;11.855818;X=0.102083 Y=0.658333;X=0.125000 Y=0.625000;1;1
p3d:p3d_tutorial;11.872534;X=0.102083 Y=0.658333;X=0.125000 Y=0.625000;1;1
p3d:p3d_tutorial;11.889185;X=0.102083 Y=0.658333;X=0.125000 Y=0.625000;1;1
p3d:p3d_tutorial;11.905907;X=0.102083 Y=0.658333;X=0.125000 Y=0.625000;1;1
p3d:p3d_tutorial;11.922567;X=0.102083 Y=0.658333;X=0.125000 Y=0.625000;1;1
p3d:p3d_tutorial;11.939289;X=0.102083 Y=0.658333;X=0.125000 Y=0.625000;1;1
p3d:p3d_tutorial;11.956035;X=0.102083 Y=0.658333;X=0.125000 Y=0.625000;1;1
p3d:p3d_tutorial;11.972742;X=0.102083 Y=0.658333;X=0.125000 Y=0.625000;1;1
p3d:p3d_tutorial;11.989381;X=0.102083 Y=0.658333;X=0.125000 Y=0.625000;1;1
p3d:p3d_tutorial;12.006145;X=0.102083 Y=0.658333;X=0.125000 Y=0.625000;1;1
p3d:p3d_tutorial;12.022758;X=0.102083 Y=0.658333;X=0.125000 Y=0.625000;1;1
p3d:p3d_tutorial;12.039500;X=0.102083 Y=0.658333;X=0.125000 Y=0.625000;1;1
p3d:p3d_tutorial;12.056190;X=0.102083 Y=0.658333;X=0.125000 Y=0.625000;1;1
p3d:p3d_tutorial;12.072932;X=0.102083 Y=0.658333;X=0.125000 Y=0.625000;1;1
p3d:p3d_tutorial;12.089504;X=0.102083 Y=0.658333;X=0.125000 Y=0.625000;1;1
p3d:p3d_tutorial;12.106285;X=0.102083 Y=0.658333;X=0.125000 Y=0.625000;1;1
p3d:p3d_tutorial;12.122963;X=0.102083 Y=0.658333;X=0.125000 Y=0.625000;1;1
p3d:p3d_tutorial;12.139700;X=0.102083 Y=0.658333;X=0.125000 Y=0.625000;1;1
p3d:p3d_tutorial;12.156384;X=0.102083 Y=0.658333;X=0.125000 Y=0.625000;1;1
p3d:p3d_tutorial;12.173073;X=0.102083 Y=0.658333;X=0.125000 Y=0.625000;1;1
p3d:p3d_tutorial;12.189765;X=0.102083 Y=0.658333;X=0.125000 Y=0.625000;1;1
p3d:p3d_tutorial;12.206500;X=0.102083 Y=0.658333;X=0.125000 Y=0.625000;1;1
p3d:p3d_tutorial;12.223145;X=0.102083 Y=0.658333;X=0.125000 Y=0.625000;1;1
p3d:p3d_tutorial;12.239902;X=0.102083 Y=0.658333;X=0.125000 Y=0.625000;1;1
p3d:p3d_tutorial;12.256413;X=0.102083 Y=0.658333;X=0.125000 Y=0.625000;1;1
p3d:p3d_tutorial;12.273292;X=0.102083 Y=0.658333;X=0.125000 Y=0.625000;1;1
p3d:p3d_tutorial;12.289992;X=0.102083 Y=0.658333;X=0.125000 Y=0.625000;1;1
p3d:p3d_tutorial;12.306679;X=0.102083 Y=0.658333;X=0.125000 Y=0.625000;1;1
p3d:p3d_tutorial;12.323380;X=0.102083 Y=0.658333;X=0.125000 Y=0.625000;1;1
p3d:p3d_tutorial;12.340090;X=0.102083 Y=0.658333;X=0.125000 Y=0.625000;1;1
p3d:p3d_tutorial;12.356803;X=0.102083 Y=0.658333;X=0.125000 Y=0.625000;1;1
p3d:p3d_tutorial;12.373451;X=0.102083 Y=0.658333;X=0.125000 Y=0.625000;1;1
p3d:p3d_tutorial;12.390196;X=0.102083 Y=0.658333;X=0.125000 Y=0.625000;1;1
p3d:p3d_tutorial;12.406889;X=0.102083 Y=0.658333;X=0.125000 Y=0.625000;1;1
p3d:p3d_tutorial;12.423559;X=0.102083 Y=0.658333;X=0.125000 Y=0.625000;1;1
p3d:p3d_tutorial;12.440286;X=0.102083 Y=0.658333;X=0.125000 Y=0.625000;1;1
p3d:p3d_tutorial;12.456956;X=0.102083 Y=0.658333;X=0.125000 Y=0.625000;1;1
p3d:p3d_tutorial;12.473623;X=0.102083 Y=0.658333;X=0.125000 Y=0.625000;1;1
p3d:p3d_tutorial;12.490388;X=0.102083 Y=0.658333;X=0.125000 Y=0.625000;1;1
p3d:p3d_tutorial;12.507074;X=0.102083 Y=0.658333;X=0.125000 Y=0.625000;1;1
p3d:p3d_tutorial;12.523740;X=0.102083 Y=0.658333;X=0.125000 Y=0.625000;1;1
p3d:p3d_tutorial;12.540456;X=0.102083 Y=0.658333;X=0.125000 Y=0.625000;1;1
p3d:p3d_tutorial;12.557143;X=0.102083 Y=0.658333;X=0.125000 Y=0.625000;1;1
p3d:p3d_tutorial;12.573826;X=0.102083 Y=0.658333;X=0.125000 Y=0.625000;1;1
p3d:p3d_tutorial;12.590515;X=0.102083 Y=0.658333;X=0.125000 Y=0.625000;1;1
p3d:p3d_tutorial;12.607276;X=0.102083 Y=0.658333;X=0.125000 Y=0.625000;1;1
p3d:p3d_tutorial;12.623893;X=0.102083 Y=0.658333;X=0.125000 Y=0.625000;1;1
p3d:p3d_tutorial;12.640744;X=0.102083 Y=0.658333;X=0.125000 Y=0.625000;1;1
p3d:p3d_tutorial;12.657351;X=0.102083 Y=0.658333;X=0.125000 Y=0.625000;1;1
p3d:p3d_tutorial;12.674057;X=0.102083 Y=0.658333;X=0.125000 Y=0.625000;1;1
p3d:p3d_tutorial;12.690771;X=0.102083 Y=0.658333;X=0.125000 Y=0.625000;1;1
p3d:p3d_tutorial;12.707458;X=0.102083 Y=0.658333;X=0.125000 Y=0.625000;1;1
p3d:p3d_tutorial;12.724081;X=0.102083 Y=0.658333;X=0.125000 Y=0.625000;1;1
p3d:p3d_tutorial;12.740877;X=0.102083 Y=0.658333;X=0.125000 Y=0.625000;1;1
p3d:p3d_tutorial;12.757446;X=0.102083 Y=0.658333;X=0.125000 Y=0.625000;1;1
p3d:p3d_tutorial;12.774247;X=0.102083 Y=0.658333;X=0.125000 Y=0.625000;1;1
p3d:p3d_tutorial;12.790889;X=0.102083 Y=0.658333;X=0.125000 Y=0.625000;1;1
p3d:p3d_tutorial;12.807651;X=0.102083 Y=0.658333;X=0.125000 Y=0.625000;1;1
p3d:p3d_tutorial;12.824267;X=0.102083 Y=0.658333;X=0.125000 Y=0.625000;1;1
p3d:p3d_tutorial;12.841008;X=0.102083 Y=0.658333;X=0.125000 Y=0.625000;1;1
p3d:p3d_tutorial;12.857745;X=0.102083 Y=0.658333;X=0.125000 Y=0.625000;1;1
p3d:p3d_tutorial;12.874408;X=0.102083 Y=0.658333;X=0.125000 Y=0.625000;1;1
p3d:p3d_tutorial;12.891118;X=0.102083 Y=0.658333;X=0.125000 Y=0.625000;1;1
p3d:p3d_tutorial;12.907850;X=0.102083 Y=0.658333;X=0.125000 Y=0.625000;1;1
p3d:p3d_tutorial;12.924468;X=0.102083 Y=0.658333;X=0.125000 Y=0.625000;1;1
p3d:p3d_tutorial;12.941245;X=0.102083 Y=0.658333;X=0.125000 Y=0.625000;1;1
p3d:p3d_tutorial;12.957937;X=0.102083 Y=0.658333;X=0.125000 Y=0.625000;1;0
p3d:p3d_tutorial;12.974660;X=0.102083 Y=0.658333;X=0.125000 Y=0.625000;1;0
p3d:p3d_tutorial;12.991290;X=0.102083 Y=0.658333;X=0.125000 Y=0.625000;1;0
p3d:p3d_tutorial;13.008031;X=0.102083 Y=0.658333;X=0.125000 Y=0.625000;1;0
p3d:p3d_tutorial;13.024681;X=0.102083 Y=0.658333;X=0.125000 Y=0.625000;1;0
p3d:p3d_tutorial;13.041406;X=0.102083 Y=0.658333;X=0.125000 Y=0.625000;1;0
p3d:p3d_tutorial;13.058107;X=0.102083 Y=0.658333;X=0.125000 Y=0.625000;1;0
p3d:p3d_tutorial;13.074796;X=0.102083 Y=0.658333;X=0.125000 Y=0.625000;1;0
p3d:p3d_tutorial;13.091594;X=0.102083 Y=0.658333;X=0.125000 Y=0.625000;1;0
p3d:p3d_tutorial;13.108208;X=0.102083 Y=0.658333;X=0.125000 Y=0.625000;1;0
p3d:p3d_tutorial;13.124921;X=0.102083 Y=0.658333;X=0.125000 Y=0.625000;1;0
p3d:p3d_tutorial;13.141539;X=0.102083 Y=0.658333;X=0.125000 Y=0.625000;1;0
p3d:p3d_tutorial;13.158339;X=0.102083 Y=0.658333;X=0.125000 Y=0.625000;1;0
p3d:p3d_tutorial;13.175021;X=0.102083 Y=0.658333;X=0.125000 Y=0.625000;1;0
p3d:p3d_tutorial;13.191734;X=0.102083 Y=0.658333;X=0.125000 Y=0.625000;1;0
p3d:p3d_tutorial;13.208426;X=0.102083 Y=0.658333;X=0.125000 Y=0.625000;1;0
p3d:p3d_tutorial;13.225084;X=0.102083 Y=0.658333;X=0.125000 Y=0.625000;1;0
p3d:p3d_tutorial;13.241755;X=0.102083 Y=0.658333;X=0.125000 Y=0.625000;1;0
p3d:p3d_tutorial;13.258538;X=0.102083 Y=0.658333;X=0.125000 Y=0.625000;1;0
p3d:p3d_tutorial;13.275213;X=0.102083 Y=0.658333;X=0.125000 Y=0.625000;1;0
p3d:p3d_tutorial;13.291883;X=0.102083 Y=0.658333;X=0.125000 Y=0.625000;1;0
p3d:p3d_tutorial;13.308621;X=0.102083 Y=0.658333;X=0.125000 Y=0.625000;1;0
p3d:p3d_tutorial;13.325230;X=0.102083 Y=0.658333;X=0.125000 Y=0.625000;1;0
p3d:p3d_tutorial;13.342040;X=0.102083 Y=0.658333;X=0.125000 Y=0.625000;1;0
p3d:p3d_tutorial;13.358656;X=0.102083 Y=0.658333;X=0.125000 Y=0.625000;1;0
p3d:p3d_tutorial;13.375398;X=0.102083 Y=0.658333;X=0.125000 Y=0.625000;1;0
p3d:p3d_tutorial;13.392072;X=0.102083 Y=0.658333;X=0.125000 Y=0.625000;1;0
