Tue Jul  6 15:21:28 2021

p3d:p3d_tutorial;0.014241;X=0.000000 Y=0.000000;X=-0.125000 Y=0.125000;1;0
p3d:p3d_tutorial;0.027672;X=0.000000 Y=0.000000;X=-0.125000 Y=0.125000;1;0
p3d:p3d_tutorial;0.041846;X=0.000000 Y=0.000000;X=-0.125000 Y=0.125000;1;0
p3d:p3d_tutorial;0.055137;X=0.000000 Y=0.000000;X=-0.125000 Y=0.125000;1;0
p3d:p3d_tutorial;0.070380;X=0.000000 Y=0.000000;X=-0.125000 Y=0.125000;1;0
p3d:p3d_tutorial;0.087075;X=0.000000 Y=0.000000;X=-0.125000 Y=0.125000;1;0
p3d:p3d_tutorial;0.103832;X=0.000000 Y=0.000000;X=-0.125000 Y=0.125000;1;0
p3d:p3d_tutorial;0.120351;X=0.000000 Y=0.000000;X=-0.125000 Y=0.125000;1;0
p3d:p3d_tutorial;0.137203;X=0.000000 Y=0.000000;X=-0.125000 Y=0.125000;1;0
p3d:p3d_tutorial;0.153879;X=0.000000 Y=0.000000;X=-0.125000 Y=0.125000;1;0
p3d:p3d_tutorial;0.170562;X=0.000000 Y=0.000000;X=-0.125000 Y=0.125000;1;0
p3d:p3d_tutorial;0.187299;X=0.000000 Y=0.000000;X=-0.125000 Y=0.125000;1;0
p3d:p3d_tutorial;0.204041;X=0.000000 Y=0.000000;X=-0.125000 Y=0.125000;1;0
p3d:p3d_tutorial;0.220609;X=0.000000 Y=0.000000;X=-0.125000 Y=0.125000;1;0
p3d:p3d_tutorial;0.237435;X=0.000000 Y=0.000000;X=-0.125000 Y=0.125000;1;0
p3d:p3d_tutorial;0.254125;X=0.000000 Y=0.000000;X=-0.125000 Y=0.125000;1;0
p3d:p3d_tutorial;0.270862;X=0.000000 Y=0.000000;X=-0.125000 Y=0.125000;1;0
p3d:p3d_tutorial;0.287530;X=0.000000 Y=0.000000;X=-0.125000 Y=0.125000;1;0
p3d:p3d_tutorial;0.304243;X=0.000000 Y=0.000000;X=-0.125000 Y=0.125000;1;0
p3d:p3d_tutorial;0.320902;X=0.000000 Y=0.000000;X=-0.125000 Y=0.125000;1;0
p3d:p3d_tutorial;0.337656;X=0.000000 Y=0.000000;X=-0.125000 Y=0.125000;1;0
p3d:p3d_tutorial;0.354291;X=0.000000 Y=0.000000;X=-0.125000 Y=0.125000;1;0
p3d:p3d_tutorial;0.371012;X=0.000000 Y=0.000000;X=-0.125000 Y=0.125000;1;0
p3d:p3d_tutorial;0.387763;X=0.000000 Y=0.000000;X=-0.125000 Y=0.125000;1;0
p3d:p3d_tutorial;0.404422;X=0.000000 Y=0.000000;X=-0.125000 Y=0.125000;1;0
p3d:p3d_tutorial;0.421126;X=0.000000 Y=0.000000;X=-0.125000 Y=0.125000;1;0
p3d:p3d_tutorial;0.437797;X=0.000000 Y=0.000000;X=-0.125000 Y=0.125000;1;0
p3d:p3d_tutorial;0.454473;X=0.000000 Y=0.000000;X=-0.125000 Y=0.125000;1;0
p3d:p3d_tutorial;0.471186;X=0.000000 Y=0.000000;X=-0.125000 Y=0.125000;1;0
p3d:p3d_tutorial;0.487866;X=0.000000 Y=0.000000;X=-0.125000 Y=0.125000;1;0
p3d:p3d_tutorial;0.504559;X=0.000000 Y=0.000000;X=-0.125000 Y=0.125000;1;0
p3d:p3d_tutorial;0.521274;X=0.000000 Y=0.000000;X=-0.125000 Y=0.125000;1;0
p3d:p3d_tutorial;0.537984;X=0.000000 Y=0.000000;X=-0.125000 Y=0.125000;1;0
p3d:p3d_tutorial;0.554705;X=0.000000 Y=0.000000;X=-0.125000 Y=0.125000;1;0
p3d:p3d_tutorial;0.571379;X=0.000000 Y=0.000000;X=-0.125000 Y=0.125000;1;0
p3d:p3d_tutorial;0.588105;X=0.000000 Y=0.000000;X=-0.125000 Y=0.125000;1;0
p3d:p3d_tutorial;0.604755;X=0.000000 Y=0.000000;X=-0.125000 Y=0.125000;1;0
p3d:p3d_tutorial;0.621222;X=0.000000 Y=0.000000;X=-0.125000 Y=0.125000;1;0
p3d:p3d_tutorial;0.638096;X=0.000000 Y=0.000000;X=-0.125000 Y=0.125000;1;0
p3d:p3d_tutorial;0.654531;X=0.000000 Y=0.000000;X=-0.125000 Y=0.125000;1;0
p3d:p3d_tutorial;0.671226;X=0.000000 Y=0.000000;X=-0.125000 Y=0.125000;1;0
p3d:p3d_tutorial;0.687930;X=0.000000 Y=0.000000;X=-0.125000 Y=0.125000;1;0
p3d:p3d_tutorial;0.704570;X=0.000000 Y=0.000000;X=-0.125000 Y=0.125000;1;0
p3d:p3d_tutorial;0.721304;X=0.000000 Y=0.000000;X=-0.125000 Y=0.125000;1;0
p3d:p3d_tutorial;0.737976;X=0.000000 Y=0.000000;X=-0.125000 Y=0.125000;1;0
p3d:p3d_tutorial;0.754696;X=0.000000 Y=0.000000;X=-0.125000 Y=0.125000;1;0
p3d:p3d_tutorial;0.771810;X=0.000000 Y=0.000000;X=-0.125000 Y=0.125000;1;0
p3d:p3d_tutorial;0.788490;X=0.000000 Y=0.000000;X=-0.125000 Y=0.125000;1;0
p3d:p3d_tutorial;0.805255;X=0.000000 Y=0.000000;X=-0.125000 Y=0.125000;1;0
p3d:p3d_tutorial;0.822881;X=0.000000 Y=0.000000;X=-0.125000 Y=0.125000;1;0
p3d:p3d_tutorial;0.839362;X=0.000000 Y=0.000000;X=-0.125000 Y=0.125000;1;0
p3d:p3d_tutorial;0.855634;X=0.000000 Y=0.000000;X=-0.125000 Y=0.125000;1;0
p3d:p3d_tutorial;0.872084;X=0.000000 Y=0.000000;X=-0.125000 Y=0.125000;1;0
p3d:p3d_tutorial;0.889087;X=0.000000 Y=0.000000;X=-0.125000 Y=0.125000;1;0
p3d:p3d_tutorial;0.905799;X=0.000000 Y=0.000000;X=-0.125000 Y=0.125000;1;0
p3d:p3d_tutorial;0.923247;X=0.000000 Y=0.000000;X=-0.125000 Y=0.125000;1;0
p3d:p3d_tutorial;0.939333;X=0.000000 Y=0.000000;X=-0.125000 Y=0.125000;1;0
p3d:p3d_tutorial;0.955997;X=0.000000 Y=0.000000;X=-0.125000 Y=0.125000;1;0
p3d:p3d_tutorial;0.972406;X=0.000000 Y=0.000000;X=-0.125000 Y=0.125000;1;0
p3d:p3d_tutorial;0.989281;X=0.000000 Y=0.000000;X=-0.125000 Y=0.125000;1;0
p3d:p3d_tutorial;1.006043;X=0.000000 Y=0.000000;X=-0.125000 Y=0.125000;1;0
p3d:p3d_tutorial;1.022522;X=0.000000 Y=0.000000;X=-0.125000 Y=0.125000;1;0
p3d:p3d_tutorial;1.039404;X=0.000000 Y=0.000000;X=-0.125000 Y=0.125000;1;0
p3d:p3d_tutorial;1.056101;X=0.000000 Y=0.000000;X=-0.125000 Y=0.125000;1;0
p3d:p3d_tutorial;1.072869;X=0.000000 Y=0.000000;X=-0.125000 Y=0.125000;1;0
p3d:p3d_tutorial;1.089685;X=0.000000 Y=0.000000;X=-0.125000 Y=0.125000;1;0
p3d:p3d_tutorial;1.106225;X=0.000000 Y=0.000000;X=-0.125000 Y=0.125000;1;0
p3d:p3d_tutorial;1.123033;X=0.000000 Y=0.000000;X=-0.125000 Y=0.125000;1;0
p3d:p3d_tutorial;1.139789;X=0.000000 Y=0.000000;X=-0.125000 Y=0.125000;1;0
p3d:p3d_tutorial;1.156233;X=0.000000 Y=0.000000;X=-0.125000 Y=0.125000;1;0
p3d:p3d_tutorial;1.172926;X=0.000000 Y=0.000000;X=-0.125000 Y=0.125000;1;0
p3d:p3d_tutorial;1.189897;X=0.000000 Y=0.000000;X=-0.125000 Y=0.125000;1;0
p3d:p3d_tutorial;1.206392;X=0.000000 Y=0.000000;X=-0.125000 Y=0.125000;1;0
p3d:p3d_tutorial;1.223605;X=0.000000 Y=0.000000;X=-0.125000 Y=0.125000;1;0
p3d:p3d_tutorial;1.239909;X=0.000000 Y=0.000000;X=-0.125000 Y=0.125000;1;0
p3d:p3d_tutorial;1.256366;X=0.000000 Y=0.000000;X=-0.125000 Y=0.125000;1;0
p3d:p3d_tutorial;1.273168;X=0.000000 Y=0.000000;X=-0.125000 Y=0.125000;1;0
p3d:p3d_tutorial;1.290053;X=0.000000 Y=0.000000;X=-0.125000 Y=0.125000;1;0
p3d:p3d_tutorial;1.306764;X=0.000000 Y=0.000000;X=-0.125000 Y=0.125000;1;0
p3d:p3d_tutorial;1.323365;X=0.000000 Y=0.000000;X=-0.125000 Y=0.125000;1;0
p3d:p3d_tutorial;1.339998;X=0.000000 Y=0.000000;X=-0.125000 Y=0.125000;1;0
p3d:p3d_tutorial;1.356728;X=0.000000 Y=0.000000;X=-0.125000 Y=0.125000;1;0
p3d:p3d_tutorial;1.373396;X=0.000000 Y=0.000000;X=-0.125000 Y=0.125000;1;0
p3d:p3d_tutorial;1.389760;X=0.000000 Y=0.000000;X=-0.125000 Y=0.125000;1;0
p3d:p3d_tutorial;1.406463;X=0.000000 Y=0.000000;X=-0.125000 Y=0.125000;1;0
p3d:p3d_tutorial;1.423047;X=0.000000 Y=0.000000;X=-0.125000 Y=0.125000;1;0
p3d:p3d_tutorial;1.440731;X=0.000000 Y=0.000000;X=-0.125000 Y=0.125000;1;0
p3d:p3d_tutorial;1.456483;X=0.000000 Y=0.000000;X=-0.125000 Y=0.125000;1;0
p3d:p3d_tutorial;1.473266;X=0.000000 Y=0.000000;X=-0.125000 Y=0.125000;1;0
p3d:p3d_tutorial;1.490087;X=0.000000 Y=0.000000;X=-0.125000 Y=0.125000;1;0
p3d:p3d_tutorial;1.506940;X=0.000000 Y=0.000000;X=-0.125000 Y=0.125000;1;0
p3d:p3d_tutorial;1.524186;X=0.000000 Y=0.000000;X=-0.125000 Y=0.125000;1;0
p3d:p3d_tutorial;1.540482;X=0.000000 Y=0.000000;X=-0.125000 Y=0.125000;1;0
p3d:p3d_tutorial;1.557251;X=0.000000 Y=0.000000;X=-0.125000 Y=0.125000;1;0
p3d:p3d_tutorial;1.574041;X=0.000000 Y=0.000000;X=-0.125000 Y=0.125000;1;0
p3d:p3d_tutorial;1.590590;X=0.000000 Y=0.000000;X=-0.125000 Y=0.125000;1;0
p3d:p3d_tutorial;1.607134;X=0.000000 Y=0.000000;X=-0.125000 Y=0.125000;1;0
p3d:p3d_tutorial;1.623884;X=0.000000 Y=0.000000;X=-0.125000 Y=0.125000;1;0
p3d:p3d_tutorial;1.640715;X=-0.414583 Y=0.133333;X=-0.125000 Y=0.125000;1;0
p3d:p3d_tutorial;1.657459;X=-0.376042 Y=0.124074;X=-0.125000 Y=0.125000;1;0
p3d:p3d_tutorial;1.674182;X=-0.351042 Y=0.110185;X=-0.125000 Y=0.125000;1;0
p3d:p3d_tutorial;1.691057;X=-0.331250 Y=0.097222;X=-0.125000 Y=0.125000;1;0
p3d:p3d_tutorial;1.707754;X=-0.314583 Y=0.087963;X=-0.125000 Y=0.125000;1;0
p3d:p3d_tutorial;1.724282;X=-0.307292 Y=0.086111;X=-0.125000 Y=0.125000;1;0
p3d:p3d_tutorial;1.741037;X=-0.289583 Y=0.086111;X=-0.125000 Y=0.125000;1;0
p3d:p3d_tutorial;1.757810;X=-0.260417 Y=0.087037;X=-0.125000 Y=0.125000;1;0
p3d:p3d_tutorial;1.774397;X=-0.239583 Y=0.092593;X=-0.125000 Y=0.125000;1;0
p3d:p3d_tutorial;1.791113;X=-0.229167 Y=0.095370;X=-0.125000 Y=0.125000;1;0
p3d:p3d_tutorial;1.807792;X=-0.229167 Y=0.095370;X=-0.125000 Y=0.125000;1;0
p3d:p3d_tutorial;1.824474;X=-0.227083 Y=0.096296;X=-0.125000 Y=0.125000;1;0
p3d:p3d_tutorial;1.841181;X=-0.217708 Y=0.103704;X=-0.125000 Y=0.125000;1;0
p3d:p3d_tutorial;1.857926;X=-0.208333 Y=0.115741;X=-0.125000 Y=0.125000;1;0
p3d:p3d_tutorial;1.874593;X=-0.185417 Y=0.140741;X=-0.125000 Y=0.125000;1;0
p3d:p3d_tutorial;1.891304;X=-0.158333 Y=0.167593;X=-0.125000 Y=0.125000;1;0
p3d:p3d_tutorial;1.908062;X=-0.113542 Y=0.202778;X=-0.125000 Y=0.125000;1;0
p3d:p3d_tutorial;1.924698;X=-0.040625 Y=0.242593;X=-0.125000 Y=0.125000;1;0
p3d:p3d_tutorial;1.941414;X=0.058333 Y=0.287037;X=-0.125000 Y=0.125000;1;0
p3d:p3d_tutorial;1.957968;X=0.271875 Y=0.375000;X=-0.125000 Y=0.125000;1;0
p3d:p3d_tutorial;1.974456;X=0.397917 Y=0.416667;X=-0.125000 Y=0.125000;1;0
p3d:p3d_tutorial;1.991495;X=0.439583 Y=0.428704;X=-0.125000 Y=0.125000;1;0
p3d:p3d_tutorial;2.008339;X=0.496875 Y=0.437963;X=-0.125000 Y=0.125000;1;0
p3d:p3d_tutorial;2.024947;X=0.529167 Y=0.441667;X=-0.125000 Y=0.125000;1;0
p3d:p3d_tutorial;2.041569;X=0.535417 Y=0.441667;X=-0.125000 Y=0.125000;1;0
p3d:p3d_tutorial;2.058132;X=0.535417 Y=0.441667;X=-0.125000 Y=0.125000;1;0
p3d:p3d_tutorial;2.075062;X=0.533333 Y=0.437037;X=-0.125000 Y=0.125000;1;0
p3d:p3d_tutorial;2.091691;X=0.532292 Y=0.434259;X=-0.125000 Y=0.125000;1;0
p3d:p3d_tutorial;2.108404;X=0.527083 Y=0.426852;X=-0.125000 Y=0.125000;1;0
p3d:p3d_tutorial;2.125129;X=0.519792 Y=0.414815;X=-0.125000 Y=0.125000;1;0
p3d:p3d_tutorial;2.141956;X=0.508333 Y=0.389815;X=-0.125000 Y=0.125000;1;0
p3d:p3d_tutorial;2.158500;X=0.496875 Y=0.368519;X=-0.125000 Y=0.125000;1;0
p3d:p3d_tutorial;2.175169;X=0.481250 Y=0.347222;X=-0.125000 Y=0.125000;1;0
p3d:p3d_tutorial;2.191900;X=0.468750 Y=0.336111;X=-0.125000 Y=0.125000;1;0
p3d:p3d_tutorial;2.208634;X=0.458333 Y=0.325000;X=-0.125000 Y=0.125000;1;0
p3d:p3d_tutorial;2.225185;X=0.446875 Y=0.318519;X=-0.125000 Y=0.125000;1;0
p3d:p3d_tutorial;2.241988;X=0.439583 Y=0.311111;X=-0.125000 Y=0.125000;1;0
p3d:p3d_tutorial;2.258620;X=0.434375 Y=0.305556;X=-0.125000 Y=0.125000;1;0
p3d:p3d_tutorial;2.275332;X=0.428125 Y=0.300926;X=-0.125000 Y=0.125000;1;0
p3d:p3d_tutorial;2.292031;X=0.423958 Y=0.299074;X=-0.125000 Y=0.125000;1;0
p3d:p3d_tutorial;2.308626;X=0.421875 Y=0.298148;X=-0.125000 Y=0.125000;1;0
p3d:p3d_tutorial;2.325373;X=0.418750 Y=0.297222;X=-0.125000 Y=0.125000;1;0
p3d:p3d_tutorial;2.342040;X=0.418750 Y=0.297222;X=-0.125000 Y=0.125000;1;0
p3d:p3d_tutorial;2.358705;X=0.418750 Y=0.297222;X=-0.125000 Y=0.125000;1;0
p3d:p3d_tutorial;2.375444;X=0.418750 Y=0.297222;X=-0.125000 Y=0.125000;1;0
p3d:p3d_tutorial;2.392118;X=0.418750 Y=0.297222;X=-0.125000 Y=0.125000;1;0
p3d:p3d_tutorial;2.408865;X=0.418750 Y=0.297222;X=-0.125000 Y=0.125000;1;0
p3d:p3d_tutorial;2.425351;X=0.418750 Y=0.297222;X=-0.125000 Y=0.125000;1;0
p3d:p3d_tutorial;2.442412;X=0.417708 Y=0.298148;X=-0.125000 Y=0.125000;1;1
p3d:p3d_tutorial;2.459035;X=0.416667 Y=0.301852;X=-0.125000 Y=0.125000;1;1
p3d:p3d_tutorial;2.475491;X=0.415625 Y=0.305556;X=-0.125000 Y=0.125000;1;1
p3d:p3d_tutorial;2.492256;X=0.414583 Y=0.312037;X=-0.125000 Y=0.125000;1;1
p3d:p3d_tutorial;2.508602;X=0.413542 Y=0.319444;X=-0.125000 Y=0.125000;1;1
p3d:p3d_tutorial;2.525209;X=0.413542 Y=0.327778;X=-0.125000 Y=0.125000;1;1
p3d:p3d_tutorial;2.541982;X=0.413542 Y=0.340741;X=-0.125000 Y=0.125000;1;1
p3d:p3d_tutorial;2.558577;X=0.413542 Y=0.350000;X=-0.125000 Y=0.125000;1;1
p3d:p3d_tutorial;2.575347;X=0.413542 Y=0.353704;X=-0.125000 Y=0.125000;1;1
p3d:p3d_tutorial;2.592026;X=0.412500 Y=0.364815;X=-0.125000 Y=0.125000;1;1
p3d:p3d_tutorial;2.608743;X=0.412500 Y=0.375000;X=-0.125000 Y=0.125000;1;1
p3d:p3d_tutorial;2.625241;X=0.412500 Y=0.387963;X=-0.125000 Y=0.125000;1;1
p3d:p3d_tutorial;2.642192;X=0.412500 Y=0.396296;X=-0.125000 Y=0.125000;1;1
p3d:p3d_tutorial;2.658863;X=0.410417 Y=0.406481;X=-0.125000 Y=0.125000;1;1
p3d:p3d_tutorial;2.675528;X=0.408333 Y=0.412963;X=-0.125000 Y=0.125000;1;1
p3d:p3d_tutorial;2.692139;X=0.407292 Y=0.414815;X=-0.125000 Y=0.125000;1;1
p3d:p3d_tutorial;2.708902;X=0.406250 Y=0.416667;X=-0.125000 Y=0.125000;1;1
p3d:p3d_tutorial;2.725637;X=0.405208 Y=0.416667;X=-0.125000 Y=0.125000;1;1
p3d:p3d_tutorial;2.742262;X=0.405208 Y=0.416667;X=-0.125000 Y=0.125000;1;1
p3d:p3d_tutorial;2.758985;X=0.398958 Y=0.412037;X=-0.125000 Y=0.125000;1;1
p3d:p3d_tutorial;2.775802;X=0.384375 Y=0.398148;X=-0.125000 Y=0.125000;1;1
p3d:p3d_tutorial;2.792372;X=0.338542 Y=0.347222;X=-0.125000 Y=0.125000;1;1
p3d:p3d_tutorial;2.809165;X=0.281250 Y=0.280556;X=-0.125000 Y=0.125000;1;1
p3d:p3d_tutorial;2.825855;X=0.220833 Y=0.205556;X=-0.125000 Y=0.125000;1;1
p3d:p3d_tutorial;2.842541;X=0.176042 Y=0.144444;X=-0.125000 Y=0.125000;1;1
p3d:p3d_tutorial;2.859246;X=0.143750 Y=0.092593;X=-0.125000 Y=0.125000;1;1
p3d:p3d_tutorial;2.876006;X=0.132292 Y=0.067593;X=-0.125000 Y=0.125000;1;1
p3d:p3d_tutorial;2.892604;X=0.132292 Y=0.050926;X=-0.125000 Y=0.125000;1;1
p3d:p3d_tutorial;2.909455;X=0.130208 Y=0.039815;X=-0.125000 Y=0.125000;1;1
p3d:p3d_tutorial;2.926035;X=0.130208 Y=0.030556;X=-0.125000 Y=0.125000;1;1
p3d:p3d_tutorial;2.942678;X=0.130208 Y=0.030556;X=-0.125000 Y=0.125000;1;1
p3d:p3d_tutorial;2.959339;X=0.130208 Y=0.029630;X=-0.125000 Y=0.125000;1;1
p3d:p3d_tutorial;2.976057;X=0.130208 Y=0.029630;X=-0.125000 Y=0.125000;1;1
p3d:p3d_tutorial;2.992706;X=0.130208 Y=0.029630;X=-0.125000 Y=0.125000;1;1
p3d:p3d_tutorial;3.009461;X=0.130208 Y=0.029630;X=-0.125000 Y=0.125000;1;1
p3d:p3d_tutorial;3.026104;X=0.130208 Y=0.029630;X=-0.125000 Y=0.125000;1;1
p3d:p3d_tutorial;3.042870;X=0.130208 Y=0.029630;X=-0.125000 Y=0.125000;1;1
p3d:p3d_tutorial;3.059544;X=0.130208 Y=0.029630;X=-0.125000 Y=0.125000;1;1
p3d:p3d_tutorial;3.076200;X=0.130208 Y=0.029630;X=-0.125000 Y=0.125000;1;1
p3d:p3d_tutorial;3.092923;X=0.130208 Y=0.029630;X=-0.125000 Y=0.125000;1;1
p3d:p3d_tutorial;3.109611;X=0.130208 Y=0.029630;X=-0.125000 Y=0.125000;1;1
p3d:p3d_tutorial;3.126296;X=0.130208 Y=0.029630;X=-0.125000 Y=0.125000;1;1
p3d:p3d_tutorial;3.143090;X=0.130208 Y=0.029630;X=-0.125000 Y=0.125000;1;1
p3d:p3d_tutorial;3.159774;X=0.130208 Y=0.029630;X=-0.125000 Y=0.125000;1;0
p3d:p3d_tutorial;3.176414;X=0.130208 Y=0.029630;X=-0.125000 Y=0.125000;1;0
p3d:p3d_tutorial;3.193133;X=0.130208 Y=0.029630;X=-0.125000 Y=0.125000;1;0
p3d:p3d_tutorial;3.209817;X=0.130208 Y=0.029630;X=-0.125000 Y=0.125000;1;0
p3d:p3d_tutorial;3.226480;X=0.130208 Y=0.029630;X=-0.125000 Y=0.125000;1;0
p3d:p3d_tutorial;3.243198;X=0.130208 Y=0.029630;X=-0.125000 Y=0.125000;1;0
p3d:p3d_tutorial;3.260028;X=0.130208 Y=0.031481;X=-0.125000 Y=0.125000;1;0
p3d:p3d_tutorial;3.276742;X=0.133333 Y=0.040741;X=-0.125000 Y=0.125000;1;0
p3d:p3d_tutorial;3.293439;X=0.137500 Y=0.045370;X=-0.125000 Y=0.125000;1;0
p3d:p3d_tutorial;3.310034;X=0.160417 Y=0.073148;X=-0.125000 Y=0.125000;1;0
p3d:p3d_tutorial;3.326762;X=0.193750 Y=0.102778;X=-0.125000 Y=0.125000;1;0
p3d:p3d_tutorial;3.343496;X=0.255208 Y=0.150000;X=-0.125000 Y=0.125000;1;0
p3d:p3d_tutorial;3.360122;X=0.317708 Y=0.196296;X=-0.125000 Y=0.125000;1;0
p3d:p3d_tutorial;3.376863;X=0.380208 Y=0.237963;X=-0.125000 Y=0.125000;1;0
p3d:p3d_tutorial;3.393541;X=0.436458 Y=0.272222;X=-0.125000 Y=0.125000;1;0
p3d:p3d_tutorial;3.410277;X=0.507292 Y=0.310185;X=-0.125000 Y=0.125000;1;0
p3d:p3d_tutorial;3.426969;X=0.576042 Y=0.349074;X=-0.125000 Y=0.125000;1;0
p3d:p3d_tutorial;3.443732;X=0.653125 Y=0.375926;X=-0.125000 Y=0.125000;1;0
p3d:p3d_tutorial;3.460389;X=0.705208 Y=0.398148;X=-0.125000 Y=0.125000;1;0
p3d:p3d_tutorial;3.477021;X=0.728125 Y=0.430556;X=-0.125000 Y=0.125000;1;0
p3d:p3d_tutorial;3.493744;X=0.733333 Y=0.461111;X=-0.125000 Y=0.125000;1;0
p3d:p3d_tutorial;3.510405;X=0.733333 Y=0.472222;X=-0.125000 Y=0.125000;1;0
p3d:p3d_tutorial;3.527169;X=0.731250 Y=0.473148;X=-0.125000 Y=0.125000;1;0
p3d:p3d_tutorial;3.543829;X=0.731250 Y=0.473148;X=-0.125000 Y=0.125000;1;0
p3d:p3d_tutorial;3.560543;X=0.731250 Y=0.473148;X=-0.125000 Y=0.125000;1;0
p3d:p3d_tutorial;3.577214;X=0.731250 Y=0.473148;X=-0.125000 Y=0.125000;1;0
p3d:p3d_tutorial;3.593864;X=0.731250 Y=0.473148;X=-0.125000 Y=0.125000;1;0
p3d:p3d_tutorial;3.610573;X=0.731250 Y=0.473148;X=-0.125000 Y=0.125000;1;0
p3d:p3d_tutorial;3.627088;X=0.731250 Y=0.473148;X=-0.125000 Y=0.125000;1;0
p3d:p3d_tutorial;3.643962;X=0.731250 Y=0.473148;X=-0.125000 Y=0.125000;1;0
p3d:p3d_tutorial;3.660657;X=0.731250 Y=0.473148;X=-0.125000 Y=0.125000;1;0
p3d:p3d_tutorial;3.677407;X=0.731250 Y=0.473148;X=-0.125000 Y=0.125000;1;0
p3d:p3d_tutorial;3.694093;X=0.731250 Y=0.473148;X=-0.125000 Y=0.125000;1;0
p3d:p3d_tutorial;3.710788;X=0.731250 Y=0.473148;X=-0.125000 Y=0.125000;1;0
p3d:p3d_tutorial;3.727513;X=0.731250 Y=0.473148;X=-0.125000 Y=0.125000;1;0
p3d:p3d_tutorial;3.744129;X=0.731250 Y=0.473148;X=-0.125000 Y=0.125000;1;0
p3d:p3d_tutorial;3.760812;X=0.731250 Y=0.473148;X=-0.125000 Y=0.125000;1;0
p3d:p3d_tutorial;3.777614;X=0.731250 Y=0.473148;X=-0.125000 Y=0.125000;1;0
p3d:p3d_tutorial;3.794306;X=0.731250 Y=0.473148;X=-0.125000 Y=0.125000;1;0
p3d:p3d_tutorial;3.811005;X=0.731250 Y=0.473148;X=-0.125000 Y=0.125000;1;0
p3d:p3d_tutorial;3.827670;X=0.731250 Y=0.473148;X=-0.125000 Y=0.125000;1;0
p3d:p3d_tutorial;3.844395;X=0.731250 Y=0.473148;X=-0.125000 Y=0.125000;1;0
p3d:p3d_tutorial;3.861020;X=0.731250 Y=0.473148;X=-0.125000 Y=0.125000;1;0
p3d:p3d_tutorial;3.877749;X=0.731250 Y=0.473148;X=-0.125000 Y=0.125000;1;0
p3d:p3d_tutorial;3.894443;X=0.731250 Y=0.473148;X=-0.125000 Y=0.125000;1;0
p3d:p3d_tutorial;3.911147;X=0.731250 Y=0.473148;X=-0.125000 Y=0.125000;1;0
p3d:p3d_tutorial;3.927871;X=0.731250 Y=0.473148;X=-0.125000 Y=0.125000;1;0
p3d:p3d_tutorial;3.944548;X=0.731250 Y=0.473148;X=-0.125000 Y=0.125000;1;0
p3d:p3d_tutorial;3.961204;X=0.731250 Y=0.473148;X=-0.125000 Y=0.125000;1;0
p3d:p3d_tutorial;3.977997;X=0.731250 Y=0.475000;X=-0.125000 Y=0.125000;1;0
p3d:p3d_tutorial;3.994703;X=0.732292 Y=0.479630;X=-0.125000 Y=0.125000;1;0
p3d:p3d_tutorial;4.011375;X=0.732292 Y=0.480556;X=-0.125000 Y=0.125000;1;0
p3d:p3d_tutorial;4.028134;X=0.731250 Y=0.477778;X=-0.125000 Y=0.125000;1;0
p3d:p3d_tutorial;4.044781;X=0.730208 Y=0.475000;X=-0.125000 Y=0.125000;1;0
p3d:p3d_tutorial;4.061565;X=0.731250 Y=0.471296;X=-0.125000 Y=0.125000;1;0
p3d:p3d_tutorial;4.078237;X=0.731250 Y=0.467593;X=-0.125000 Y=0.125000;1;0
p3d:p3d_tutorial;4.094818;X=0.731250 Y=0.466667;X=-0.125000 Y=0.125000;1;0
p3d:p3d_tutorial;4.111702;X=0.730208 Y=0.464815;X=-0.125000 Y=0.125000;1;0
p3d:p3d_tutorial;4.128312;X=0.730208 Y=0.462037;X=-0.125000 Y=0.125000;1;0
p3d:p3d_tutorial;4.144924;X=0.730208 Y=0.461111;X=-0.125000 Y=0.125000;1;0
p3d:p3d_tutorial;4.161634;X=0.730208 Y=0.461111;X=-0.125000 Y=0.125000;1;0
p3d:p3d_tutorial;4.178388;X=0.730208 Y=0.461111;X=-0.125000 Y=0.125000;1;0
p3d:p3d_tutorial;4.195053;X=0.730208 Y=0.461111;X=-0.125000 Y=0.125000;1;0
p3d:p3d_tutorial;4.211819;X=0.730208 Y=0.461111;X=-0.125000 Y=0.125000;1;0
p3d:p3d_tutorial;4.228406;X=0.730208 Y=0.461111;X=-0.125000 Y=0.125000;1;0
p3d:p3d_tutorial;4.245058;X=0.730208 Y=0.461111;X=-0.125000 Y=0.125000;1;0
p3d:p3d_tutorial;4.261864;X=0.730208 Y=0.461111;X=-0.125000 Y=0.125000;1;0
p3d:p3d_tutorial;4.278594;X=0.730208 Y=0.460185;X=-0.125000 Y=0.125000;1;0
p3d:p3d_tutorial;4.295185;X=0.730208 Y=0.460185;X=-0.125000 Y=0.125000;1;0
p3d:p3d_tutorial;4.311954;X=0.730208 Y=0.460185;X=-0.125000 Y=0.125000;1;0
p3d:p3d_tutorial;4.328664;X=0.730208 Y=0.460185;X=-0.125000 Y=0.125000;1;0
p3d:p3d_tutorial;4.345311;X=0.730208 Y=0.460185;X=-0.125000 Y=0.125000;1;0
p3d:p3d_tutorial;4.362034;X=0.730208 Y=0.460185;X=-0.125000 Y=0.125000;1;0
p3d:p3d_tutorial;4.378711;X=0.730208 Y=0.460185;X=-0.125000 Y=0.125000;1;0
p3d:p3d_tutorial;4.395396;X=0.730208 Y=0.460185;X=-0.125000 Y=0.125000;1;0
p3d:p3d_tutorial;4.412074;X=0.730208 Y=0.460185;X=-0.125000 Y=0.125000;1;0
p3d:p3d_tutorial;4.428764;X=0.730208 Y=0.460185;X=-0.125000 Y=0.125000;1;0
p3d:p3d_tutorial;4.445442;X=0.730208 Y=0.460185;X=-0.125000 Y=0.125000;1;0
p3d:p3d_tutorial;4.462175;X=0.730208 Y=0.460185;X=-0.125000 Y=0.125000;1;0
p3d:p3d_tutorial;4.478952;X=0.730208 Y=0.460185;X=-0.125000 Y=0.125000;1;0
p3d:p3d_tutorial;4.495599;X=0.730208 Y=0.460185;X=-0.125000 Y=0.125000;1;0
p3d:p3d_tutorial;4.512313;X=0.730208 Y=0.460185;X=-0.125000 Y=0.125000;1;0
p3d:p3d_tutorial;4.528992;X=0.730208 Y=0.460185;X=-0.125000 Y=0.125000;1;0
p3d:p3d_tutorial;4.545696;X=0.730208 Y=0.460185;X=-0.125000 Y=0.125000;1;0
p3d:p3d_tutorial;4.562426;X=0.730208 Y=0.460185;X=-0.125000 Y=0.125000;1;0
p3d:p3d_tutorial;4.579098;X=0.730208 Y=0.460185;X=-0.125000 Y=0.125000;1;0
p3d:p3d_tutorial;4.595858;X=0.730208 Y=0.460185;X=-0.125000 Y=0.125000;1;0
p3d:p3d_tutorial;4.612546;X=0.730208 Y=0.460185;X=-0.125000 Y=0.125000;1;0
p3d:p3d_tutorial;4.629027;X=0.730208 Y=0.460185;X=-0.125000 Y=0.125000;1;0
p3d:p3d_tutorial;4.645910;X=0.730208 Y=0.460185;X=-0.125000 Y=0.125000;1;0
p3d:p3d_tutorial;4.662557;X=0.730208 Y=0.460185;X=-0.125000 Y=0.125000;1;0
p3d:p3d_tutorial;4.679347;X=0.730208 Y=0.460185;X=-0.125000 Y=0.125000;1;0
p3d:p3d_tutorial;4.696040;X=0.730208 Y=0.460185;X=-0.125000 Y=0.125000;1;0
p3d:p3d_tutorial;4.712659;X=0.730208 Y=0.460185;X=-0.125000 Y=0.125000;1;0
p3d:p3d_tutorial;4.729385;X=0.730208 Y=0.460185;X=-0.125000 Y=0.125000;1;0
p3d:p3d_tutorial;4.746048;X=0.730208 Y=0.460185;X=-0.125000 Y=0.125000;1;0
p3d:p3d_tutorial;4.762785;X=0.730208 Y=0.460185;X=-0.125000 Y=0.125000;1;0
p3d:p3d_tutorial;4.779531;X=0.730208 Y=0.460185;X=-0.125000 Y=0.125000;1;0
p3d:p3d_tutorial;4.796149;X=0.730208 Y=0.460185;X=-0.125000 Y=0.125000;1;0
p3d:p3d_tutorial;4.812841;X=0.730208 Y=0.460185;X=-0.125000 Y=0.125000;1;0
p3d:p3d_tutorial;4.829559;X=0.730208 Y=0.460185;X=-0.125000 Y=0.125000;1;0
p3d:p3d_tutorial;4.846241;X=0.730208 Y=0.460185;X=-0.125000 Y=0.125000;1;0
p3d:p3d_tutorial;4.862843;X=0.730208 Y=0.460185;X=-0.125000 Y=0.125000;1;0
p3d:p3d_tutorial;4.879674;X=0.730208 Y=0.460185;X=-0.125000 Y=0.125000;1;0
p3d:p3d_tutorial;4.896328;X=0.730208 Y=0.460185;X=-0.125000 Y=0.125000;1;0
p3d:p3d_tutorial;4.913081;X=0.730208 Y=0.460185;X=-0.125000 Y=0.125000;1;0
p3d:p3d_tutorial;4.929791;X=0.730208 Y=0.460185;X=-0.125000 Y=0.125000;1;0
p3d:p3d_tutorial;4.946461;X=0.730208 Y=0.460185;X=-0.125000 Y=0.125000;1;0
p3d:p3d_tutorial;4.963121;X=0.730208 Y=0.460185;X=-0.125000 Y=0.125000;1;0
p3d:p3d_tutorial;4.979560;X=0.730208 Y=0.460185;X=-0.125000 Y=0.125000;1;0
p3d:p3d_tutorial;4.996518;X=0.730208 Y=0.460185;X=-0.125000 Y=0.125000;1;0
p3d:p3d_tutorial;5.275184;X=0.730208 Y=0.460185;X=0.875000 Y=0.875000;1;0
p3d:p3d_tutorial;5.277498;X=0.730208 Y=0.460185;X=0.875000 Y=0.875000;1;0
p3d:p3d_tutorial;5.295471;X=0.730208 Y=0.460185;X=0.875000 Y=0.875000;1;0
p3d:p3d_tutorial;5.313752;X=0.730208 Y=0.460185;X=0.875000 Y=0.875000;1;0
p3d:p3d_tutorial;5.330384;X=0.730208 Y=0.460185;X=0.875000 Y=0.875000;1;0
p3d:p3d_tutorial;5.347207;X=0.730208 Y=0.460185;X=0.875000 Y=0.875000;1;0
p3d:p3d_tutorial;5.363893;X=0.730208 Y=0.460185;X=0.875000 Y=0.875000;1;0
p3d:p3d_tutorial;5.380552;X=0.730208 Y=0.460185;X=0.875000 Y=0.875000;1;0
p3d:p3d_tutorial;5.397260;X=0.730208 Y=0.460185;X=0.875000 Y=0.875000;1;0
p3d:p3d_tutorial;5.413977;X=0.730208 Y=0.460185;X=0.875000 Y=0.875000;1;0
p3d:p3d_tutorial;5.430622;X=0.730208 Y=0.460185;X=0.875000 Y=0.875000;1;0
p3d:p3d_tutorial;5.447328;X=0.730208 Y=0.460185;X=0.875000 Y=0.875000;1;0
p3d:p3d_tutorial;5.463967;X=0.730208 Y=0.460185;X=0.875000 Y=0.875000;1;0
p3d:p3d_tutorial;5.480725;X=0.730208 Y=0.460185;X=0.875000 Y=0.875000;1;0
p3d:p3d_tutorial;5.497394;X=0.730208 Y=0.460185;X=0.875000 Y=0.875000;1;0
p3d:p3d_tutorial;5.514173;X=0.730208 Y=0.460185;X=0.875000 Y=0.875000;1;0
p3d:p3d_tutorial;5.530829;X=0.730208 Y=0.460185;X=0.875000 Y=0.875000;1;0
p3d:p3d_tutorial;5.547521;X=0.730208 Y=0.460185;X=0.875000 Y=0.875000;1;0
p3d:p3d_tutorial;5.564223;X=0.730208 Y=0.460185;X=0.875000 Y=0.875000;1;0
p3d:p3d_tutorial;5.580922;X=0.730208 Y=0.460185;X=0.875000 Y=0.875000;1;0
p3d:p3d_tutorial;5.597627;X=0.730208 Y=0.460185;X=0.875000 Y=0.875000;1;0
p3d:p3d_tutorial;5.614294;X=0.730208 Y=0.460185;X=0.875000 Y=0.875000;1;0
p3d:p3d_tutorial;5.630884;X=0.730208 Y=0.460185;X=0.875000 Y=0.875000;1;0
p3d:p3d_tutorial;5.647771;X=0.730208 Y=0.460185;X=0.875000 Y=0.875000;1;0
p3d:p3d_tutorial;5.664399;X=0.730208 Y=0.460185;X=0.875000 Y=0.875000;1;0
p3d:p3d_tutorial;5.681092;X=0.730208 Y=0.460185;X=0.875000 Y=0.875000;1;0
p3d:p3d_tutorial;5.697810;X=0.730208 Y=0.460185;X=0.875000 Y=0.875000;1;0
p3d:p3d_tutorial;5.714616;X=0.730208 Y=0.462963;X=0.875000 Y=0.875000;1;0
p3d:p3d_tutorial;5.731349;X=0.736458 Y=0.475926;X=0.875000 Y=0.875000;1;0
p3d:p3d_tutorial;5.748045;X=0.752083 Y=0.510185;X=0.875000 Y=0.875000;1;0
p3d:p3d_tutorial;5.764620;X=0.783333 Y=0.573148;X=0.875000 Y=0.875000;1;0
p3d:p3d_tutorial;5.781463;X=0.815625 Y=0.634259;X=0.875000 Y=0.875000;1;0
p3d:p3d_tutorial;5.798108;X=0.852083 Y=0.716667;X=0.875000 Y=0.875000;1;0
p3d:p3d_tutorial;5.814751;X=0.873958 Y=0.770370;X=0.875000 Y=0.875000;1;0
p3d:p3d_tutorial;5.831495;X=0.891667 Y=0.835185;X=0.875000 Y=0.875000;1;0
p3d:p3d_tutorial;5.848148;X=0.897917 Y=0.860185;X=0.875000 Y=0.875000;1;0
p3d:p3d_tutorial;5.864876;X=0.910417 Y=0.908333;X=0.875000 Y=0.875000;1;0
p3d:p3d_tutorial;5.881613;X=0.916667 Y=0.938889;X=0.875000 Y=0.875000;1;0
p3d:p3d_tutorial;5.898301;X=0.918750 Y=0.957407;X=0.875000 Y=0.875000;1;0
p3d:p3d_tutorial;5.914996;X=0.918750 Y=0.966667;X=0.875000 Y=0.875000;1;0
p3d:p3d_tutorial;5.931722;X=0.918750 Y=0.970370;X=0.875000 Y=0.875000;1;0
p3d:p3d_tutorial;5.948359;X=0.918750 Y=0.972222;X=0.875000 Y=0.875000;1;0
p3d:p3d_tutorial;5.965071;X=0.918750 Y=0.976852;X=0.875000 Y=0.875000;1;0
p3d:p3d_tutorial;5.981816;X=0.920833 Y=0.981481;X=0.875000 Y=0.875000;1;0
p3d:p3d_tutorial;5.998465;X=0.920833 Y=0.987037;X=0.875000 Y=0.875000;1;0
p3d:p3d_tutorial;6.015151;X=0.920833 Y=0.987963;X=0.875000 Y=0.875000;1;0
p3d:p3d_tutorial;6.032084;X=0.920833 Y=0.987963;X=0.875000 Y=0.875000;1;1
p3d:p3d_tutorial;6.048486;X=0.920833 Y=0.987963;X=0.875000 Y=0.875000;1;1
p3d:p3d_tutorial;6.065083;X=0.920833 Y=0.987963;X=0.875000 Y=0.875000;1;1
p3d:p3d_tutorial;6.081556;X=0.920833 Y=0.987963;X=0.875000 Y=0.875000;1;1
p3d:p3d_tutorial;6.098265;X=0.920833 Y=0.987963;X=0.875000 Y=0.875000;1;1
p3d:p3d_tutorial;6.114978;X=0.920833 Y=0.987963;X=0.875000 Y=0.875000;1;1
p3d:p3d_tutorial;6.131670;X=0.920833 Y=0.987963;X=0.875000 Y=0.875000;1;1
p3d:p3d_tutorial;6.148404;X=0.918750 Y=0.986111;X=0.875000 Y=0.875000;1;1
p3d:p3d_tutorial;6.165084;X=0.916667 Y=0.983333;X=0.875000 Y=0.875000;1;1
p3d:p3d_tutorial;6.181746;X=0.915625 Y=0.981481;X=0.875000 Y=0.875000;1;1
p3d:p3d_tutorial;6.198431;X=0.913542 Y=0.977778;X=0.875000 Y=0.875000;1;1
p3d:p3d_tutorial;6.215133;X=0.912500 Y=0.972222;X=0.875000 Y=0.875000;1;1
p3d:p3d_tutorial;6.231834;X=0.909375 Y=0.965741;X=0.875000 Y=0.875000;1;1
p3d:p3d_tutorial;6.248728;X=0.908333 Y=0.960185;X=0.875000 Y=0.875000;1;1
p3d:p3d_tutorial;6.265315;X=0.907292 Y=0.958333;X=0.875000 Y=0.875000;1;1
p3d:p3d_tutorial;6.282002;X=0.907292 Y=0.957407;X=0.875000 Y=0.875000;1;1
p3d:p3d_tutorial;6.298653;X=0.907292 Y=0.957407;X=0.875000 Y=0.875000;1;1
p3d:p3d_tutorial;6.315352;X=0.907292 Y=0.957407;X=0.875000 Y=0.875000;1;1
p3d:p3d_tutorial;6.332069;X=0.906250 Y=0.957407;X=0.875000 Y=0.875000;1;1
p3d:p3d_tutorial;6.348793;X=0.906250 Y=0.955556;X=0.875000 Y=0.875000;1;1
p3d:p3d_tutorial;6.365595;X=0.904167 Y=0.953704;X=0.875000 Y=0.875000;1;1
p3d:p3d_tutorial;6.382185;X=0.904167 Y=0.951852;X=0.875000 Y=0.875000;1;1
p3d:p3d_tutorial;6.398871;X=0.903125 Y=0.950000;X=0.875000 Y=0.875000;1;1
p3d:p3d_tutorial;6.415574;X=0.902083 Y=0.949074;X=0.875000 Y=0.875000;1;1
p3d:p3d_tutorial;6.432270;X=0.901042 Y=0.947222;X=0.875000 Y=0.875000;1;1
p3d:p3d_tutorial;6.448973;X=0.901042 Y=0.944444;X=0.875000 Y=0.875000;1;1
p3d:p3d_tutorial;6.465665;X=0.900000 Y=0.941667;X=0.875000 Y=0.875000;1;1
p3d:p3d_tutorial;6.482399;X=0.898958 Y=0.937963;X=0.875000 Y=0.875000;1;1
p3d:p3d_tutorial;6.499061;X=0.897917 Y=0.935185;X=0.875000 Y=0.875000;1;1
p3d:p3d_tutorial;6.515743;X=0.896875 Y=0.932407;X=0.875000 Y=0.875000;1;1
p3d:p3d_tutorial;6.532457;X=0.896875 Y=0.932407;X=0.875000 Y=0.875000;1;1
p3d:p3d_tutorial;6.549146;X=0.896875 Y=0.932407;X=0.875000 Y=0.875000;1;1
p3d:p3d_tutorial;6.565897;X=0.896875 Y=0.932407;X=0.875000 Y=0.875000;1;1
p3d:p3d_tutorial;6.582600;X=0.896875 Y=0.932407;X=0.875000 Y=0.875000;1;1
p3d:p3d_tutorial;6.599238;X=0.896875 Y=0.932407;X=0.875000 Y=0.875000;1;1
p3d:p3d_tutorial;6.615934;X=0.896875 Y=0.932407;X=0.875000 Y=0.875000;1;1
p3d:p3d_tutorial;6.632625;X=0.896875 Y=0.932407;X=0.875000 Y=0.875000;1;1
p3d:p3d_tutorial;6.649344;X=0.896875 Y=0.932407;X=0.875000 Y=0.875000;1;1
p3d:p3d_tutorial;6.666011;X=0.896875 Y=0.932407;X=0.875000 Y=0.875000;1;1
p3d:p3d_tutorial;6.682709;X=0.896875 Y=0.932407;X=0.875000 Y=0.875000;1;1
p3d:p3d_tutorial;6.699399;X=0.896875 Y=0.932407;X=0.875000 Y=0.875000;1;1
p3d:p3d_tutorial;6.716137;X=0.896875 Y=0.932407;X=0.875000 Y=0.875000;1;1
p3d:p3d_tutorial;6.732815;X=0.896875 Y=0.932407;X=0.875000 Y=0.875000;1;1
p3d:p3d_tutorial;6.749521;X=0.896875 Y=0.932407;X=0.875000 Y=0.875000;1;1
p3d:p3d_tutorial;6.766205;X=0.896875 Y=0.932407;X=0.875000 Y=0.875000;1;1
p3d:p3d_tutorial;6.782917;X=0.896875 Y=0.932407;X=0.875000 Y=0.875000;1;1
p3d:p3d_tutorial;6.799594;X=0.896875 Y=0.932407;X=0.875000 Y=0.875000;1;1
p3d:p3d_tutorial;6.816301;X=0.896875 Y=0.932407;X=0.875000 Y=0.875000;1;1
p3d:p3d_tutorial;6.833013;X=0.896875 Y=0.932407;X=0.875000 Y=0.875000;1;1
p3d:p3d_tutorial;6.849695;X=0.896875 Y=0.932407;X=0.875000 Y=0.875000;1;1
p3d:p3d_tutorial;6.866394;X=0.896875 Y=0.932407;X=0.875000 Y=0.875000;1;1
p3d:p3d_tutorial;6.883081;X=0.896875 Y=0.932407;X=0.875000 Y=0.875000;1;1
p3d:p3d_tutorial;6.899909;X=0.896875 Y=0.932407;X=0.875000 Y=0.875000;1;1
p3d:p3d_tutorial;6.916551;X=0.896875 Y=0.932407;X=0.875000 Y=0.875000;1;1
p3d:p3d_tutorial;6.933257;X=0.896875 Y=0.932407;X=0.875000 Y=0.875000;1;1
p3d:p3d_tutorial;6.949958;X=0.896875 Y=0.932407;X=0.875000 Y=0.875000;1;1
p3d:p3d_tutorial;6.966612;X=0.896875 Y=0.932407;X=0.875000 Y=0.875000;1;1
p3d:p3d_tutorial;6.983319;X=0.896875 Y=0.932407;X=0.875000 Y=0.875000;1;1
p3d:p3d_tutorial;7.000007;X=0.896875 Y=0.932407;X=0.875000 Y=0.875000;1;1
p3d:p3d_tutorial;7.016739;X=0.896875 Y=0.932407;X=0.875000 Y=0.875000;1;1
p3d:p3d_tutorial;7.033412;X=0.896875 Y=0.932407;X=0.875000 Y=0.875000;1;1
p3d:p3d_tutorial;7.050119;X=0.896875 Y=0.932407;X=0.875000 Y=0.875000;1;1
p3d:p3d_tutorial;7.066743;X=0.896875 Y=0.932407;X=0.875000 Y=0.875000;1;1
p3d:p3d_tutorial;7.083438;X=0.896875 Y=0.932407;X=0.875000 Y=0.875000;1;1
p3d:p3d_tutorial;7.100214;X=0.896875 Y=0.932407;X=0.875000 Y=0.875000;1;1
p3d:p3d_tutorial;7.116903;X=0.896875 Y=0.932407;X=0.875000 Y=0.875000;1;1
p3d:p3d_tutorial;7.133593;X=0.896875 Y=0.932407;X=0.875000 Y=0.875000;1;1
p3d:p3d_tutorial;7.150297;X=0.896875 Y=0.932407;X=0.875000 Y=0.875000;1;1
p3d:p3d_tutorial;7.167011;X=0.896875 Y=0.932407;X=0.875000 Y=0.875000;1;1
p3d:p3d_tutorial;7.183702;X=0.896875 Y=0.932407;X=0.875000 Y=0.875000;1;1
p3d:p3d_tutorial;7.200404;X=0.896875 Y=0.932407;X=0.875000 Y=0.875000;1;1
p3d:p3d_tutorial;7.217111;X=0.896875 Y=0.932407;X=0.875000 Y=0.875000;1;1
p3d:p3d_tutorial;7.233812;X=0.896875 Y=0.932407;X=0.875000 Y=0.875000;1;1
p3d:p3d_tutorial;7.250509;X=0.896875 Y=0.932407;X=0.875000 Y=0.875000;1;1
p3d:p3d_tutorial;7.267206;X=0.896875 Y=0.932407;X=0.875000 Y=0.875000;1;1
p3d:p3d_tutorial;7.283894;X=0.896875 Y=0.932407;X=0.875000 Y=0.875000;1;1
p3d:p3d_tutorial;7.300592;X=0.896875 Y=0.932407;X=0.875000 Y=0.875000;1;1
p3d:p3d_tutorial;7.317311;X=0.896875 Y=0.932407;X=0.875000 Y=0.875000;1;1
p3d:p3d_tutorial;7.334002;X=0.896875 Y=0.932407;X=0.875000 Y=0.875000;1;1
p3d:p3d_tutorial;7.350675;X=0.896875 Y=0.932407;X=0.875000 Y=0.875000;1;1
p3d:p3d_tutorial;7.367392;X=0.896875 Y=0.932407;X=0.875000 Y=0.875000;1;1
p3d:p3d_tutorial;7.384111;X=0.896875 Y=0.932407;X=0.875000 Y=0.875000;1;1
p3d:p3d_tutorial;7.400805;X=0.896875 Y=0.932407;X=0.875000 Y=0.875000;1;1
p3d:p3d_tutorial;7.417507;X=0.896875 Y=0.932407;X=0.875000 Y=0.875000;1;1
p3d:p3d_tutorial;7.434183;X=0.896875 Y=0.932407;X=0.875000 Y=0.875000;1;1
p3d:p3d_tutorial;7.450891;X=0.896875 Y=0.932407;X=0.875000 Y=0.875000;1;1
p3d:p3d_tutorial;7.467619;X=0.896875 Y=0.931481;X=0.875000 Y=0.875000;1;1
p3d:p3d_tutorial;7.484288;X=0.896875 Y=0.929630;X=0.875000 Y=0.875000;1;1
p3d:p3d_tutorial;7.501024;X=0.895833 Y=0.927778;X=0.875000 Y=0.875000;1;1
p3d:p3d_tutorial;7.517659;X=0.891667 Y=0.920370;X=0.875000 Y=0.875000;1;1
p3d:p3d_tutorial;7.534336;X=0.889583 Y=0.913889;X=0.875000 Y=0.875000;1;1
p3d:p3d_tutorial;7.551039;X=0.885417 Y=0.906482;X=0.875000 Y=0.875000;1;1
p3d:p3d_tutorial;7.567730;X=0.883333 Y=0.901852;X=0.875000 Y=0.875000;1;1
p3d:p3d_tutorial;7.584425;X=0.880208 Y=0.897222;X=0.875000 Y=0.875000;1;1
p3d:p3d_tutorial;7.601138;X=0.877083 Y=0.892593;X=0.875000 Y=0.875000;1;1
p3d:p3d_tutorial;7.617824;X=0.875000 Y=0.887963;X=0.875000 Y=0.875000;1;1
p3d:p3d_tutorial;7.634529;X=0.872917 Y=0.883333;X=0.875000 Y=0.875000;1;1
p3d:p3d_tutorial;7.651214;X=0.871875 Y=0.880556;X=0.875000 Y=0.875000;1;1
p3d:p3d_tutorial;7.667919;X=0.870833 Y=0.878704;X=0.875000 Y=0.875000;1;1
p3d:p3d_tutorial;7.684613;X=0.870833 Y=0.877778;X=0.875000 Y=0.875000;1;1
p3d:p3d_tutorial;7.701284;X=0.870833 Y=0.877778;X=0.875000 Y=0.875000;1;1
p3d:p3d_tutorial;7.717989;X=0.870833 Y=0.877778;X=0.875000 Y=0.875000;1;1
p3d:p3d_tutorial;7.734684;X=0.870833 Y=0.877778;X=0.875000 Y=0.875000;1;1
p3d:p3d_tutorial;7.751384;X=0.870833 Y=0.877778;X=0.875000 Y=0.875000;1;1
p3d:p3d_tutorial;7.768085;X=0.870833 Y=0.877778;X=0.875000 Y=0.875000;1;1
p3d:p3d_tutorial;7.784811;X=0.870833 Y=0.877778;X=0.875000 Y=0.875000;1;1
p3d:p3d_tutorial;7.801563;X=0.870833 Y=0.877778;X=0.875000 Y=0.875000;1;1
p3d:p3d_tutorial;7.818309;X=0.870833 Y=0.877778;X=0.875000 Y=0.875000;1;1
p3d:p3d_tutorial;7.835003;X=0.870833 Y=0.877778;X=0.875000 Y=0.875000;1;1
p3d:p3d_tutorial;7.851672;X=0.870833 Y=0.877778;X=0.875000 Y=0.875000;1;1
p3d:p3d_tutorial;7.868369;X=0.870833 Y=0.877778;X=0.875000 Y=0.875000;1;1
p3d:p3d_tutorial;7.885060;X=0.870833 Y=0.877778;X=0.875000 Y=0.875000;1;1
p3d:p3d_tutorial;7.901706;X=0.870833 Y=0.877778;X=0.875000 Y=0.875000;1;1
p3d:p3d_tutorial;7.918389;X=0.870833 Y=0.877778;X=0.875000 Y=0.875000;1;1
p3d:p3d_tutorial;7.935157;X=0.870833 Y=0.877778;X=0.875000 Y=0.875000;1;1
p3d:p3d_tutorial;7.951904;X=0.870833 Y=0.877778;X=0.875000 Y=0.875000;1;1
p3d:p3d_tutorial;7.968527;X=0.870833 Y=0.877778;X=0.875000 Y=0.875000;1;1
p3d:p3d_tutorial;7.985237;X=0.870833 Y=0.877778;X=0.875000 Y=0.875000;1;1
p3d:p3d_tutorial;8.001938;X=0.870833 Y=0.877778;X=0.875000 Y=0.875000;1;1
p3d:p3d_tutorial;8.018627;X=0.870833 Y=0.877778;X=0.875000 Y=0.875000;1;1
p3d:p3d_tutorial;8.035345;X=0.870833 Y=0.877778;X=0.875000 Y=0.875000;1;1
p3d:p3d_tutorial;8.052040;X=0.870833 Y=0.877778;X=0.875000 Y=0.875000;1;1
p3d:p3d_tutorial;8.068739;X=0.870833 Y=0.877778;X=0.875000 Y=0.875000;1;1
p3d:p3d_tutorial;8.085429;X=0.870833 Y=0.877778;X=0.875000 Y=0.875000;1;1
p3d:p3d_tutorial;8.102110;X=0.870833 Y=0.877778;X=0.875000 Y=0.875000;1;1
p3d:p3d_tutorial;8.118830;X=0.870833 Y=0.877778;X=0.875000 Y=0.875000;1;1
p3d:p3d_tutorial;8.135551;X=0.870833 Y=0.877778;X=0.875000 Y=0.875000;1;1
p3d:p3d_tutorial;8.152267;X=0.870833 Y=0.877778;X=0.875000 Y=0.875000;1;1
p3d:p3d_tutorial;8.168917;X=0.870833 Y=0.877778;X=0.875000 Y=0.875000;1;1
p3d:p3d_tutorial;8.185657;X=0.870833 Y=0.877778;X=0.875000 Y=0.875000;1;1
p3d:p3d_tutorial;8.202306;X=0.870833 Y=0.877778;X=0.875000 Y=0.875000;1;1
p3d:p3d_tutorial;8.219015;X=0.870833 Y=0.877778;X=0.875000 Y=0.875000;1;1
p3d:p3d_tutorial;8.235676;X=0.870833 Y=0.877778;X=0.875000 Y=0.875000;1;1
p3d:p3d_tutorial;8.252450;X=0.870833 Y=0.877778;X=0.875000 Y=0.875000;1;1
p3d:p3d_tutorial;8.269125;X=0.870833 Y=0.877778;X=0.875000 Y=0.875000;1;1
p3d:p3d_tutorial;8.285839;X=0.870833 Y=0.877778;X=0.875000 Y=0.875000;1;1
p3d:p3d_tutorial;8.302516;X=0.870833 Y=0.877778;X=0.875000 Y=0.875000;1;1
p3d:p3d_tutorial;8.319256;X=0.870833 Y=0.877778;X=0.875000 Y=0.875000;1;1
p3d:p3d_tutorial;8.335940;X=0.870833 Y=0.877778;X=0.875000 Y=0.875000;1;1
p3d:p3d_tutorial;8.352628;X=0.870833 Y=0.877778;X=0.875000 Y=0.875000;1;1
p3d:p3d_tutorial;8.369349;X=0.870833 Y=0.877778;X=0.875000 Y=0.875000;1;1
p3d:p3d_tutorial;8.386002;X=0.870833 Y=0.877778;X=0.875000 Y=0.875000;1;1
p3d:p3d_tutorial;8.402692;X=0.870833 Y=0.877778;X=0.875000 Y=0.875000;1;1
p3d:p3d_tutorial;8.419384;X=0.870833 Y=0.877778;X=0.875000 Y=0.875000;1;1
p3d:p3d_tutorial;8.436076;X=0.870833 Y=0.877778;X=0.875000 Y=0.875000;1;1
p3d:p3d_tutorial;8.452772;X=0.870833 Y=0.877778;X=0.875000 Y=0.875000;1;1
p3d:p3d_tutorial;8.469519;X=0.870833 Y=0.877778;X=0.875000 Y=0.875000;1;1
p3d:p3d_tutorial;8.486182;X=0.870833 Y=0.877778;X=0.875000 Y=0.875000;1;1
p3d:p3d_tutorial;8.502887;X=0.870833 Y=0.877778;X=0.875000 Y=0.875000;1;1
p3d:p3d_tutorial;8.519579;X=0.870833 Y=0.877778;X=0.875000 Y=0.875000;1;1
p3d:p3d_tutorial;8.536283;X=0.870833 Y=0.877778;X=0.875000 Y=0.875000;1;1
p3d:p3d_tutorial;8.552982;X=0.870833 Y=0.877778;X=0.875000 Y=0.875000;1;1
p3d:p3d_tutorial;8.569677;X=0.870833 Y=0.877778;X=0.875000 Y=0.875000;1;1
p3d:p3d_tutorial;8.586380;X=0.870833 Y=0.877778;X=0.875000 Y=0.875000;1;1
p3d:p3d_tutorial;8.603075;X=0.870833 Y=0.877778;X=0.875000 Y=0.875000;1;1
p3d:p3d_tutorial;8.619775;X=0.870833 Y=0.877778;X=0.875000 Y=0.875000;1;1
p3d:p3d_tutorial;8.636471;X=0.870833 Y=0.877778;X=0.875000 Y=0.875000;1;1
p3d:p3d_tutorial;8.653173;X=0.870833 Y=0.877778;X=0.875000 Y=0.875000;1;1
p3d:p3d_tutorial;8.669889;X=0.870833 Y=0.877778;X=0.875000 Y=0.875000;1;1
p3d:p3d_tutorial;8.686585;X=0.870833 Y=0.877778;X=0.875000 Y=0.875000;1;1
p3d:p3d_tutorial;8.703289;X=0.870833 Y=0.877778;X=0.875000 Y=0.875000;1;1
p3d:p3d_tutorial;8.719998;X=0.870833 Y=0.877778;X=0.875000 Y=0.875000;1;1
p3d:p3d_tutorial;8.736640;X=0.870833 Y=0.877778;X=0.875000 Y=0.875000;1;1
p3d:p3d_tutorial;8.753365;X=0.870833 Y=0.877778;X=0.875000 Y=0.875000;1;1
p3d:p3d_tutorial;8.770210;X=0.870833 Y=0.877778;X=0.875000 Y=0.875000;1;1
p3d:p3d_tutorial;8.786803;X=0.870833 Y=0.877778;X=0.875000 Y=0.875000;1;1
p3d:p3d_tutorial;8.803503;X=0.870833 Y=0.877778;X=0.875000 Y=0.875000;1;1
p3d:p3d_tutorial;8.820210;X=0.870833 Y=0.877778;X=0.875000 Y=0.875000;1;1
p3d:p3d_tutorial;8.836902;X=0.870833 Y=0.877778;X=0.875000 Y=0.875000;1;1
p3d:p3d_tutorial;8.853604;X=0.870833 Y=0.877778;X=0.875000 Y=0.875000;1;1
p3d:p3d_tutorial;8.870275;X=0.870833 Y=0.877778;X=0.875000 Y=0.875000;1;1
p3d:p3d_tutorial;8.887017;X=0.870833 Y=0.877778;X=0.875000 Y=0.875000;1;1
p3d:p3d_tutorial;8.903696;X=0.870833 Y=0.877778;X=0.875000 Y=0.875000;1;1
p3d:p3d_tutorial;8.920408;X=0.870833 Y=0.877778;X=0.875000 Y=0.875000;1;1
p3d:p3d_tutorial;8.937037;X=0.870833 Y=0.877778;X=0.875000 Y=0.875000;1;1
p3d:p3d_tutorial;8.953751;X=0.870833 Y=0.877778;X=0.875000 Y=0.875000;1;1
p3d:p3d_tutorial;8.970445;X=0.870833 Y=0.877778;X=0.875000 Y=0.875000;1;1
p3d:p3d_tutorial;8.987144;X=0.870833 Y=0.877778;X=0.875000 Y=0.875000;1;1
p3d:p3d_tutorial;9.003835;X=0.870833 Y=0.877778;X=0.875000 Y=0.875000;1;1
p3d:p3d_tutorial;9.020542;X=0.870833 Y=0.877778;X=0.875000 Y=0.875000;1;1
p3d:p3d_tutorial;9.037345;X=0.870833 Y=0.877778;X=0.875000 Y=0.875000;1;1
p3d:p3d_tutorial;9.053935;X=0.870833 Y=0.877778;X=0.875000 Y=0.875000;1;1
p3d:p3d_tutorial;9.070670;X=0.870833 Y=0.877778;X=0.875000 Y=0.875000;1;1
p3d:p3d_tutorial;9.087439;X=0.870833 Y=0.877778;X=0.875000 Y=0.875000;1;1
p3d:p3d_tutorial;9.104063;X=0.870833 Y=0.877778;X=0.875000 Y=0.875000;1;1
p3d:p3d_tutorial;9.120745;X=0.870833 Y=0.877778;X=0.875000 Y=0.875000;1;1
p3d:p3d_tutorial;9.137433;X=0.870833 Y=0.877778;X=0.875000 Y=0.875000;1;0
p3d:p3d_tutorial;9.154444;X=0.870833 Y=0.877778;X=0.875000 Y=0.875000;1;0
p3d:p3d_tutorial;9.171154;X=0.870833 Y=0.877778;X=0.875000 Y=0.875000;1;0
p3d:p3d_tutorial;9.187693;X=0.870833 Y=0.877778;X=0.875000 Y=0.875000;1;0
p3d:p3d_tutorial;9.204575;X=0.870833 Y=0.877778;X=0.875000 Y=0.875000;1;0
p3d:p3d_tutorial;9.221275;X=0.870833 Y=0.877778;X=0.875000 Y=0.875000;1;0
p3d:p3d_tutorial;9.238003;X=0.870833 Y=0.877778;X=0.875000 Y=0.875000;1;0
p3d:p3d_tutorial;9.254592;X=0.870833 Y=0.877778;X=0.875000 Y=0.875000;1;0
p3d:p3d_tutorial;9.271253;X=0.870833 Y=0.877778;X=0.875000 Y=0.875000;1;0
p3d:p3d_tutorial;9.287940;X=0.870833 Y=0.877778;X=0.875000 Y=0.875000;1;0
p3d:p3d_tutorial;9.304670;X=0.870833 Y=0.877778;X=0.875000 Y=0.875000;1;0
p3d:p3d_tutorial;9.321422;X=0.870833 Y=0.877778;X=0.875000 Y=0.875000;1;0
p3d:p3d_tutorial;9.338158;X=0.870833 Y=0.877778;X=0.875000 Y=0.875000;1;0
p3d:p3d_tutorial;9.354872;X=0.870833 Y=0.877778;X=0.875000 Y=0.875000;1;0
p3d:p3d_tutorial;9.371547;X=0.870833 Y=0.877778;X=0.875000 Y=0.875000;1;0
p3d:p3d_tutorial;9.388164;X=0.870833 Y=0.877778;X=0.875000 Y=0.875000;1;0
p3d:p3d_tutorial;9.404863;X=0.870833 Y=0.877778;X=0.875000 Y=0.875000;1;0
p3d:p3d_tutorial;9.421611;X=0.870833 Y=0.877778;X=0.875000 Y=0.875000;1;0
p3d:p3d_tutorial;9.438307;X=0.870833 Y=0.877778;X=0.875000 Y=0.875000;1;0
p3d:p3d_tutorial;9.454977;X=0.870833 Y=0.877778;X=0.875000 Y=0.875000;1;0
p3d:p3d_tutorial;9.471692;X=0.870833 Y=0.877778;X=0.875000 Y=0.875000;1;0
p3d:p3d_tutorial;9.488675;X=0.870833 Y=0.877778;X=0.875000 Y=0.875000;1;1
p3d:p3d_tutorial;9.505079;X=0.870833 Y=0.877778;X=0.875000 Y=0.875000;1;1
p3d:p3d_tutorial;9.521689;X=0.870833 Y=0.877778;X=0.875000 Y=0.875000;1;1
p3d:p3d_tutorial;9.538382;X=0.870833 Y=0.877778;X=0.875000 Y=0.875000;1;1
p3d:p3d_tutorial;9.555090;X=0.870833 Y=0.877778;X=0.875000 Y=0.875000;1;1
p3d:p3d_tutorial;9.571835;X=0.870833 Y=0.877778;X=0.875000 Y=0.875000;1;1
p3d:p3d_tutorial;9.588527;X=0.870833 Y=0.877778;X=0.875000 Y=0.875000;1;1
p3d:p3d_tutorial;9.605255;X=0.870833 Y=0.877778;X=0.875000 Y=0.875000;1;1
p3d:p3d_tutorial;9.621961;X=0.870833 Y=0.877778;X=0.875000 Y=0.875000;1;1
p3d:p3d_tutorial;9.638650;X=0.870833 Y=0.877778;X=0.875000 Y=0.875000;1;1
p3d:p3d_tutorial;9.655309;X=0.870833 Y=0.877778;X=0.875000 Y=0.875000;1;1
p3d:p3d_tutorial;9.672005;X=0.870833 Y=0.877778;X=0.875000 Y=0.875000;1;1
p3d:p3d_tutorial;9.688749;X=0.870833 Y=0.877778;X=0.875000 Y=0.875000;1;1
p3d:p3d_tutorial;9.705615;X=0.870833 Y=0.877778;X=0.875000 Y=0.875000;1;1
p3d:p3d_tutorial;9.722201;X=0.870833 Y=0.877778;X=0.875000 Y=0.875000;1;1
p3d:p3d_tutorial;9.738845;X=0.870833 Y=0.877778;X=0.875000 Y=0.875000;1;1
p3d:p3d_tutorial;9.755521;X=0.870833 Y=0.877778;X=0.875000 Y=0.875000;1;1
p3d:p3d_tutorial;9.772234;X=0.870833 Y=0.877778;X=0.875000 Y=0.875000;1;1
p3d:p3d_tutorial;9.788852;X=0.870833 Y=0.877778;X=0.875000 Y=0.875000;1;1
p3d:p3d_tutorial;9.805678;X=0.870833 Y=0.877778;X=0.875000 Y=0.875000;1;1
p3d:p3d_tutorial;9.822229;X=0.870833 Y=0.877778;X=0.875000 Y=0.875000;1;1
p3d:p3d_tutorial;9.839240;X=0.870833 Y=0.877778;X=0.875000 Y=0.875000;1;1
p3d:p3d_tutorial;9.855476;X=0.870833 Y=0.877778;X=0.875000 Y=0.875000;1;1
p3d:p3d_tutorial;9.872254;X=0.870833 Y=0.877778;X=0.875000 Y=0.875000;1;1
p3d:p3d_tutorial;9.888876;X=0.870833 Y=0.877778;X=0.875000 Y=0.875000;1;1
p3d:p3d_tutorial;9.905582;X=0.870833 Y=0.877778;X=0.875000 Y=0.875000;1;1
p3d:p3d_tutorial;9.922289;X=0.870833 Y=0.877778;X=0.875000 Y=0.875000;1;1
p3d:p3d_tutorial;9.938972;X=0.870833 Y=0.877778;X=0.875000 Y=0.875000;1;1
p3d:p3d_tutorial;9.955672;X=0.870833 Y=0.877778;X=0.875000 Y=0.875000;1;1
p3d:p3d_tutorial;9.972378;X=0.870833 Y=0.877778;X=0.875000 Y=0.875000;1;1
p3d:p3d_tutorial;9.989094;X=0.870833 Y=0.877778;X=0.875000 Y=0.875000;1;1
p3d:p3d_tutorial;10.005761;X=0.870833 Y=0.877778;X=0.875000 Y=0.875000;1;1
p3d:p3d_tutorial;10.272642;X=0.870833 Y=0.877778;X=0.125000 Y=0.625000;1;1
p3d:p3d_tutorial;10.273330;X=0.870833 Y=0.877778;X=0.125000 Y=0.625000;1;1
p3d:p3d_tutorial;10.289926;X=0.870833 Y=0.877778;X=0.125000 Y=0.625000;1;1
p3d:p3d_tutorial;10.306575;X=0.870833 Y=0.877778;X=0.125000 Y=0.625000;1;1
p3d:p3d_tutorial;10.323303;X=0.870833 Y=0.877778;X=0.125000 Y=0.625000;1;1
p3d:p3d_tutorial;10.339998;X=0.870833 Y=0.877778;X=0.125000 Y=0.625000;1;1
p3d:p3d_tutorial;10.356706;X=0.870833 Y=0.877778;X=0.125000 Y=0.625000;1;1
p3d:p3d_tutorial;10.373436;X=0.870833 Y=0.877778;X=0.125000 Y=0.625000;1;1
p3d:p3d_tutorial;10.390050;X=0.870833 Y=0.877778;X=0.125000 Y=0.625000;1;1
p3d:p3d_tutorial;10.406838;X=0.870833 Y=0.877778;X=0.125000 Y=0.625000;1;1
p3d:p3d_tutorial;10.423517;X=0.870833 Y=0.877778;X=0.125000 Y=0.625000;1;1
p3d:p3d_tutorial;10.440240;X=0.870833 Y=0.877778;X=0.125000 Y=0.625000;1;1
p3d:p3d_tutorial;10.456867;X=0.870833 Y=0.877778;X=0.125000 Y=0.625000;1;1
p3d:p3d_tutorial;10.473668;X=0.870833 Y=0.877778;X=0.125000 Y=0.625000;1;1
p3d:p3d_tutorial;10.490244;X=0.870833 Y=0.877778;X=0.125000 Y=0.625000;1;1
p3d:p3d_tutorial;10.507050;X=0.870833 Y=0.877778;X=0.125000 Y=0.625000;1;1
p3d:p3d_tutorial;10.523718;X=0.870833 Y=0.877778;X=0.125000 Y=0.625000;1;1
p3d:p3d_tutorial;10.540490;X=0.870833 Y=0.877778;X=0.125000 Y=0.625000;1;1
p3d:p3d_tutorial;10.557099;X=0.870833 Y=0.877778;X=0.125000 Y=0.625000;1;1
p3d:p3d_tutorial;10.573833;X=0.870833 Y=0.877778;X=0.125000 Y=0.625000;1;1
p3d:p3d_tutorial;10.590434;X=0.870833 Y=0.877778;X=0.125000 Y=0.625000;1;1
p3d:p3d_tutorial;10.607193;X=0.870833 Y=0.877778;X=0.125000 Y=0.625000;1;1
p3d:p3d_tutorial;10.623902;X=0.870833 Y=0.877778;X=0.125000 Y=0.625000;1;1
p3d:p3d_tutorial;10.640401;X=0.870833 Y=0.877778;X=0.125000 Y=0.625000;1;1
p3d:p3d_tutorial;10.657341;X=0.870833 Y=0.877778;X=0.125000 Y=0.625000;1;0
p3d:p3d_tutorial;10.673995;X=0.870833 Y=0.877778;X=0.125000 Y=0.625000;1;0
p3d:p3d_tutorial;10.690597;X=0.870833 Y=0.877778;X=0.125000 Y=0.625000;1;0
p3d:p3d_tutorial;10.707405;X=0.870833 Y=0.877778;X=0.125000 Y=0.625000;1;0
p3d:p3d_tutorial;10.724030;X=0.870833 Y=0.877778;X=0.125000 Y=0.625000;1;0
p3d:p3d_tutorial;10.740839;X=0.870833 Y=0.877778;X=0.125000 Y=0.625000;1;0
p3d:p3d_tutorial;10.757548;X=0.870833 Y=0.877778;X=0.125000 Y=0.625000;1;0
p3d:p3d_tutorial;10.774247;X=0.870833 Y=0.877778;X=0.125000 Y=0.625000;1;0
p3d:p3d_tutorial;10.790930;X=0.861458 Y=0.876852;X=0.125000 Y=0.625000;1;0
p3d:p3d_tutorial;10.807766;X=0.821875 Y=0.869444;X=0.125000 Y=0.625000;1;0
p3d:p3d_tutorial;10.824354;X=0.758333 Y=0.855556;X=0.125000 Y=0.625000;1;0
p3d:p3d_tutorial;10.841026;X=0.657292 Y=0.835185;X=0.125000 Y=0.625000;1;0
p3d:p3d_tutorial;10.857759;X=0.552083 Y=0.810185;X=0.125000 Y=0.625000;1;0
p3d:p3d_tutorial;10.874473;X=0.433333 Y=0.787037;X=0.125000 Y=0.625000;1;0
p3d:p3d_tutorial;10.891102;X=0.352083 Y=0.775926;X=0.125000 Y=0.625000;1;0
p3d:p3d_tutorial;10.907934;X=0.293750 Y=0.765741;X=0.125000 Y=0.625000;1;0
p3d:p3d_tutorial;10.924575;X=0.266667 Y=0.758333;X=0.125000 Y=0.625000;1;0
p3d:p3d_tutorial;10.941211;X=0.259375 Y=0.754630;X=0.125000 Y=0.625000;1;0
p3d:p3d_tutorial;10.957831;X=0.259375 Y=0.754630;X=0.125000 Y=0.625000;1;0
p3d:p3d_tutorial;10.974578;X=0.259375 Y=0.754630;X=0.125000 Y=0.625000;1;0
p3d:p3d_tutorial;10.991295;X=0.259375 Y=0.754630;X=0.125000 Y=0.625000;1;0
p3d:p3d_tutorial;11.007985;X=0.259375 Y=0.754630;X=0.125000 Y=0.625000;1;0
p3d:p3d_tutorial;11.024691;X=0.259375 Y=0.752778;X=0.125000 Y=0.625000;1;0
p3d:p3d_tutorial;11.041433;X=0.259375 Y=0.748148;X=0.125000 Y=0.625000;1;0
p3d:p3d_tutorial;11.058146;X=0.259375 Y=0.741667;X=0.125000 Y=0.625000;1;0
p3d:p3d_tutorial;11.074873;X=0.259375 Y=0.734259;X=0.125000 Y=0.625000;1;0
p3d:p3d_tutorial;11.091504;X=0.259375 Y=0.724074;X=0.125000 Y=0.625000;1;0
p3d:p3d_tutorial;11.108264;X=0.259375 Y=0.712037;X=0.125000 Y=0.625000;1;0
p3d:p3d_tutorial;11.124905;X=0.263542 Y=0.689815;X=0.125000 Y=0.625000;1;0
p3d:p3d_tutorial;11.141705;X=0.266667 Y=0.678704;X=0.125000 Y=0.625000;1;0
p3d:p3d_tutorial;11.158291;X=0.284375 Y=0.651852;X=0.125000 Y=0.625000;1;0
p3d:p3d_tutorial;11.175026;X=0.305208 Y=0.637037;X=0.125000 Y=0.625000;1;0
p3d:p3d_tutorial;11.191772;X=0.343750 Y=0.623148;X=0.125000 Y=0.625000;1;0
p3d:p3d_tutorial;11.208434;X=0.372917 Y=0.618519;X=0.125000 Y=0.625000;1;0
p3d:p3d_tutorial;11.225165;X=0.391667 Y=0.616667;X=0.125000 Y=0.625000;1;0
p3d:p3d_tutorial;11.241883;X=0.398958 Y=0.616667;X=0.125000 Y=0.625000;1;0
p3d:p3d_tutorial;11.258512;X=0.402083 Y=0.616667;X=0.125000 Y=0.625000;1;0
p3d:p3d_tutorial;11.275247;X=0.404167 Y=0.616667;X=0.125000 Y=0.625000;1;0
p3d:p3d_tutorial;11.291898;X=0.407292 Y=0.616667;X=0.125000 Y=0.625000;1;0
p3d:p3d_tutorial;11.308596;X=0.408333 Y=0.617593;X=0.125000 Y=0.625000;1;0
p3d:p3d_tutorial;11.325417;X=0.410417 Y=0.617593;X=0.125000 Y=0.625000;1;1
p3d:p3d_tutorial;11.341981;X=0.410417 Y=0.617593;X=0.125000 Y=0.625000;1;1
p3d:p3d_tutorial;11.358650;X=0.410417 Y=0.617593;X=0.125000 Y=0.625000;1;1
p3d:p3d_tutorial;11.375406;X=0.410417 Y=0.617593;X=0.125000 Y=0.625000;1;1
p3d:p3d_tutorial;11.392015;X=0.410417 Y=0.617593;X=0.125000 Y=0.625000;1;1
p3d:p3d_tutorial;11.408753;X=0.410417 Y=0.617593;X=0.125000 Y=0.625000;1;1
p3d:p3d_tutorial;11.425440;X=0.410417 Y=0.617593;X=0.125000 Y=0.625000;1;1
p3d:p3d_tutorial;11.442166;X=0.410417 Y=0.617593;X=0.125000 Y=0.625000;1;1
p3d:p3d_tutorial;11.458852;X=0.410417 Y=0.617593;X=0.125000 Y=0.625000;1;1
p3d:p3d_tutorial;11.475565;X=0.410417 Y=0.617593;X=0.125000 Y=0.625000;1;1
p3d:p3d_tutorial;11.492196;X=0.410417 Y=0.617593;X=0.125000 Y=0.625000;1;1
p3d:p3d_tutorial;11.508947;X=0.410417 Y=0.617593;X=0.125000 Y=0.625000;1;1
p3d:p3d_tutorial;11.525756;X=0.418750 Y=0.620370;X=0.125000 Y=0.625000;1;1
p3d:p3d_tutorial;11.542357;X=0.437500 Y=0.627778;X=0.125000 Y=0.625000;1;1
p3d:p3d_tutorial;11.559094;X=0.447917 Y=0.631481;X=0.125000 Y=0.625000;1;1
p3d:p3d_tutorial;11.575865;X=0.457292 Y=0.634259;X=0.125000 Y=0.625000;1;1
p3d:p3d_tutorial;11.592474;X=0.462500 Y=0.637037;X=0.125000 Y=0.625000;1;1
p3d:p3d_tutorial;11.609220;X=0.471875 Y=0.644444;X=0.125000 Y=0.625000;1;1
p3d:p3d_tutorial;11.625950;X=0.481250 Y=0.657407;X=0.125000 Y=0.625000;1;1
p3d:p3d_tutorial;11.642384;X=0.492708 Y=0.680556;X=0.125000 Y=0.625000;1;1
p3d:p3d_tutorial;11.659264;X=0.507292 Y=0.712963;X=0.125000 Y=0.625000;1;1
p3d:p3d_tutorial;11.676084;X=0.520833 Y=0.750000;X=0.125000 Y=0.625000;1;1
p3d:p3d_tutorial;11.692688;X=0.531250 Y=0.779630;X=0.125000 Y=0.625000;1;1
p3d:p3d_tutorial;11.709412;X=0.538542 Y=0.811111;X=0.125000 Y=0.625000;1;1
p3d:p3d_tutorial;11.726088;X=0.546875 Y=0.857407;X=0.125000 Y=0.625000;1;1
p3d:p3d_tutorial;11.742771;X=0.546875 Y=0.874074;X=0.125000 Y=0.625000;1;1
p3d:p3d_tutorial;11.759418;X=0.546875 Y=0.874074;X=0.125000 Y=0.625000;1;1
p3d:p3d_tutorial;11.776105;X=0.546875 Y=0.874074;X=0.125000 Y=0.625000;1;1
p3d:p3d_tutorial;11.792810;X=0.546875 Y=0.874074;X=0.125000 Y=0.625000;1;1
p3d:p3d_tutorial;11.809510;X=0.546875 Y=0.874074;X=0.125000 Y=0.625000;1;1
p3d:p3d_tutorial;11.826195;X=0.546875 Y=0.874074;X=0.125000 Y=0.625000;1;1
p3d:p3d_tutorial;11.842911;X=0.546875 Y=0.874074;X=0.125000 Y=0.625000;1;1
p3d:p3d_tutorial;11.859606;X=0.546875 Y=0.874074;X=0.125000 Y=0.625000;1;1
p3d:p3d_tutorial;11.876400;X=0.541667 Y=0.873148;X=0.125000 Y=0.625000;1;1
p3d:p3d_tutorial;11.893086;X=0.537500 Y=0.872222;X=0.125000 Y=0.625000;1;1
p3d:p3d_tutorial;11.909882;X=0.511458 Y=0.860185;X=0.125000 Y=0.625000;1;1
p3d:p3d_tutorial;11.926405;X=0.486458 Y=0.838889;X=0.125000 Y=0.625000;1;1
p3d:p3d_tutorial;11.943160;X=0.435417 Y=0.791667;X=0.125000 Y=0.625000;1;1
p3d:p3d_tutorial;11.959915;X=0.378125 Y=0.744444;X=0.125000 Y=0.625000;1;1
p3d:p3d_tutorial;11.976575;X=0.315625 Y=0.690741;X=0.125000 Y=0.625000;1;1
p3d:p3d_tutorial;11.993265;X=0.266667 Y=0.647222;X=0.125000 Y=0.625000;1;1
p3d:p3d_tutorial;12.010118;X=0.220833 Y=0.611111;X=0.125000 Y=0.625000;1;1
p3d:p3d_tutorial;12.026774;X=0.186458 Y=0.586111;X=0.125000 Y=0.625000;1;1
p3d:p3d_tutorial;12.043238;X=0.158333 Y=0.568519;X=0.125000 Y=0.625000;1;1
p3d:p3d_tutorial;12.060290;X=0.143750 Y=0.559259;X=0.125000 Y=0.625000;1;1
p3d:p3d_tutorial;12.076609;X=0.139583 Y=0.557407;X=0.125000 Y=0.625000;1;1
p3d:p3d_tutorial;12.093229;X=0.139583 Y=0.557407;X=0.125000 Y=0.625000;1;1
p3d:p3d_tutorial;12.109879;X=0.139583 Y=0.557407;X=0.125000 Y=0.625000;1;1
p3d:p3d_tutorial;12.126651;X=0.139583 Y=0.557407;X=0.125000 Y=0.625000;1;1
p3d:p3d_tutorial;12.143198;X=0.139583 Y=0.557407;X=0.125000 Y=0.625000;1;1
p3d:p3d_tutorial;12.159885;X=0.139583 Y=0.557407;X=0.125000 Y=0.625000;1;1
p3d:p3d_tutorial;12.176584;X=0.139583 Y=0.557407;X=0.125000 Y=0.625000;1;1
p3d:p3d_tutorial;12.193293;X=0.139583 Y=0.557407;X=0.125000 Y=0.625000;1;1
p3d:p3d_tutorial;12.209973;X=0.139583 Y=0.557407;X=0.125000 Y=0.625000;1;1
p3d:p3d_tutorial;12.226791;X=0.139583 Y=0.557407;X=0.125000 Y=0.625000;1;1
p3d:p3d_tutorial;12.243397;X=0.139583 Y=0.557407;X=0.125000 Y=0.625000;1;1
p3d:p3d_tutorial;12.260056;X=0.139583 Y=0.557407;X=0.125000 Y=0.625000;1;1
p3d:p3d_tutorial;12.276772;X=0.139583 Y=0.557407;X=0.125000 Y=0.625000;1;1
p3d:p3d_tutorial;12.293457;X=0.139583 Y=0.557407;X=0.125000 Y=0.625000;1;1
p3d:p3d_tutorial;12.310176;X=0.139583 Y=0.557407;X=0.125000 Y=0.625000;1;1
p3d:p3d_tutorial;12.326841;X=0.139583 Y=0.557407;X=0.125000 Y=0.625000;1;1
p3d:p3d_tutorial;12.343575;X=0.139583 Y=0.557407;X=0.125000 Y=0.625000;1;1
p3d:p3d_tutorial;12.360250;X=0.139583 Y=0.557407;X=0.125000 Y=0.625000;1;1
p3d:p3d_tutorial;12.376984;X=0.139583 Y=0.557407;X=0.125000 Y=0.625000;1;1
p3d:p3d_tutorial;12.393667;X=0.139583 Y=0.557407;X=0.125000 Y=0.625000;1;1
p3d:p3d_tutorial;12.410351;X=0.139583 Y=0.557407;X=0.125000 Y=0.625000;1;1
p3d:p3d_tutorial;12.427071;X=0.139583 Y=0.557407;X=0.125000 Y=0.625000;1;1
p3d:p3d_tutorial;12.443764;X=0.139583 Y=0.557407;X=0.125000 Y=0.625000;1;1
p3d:p3d_tutorial;12.460448;X=0.139583 Y=0.557407;X=0.125000 Y=0.625000;1;1
p3d:p3d_tutorial;12.477195;X=0.139583 Y=0.557407;X=0.125000 Y=0.625000;1;1
p3d:p3d_tutorial;12.493871;X=0.139583 Y=0.557407;X=0.125000 Y=0.625000;1;1
p3d:p3d_tutorial;12.510556;X=0.139583 Y=0.557407;X=0.125000 Y=0.625000;1;1
p3d:p3d_tutorial;12.527254;X=0.139583 Y=0.557407;X=0.125000 Y=0.625000;1;1
p3d:p3d_tutorial;12.543978;X=0.139583 Y=0.557407;X=0.125000 Y=0.625000;1;1
p3d:p3d_tutorial;12.560674;X=0.139583 Y=0.557407;X=0.125000 Y=0.625000;1;1
p3d:p3d_tutorial;12.577388;X=0.139583 Y=0.557407;X=0.125000 Y=0.625000;1;1
p3d:p3d_tutorial;12.594069;X=0.139583 Y=0.557407;X=0.125000 Y=0.625000;1;1
p3d:p3d_tutorial;12.610792;X=0.139583 Y=0.557407;X=0.125000 Y=0.625000;1;1
p3d:p3d_tutorial;12.627435;X=0.139583 Y=0.557407;X=0.125000 Y=0.625000;1;1
p3d:p3d_tutorial;12.644156;X=0.139583 Y=0.557407;X=0.125000 Y=0.625000;1;1
p3d:p3d_tutorial;12.660840;X=0.139583 Y=0.557407;X=0.125000 Y=0.625000;1;1
p3d:p3d_tutorial;12.677557;X=0.139583 Y=0.557407;X=0.125000 Y=0.625000;1;1
p3d:p3d_tutorial;12.694238;X=0.139583 Y=0.557407;X=0.125000 Y=0.625000;1;1
p3d:p3d_tutorial;12.710973;X=0.139583 Y=0.557407;X=0.125000 Y=0.625000;1;1
p3d:p3d_tutorial;12.727654;X=0.139583 Y=0.557407;X=0.125000 Y=0.625000;1;1
p3d:p3d_tutorial;12.744364;X=0.139583 Y=0.557407;X=0.125000 Y=0.625000;1;1
p3d:p3d_tutorial;12.761056;X=0.139583 Y=0.557407;X=0.125000 Y=0.625000;1;1
p3d:p3d_tutorial;12.777739;X=0.139583 Y=0.557407;X=0.125000 Y=0.625000;1;1
p3d:p3d_tutorial;12.794421;X=0.139583 Y=0.557407;X=0.125000 Y=0.625000;1;1
p3d:p3d_tutorial;12.811168;X=0.139583 Y=0.557407;X=0.125000 Y=0.625000;1;1
p3d:p3d_tutorial;12.827845;X=0.139583 Y=0.557407;X=0.125000 Y=0.625000;1;1
p3d:p3d_tutorial;12.844550;X=0.139583 Y=0.557407;X=0.125000 Y=0.625000;1;1
p3d:p3d_tutorial;12.861237;X=0.139583 Y=0.557407;X=0.125000 Y=0.625000;1;1
p3d:p3d_tutorial;12.877946;X=0.139583 Y=0.557407;X=0.125000 Y=0.625000;1;1
p3d:p3d_tutorial;12.894629;X=0.139583 Y=0.557407;X=0.125000 Y=0.625000;1;1
p3d:p3d_tutorial;12.911352;X=0.139583 Y=0.557407;X=0.125000 Y=0.625000;1;1
p3d:p3d_tutorial;12.928033;X=0.139583 Y=0.557407;X=0.125000 Y=0.625000;1;1
p3d:p3d_tutorial;12.944686;X=0.139583 Y=0.557407;X=0.125000 Y=0.625000;1;1
p3d:p3d_tutorial;12.961361;X=0.139583 Y=0.557407;X=0.125000 Y=0.625000;1;1
p3d:p3d_tutorial;12.978067;X=0.139583 Y=0.557407;X=0.125000 Y=0.625000;1;1
p3d:p3d_tutorial;12.994781;X=0.139583 Y=0.557407;X=0.125000 Y=0.625000;1;1
p3d:p3d_tutorial;13.011463;X=0.139583 Y=0.557407;X=0.125000 Y=0.625000;1;1
p3d:p3d_tutorial;13.028184;X=0.139583 Y=0.557407;X=0.125000 Y=0.625000;1;1
p3d:p3d_tutorial;13.044866;X=0.139583 Y=0.557407;X=0.125000 Y=0.625000;1;1
p3d:p3d_tutorial;13.061586;X=0.139583 Y=0.557407;X=0.125000 Y=0.625000;1;1
p3d:p3d_tutorial;13.078269;X=0.139583 Y=0.557407;X=0.125000 Y=0.625000;1;1
p3d:p3d_tutorial;13.094963;X=0.139583 Y=0.557407;X=0.125000 Y=0.625000;1;1
p3d:p3d_tutorial;13.111672;X=0.139583 Y=0.557407;X=0.125000 Y=0.625000;1;1
p3d:p3d_tutorial;13.128379;X=0.139583 Y=0.559259;X=0.125000 Y=0.625000;1;1
p3d:p3d_tutorial;13.145082;X=0.139583 Y=0.565741;X=0.125000 Y=0.625000;1;1
p3d:p3d_tutorial;13.161776;X=0.140625 Y=0.569444;X=0.125000 Y=0.625000;1;1
p3d:p3d_tutorial;13.178476;X=0.140625 Y=0.572222;X=0.125000 Y=0.625000;1;1
p3d:p3d_tutorial;13.195203;X=0.140625 Y=0.581481;X=0.125000 Y=0.625000;1;1
p3d:p3d_tutorial;13.211900;X=0.140625 Y=0.591667;X=0.125000 Y=0.625000;1;1
p3d:p3d_tutorial;13.228567;X=0.139583 Y=0.603704;X=0.125000 Y=0.625000;1;1
p3d:p3d_tutorial;13.245300;X=0.139583 Y=0.611111;X=0.125000 Y=0.625000;1;1
p3d:p3d_tutorial;13.261982;X=0.139583 Y=0.616667;X=0.125000 Y=0.625000;1;1
p3d:p3d_tutorial;13.278713;X=0.139583 Y=0.616667;X=0.125000 Y=0.625000;1;1
p3d:p3d_tutorial;13.295417;X=0.139583 Y=0.616667;X=0.125000 Y=0.625000;1;1
p3d:p3d_tutorial;13.312124;X=0.139583 Y=0.616667;X=0.125000 Y=0.625000;1;1
p3d:p3d_tutorial;13.328796;X=0.139583 Y=0.616667;X=0.125000 Y=0.625000;1;1
p3d:p3d_tutorial;13.345510;X=0.139583 Y=0.616667;X=0.125000 Y=0.625000;1;1
p3d:p3d_tutorial;13.362207;X=0.139583 Y=0.616667;X=0.125000 Y=0.625000;1;1
p3d:p3d_tutorial;13.378908;X=0.139583 Y=0.616667;X=0.125000 Y=0.625000;1;1
p3d:p3d_tutorial;13.395575;X=0.139583 Y=0.616667;X=0.125000 Y=0.625000;1;1
p3d:p3d_tutorial;13.412310;X=0.139583 Y=0.616667;X=0.125000 Y=0.625000;1;1
p3d:p3d_tutorial;13.428974;X=0.139583 Y=0.616667;X=0.125000 Y=0.625000;1;1
p3d:p3d_tutorial;13.445694;X=0.139583 Y=0.616667;X=0.125000 Y=0.625000;1;1
p3d:p3d_tutorial;13.462419;X=0.139583 Y=0.616667;X=0.125000 Y=0.625000;1;1
p3d:p3d_tutorial;13.479083;X=0.139583 Y=0.616667;X=0.125000 Y=0.625000;1;1
p3d:p3d_tutorial;13.495794;X=0.139583 Y=0.616667;X=0.125000 Y=0.625000;1;1
p3d:p3d_tutorial;13.512539;X=0.139583 Y=0.609259;X=0.125000 Y=0.625000;1;1
p3d:p3d_tutorial;13.529241;X=0.142708 Y=0.600000;X=0.125000 Y=0.625000;1;1
p3d:p3d_tutorial;13.545986;X=0.148958 Y=0.590741;X=0.125000 Y=0.625000;1;1
p3d:p3d_tutorial;13.562626;X=0.160417 Y=0.584259;X=0.125000 Y=0.625000;1;1
p3d:p3d_tutorial;13.579316;X=0.169792 Y=0.581481;X=0.125000 Y=0.625000;1;1
p3d:p3d_tutorial;13.596006;X=0.179167 Y=0.580556;X=0.125000 Y=0.625000;1;1
p3d:p3d_tutorial;13.612714;X=0.191667 Y=0.580556;X=0.125000 Y=0.625000;1;1
p3d:p3d_tutorial;13.629395;X=0.197917 Y=0.581481;X=0.125000 Y=0.625000;1;1
p3d:p3d_tutorial;13.646148;X=0.205208 Y=0.584259;X=0.125000 Y=0.625000;1;1
p3d:p3d_tutorial;13.662800;X=0.207292 Y=0.585185;X=0.125000 Y=0.625000;1;1
p3d:p3d_tutorial;13.679508;X=0.208333 Y=0.587963;X=0.125000 Y=0.625000;1;1
p3d:p3d_tutorial;13.696191;X=0.209375 Y=0.589815;X=0.125000 Y=0.625000;1;1
p3d:p3d_tutorial;13.712865;X=0.209375 Y=0.590741;X=0.125000 Y=0.625000;1;1
p3d:p3d_tutorial;13.729571;X=0.209375 Y=0.592593;X=0.125000 Y=0.625000;1;1
p3d:p3d_tutorial;13.746286;X=0.209375 Y=0.595370;X=0.125000 Y=0.625000;1;1
p3d:p3d_tutorial;13.762967;X=0.209375 Y=0.599074;X=0.125000 Y=0.625000;1;1
p3d:p3d_tutorial;13.779682;X=0.206250 Y=0.604630;X=0.125000 Y=0.625000;1;1
p3d:p3d_tutorial;13.796361;X=0.197917 Y=0.610185;X=0.125000 Y=0.625000;1;1
p3d:p3d_tutorial;13.813066;X=0.183333 Y=0.615741;X=0.125000 Y=0.625000;1;1
p3d:p3d_tutorial;13.829862;X=0.158333 Y=0.622222;X=0.125000 Y=0.625000;1;1
p3d:p3d_tutorial;13.846492;X=0.144792 Y=0.625926;X=0.125000 Y=0.625000;1;1
p3d:p3d_tutorial;13.863154;X=0.138542 Y=0.625926;X=0.125000 Y=0.625000;1;1
p3d:p3d_tutorial;13.879855;X=0.127083 Y=0.626852;X=0.125000 Y=0.625000;1;1
p3d:p3d_tutorial;13.896575;X=0.120833 Y=0.626852;X=0.125000 Y=0.625000;1;1
p3d:p3d_tutorial;13.913270;X=0.117708 Y=0.626852;X=0.125000 Y=0.625000;1;1
p3d:p3d_tutorial;13.929957;X=0.115625 Y=0.626852;X=0.125000 Y=0.625000;1;1
p3d:p3d_tutorial;13.946655;X=0.112500 Y=0.626852;X=0.125000 Y=0.625000;1;1
p3d:p3d_tutorial;13.963345;X=0.111458 Y=0.625926;X=0.125000 Y=0.625000;1;1
p3d:p3d_tutorial;13.980071;X=0.110417 Y=0.625926;X=0.125000 Y=0.625000;1;1
p3d:p3d_tutorial;13.996737;X=0.110417 Y=0.625926;X=0.125000 Y=0.625000;1;1
p3d:p3d_tutorial;14.013420;X=0.110417 Y=0.625926;X=0.125000 Y=0.625000;1;1
p3d:p3d_tutorial;14.030117;X=0.110417 Y=0.625926;X=0.125000 Y=0.625000;1;1
p3d:p3d_tutorial;14.046834;X=0.110417 Y=0.625926;X=0.125000 Y=0.625000;1;1
p3d:p3d_tutorial;14.063532;X=0.110417 Y=0.625926;X=0.125000 Y=0.625000;1;1
p3d:p3d_tutorial;14.080255;X=0.110417 Y=0.625926;X=0.125000 Y=0.625000;1;1
p3d:p3d_tutorial;14.096928;X=0.110417 Y=0.625926;X=0.125000 Y=0.625000;1;1
p3d:p3d_tutorial;14.113647;X=0.110417 Y=0.625926;X=0.125000 Y=0.625000;1;1
p3d:p3d_tutorial;14.130333;X=0.110417 Y=0.625926;X=0.125000 Y=0.625000;1;1
p3d:p3d_tutorial;14.147044;X=0.110417 Y=0.625926;X=0.125000 Y=0.625000;1;1
p3d:p3d_tutorial;14.163742;X=0.110417 Y=0.625926;X=0.125000 Y=0.625000;1;1
p3d:p3d_tutorial;14.180437;X=0.110417 Y=0.625926;X=0.125000 Y=0.625000;1;1
p3d:p3d_tutorial;14.197146;X=0.110417 Y=0.625926;X=0.125000 Y=0.625000;1;1
p3d:p3d_tutorial;14.213850;X=0.110417 Y=0.625926;X=0.125000 Y=0.625000;1;1
p3d:p3d_tutorial;14.230515;X=0.110417 Y=0.625926;X=0.125000 Y=0.625000;1;1
p3d:p3d_tutorial;14.247240;X=0.110417 Y=0.625926;X=0.125000 Y=0.625000;1;1
p3d:p3d_tutorial;14.263931;X=0.110417 Y=0.625926;X=0.125000 Y=0.625000;1;1
p3d:p3d_tutorial;14.280635;X=0.110417 Y=0.625926;X=0.125000 Y=0.625000;1;1
p3d:p3d_tutorial;14.297317;X=0.110417 Y=0.625926;X=0.125000 Y=0.625000;1;1
p3d:p3d_tutorial;14.314022;X=0.110417 Y=0.625926;X=0.125000 Y=0.625000;1;1
p3d:p3d_tutorial;14.330703;X=0.110417 Y=0.625926;X=0.125000 Y=0.625000;1;1
p3d:p3d_tutorial;14.347430;X=0.110417 Y=0.625926;X=0.125000 Y=0.625000;1;1
p3d:p3d_tutorial;14.364113;X=0.110417 Y=0.625926;X=0.125000 Y=0.625000;1;1
p3d:p3d_tutorial;14.380813;X=0.110417 Y=0.625926;X=0.125000 Y=0.625000;1;1
p3d:p3d_tutorial;14.397499;X=0.110417 Y=0.625926;X=0.125000 Y=0.625000;1;1
p3d:p3d_tutorial;14.414207;X=0.110417 Y=0.625926;X=0.125000 Y=0.625000;1;1
p3d:p3d_tutorial;14.430891;X=0.110417 Y=0.625926;X=0.125000 Y=0.625000;1;1
p3d:p3d_tutorial;14.447603;X=0.110417 Y=0.625926;X=0.125000 Y=0.625000;1;1
p3d:p3d_tutorial;14.464425;X=0.110417 Y=0.625926;X=0.125000 Y=0.625000;1;1
p3d:p3d_tutorial;14.481002;X=0.110417 Y=0.625926;X=0.125000 Y=0.625000;1;1
p3d:p3d_tutorial;14.497670;X=0.110417 Y=0.625926;X=0.125000 Y=0.625000;1;1
p3d:p3d_tutorial;14.514368;X=0.110417 Y=0.625926;X=0.125000 Y=0.625000;1;1
p3d:p3d_tutorial;14.531074;X=0.110417 Y=0.625926;X=0.125000 Y=0.625000;1;1
p3d:p3d_tutorial;14.547781;X=0.110417 Y=0.625926;X=0.125000 Y=0.625000;1;1
p3d:p3d_tutorial;14.564464;X=0.110417 Y=0.625926;X=0.125000 Y=0.625000;1;1
p3d:p3d_tutorial;14.581126;X=0.110417 Y=0.625926;X=0.125000 Y=0.625000;1;1
p3d:p3d_tutorial;14.597825;X=0.110417 Y=0.625926;X=0.125000 Y=0.625000;1;1
p3d:p3d_tutorial;14.614537;X=0.110417 Y=0.625926;X=0.125000 Y=0.625000;1;1
p3d:p3d_tutorial;14.631230;X=0.110417 Y=0.625926;X=0.125000 Y=0.625000;1;1
p3d:p3d_tutorial;14.648058;X=0.110417 Y=0.625926;X=0.125000 Y=0.625000;1;1
p3d:p3d_tutorial;14.664758;X=0.110417 Y=0.625926;X=0.125000 Y=0.625000;1;1
p3d:p3d_tutorial;14.681369;X=0.110417 Y=0.625926;X=0.125000 Y=0.625000;1;1
p3d:p3d_tutorial;14.698059;X=0.110417 Y=0.625926;X=0.125000 Y=0.625000;1;1
p3d:p3d_tutorial;14.714770;X=0.110417 Y=0.625926;X=0.125000 Y=0.625000;1;1
p3d:p3d_tutorial;14.731466;X=0.110417 Y=0.625926;X=0.125000 Y=0.625000;1;1
p3d:p3d_tutorial;14.748163;X=0.110417 Y=0.625926;X=0.125000 Y=0.625000;1;1
p3d:p3d_tutorial;14.764862;X=0.110417 Y=0.625926;X=0.125000 Y=0.625000;1;1
p3d:p3d_tutorial;14.781560;X=0.110417 Y=0.625926;X=0.125000 Y=0.625000;1;1
p3d:p3d_tutorial;14.798319;X=0.110417 Y=0.625926;X=0.125000 Y=0.625000;1;1
p3d:p3d_tutorial;14.814993;X=0.110417 Y=0.625926;X=0.125000 Y=0.625000;1;1
p3d:p3d_tutorial;14.831657;X=0.110417 Y=0.625926;X=0.125000 Y=0.625000;1;1
p3d:p3d_tutorial;14.848366;X=0.110417 Y=0.625926;X=0.125000 Y=0.625000;1;1
p3d:p3d_tutorial;14.865082;X=0.110417 Y=0.625926;X=0.125000 Y=0.625000;1;1
p3d:p3d_tutorial;14.881772;X=0.110417 Y=0.625926;X=0.125000 Y=0.625000;1;1
p3d:p3d_tutorial;14.898463;X=0.110417 Y=0.625926;X=0.125000 Y=0.625000;1;1
p3d:p3d_tutorial;14.915183;X=0.110417 Y=0.625926;X=0.125000 Y=0.625000;1;1
p3d:p3d_tutorial;14.931846;X=0.110417 Y=0.625926;X=0.125000 Y=0.625000;1;1
p3d:p3d_tutorial;14.948568;X=0.110417 Y=0.625926;X=0.125000 Y=0.625000;1;1
p3d:p3d_tutorial;14.965271;X=0.110417 Y=0.625926;X=0.125000 Y=0.625000;1;1
p3d:p3d_tutorial;14.981961;X=0.110417 Y=0.625926;X=0.125000 Y=0.625000;1;1
p3d:p3d_tutorial;14.998652;X=0.110417 Y=0.625926;X=0.125000 Y=0.625000;1;1
p3d:p3d_caustic-view0;1.451089;X=0.110417 Y=0.625926;X=0.125000 Y=0.625000;1;1
p3d:p3d_caustic-view0;1.635959;X=0.386458 Y=0.662963;X=0.625000 Y=0.375000;5;0
p3d:p3d_caustic-view0;1.636934;X=0.589583 Y=0.609259;X=0.625000 Y=0.375000;5;0
p3d:p3d_caustic-view0;1.653237;X=0.589583 Y=0.609259;X=0.625000 Y=0.375000;5;0
p3d:p3d_caustic-view0;1.670071;X=0.589583 Y=0.609259;X=0.625000 Y=0.375000;5;0
p3d:p3d_caustic-view0;1.686870;X=0.589583 Y=0.609259;X=0.625000 Y=0.375000;5;0
p3d:p3d_caustic-view0;1.703594;X=0.589583 Y=0.609259;X=0.625000 Y=0.375000;5;0
p3d:p3d_caustic-view0;1.720258;X=0.589583 Y=0.609259;X=0.625000 Y=0.375000;5;0
p3d:p3d_caustic-view0;1.737034;X=0.589583 Y=0.609259;X=0.625000 Y=0.375000;5;0
p3d:p3d_caustic-view0;1.753634;X=0.589583 Y=0.609259;X=0.625000 Y=0.375000;5;0
p3d:p3d_caustic-view0;1.770454;X=0.589583 Y=0.609259;X=0.625000 Y=0.375000;5;0
p3d:p3d_caustic-view0;1.787051;X=0.589583 Y=0.609259;X=0.625000 Y=0.375000;5;0
p3d:p3d_caustic-view0;1.803774;X=0.589583 Y=0.609259;X=0.625000 Y=0.375000;5;0
p3d:p3d_caustic-view0;1.820573;X=0.589583 Y=0.615741;X=0.625000 Y=0.375000;5;0
p3d:p3d_caustic-view0;1.837256;X=0.589583 Y=0.612963;X=0.625000 Y=0.375000;5;0
p3d:p3d_caustic-view0;1.853936;X=0.589583 Y=0.605556;X=0.625000 Y=0.375000;5;0
p3d:p3d_caustic-view0;1.870705;X=0.589583 Y=0.601852;X=0.625000 Y=0.375000;5;0
p3d:p3d_caustic-view0;1.887263;X=0.589583 Y=0.601852;X=0.625000 Y=0.375000;5;0
p3d:p3d_caustic-view0;1.903959;X=0.589583 Y=0.601852;X=0.625000 Y=0.375000;5;0
p3d:p3d_caustic-view0;1.920637;X=0.589583 Y=0.601852;X=0.625000 Y=0.375000;5;0
p3d:p3d_caustic-view0;1.937307;X=0.589583 Y=0.601852;X=0.625000 Y=0.375000;5;0
p3d:p3d_caustic-view0;1.953912;X=0.589583 Y=0.601852;X=0.625000 Y=0.375000;5;0
p3d:p3d_caustic-view0;1.970659;X=0.590625 Y=0.601852;X=0.625000 Y=0.375000;5;0
p3d:p3d_caustic-view0;1.987556;X=0.595833 Y=0.601852;X=0.625000 Y=0.375000;5;0
p3d:p3d_caustic-view0;2.004242;X=0.601042 Y=0.602778;X=0.625000 Y=0.375000;5;0
p3d:p3d_caustic-view0;2.020875;X=0.607292 Y=0.604630;X=0.625000 Y=0.375000;5;0
p3d:p3d_caustic-view0;2.037666;X=0.611458 Y=0.605556;X=0.625000 Y=0.375000;5;0
p3d:p3d_caustic-view0;2.054443;X=0.616667 Y=0.606481;X=0.625000 Y=0.375000;5;0
p3d:p3d_caustic-view0;2.071036;X=0.622917 Y=0.605556;X=0.625000 Y=0.375000;5;0
p3d:p3d_caustic-view0;2.087785;X=0.628125 Y=0.599074;X=0.625000 Y=0.375000;5;0
p3d:p3d_caustic-view0;2.104502;X=0.634375 Y=0.577778;X=0.625000 Y=0.375000;5;0
p3d:p3d_caustic-view0;2.121169;X=0.637500 Y=0.547222;X=0.625000 Y=0.375000;5;0
p3d:p3d_caustic-view0;2.137863;X=0.637500 Y=0.516667;X=0.625000 Y=0.375000;5;0
p3d:p3d_caustic-view0;2.154556;X=0.637500 Y=0.481481;X=0.625000 Y=0.375000;5;0
p3d:p3d_caustic-view0;2.171302;X=0.637500 Y=0.463889;X=0.625000 Y=0.375000;5;0
p3d:p3d_caustic-view0;2.187929;X=0.637500 Y=0.427778;X=0.625000 Y=0.375000;5;0
p3d:p3d_caustic-view0;2.204656;X=0.637500 Y=0.400926;X=0.625000 Y=0.375000;5;0
p3d:p3d_caustic-view0;2.221312;X=0.637500 Y=0.381481;X=0.625000 Y=0.375000;5;0
p3d:p3d_caustic-view0;2.238019;X=0.637500 Y=0.368519;X=0.625000 Y=0.375000;5;0
p3d:p3d_caustic-view0;2.254695;X=0.637500 Y=0.361111;X=0.625000 Y=0.375000;5;0
p3d:p3d_caustic-view0;2.271410;X=0.637500 Y=0.360185;X=0.625000 Y=0.375000;5;0
p3d:p3d_caustic-view0;2.288047;X=0.637500 Y=0.360185;X=0.625000 Y=0.375000;5;0
p3d:p3d_caustic-view0;2.304669;X=0.637500 Y=0.360185;X=0.625000 Y=0.375000;5;0
p3d:p3d_caustic-view0;2.321353;X=0.637500 Y=0.360185;X=0.625000 Y=0.375000;5;0
p3d:p3d_caustic-view0;2.337961;X=0.637500 Y=0.359259;X=0.625000 Y=0.375000;5;0
p3d:p3d_caustic-view0;2.354826;X=0.637500 Y=0.356481;X=0.625000 Y=0.375000;5;0
p3d:p3d_caustic-view0;2.371590;X=0.637500 Y=0.354630;X=0.625000 Y=0.375000;5;0
p3d:p3d_caustic-view0;2.388227;X=0.637500 Y=0.353704;X=0.625000 Y=0.375000;5;0
p3d:p3d_caustic-view0;2.404905;X=0.637500 Y=0.353704;X=0.625000 Y=0.375000;5;0
p3d:p3d_caustic-view0;2.421558;X=0.637500 Y=0.353704;X=0.625000 Y=0.375000;5;0
p3d:p3d_caustic-view0;2.438324;X=0.637500 Y=0.353704;X=0.625000 Y=0.375000;5;0
p3d:p3d_caustic-view0;2.455001;X=0.637500 Y=0.353704;X=0.625000 Y=0.375000;5;0
p3d:p3d_caustic-view0;2.471736;X=0.637500 Y=0.353704;X=0.625000 Y=0.375000;5;0
p3d:p3d_caustic-view0;2.488281;X=0.637500 Y=0.353704;X=0.625000 Y=0.375000;5;0
p3d:p3d_caustic-view0;2.504905;X=0.637500 Y=0.353704;X=0.625000 Y=0.375000;5;0
p3d:p3d_caustic-view0;2.521567;X=0.637500 Y=0.353704;X=0.625000 Y=0.375000;5;0
p3d:p3d_caustic-view0;2.538512;X=0.637500 Y=0.353704;X=0.625000 Y=0.375000;5;0
p3d:p3d_caustic-view0;2.555175;X=0.637500 Y=0.353704;X=0.625000 Y=0.375000;5;0
p3d:p3d_caustic-view0;2.571947;X=0.637500 Y=0.353704;X=0.625000 Y=0.375000;5;0
p3d:p3d_caustic-view0;2.588534;X=0.637500 Y=0.353704;X=0.625000 Y=0.375000;5;0
p3d:p3d_caustic-view0;2.605306;X=0.637500 Y=0.353704;X=0.625000 Y=0.375000;5;0
p3d:p3d_caustic-view0;2.622209;X=0.637500 Y=0.353704;X=0.625000 Y=0.375000;5;1
p3d:p3d_caustic-view0;2.638654;X=0.637500 Y=0.353704;X=0.625000 Y=0.375000;5;1
p3d:p3d_caustic-view0;2.655325;X=0.637500 Y=0.353704;X=0.625000 Y=0.375000;5;1
p3d:p3d_caustic-view0;2.672223;X=0.637500 Y=0.353704;X=0.625000 Y=0.375000;5;1
p3d:p3d_caustic-view0;2.688974;X=0.637500 Y=0.353704;X=0.625000 Y=0.375000;5;1
p3d:p3d_caustic-view0;2.705188;X=0.637500 Y=0.353704;X=0.625000 Y=0.375000;5;1
p3d:p3d_caustic-view0;2.721892;X=0.637500 Y=0.353704;X=0.625000 Y=0.375000;5;1
p3d:p3d_caustic-view0;2.738582;X=0.637500 Y=0.353704;X=0.625000 Y=0.375000;5;1
p3d:p3d_caustic-view0;2.755281;X=0.637500 Y=0.353704;X=0.625000 Y=0.375000;5;1
p3d:p3d_caustic-view0;2.771989;X=0.637500 Y=0.353704;X=0.625000 Y=0.375000;5;1
p3d:p3d_caustic-view0;2.788707;X=0.637500 Y=0.353704;X=0.625000 Y=0.375000;5;1
p3d:p3d_caustic-view0;2.805407;X=0.637500 Y=0.353704;X=0.625000 Y=0.375000;5;1
p3d:p3d_caustic-view0;2.822061;X=0.637500 Y=0.353704;X=0.625000 Y=0.375000;5;1
p3d:p3d_caustic-view0;2.838762;X=0.637500 Y=0.353704;X=0.625000 Y=0.375000;5;1
p3d:p3d_caustic-view0;2.855423;X=0.637500 Y=0.353704;X=0.625000 Y=0.375000;5;1
p3d:p3d_caustic-view0;2.872138;X=0.637500 Y=0.353704;X=0.625000 Y=0.375000;5;1
p3d:p3d_caustic-view0;2.888841;X=0.637500 Y=0.353704;X=0.625000 Y=0.375000;5;1
p3d:p3d_caustic-view0;2.905550;X=0.637500 Y=0.353704;X=0.625000 Y=0.375000;5;1
p3d:p3d_caustic-view0;2.922215;X=0.637500 Y=0.353704;X=0.625000 Y=0.375000;5;1
p3d:p3d_caustic-view0;2.939088;X=0.637500 Y=0.353704;X=0.625000 Y=0.375000;5;1
p3d:p3d_caustic-view0;2.955689;X=0.637500 Y=0.353704;X=0.625000 Y=0.375000;5;1
p3d:p3d_caustic-view0;2.972388;X=0.637500 Y=0.353704;X=0.625000 Y=0.375000;5;1
p3d:p3d_caustic-view0;2.989094;X=0.637500 Y=0.353704;X=0.625000 Y=0.375000;5;1
p3d:p3d_caustic-view0;3.005789;X=0.637500 Y=0.353704;X=0.625000 Y=0.375000;5;1
p3d:p3d_caustic-view0;3.022457;X=0.637500 Y=0.353704;X=0.625000 Y=0.375000;5;1
p3d:p3d_caustic-view0;3.039125;X=0.637500 Y=0.353704;X=0.625000 Y=0.375000;5;1
p3d:p3d_caustic-view0;3.055894;X=0.637500 Y=0.353704;X=0.625000 Y=0.375000;5;1
p3d:p3d_caustic-view0;3.072592;X=0.637500 Y=0.353704;X=0.625000 Y=0.375000;5;1
p3d:p3d_caustic-view0;3.089280;X=0.637500 Y=0.353704;X=0.625000 Y=0.375000;5;1
p3d:p3d_caustic-view0;3.105932;X=0.637500 Y=0.353704;X=0.625000 Y=0.375000;5;1
p3d:p3d_caustic-view0;3.122673;X=0.637500 Y=0.353704;X=0.625000 Y=0.375000;5;1
p3d:p3d_caustic-view0;3.139350;X=0.637500 Y=0.353704;X=0.625000 Y=0.375000;5;1
p3d:p3d_caustic-view0;3.156065;X=0.637500 Y=0.353704;X=0.625000 Y=0.375000;5;1
p3d:p3d_caustic-view0;3.172742;X=0.637500 Y=0.353704;X=0.625000 Y=0.375000;5;1
p3d:p3d_caustic-view0;3.189445;X=0.637500 Y=0.353704;X=0.625000 Y=0.375000;5;1
p3d:p3d_caustic-view0;3.206137;X=0.637500 Y=0.353704;X=0.625000 Y=0.375000;5;1
p3d:p3d_caustic-view0;3.222836;X=0.637500 Y=0.353704;X=0.625000 Y=0.375000;5;1
p3d:p3d_caustic-view0;3.239542;X=0.637500 Y=0.353704;X=0.625000 Y=0.375000;5;1
p3d:p3d_caustic-view0;3.256248;X=0.637500 Y=0.353704;X=0.625000 Y=0.375000;5;1
p3d:p3d_caustic-view0;3.272969;X=0.637500 Y=0.353704;X=0.625000 Y=0.375000;5;1
p3d:p3d_caustic-view0;3.289649;X=0.637500 Y=0.353704;X=0.625000 Y=0.375000;5;1
p3d:p3d_caustic-view0;3.306334;X=0.637500 Y=0.353704;X=0.625000 Y=0.375000;5;1
p3d:p3d_caustic-view0;3.323048;X=0.637500 Y=0.353704;X=0.625000 Y=0.375000;5;1
p3d:p3d_caustic-view0;3.339730;X=0.637500 Y=0.353704;X=0.625000 Y=0.375000;5;1
p3d:p3d_caustic-view0;3.356420;X=0.637500 Y=0.353704;X=0.625000 Y=0.375000;5;1
p3d:p3d_caustic-view0;3.373150;X=0.637500 Y=0.353704;X=0.625000 Y=0.375000;5;1
p3d:p3d_caustic-view0;3.389837;X=0.637500 Y=0.353704;X=0.625000 Y=0.375000;5;1
p3d:p3d_caustic-view0;3.406554;X=0.637500 Y=0.353704;X=0.625000 Y=0.375000;5;1
p3d:p3d_caustic-view0;3.423232;X=0.637500 Y=0.353704;X=0.625000 Y=0.375000;5;1
p3d:p3d_caustic-view0;3.439917;X=0.637500 Y=0.353704;X=0.625000 Y=0.375000;5;1
p3d:p3d_caustic-view0;3.456612;X=0.637500 Y=0.353704;X=0.625000 Y=0.375000;5;0
p3d:p3d_caustic-view0;3.473611;X=0.637500 Y=0.353704;X=0.625000 Y=0.375000;5;0
p3d:p3d_caustic-view0;3.490306;X=0.637500 Y=0.353704;X=0.625000 Y=0.375000;5;0
p3d:p3d_caustic-view0;3.507026;X=0.637500 Y=0.353704;X=0.625000 Y=0.375000;5;0
p3d:p3d_caustic-view0;3.523641;X=0.637500 Y=0.353704;X=0.625000 Y=0.375000;5;0
p3d:p3d_caustic-view0;3.540558;X=0.637500 Y=0.353704;X=0.625000 Y=0.375000;5;0
p3d:p3d_caustic-view0;3.557144;X=0.637500 Y=0.353704;X=0.625000 Y=0.375000;5;0
p3d:p3d_caustic-view0;3.573868;X=0.637500 Y=0.353704;X=0.625000 Y=0.375000;5;0
p3d:p3d_caustic-view0;3.590687;X=0.637500 Y=0.355556;X=0.625000 Y=0.375000;5;0
p3d:p3d_caustic-view0;3.607289;X=0.637500 Y=0.361111;X=0.625000 Y=0.375000;5;0
p3d:p3d_caustic-view0;3.623990;X=0.636458 Y=0.365741;X=0.625000 Y=0.375000;5;0
p3d:p3d_caustic-view0;3.640858;X=0.633333 Y=0.372222;X=0.625000 Y=0.375000;5;0
p3d:p3d_caustic-view0;3.657392;X=0.629167 Y=0.379630;X=0.625000 Y=0.375000;5;0
p3d:p3d_caustic-view0;3.674239;X=0.621875 Y=0.387963;X=0.625000 Y=0.375000;5;0
p3d:p3d_caustic-view0;3.690811;X=0.617708 Y=0.393519;X=0.625000 Y=0.375000;5;0
p3d:p3d_caustic-view0;3.707588;X=0.613542 Y=0.399074;X=0.625000 Y=0.375000;5;0
p3d:p3d_caustic-view0;3.724242;X=0.610417 Y=0.401852;X=0.625000 Y=0.375000;5;0
p3d:p3d_caustic-view0;3.740965;X=0.608333 Y=0.403704;X=0.625000 Y=0.375000;5;0
p3d:p3d_caustic-view0;3.757563;X=0.606250 Y=0.405556;X=0.625000 Y=0.375000;5;0
p3d:p3d_caustic-view0;3.774387;X=0.605208 Y=0.407407;X=0.625000 Y=0.375000;5;0
p3d:p3d_caustic-view0;3.790954;X=0.604167 Y=0.408333;X=0.625000 Y=0.375000;5;0
p3d:p3d_caustic-view0;3.807642;X=0.604167 Y=0.408333;X=0.625000 Y=0.375000;5;0
p3d:p3d_caustic-view0;3.824285;X=0.604167 Y=0.408333;X=0.625000 Y=0.375000;5;0
p3d:p3d_caustic-view0;3.840995;X=0.604167 Y=0.408333;X=0.625000 Y=0.375000;5;0
p3d:p3d_caustic-view0;3.857770;X=0.604167 Y=0.408333;X=0.625000 Y=0.375000;5;1
p3d:p3d_caustic-view0;3.874368;X=0.604167 Y=0.408333;X=0.625000 Y=0.375000;5;1
p3d:p3d_caustic-view0;3.891038;X=0.604167 Y=0.408333;X=0.625000 Y=0.375000;5;1
p3d:p3d_caustic-view0;3.907700;X=0.604167 Y=0.408333;X=0.625000 Y=0.375000;5;1
p3d:p3d_caustic-view0;3.924624;X=0.604167 Y=0.408333;X=0.625000 Y=0.375000;5;1
p3d:p3d_caustic-view0;3.941056;X=0.604167 Y=0.408333;X=0.625000 Y=0.375000;5;1
p3d:p3d_caustic-view0;3.957915;X=0.604167 Y=0.408333;X=0.625000 Y=0.375000;5;1
p3d:p3d_caustic-view0;3.974508;X=0.604167 Y=0.408333;X=0.625000 Y=0.375000;5;1
p3d:p3d_caustic-view0;3.991205;X=0.604167 Y=0.408333;X=0.625000 Y=0.375000;5;1
p3d:p3d_caustic-view0;4.007944;X=0.604167 Y=0.408333;X=0.625000 Y=0.375000;5;1
p3d:p3d_caustic-view0;4.024719;X=0.604167 Y=0.408333;X=0.625000 Y=0.375000;5;1
p3d:p3d_caustic-view0;4.041204;X=0.604167 Y=0.408333;X=0.625000 Y=0.375000;5;1
p3d:p3d_caustic-view0;4.057981;X=0.604167 Y=0.408333;X=0.625000 Y=0.375000;5;1
p3d:p3d_caustic-view0;4.074711;X=0.604167 Y=0.408333;X=0.625000 Y=0.375000;5;1
p3d:p3d_caustic-view0;4.091424;X=0.604167 Y=0.408333;X=0.625000 Y=0.375000;5;1
p3d:p3d_caustic-view0;4.108082;X=0.604167 Y=0.408333;X=0.625000 Y=0.375000;5;1
p3d:p3d_caustic-view0;4.124831;X=0.604167 Y=0.408333;X=0.625000 Y=0.375000;5;1
p3d:p3d_caustic-view0;4.141520;X=0.604167 Y=0.408333;X=0.625000 Y=0.375000;5;1
p3d:p3d_caustic-view0;4.158340;X=0.604167 Y=0.408333;X=0.625000 Y=0.375000;5;1
p3d:p3d_caustic-view0;4.174952;X=0.604167 Y=0.408333;X=0.625000 Y=0.375000;5;1
p3d:p3d_caustic-view0;4.191530;X=0.604167 Y=0.408333;X=0.625000 Y=0.375000;5;1
p3d:p3d_caustic-view0;4.208430;X=0.604167 Y=0.408333;X=0.625000 Y=0.375000;5;1
p3d:p3d_caustic-view0;4.224915;X=0.604167 Y=0.408333;X=0.625000 Y=0.375000;5;1
p3d:p3d_caustic-view0;4.241655;X=0.604167 Y=0.408333;X=0.625000 Y=0.375000;5;1
p3d:p3d_caustic-view0;4.258446;X=0.604167 Y=0.408333;X=0.625000 Y=0.375000;5;1
p3d:p3d_caustic-view0;4.275179;X=0.604167 Y=0.408333;X=0.625000 Y=0.375000;5;1
p3d:p3d_caustic-view0;4.291735;X=0.604167 Y=0.408333;X=0.625000 Y=0.375000;5;1
p3d:p3d_caustic-view0;4.308526;X=0.604167 Y=0.408333;X=0.625000 Y=0.375000;5;1
p3d:p3d_caustic-view0;4.325144;X=0.604167 Y=0.408333;X=0.625000 Y=0.375000;5;1
p3d:p3d_caustic-view0;4.341786;X=0.604167 Y=0.408333;X=0.625000 Y=0.375000;5;1
p3d:p3d_caustic-view0;4.358620;X=0.604167 Y=0.408333;X=0.625000 Y=0.375000;5;1
p3d:p3d_caustic-view0;4.375290;X=0.604167 Y=0.408333;X=0.625000 Y=0.375000;5;1
p3d:p3d_caustic-view0;4.391953;X=0.604167 Y=0.408333;X=0.625000 Y=0.375000;5;1
p3d:p3d_caustic-view0;4.408672;X=0.604167 Y=0.408333;X=0.625000 Y=0.375000;5;1
p3d:p3d_caustic-view0;4.425395;X=0.604167 Y=0.408333;X=0.625000 Y=0.375000;5;1
p3d:p3d_caustic-view0;4.442014;X=0.604167 Y=0.408333;X=0.625000 Y=0.375000;5;1
p3d:p3d_caustic-view0;4.458817;X=0.604167 Y=0.408333;X=0.625000 Y=0.375000;5;1
p3d:p3d_caustic-view0;4.475478;X=0.604167 Y=0.408333;X=0.625000 Y=0.375000;5;1
p3d:p3d_caustic-view0;4.492187;X=0.604167 Y=0.408333;X=0.625000 Y=0.375000;5;1
p3d:p3d_caustic-view0;4.508835;X=0.604167 Y=0.408333;X=0.625000 Y=0.375000;5;1
p3d:p3d_caustic-view0;4.525571;X=0.604167 Y=0.408333;X=0.625000 Y=0.375000;5;1
p3d:p3d_caustic-view0;4.542167;X=0.604167 Y=0.408333;X=0.625000 Y=0.375000;5;1
p3d:p3d_caustic-view0;4.558963;X=0.604167 Y=0.408333;X=0.625000 Y=0.375000;5;1
p3d:p3d_caustic-view0;4.575729;X=0.604167 Y=0.408333;X=0.625000 Y=0.375000;5;1
p3d:p3d_caustic-view0;4.592393;X=0.604167 Y=0.408333;X=0.625000 Y=0.375000;5;1
p3d:p3d_caustic-view0;4.609264;X=0.604167 Y=0.408333;X=0.625000 Y=0.375000;5;1
p3d:p3d_caustic-view0;4.625765;X=0.604167 Y=0.408333;X=0.625000 Y=0.375000;5;1
p3d:p3d_caustic-view0;4.642462;X=0.604167 Y=0.408333;X=0.625000 Y=0.375000;5;1
p3d:p3d_caustic-view0;4.659054;X=0.604167 Y=0.408333;X=0.625000 Y=0.375000;5;1
p3d:p3d_caustic-view0;4.675648;X=0.604167 Y=0.408333;X=0.625000 Y=0.375000;5;1
p3d:p3d_caustic-view0;4.692407;X=0.604167 Y=0.408333;X=0.625000 Y=0.375000;5;1
p3d:p3d_caustic-view0;4.709070;X=0.604167 Y=0.408333;X=0.625000 Y=0.375000;5;1
p3d:p3d_caustic-view0;4.725737;X=0.604167 Y=0.408333;X=0.625000 Y=0.375000;5;1
p3d:p3d_caustic-view0;4.742462;X=0.604167 Y=0.408333;X=0.625000 Y=0.375000;5;1
p3d:p3d_caustic-view0;4.759174;X=0.604167 Y=0.408333;X=0.625000 Y=0.375000;5;1
p3d:p3d_caustic-view0;4.775891;X=0.604167 Y=0.408333;X=0.625000 Y=0.375000;5;1
p3d:p3d_caustic-view0;4.792534;X=0.604167 Y=0.408333;X=0.625000 Y=0.375000;5;1
p3d:p3d_caustic-view0;4.809204;X=0.604167 Y=0.408333;X=0.625000 Y=0.375000;5;1
p3d:p3d_caustic-view0;4.825971;X=0.604167 Y=0.408333;X=0.625000 Y=0.375000;5;1
p3d:p3d_caustic-view0;4.842638;X=0.604167 Y=0.408333;X=0.625000 Y=0.375000;5;1
p3d:p3d_caustic-view0;4.859371;X=0.604167 Y=0.408333;X=0.625000 Y=0.375000;5;1
p3d:p3d_caustic-view0;4.876064;X=0.604167 Y=0.408333;X=0.625000 Y=0.375000;5;1
p3d:p3d_caustic-view0;4.892708;X=0.604167 Y=0.408333;X=0.625000 Y=0.375000;5;1
p3d:p3d_caustic-view0;4.909428;X=0.604167 Y=0.408333;X=0.625000 Y=0.375000;5;1
p3d:p3d_caustic-view0;4.926215;X=0.604167 Y=0.408333;X=0.625000 Y=0.375000;5;1
p3d:p3d_caustic-view0;4.942880;X=0.604167 Y=0.408333;X=0.625000 Y=0.375000;5;1
p3d:p3d_caustic-view0;4.959517;X=0.604167 Y=0.408333;X=0.625000 Y=0.375000;5;1
p3d:p3d_caustic-view0;4.976252;X=0.604167 Y=0.408333;X=0.625000 Y=0.375000;5;1
p3d:p3d_caustic-view0;4.992966;X=0.604167 Y=0.408333;X=0.625000 Y=0.375000;5;1
p3d:p3d_caustic-view0;5.009701;X=0.604167 Y=0.408333;X=0.625000 Y=0.375000;5;1
p3d:p3d_caustic-view0;5.026281;X=0.604167 Y=0.408333;X=0.625000 Y=0.375000;5;1
p3d:p3d_caustic-view0;5.042992;X=0.604167 Y=0.408333;X=0.625000 Y=0.375000;5;1
p3d:p3d_caustic-view0;5.059682;X=0.604167 Y=0.408333;X=0.625000 Y=0.375000;5;1
p3d:p3d_caustic-view0;5.076388;X=0.604167 Y=0.408333;X=0.625000 Y=0.375000;5;1
p3d:p3d_caustic-view0;5.093073;X=0.604167 Y=0.408333;X=0.625000 Y=0.375000;5;1
p3d:p3d_caustic-view0;5.109776;X=0.604167 Y=0.408333;X=0.625000 Y=0.375000;5;0
p3d:p3d_caustic-view0;5.126789;X=0.604167 Y=0.408333;X=0.625000 Y=0.375000;5;0
p3d:p3d_caustic-view0;5.143411;X=0.604167 Y=0.408333;X=0.625000 Y=0.375000;5;0
p3d:p3d_caustic-view0;5.160232;X=0.604167 Y=0.408333;X=0.625000 Y=0.375000;5;0
p3d:p3d_caustic-view0;5.176916;X=0.604167 Y=0.408333;X=0.625000 Y=0.375000;5;0
p3d:p3d_caustic-view0;5.193586;X=0.604167 Y=0.408333;X=0.625000 Y=0.375000;5;0
p3d:p3d_caustic-view0;5.210331;X=0.604167 Y=0.408333;X=0.625000 Y=0.375000;5;0
p3d:p3d_caustic-view0;5.227050;X=0.604167 Y=0.408333;X=0.625000 Y=0.375000;5;0
p3d:p3d_caustic-view0;5.243738;X=0.604167 Y=0.408333;X=0.625000 Y=0.375000;5;0
p3d:p3d_caustic-view0;5.260499;X=0.604167 Y=0.408333;X=0.625000 Y=0.375000;5;0
p3d:p3d_caustic-view0;5.277172;X=0.604167 Y=0.408333;X=0.625000 Y=0.375000;5;0
p3d:p3d_caustic-view0;5.293862;X=0.604167 Y=0.408333;X=0.625000 Y=0.375000;5;0
p3d:p3d_caustic-view0;5.310545;X=0.604167 Y=0.408333;X=0.625000 Y=0.375000;5;0
p3d:p3d_caustic-view0;5.327245;X=0.604167 Y=0.408333;X=0.625000 Y=0.375000;5;0
p3d:p3d_caustic-view0;5.343887;X=0.604167 Y=0.408333;X=0.625000 Y=0.375000;5;0
p3d:p3d_caustic-view0;5.360599;X=0.604167 Y=0.408333;X=0.625000 Y=0.375000;5;0
p3d:p3d_caustic-view0;5.377320;X=0.604167 Y=0.408333;X=0.625000 Y=0.375000;5;0
p3d:p3d_caustic-view0;5.393993;X=0.604167 Y=0.408333;X=0.625000 Y=0.375000;5;0
p3d:p3d_caustic-view0;5.410715;X=0.604167 Y=0.408333;X=0.625000 Y=0.375000;5;0
p3d:p3d_caustic-view0;5.427399;X=0.604167 Y=0.408333;X=0.625000 Y=0.375000;5;0
p3d:p3d_caustic-view0;5.444139;X=0.604167 Y=0.408333;X=0.625000 Y=0.375000;5;0
p3d:p3d_caustic-view0;5.460772;X=0.604167 Y=0.408333;X=0.625000 Y=0.375000;5;0
p3d:p3d_caustic-view0;5.477504;X=0.604167 Y=0.408333;X=0.625000 Y=0.375000;5;0
p3d:p3d_caustic-view0;5.494200;X=0.604167 Y=0.408333;X=0.625000 Y=0.375000;5;0
p3d:p3d_caustic-view0;5.510955;X=0.604167 Y=0.408333;X=0.625000 Y=0.375000;5;0
p3d:p3d_caustic-view0;5.527791;X=0.604167 Y=0.408333;X=0.625000 Y=0.375000;5;1
p3d:p3d_caustic-view0;5.544362;X=0.604167 Y=0.408333;X=0.625000 Y=0.375000;5;1
p3d:p3d_caustic-view0;5.561072;X=0.604167 Y=0.408333;X=0.625000 Y=0.375000;5;1
p3d:p3d_caustic-view0;5.577776;X=0.604167 Y=0.408333;X=0.625000 Y=0.375000;5;1
p3d:p3d_caustic-view0;5.594002;X=0.604167 Y=0.408333;X=0.625000 Y=0.375000;5;1
p3d:p3d_caustic-view0;5.610708;X=0.604167 Y=0.408333;X=0.625000 Y=0.375000;5;1
p3d:p3d_caustic-view0;5.627403;X=0.604167 Y=0.408333;X=0.625000 Y=0.375000;5;1
p3d:p3d_caustic-view0;5.644089;X=0.604167 Y=0.408333;X=0.625000 Y=0.375000;5;1
p3d:p3d_caustic-view0;5.660813;X=0.604167 Y=0.408333;X=0.625000 Y=0.375000;5;1
p3d:p3d_caustic-view0;5.677494;X=0.604167 Y=0.408333;X=0.625000 Y=0.375000;5;1
p3d:p3d_caustic-view0;5.694182;X=0.604167 Y=0.408333;X=0.625000 Y=0.375000;5;1
p3d:p3d_caustic-view0;5.710896;X=0.604167 Y=0.408333;X=0.625000 Y=0.375000;5;1
p3d:p3d_caustic-view0;5.727577;X=0.604167 Y=0.408333;X=0.625000 Y=0.375000;5;1
p3d:p3d_caustic-view0;5.744283;X=0.604167 Y=0.408333;X=0.625000 Y=0.375000;5;1
p3d:p3d_caustic-view0;5.761059;X=0.604167 Y=0.408333;X=0.625000 Y=0.375000;5;1
p3d:p3d_caustic-view0;5.777767;X=0.604167 Y=0.408333;X=0.625000 Y=0.375000;5;1
p3d:p3d_caustic-view0;5.794450;X=0.604167 Y=0.408333;X=0.625000 Y=0.375000;5;1
p3d:p3d_caustic-view0;5.811156;X=0.604167 Y=0.408333;X=0.625000 Y=0.375000;5;1
p3d:p3d_caustic-view0;5.827850;X=0.604167 Y=0.408333;X=0.625000 Y=0.375000;5;1
p3d:p3d_caustic-view0;5.844621;X=0.604167 Y=0.408333;X=0.625000 Y=0.375000;5;1
p3d:p3d_caustic-view0;5.861250;X=0.604167 Y=0.408333;X=0.625000 Y=0.375000;5;1
p3d:p3d_caustic-view0;5.878116;X=0.604167 Y=0.408333;X=0.625000 Y=0.375000;5;1
p3d:p3d_caustic-view0;5.894660;X=0.604167 Y=0.408333;X=0.625000 Y=0.375000;5;1
p3d:p3d_caustic-view0;5.911385;X=0.604167 Y=0.408333;X=0.625000 Y=0.375000;5;1
p3d:p3d_caustic-view0;5.928037;X=0.604167 Y=0.408333;X=0.625000 Y=0.375000;5;1
p3d:p3d_caustic-view0;5.944826;X=0.604167 Y=0.408333;X=0.625000 Y=0.375000;5;1
p3d:p3d_caustic-view0;5.961398;X=0.604167 Y=0.408333;X=0.625000 Y=0.375000;5;1
p3d:p3d_caustic-view0;5.978096;X=0.604167 Y=0.408333;X=0.625000 Y=0.375000;5;1
p3d:p3d_caustic-view0;5.994828;X=0.604167 Y=0.408333;X=0.625000 Y=0.375000;5;1
p3d:p3d_caustic-view0;6.011535;X=0.604167 Y=0.408333;X=0.625000 Y=0.375000;5;1
p3d:p3d_caustic-view0;6.028190;X=0.604167 Y=0.408333;X=0.625000 Y=0.375000;5;1
p3d:p3d_caustic-view0;6.044927;X=0.604167 Y=0.408333;X=0.625000 Y=0.375000;5;1
p3d:p3d_caustic-view0;6.061621;X=0.604167 Y=0.408333;X=0.625000 Y=0.375000;5;1
p3d:p3d_caustic-view0;6.078321;X=0.604167 Y=0.408333;X=0.625000 Y=0.375000;5;1
p3d:p3d_caustic-view0;6.094943;X=0.604167 Y=0.408333;X=0.625000 Y=0.375000;5;0
p3d:p3d_caustic-view0;6.112084;X=0.604167 Y=0.408333;X=0.625000 Y=0.375000;5;0
p3d:p3d_caustic-view0;6.128669;X=0.604167 Y=0.408333;X=0.625000 Y=0.375000;5;0
p3d:p3d_caustic-view0;6.145417;X=0.604167 Y=0.408333;X=0.625000 Y=0.375000;5;0
p3d:p3d_caustic-view0;6.162139;X=0.604167 Y=0.408333;X=0.625000 Y=0.375000;5;0
p3d:p3d_caustic-view0;6.178770;X=0.604167 Y=0.408333;X=0.625000 Y=0.375000;5;0
p3d:p3d_caustic-view0;6.195549;X=0.604167 Y=0.408333;X=0.625000 Y=0.375000;5;0
p3d:p3d_caustic-view0;6.211991;X=0.604167 Y=0.408333;X=0.625000 Y=0.375000;5;0
p3d:p3d_caustic-view0;6.228860;X=0.604167 Y=0.408333;X=0.625000 Y=0.375000;5;0
p3d:p3d_caustic-view0;6.245559;X=0.604167 Y=0.408333;X=0.625000 Y=0.375000;5;0
p3d:p3d_caustic-view0;6.262260;X=0.604167 Y=0.408333;X=0.625000 Y=0.375000;5;0
p3d:p3d_caustic-view0;6.278996;X=0.604167 Y=0.408333;X=0.625000 Y=0.375000;5;0
p3d:p3d_caustic-view0;6.295667;X=0.604167 Y=0.408333;X=0.625000 Y=0.375000;5;0
p3d:p3d_caustic-view0;6.312472;X=0.604167 Y=0.408333;X=0.625000 Y=0.375000;5;0
p3d:p3d_caustic-view0;6.329124;X=0.604167 Y=0.408333;X=0.625000 Y=0.375000;5;0
p3d:p3d_caustic-view0;6.345842;X=0.604167 Y=0.408333;X=0.625000 Y=0.375000;5;0
