Wed Jul  7 16:35:47 2021

p3d:p3d_caustic-view0;1.518421;X=0.000000 Y=0.000000;X=-0.125000 Y=0.125000;1;0
p3d:p3d_caustic-view0;1.531634;X=0.000000 Y=0.000000;X=-0.125000 Y=0.125000;1;0
p3d:p3d_caustic-view0;1.556472;X=0.000000 Y=0.000000;X=-0.125000 Y=0.125000;1;0
p3d:p3d_caustic-view0;1.569708;X=0.000000 Y=0.000000;X=-0.125000 Y=0.125000;1;0
p3d:p3d_caustic-view0;1.582762;X=0.000000 Y=0.000000;X=-0.125000 Y=0.125000;1;0
p3d:p3d_caustic-view0;1.598388;X=0.000000 Y=0.000000;X=-0.125000 Y=0.125000;1;0
p3d:p3d_caustic-view0;1.615141;X=0.000000 Y=0.000000;X=-0.125000 Y=0.125000;1;0
p3d:p3d_caustic-view0;1.631759;X=0.000000 Y=0.000000;X=-0.125000 Y=0.125000;1;0
p3d:p3d_caustic-view0;1.648508;X=0.000000 Y=0.000000;X=-0.125000 Y=0.125000;1;0
p3d:p3d_caustic-view0;1.665252;X=0.000000 Y=0.000000;X=-0.125000 Y=0.125000;1;0
p3d:p3d_caustic-view0;1.681840;X=0.000000 Y=0.000000;X=-0.125000 Y=0.125000;1;0
p3d:p3d_caustic-view0;1.698609;X=0.000000 Y=0.000000;X=-0.125000 Y=0.125000;1;0
p3d:p3d_caustic-view0;1.715234;X=0.000000 Y=0.000000;X=-0.125000 Y=0.125000;1;0
p3d:p3d_caustic-view0;1.731976;X=0.000000 Y=0.000000;X=-0.125000 Y=0.125000;1;0
p3d:p3d_caustic-view0;1.748619;X=0.000000 Y=0.000000;X=-0.125000 Y=0.125000;1;0
p3d:p3d_caustic-view0;1.765391;X=0.000000 Y=0.000000;X=-0.125000 Y=0.125000;1;0
p3d:p3d_caustic-view0;1.782041;X=0.000000 Y=0.000000;X=-0.125000 Y=0.125000;1;0
p3d:p3d_caustic-view0;1.798823;X=0.000000 Y=0.000000;X=-0.125000 Y=0.125000;1;0
p3d:p3d_caustic-view0;1.815439;X=0.000000 Y=0.000000;X=-0.125000 Y=0.125000;1;0
p3d:p3d_caustic-view0;1.832162;X=0.000000 Y=0.000000;X=-0.125000 Y=0.125000;1;0
p3d:p3d_caustic-view0;1.848737;X=0.000000 Y=0.000000;X=-0.125000 Y=0.125000;1;0
p3d:p3d_caustic-view0;1.865583;X=0.000000 Y=0.000000;X=-0.125000 Y=0.125000;1;0
p3d:p3d_caustic-view0;1.882215;X=0.000000 Y=0.000000;X=-0.125000 Y=0.125000;1;0
p3d:p3d_caustic-view0;1.899048;X=0.000000 Y=0.000000;X=-0.125000 Y=0.125000;1;0
p3d:p3d_caustic-view0;1.915691;X=0.000000 Y=0.000000;X=-0.125000 Y=0.125000;1;0
p3d:p3d_caustic-view0;1.932372;X=0.000000 Y=0.000000;X=-0.125000 Y=0.125000;1;0
p3d:p3d_caustic-view0;1.949068;X=0.000000 Y=0.000000;X=-0.125000 Y=0.125000;1;0
p3d:p3d_caustic-view0;1.965765;X=0.000000 Y=0.000000;X=-0.125000 Y=0.125000;1;0
p3d:p3d_caustic-view0;1.982469;X=0.000000 Y=0.000000;X=-0.125000 Y=0.125000;1;0
p3d:p3d_caustic-view0;1.998963;X=0.000000 Y=0.000000;X=-0.125000 Y=0.125000;1;0
p3d:p3d_caustic-view0;2.015683;X=0.000000 Y=0.000000;X=-0.125000 Y=0.125000;1;0
p3d:p3d_caustic-view0;2.032203;X=0.000000 Y=0.000000;X=-0.125000 Y=0.125000;1;0
p3d:p3d_caustic-view0;2.048944;X=0.000000 Y=0.000000;X=-0.125000 Y=0.125000;1;0
p3d:p3d_caustic-view0;2.066137;X=0.000000 Y=0.000000;X=-0.125000 Y=0.125000;1;0
p3d:p3d_caustic-view0;2.082821;X=0.000000 Y=0.000000;X=-0.125000 Y=0.125000;1;0
p3d:p3d_caustic-view0;2.099485;X=0.000000 Y=0.000000;X=-0.125000 Y=0.125000;1;0
p3d:p3d_caustic-view0;2.116166;X=0.000000 Y=0.000000;X=-0.125000 Y=0.125000;1;0
p3d:p3d_caustic-view0;2.132906;X=0.000000 Y=0.000000;X=-0.125000 Y=0.125000;1;0
p3d:p3d_caustic-view0;2.149143;X=0.000000 Y=0.000000;X=-0.125000 Y=0.125000;1;0
p3d:p3d_caustic-view0;2.165845;X=0.000000 Y=0.000000;X=-0.125000 Y=0.125000;1;0
p3d:p3d_caustic-view0;2.182964;X=0.000000 Y=0.000000;X=-0.125000 Y=0.125000;1;0
p3d:p3d_caustic-view0;2.199700;X=0.000000 Y=0.000000;X=-0.125000 Y=0.125000;1;0
p3d:p3d_caustic-view0;2.216430;X=0.000000 Y=0.000000;X=-0.125000 Y=0.125000;1;0
p3d:p3d_caustic-view0;2.233432;X=0.000000 Y=0.000000;X=-0.125000 Y=0.125000;1;0
p3d:p3d_caustic-view0;2.250041;X=0.000000 Y=0.000000;X=-0.125000 Y=0.125000;1;0
p3d:p3d_caustic-view0;2.266186;X=0.000000 Y=0.000000;X=-0.125000 Y=0.125000;1;0
p3d:p3d_caustic-view0;2.283408;X=0.000000 Y=0.000000;X=-0.125000 Y=0.125000;1;0
p3d:p3d_caustic-view0;2.299638;X=0.000000 Y=0.000000;X=-0.125000 Y=0.125000;1;0
p3d:p3d_caustic-view0;2.316734;X=0.000000 Y=0.000000;X=-0.125000 Y=0.125000;1;0
p3d:p3d_caustic-view0;2.333215;X=0.000000 Y=0.000000;X=-0.125000 Y=0.125000;1;0
p3d:p3d_caustic-view0;2.350262;X=0.000000 Y=0.000000;X=-0.125000 Y=0.125000;1;0
p3d:p3d_caustic-view0;2.367386;X=0.000000 Y=0.000000;X=-0.125000 Y=0.125000;1;0
p3d:p3d_caustic-view0;2.383711;X=0.000000 Y=0.000000;X=-0.125000 Y=0.125000;1;0
p3d:p3d_caustic-view0;2.400477;X=0.000000 Y=0.000000;X=-0.125000 Y=0.125000;1;0
p3d:p3d_caustic-view0;2.417275;X=0.000000 Y=0.000000;X=-0.125000 Y=0.125000;1;0
p3d:p3d_caustic-view0;2.434019;X=0.000000 Y=0.000000;X=-0.125000 Y=0.125000;1;0
p3d:p3d_caustic-view0;2.450699;X=0.000000 Y=0.000000;X=-0.125000 Y=0.125000;1;0
p3d:p3d_caustic-view0;2.467390;X=0.000000 Y=0.000000;X=-0.125000 Y=0.125000;1;0
p3d:p3d_caustic-view0;2.484093;X=0.000000 Y=0.000000;X=-0.125000 Y=0.125000;1;0
p3d:p3d_caustic-view0;2.500883;X=0.000000 Y=0.000000;X=-0.125000 Y=0.125000;1;0
p3d:p3d_caustic-view0;2.517269;X=0.000000 Y=0.000000;X=-0.125000 Y=0.125000;1;0
p3d:p3d_caustic-view0;2.533729;X=0.000000 Y=0.000000;X=-0.125000 Y=0.125000;1;0
p3d:p3d_caustic-view0;2.549927;X=0.000000 Y=0.000000;X=-0.125000 Y=0.125000;1;0
p3d:p3d_caustic-view0;2.567020;X=0.000000 Y=0.000000;X=-0.125000 Y=0.125000;1;0
p3d:p3d_caustic-view0;2.583753;X=0.000000 Y=0.000000;X=-0.125000 Y=0.125000;1;0
p3d:p3d_caustic-view0;2.600039;X=0.000000 Y=0.000000;X=-0.125000 Y=0.125000;1;0
p3d:p3d_caustic-view0;2.617341;X=0.000000 Y=0.000000;X=-0.125000 Y=0.125000;1;0
p3d:p3d_caustic-view0;2.634379;X=0.000000 Y=0.000000;X=-0.125000 Y=0.125000;1;0
p3d:p3d_caustic-view0;2.650988;X=0.000000 Y=0.000000;X=-0.125000 Y=0.125000;1;0
p3d:p3d_caustic-view0;2.667560;X=0.000000 Y=0.000000;X=-0.125000 Y=0.125000;1;0
p3d:p3d_caustic-view0;2.684345;X=0.000000 Y=0.000000;X=-0.125000 Y=0.125000;1;0
p3d:p3d_caustic-view0;2.700954;X=0.000000 Y=0.000000;X=-0.125000 Y=0.125000;1;0
p3d:p3d_caustic-view0;2.717829;X=0.000000 Y=0.000000;X=-0.125000 Y=0.125000;1;0
p3d:p3d_caustic-view0;2.733882;X=0.000000 Y=0.000000;X=-0.125000 Y=0.125000;1;0
p3d:p3d_caustic-view0;2.750450;X=0.000000 Y=0.000000;X=-0.125000 Y=0.125000;1;0
p3d:p3d_caustic-view0;2.767323;X=0.000000 Y=0.000000;X=-0.125000 Y=0.125000;1;0
p3d:p3d_caustic-view0;2.783959;X=0.000000 Y=0.000000;X=-0.125000 Y=0.125000;1;0
p3d:p3d_caustic-view0;2.800633;X=0.000000 Y=0.000000;X=-0.125000 Y=0.125000;1;0
p3d:p3d_caustic-view0;2.817369;X=0.000000 Y=0.000000;X=-0.125000 Y=0.125000;1;0
p3d:p3d_caustic-view0;2.834104;X=0.000000 Y=0.000000;X=-0.125000 Y=0.125000;1;0
p3d:p3d_caustic-view0;2.850753;X=0.000000 Y=0.000000;X=-0.125000 Y=0.125000;1;0
p3d:p3d_caustic-view0;2.867514;X=0.000000 Y=0.000000;X=-0.125000 Y=0.125000;1;0
p3d:p3d_caustic-view0;2.884168;X=0.000000 Y=0.000000;X=-0.125000 Y=0.125000;1;0
p3d:p3d_caustic-view0;2.900871;X=0.000000 Y=0.000000;X=-0.125000 Y=0.125000;1;0
p3d:p3d_caustic-view0;2.917613;X=0.000000 Y=0.000000;X=-0.125000 Y=0.125000;1;0
p3d:p3d_caustic-view0;2.934259;X=0.000000 Y=0.000000;X=-0.125000 Y=0.125000;1;0
p3d:p3d_caustic-view0;2.951450;X=-0.433333 Y=0.274074;X=-0.125000 Y=0.125000;1;0
p3d:p3d_caustic-view0;2.968348;X=-0.403125 Y=0.276852;X=-0.125000 Y=0.125000;1;0
p3d:p3d_caustic-view0;2.985099;X=-0.311458 Y=0.284259;X=-0.125000 Y=0.125000;1;0
p3d:p3d_caustic-view0;3.001837;X=-0.210417 Y=0.293519;X=-0.125000 Y=0.125000;1;0
p3d:p3d_caustic-view0;3.018512;X=-0.077083 Y=0.311111;X=-0.125000 Y=0.125000;1;0
p3d:p3d_caustic-view0;3.034956;X=0.051042 Y=0.322222;X=-0.125000 Y=0.125000;1;0
p3d:p3d_caustic-view0;3.051761;X=0.197917 Y=0.336111;X=-0.125000 Y=0.125000;1;0
p3d:p3d_caustic-view0;3.068509;X=0.323958 Y=0.347222;X=-0.125000 Y=0.125000;1;0
p3d:p3d_caustic-view0;3.085353;X=0.464583 Y=0.350926;X=-0.125000 Y=0.125000;1;0
p3d:p3d_caustic-view0;3.102045;X=0.573958 Y=0.350926;X=-0.125000 Y=0.125000;1;0
p3d:p3d_caustic-view0;3.118701;X=0.679167 Y=0.339815;X=-0.125000 Y=0.125000;1;0
p3d:p3d_caustic-view0;3.135404;X=0.790625 Y=0.322222;X=-0.125000 Y=0.125000;1;0
p3d:p3d_caustic-view0;3.152046;X=0.844792 Y=0.312963;X=-0.125000 Y=0.125000;1;0
p3d:p3d_caustic-view0;3.168407;X=0.869792 Y=0.307407;X=-0.125000 Y=0.125000;1;0
p3d:p3d_caustic-view0;3.185306;X=0.917708 Y=0.298148;X=-0.125000 Y=0.125000;1;0
p3d:p3d_caustic-view0;3.202184;X=0.954167 Y=0.289815;X=-0.125000 Y=0.125000;1;0
p3d:p3d_caustic-view0;3.218832;X=0.988542 Y=0.280556;X=-0.125000 Y=0.125000;1;0
p3d:p3d_caustic-view0;3.235669;X=1.010417 Y=0.273148;X=-0.125000 Y=0.125000;1;0
p3d:p3d_caustic-view0;3.252383;X=1.025000 Y=0.267593;X=-0.125000 Y=0.125000;1;0
p3d:p3d_caustic-view0;3.268975;X=1.028125 Y=0.267593;X=-0.125000 Y=0.125000;1;0
p3d:p3d_caustic-view0;3.285568;X=1.028125 Y=0.267593;X=-0.125000 Y=0.125000;1;0
p3d:p3d_caustic-view0;3.302310;X=1.028125 Y=0.267593;X=-0.125000 Y=0.125000;1;0
p3d:p3d_caustic-view0;3.319058;X=1.028125 Y=0.267593;X=-0.125000 Y=0.125000;1;0
p3d:p3d_caustic-view0;3.335735;X=1.028125 Y=0.267593;X=-0.125000 Y=0.125000;1;0
p3d:p3d_caustic-view0;3.352438;X=1.028125 Y=0.268519;X=-0.125000 Y=0.125000;1;0
p3d:p3d_caustic-view0;3.369215;X=1.025000 Y=0.272222;X=-0.125000 Y=0.125000;1;0
p3d:p3d_caustic-view0;3.385873;X=1.019792 Y=0.278704;X=-0.125000 Y=0.125000;1;0
p3d:p3d_caustic-view0;3.402589;X=1.010417 Y=0.286111;X=-0.125000 Y=0.125000;1;0
p3d:p3d_caustic-view0;3.419267;X=0.997917 Y=0.297222;X=-0.125000 Y=0.125000;1;0
p3d:p3d_caustic-view0;3.435885;X=0.977083 Y=0.314815;X=-0.125000 Y=0.125000;1;0
p3d:p3d_caustic-view0;3.452607;X=0.947917 Y=0.333333;X=-0.125000 Y=0.125000;1;0
p3d:p3d_caustic-view0;3.469376;X=0.910417 Y=0.352778;X=-0.125000 Y=0.125000;1;0
p3d:p3d_caustic-view0;3.485992;X=0.878125 Y=0.368519;X=-0.125000 Y=0.125000;1;0
p3d:p3d_caustic-view0;3.502511;X=0.847917 Y=0.382407;X=-0.125000 Y=0.125000;1;0
p3d:p3d_caustic-view0;3.519471;X=0.828125 Y=0.394444;X=-0.125000 Y=0.125000;1;0
p3d:p3d_caustic-view0;3.536056;X=0.815625 Y=0.402778;X=-0.125000 Y=0.125000;1;0
p3d:p3d_caustic-view0;3.552808;X=0.808333 Y=0.409259;X=-0.125000 Y=0.125000;1;0
p3d:p3d_caustic-view0;3.569564;X=0.801042 Y=0.414815;X=-0.125000 Y=0.125000;1;0
p3d:p3d_caustic-view0;3.586213;X=0.796875 Y=0.417593;X=-0.125000 Y=0.125000;1;0
p3d:p3d_caustic-view0;3.603004;X=0.794792 Y=0.417593;X=-0.125000 Y=0.125000;1;0
p3d:p3d_caustic-view0;3.619593;X=0.794792 Y=0.417593;X=-0.125000 Y=0.125000;1;0
p3d:p3d_caustic-view0;3.636333;X=0.793750 Y=0.418519;X=-0.125000 Y=0.125000;1;0
p3d:p3d_caustic-view0;3.652971;X=0.790625 Y=0.420370;X=-0.125000 Y=0.125000;1;0
p3d:p3d_caustic-view0;3.669755;X=0.785417 Y=0.422222;X=-0.125000 Y=0.125000;1;0
p3d:p3d_caustic-view0;3.686459;X=0.781250 Y=0.423148;X=-0.125000 Y=0.125000;1;0
p3d:p3d_caustic-view0;3.703239;X=0.778125 Y=0.424074;X=-0.125000 Y=0.125000;1;0
p3d:p3d_caustic-view0;3.719777;X=0.778125 Y=0.424074;X=-0.125000 Y=0.125000;1;0
p3d:p3d_caustic-view0;3.736403;X=0.778125 Y=0.424074;X=-0.125000 Y=0.125000;1;0
p3d:p3d_caustic-view0;3.753133;X=0.778125 Y=0.424074;X=-0.125000 Y=0.125000;1;0
p3d:p3d_caustic-view0;3.769830;X=0.778125 Y=0.424074;X=-0.125000 Y=0.125000;1;0
p3d:p3d_caustic-view0;3.786552;X=0.775000 Y=0.425000;X=-0.125000 Y=0.125000;1;0
p3d:p3d_caustic-view0;3.802747;X=0.772917 Y=0.425926;X=-0.125000 Y=0.125000;1;0
p3d:p3d_caustic-view0;3.819400;X=0.769792 Y=0.427778;X=-0.125000 Y=0.125000;1;0
p3d:p3d_caustic-view0;3.836133;X=0.764583 Y=0.430556;X=-0.125000 Y=0.125000;1;0
p3d:p3d_caustic-view0;3.852830;X=0.758333 Y=0.434259;X=-0.125000 Y=0.125000;1;0
p3d:p3d_caustic-view0;3.869574;X=0.751042 Y=0.439815;X=-0.125000 Y=0.125000;1;0
p3d:p3d_caustic-view0;3.886271;X=0.739583 Y=0.446296;X=-0.125000 Y=0.125000;1;0
p3d:p3d_caustic-view0;3.903088;X=0.713542 Y=0.457407;X=-0.125000 Y=0.125000;1;0
p3d:p3d_caustic-view0;3.919553;X=0.696875 Y=0.464815;X=-0.125000 Y=0.125000;1;0
p3d:p3d_caustic-view0;3.936309;X=0.680208 Y=0.472222;X=-0.125000 Y=0.125000;1;0
p3d:p3d_caustic-view0;3.953075;X=0.668750 Y=0.475926;X=-0.125000 Y=0.125000;1;0
p3d:p3d_caustic-view0;3.969725;X=0.659375 Y=0.478704;X=-0.125000 Y=0.125000;1;0
p3d:p3d_caustic-view0;3.986407;X=0.651042 Y=0.482407;X=-0.125000 Y=0.125000;1;0
p3d:p3d_caustic-view0;4.003202;X=0.641667 Y=0.485185;X=-0.125000 Y=0.125000;1;0
p3d:p3d_caustic-view0;4.019829;X=0.634375 Y=0.486111;X=-0.125000 Y=0.125000;1;0
p3d:p3d_caustic-view0;4.036570;X=0.616667 Y=0.487963;X=-0.125000 Y=0.125000;1;0
p3d:p3d_caustic-view0;4.053207;X=0.600000 Y=0.489815;X=-0.125000 Y=0.125000;1;0
p3d:p3d_caustic-view0;4.069986;X=0.575000 Y=0.489815;X=-0.125000 Y=0.125000;1;0
p3d:p3d_caustic-view0;4.086632;X=0.552083 Y=0.490741;X=-0.125000 Y=0.125000;1;0
p3d:p3d_caustic-view0;4.103405;X=0.503125 Y=0.491667;X=-0.125000 Y=0.125000;1;0
p3d:p3d_caustic-view0;4.120005;X=0.450000 Y=0.491667;X=-0.125000 Y=0.125000;1;0
p3d:p3d_caustic-view0;4.136774;X=0.392708 Y=0.491667;X=-0.125000 Y=0.125000;1;0
p3d:p3d_caustic-view0;4.153468;X=0.326042 Y=0.489815;X=-0.125000 Y=0.125000;1;0
p3d:p3d_caustic-view0;4.170147;X=0.264583 Y=0.486111;X=-0.125000 Y=0.125000;1;0
p3d:p3d_caustic-view0;4.186905;X=0.186458 Y=0.482407;X=-0.125000 Y=0.125000;1;0
p3d:p3d_caustic-view0;4.203569;X=0.105208 Y=0.473148;X=-0.125000 Y=0.125000;1;0
p3d:p3d_caustic-view0;4.220273;X=0.010417 Y=0.459259;X=-0.125000 Y=0.125000;1;0
p3d:p3d_caustic-view0;4.236970;X=-0.028125 Y=0.451852;X=-0.125000 Y=0.125000;1;0
p3d:p3d_caustic-view0;4.253636;X=-0.098958 Y=0.438889;X=-0.125000 Y=0.125000;1;0
p3d:p3d_caustic-view0;4.270165;X=-0.165625 Y=0.428704;X=-0.125000 Y=0.125000;1;0
p3d:p3d_caustic-view0;4.287231;X=-0.204167 Y=0.421296;X=-0.125000 Y=0.125000;1;0
p3d:p3d_caustic-view0;4.303802;X=-0.206250 Y=0.419444;X=-0.125000 Y=0.125000;1;0
p3d:p3d_caustic-view0;4.320356;X=-0.206250 Y=0.419444;X=-0.125000 Y=0.125000;1;0
p3d:p3d_caustic-view0;4.337041;X=-0.206250 Y=0.419444;X=-0.125000 Y=0.125000;1;0
p3d:p3d_caustic-view0;4.353729;X=-0.206250 Y=0.419444;X=-0.125000 Y=0.125000;1;0
p3d:p3d_caustic-view0;4.370427;X=-0.206250 Y=0.419444;X=-0.125000 Y=0.125000;1;0
p3d:p3d_caustic-view0;4.387187;X=-0.206250 Y=0.419444;X=-0.125000 Y=0.125000;1;0
p3d:p3d_caustic-view0;4.403937;X=-0.204167 Y=0.419444;X=-0.125000 Y=0.125000;1;0
p3d:p3d_caustic-view0;4.420618;X=-0.187500 Y=0.420370;X=-0.125000 Y=0.125000;1;0
p3d:p3d_caustic-view0;4.437364;X=-0.128125 Y=0.429630;X=-0.125000 Y=0.125000;1;0
p3d:p3d_caustic-view0;4.453966;X=-0.035417 Y=0.446296;X=-0.125000 Y=0.125000;1;0
p3d:p3d_caustic-view0;4.470689;X=0.018750 Y=0.453704;X=-0.125000 Y=0.125000;1;0
p3d:p3d_caustic-view0;4.487298;X=0.201042 Y=0.480556;X=-0.125000 Y=0.125000;1;0
p3d:p3d_caustic-view0;4.503984;X=0.306250 Y=0.492593;X=-0.125000 Y=0.125000;1;0
p3d:p3d_caustic-view0;4.520759;X=0.370833 Y=0.494444;X=-0.125000 Y=0.125000;1;0
p3d:p3d_caustic-view0;4.537481;X=0.403125 Y=0.494444;X=-0.125000 Y=0.125000;1;0
p3d:p3d_caustic-view0;4.554155;X=0.407292 Y=0.494444;X=-0.125000 Y=0.125000;1;0
p3d:p3d_caustic-view0;4.570837;X=0.407292 Y=0.494444;X=-0.125000 Y=0.125000;1;0
p3d:p3d_caustic-view0;4.587519;X=0.407292 Y=0.494444;X=-0.125000 Y=0.125000;1;0
p3d:p3d_caustic-view0;4.604154;X=0.407292 Y=0.494444;X=-0.125000 Y=0.125000;1;0
p3d:p3d_caustic-view0;4.620865;X=0.407292 Y=0.494444;X=-0.125000 Y=0.125000;1;0
p3d:p3d_caustic-view0;4.637632;X=0.407292 Y=0.494444;X=-0.125000 Y=0.125000;1;0
p3d:p3d_caustic-view0;4.654293;X=0.407292 Y=0.494444;X=-0.125000 Y=0.125000;1;0
p3d:p3d_caustic-view0;4.671031;X=0.407292 Y=0.494444;X=-0.125000 Y=0.125000;1;0
p3d:p3d_caustic-view0;4.687740;X=0.407292 Y=0.494444;X=-0.125000 Y=0.125000;1;0
p3d:p3d_caustic-view0;4.704378;X=0.407292 Y=0.494444;X=-0.125000 Y=0.125000;1;0
p3d:p3d_caustic-view0;4.721060;X=0.407292 Y=0.494444;X=-0.125000 Y=0.125000;1;0
p3d:p3d_caustic-view0;4.737761;X=0.407292 Y=0.494444;X=-0.125000 Y=0.125000;1;0
p3d:p3d_caustic-view0;4.754465;X=0.407292 Y=0.494444;X=-0.125000 Y=0.125000;1;0
p3d:p3d_caustic-view0;4.771221;X=0.407292 Y=0.494444;X=-0.125000 Y=0.125000;1;0
p3d:p3d_caustic-view0;4.787857;X=0.407292 Y=0.494444;X=-0.125000 Y=0.125000;1;0
p3d:p3d_caustic-view0;4.804605;X=0.407292 Y=0.494444;X=-0.125000 Y=0.125000;1;0
p3d:p3d_caustic-view0;4.821243;X=0.407292 Y=0.494444;X=-0.125000 Y=0.125000;1;0
p3d:p3d_caustic-view0;4.837972;X=0.407292 Y=0.494444;X=-0.125000 Y=0.125000;1;0
p3d:p3d_caustic-view0;4.854430;X=0.407292 Y=0.494444;X=-0.125000 Y=0.125000;1;0
p3d:p3d_caustic-view0;4.871361;X=0.407292 Y=0.494444;X=-0.125000 Y=0.125000;1;0
p3d:p3d_caustic-view0;4.887985;X=0.407292 Y=0.494444;X=-0.125000 Y=0.125000;1;0
p3d:p3d_caustic-view0;4.904814;X=0.407292 Y=0.494444;X=-0.125000 Y=0.125000;1;0
p3d:p3d_caustic-view0;4.921484;X=0.407292 Y=0.494444;X=-0.125000 Y=0.125000;1;0
p3d:p3d_caustic-view0;4.938185;X=0.407292 Y=0.494444;X=-0.125000 Y=0.125000;1;0
p3d:p3d_caustic-view0;4.954840;X=0.407292 Y=0.494444;X=-0.125000 Y=0.125000;1;0
p3d:p3d_caustic-view0;4.971613;X=0.407292 Y=0.494444;X=-0.125000 Y=0.125000;1;0
p3d:p3d_caustic-view0;4.988221;X=0.407292 Y=0.494444;X=-0.125000 Y=0.125000;1;0
p3d:p3d_caustic-view0;5.167953;X=0.407292 Y=0.494444;X=0.875000 Y=0.875000;250;0
p3d:p3d_caustic-view0;5.168857;X=0.407292 Y=0.494444;X=0.875000 Y=0.875000;250;0
p3d:p3d_caustic-view0;5.181670;X=0.407292 Y=0.494444;X=0.875000 Y=0.875000;250;0
p3d:p3d_caustic-view0;5.195112;X=0.407292 Y=0.494444;X=0.875000 Y=0.875000;250;0
p3d:p3d_caustic-view0;5.208083;X=0.407292 Y=0.494444;X=0.875000 Y=0.875000;250;0
p3d:p3d_caustic-view0;5.222558;X=0.407292 Y=0.494444;X=0.875000 Y=0.875000;250;0
p3d:p3d_caustic-view0;5.238708;X=0.407292 Y=0.494444;X=0.875000 Y=0.875000;250;0
p3d:p3d_caustic-view0;5.255396;X=0.407292 Y=0.494444;X=0.875000 Y=0.875000;250;0
p3d:p3d_caustic-view0;5.272029;X=0.407292 Y=0.494444;X=0.875000 Y=0.875000;250;0
p3d:p3d_caustic-view0;5.288754;X=0.407292 Y=0.494444;X=0.875000 Y=0.875000;250;0
p3d:p3d_caustic-view0;5.305458;X=0.407292 Y=0.494444;X=0.875000 Y=0.875000;250;0
p3d:p3d_caustic-view0;5.322217;X=0.407292 Y=0.494444;X=0.875000 Y=0.875000;250;0
p3d:p3d_caustic-view0;5.338842;X=0.407292 Y=0.494444;X=0.875000 Y=0.875000;250;0
p3d:p3d_caustic-view0;5.355546;X=0.407292 Y=0.494444;X=0.875000 Y=0.875000;250;0
p3d:p3d_caustic-view0;5.372276;X=0.407292 Y=0.494444;X=0.875000 Y=0.875000;250;0
p3d:p3d_caustic-view0;5.388983;X=0.407292 Y=0.494444;X=0.875000 Y=0.875000;250;0
p3d:p3d_caustic-view0;5.405534;X=0.407292 Y=0.494444;X=0.875000 Y=0.875000;250;0
p3d:p3d_caustic-view0;5.422366;X=0.407292 Y=0.494444;X=0.875000 Y=0.875000;250;0
p3d:p3d_caustic-view0;5.439061;X=0.407292 Y=0.494444;X=0.875000 Y=0.875000;250;0
p3d:p3d_caustic-view0;5.455723;X=0.407292 Y=0.494444;X=0.875000 Y=0.875000;250;0
p3d:p3d_caustic-view0;5.472454;X=0.407292 Y=0.494444;X=0.875000 Y=0.875000;250;0
p3d:p3d_caustic-view0;5.489056;X=0.407292 Y=0.494444;X=0.875000 Y=0.875000;250;0
p3d:p3d_caustic-view0;5.505718;X=0.407292 Y=0.494444;X=0.875000 Y=0.875000;250;0
p3d:p3d_caustic-view0;5.522549;X=0.407292 Y=0.494444;X=0.875000 Y=0.875000;250;0
p3d:p3d_caustic-view0;5.539227;X=0.407292 Y=0.494444;X=0.875000 Y=0.875000;250;0
p3d:p3d_caustic-view0;5.555916;X=0.407292 Y=0.494444;X=0.875000 Y=0.875000;250;0
p3d:p3d_caustic-view0;5.572616;X=0.407292 Y=0.494444;X=0.875000 Y=0.875000;250;0
p3d:p3d_caustic-view0;5.589409;X=0.407292 Y=0.494444;X=0.875000 Y=0.875000;250;0
p3d:p3d_caustic-view0;5.605851;X=0.407292 Y=0.494444;X=0.875000 Y=0.875000;250;0
p3d:p3d_caustic-view0;5.622732;X=0.407292 Y=0.494444;X=0.875000 Y=0.875000;250;0
p3d:p3d_caustic-view0;5.639455;X=0.407292 Y=0.494444;X=0.875000 Y=0.875000;250;0
p3d:p3d_caustic-view0;5.656170;X=0.407292 Y=0.494444;X=0.875000 Y=0.875000;250;0
p3d:p3d_caustic-view0;5.672845;X=0.407292 Y=0.494444;X=0.875000 Y=0.875000;250;0
p3d:p3d_caustic-view0;5.689551;X=0.407292 Y=0.494444;X=0.875000 Y=0.875000;250;0
p3d:p3d_caustic-view0;5.706242;X=0.407292 Y=0.494444;X=0.875000 Y=0.875000;250;0
p3d:p3d_caustic-view0;5.722906;X=0.407292 Y=0.494444;X=0.875000 Y=0.875000;250;0
p3d:p3d_caustic-view0;5.739614;X=0.407292 Y=0.494444;X=0.875000 Y=0.875000;250;0
p3d:p3d_caustic-view0;5.756347;X=0.407292 Y=0.494444;X=0.875000 Y=0.875000;250;0
p3d:p3d_caustic-view0;5.773005;X=0.407292 Y=0.494444;X=0.875000 Y=0.875000;250;0
p3d:p3d_caustic-view0;5.789686;X=0.407292 Y=0.494444;X=0.875000 Y=0.875000;250;0
p3d:p3d_caustic-view0;5.806476;X=0.407292 Y=0.494444;X=0.875000 Y=0.875000;250;0
p3d:p3d_caustic-view0;5.823139;X=0.407292 Y=0.494444;X=0.875000 Y=0.875000;250;0
p3d:p3d_caustic-view0;5.839794;X=0.407292 Y=0.494444;X=0.875000 Y=0.875000;250;0
p3d:p3d_caustic-view0;5.856344;X=0.407292 Y=0.494444;X=0.875000 Y=0.875000;250;0
p3d:p3d_caustic-view0;5.873280;X=0.407292 Y=0.494444;X=0.875000 Y=0.875000;250;0
p3d:p3d_caustic-view0;5.889983;X=0.407292 Y=0.494444;X=0.875000 Y=0.875000;250;0
p3d:p3d_caustic-view0;5.906617;X=0.407292 Y=0.494444;X=0.875000 Y=0.875000;250;0
p3d:p3d_caustic-view0;5.923317;X=0.407292 Y=0.494444;X=0.875000 Y=0.875000;250;0
p3d:p3d_caustic-view0;5.939995;X=0.407292 Y=0.494444;X=0.875000 Y=0.875000;250;0
p3d:p3d_caustic-view0;5.956776;X=0.407292 Y=0.494444;X=0.875000 Y=0.875000;250;0
p3d:p3d_caustic-view0;5.973447;X=0.407292 Y=0.494444;X=0.875000 Y=0.875000;250;0
p3d:p3d_caustic-view0;5.990133;X=0.407292 Y=0.494444;X=0.875000 Y=0.875000;250;0
p3d:p3d_caustic-view0;6.006876;X=0.407292 Y=0.494444;X=0.875000 Y=0.875000;250;0
p3d:p3d_caustic-view0;6.023513;X=0.407292 Y=0.494444;X=0.875000 Y=0.875000;250;0
p3d:p3d_caustic-view0;6.040188;X=0.407292 Y=0.494444;X=0.875000 Y=0.875000;250;0
p3d:p3d_caustic-view0;6.056929;X=0.407292 Y=0.494444;X=0.875000 Y=0.875000;250;0
p3d:p3d_caustic-view0;6.073660;X=0.407292 Y=0.494444;X=0.875000 Y=0.875000;250;0
p3d:p3d_caustic-view0;6.090389;X=0.407292 Y=0.494444;X=0.875000 Y=0.875000;250;0
p3d:p3d_caustic-view0;6.107038;X=0.407292 Y=0.494444;X=0.875000 Y=0.875000;250;0
p3d:p3d_caustic-view0;6.123739;X=0.407292 Y=0.494444;X=0.875000 Y=0.875000;250;0
p3d:p3d_caustic-view0;6.140368;X=0.407292 Y=0.494444;X=0.875000 Y=0.875000;250;0
p3d:p3d_caustic-view0;6.157168;X=0.407292 Y=0.494444;X=0.875000 Y=0.875000;250;0
p3d:p3d_caustic-view0;6.173785;X=0.407292 Y=0.494444;X=0.875000 Y=0.875000;250;0
p3d:p3d_caustic-view0;6.190506;X=0.407292 Y=0.494444;X=0.875000 Y=0.875000;250;0
p3d:p3d_caustic-view0;6.207137;X=0.407292 Y=0.494444;X=0.875000 Y=0.875000;250;0
p3d:p3d_caustic-view0;6.223923;X=0.407292 Y=0.494444;X=0.875000 Y=0.875000;250;0
p3d:p3d_caustic-view0;6.240578;X=0.407292 Y=0.494444;X=0.875000 Y=0.875000;250;0
p3d:p3d_caustic-view0;6.257262;X=0.407292 Y=0.494444;X=0.875000 Y=0.875000;250;0
p3d:p3d_caustic-view0;6.274041;X=0.407292 Y=0.494444;X=0.875000 Y=0.875000;250;0
p3d:p3d_caustic-view0;6.290704;X=0.407292 Y=0.494444;X=0.875000 Y=0.875000;250;0
p3d:p3d_caustic-view0;6.307366;X=0.407292 Y=0.494444;X=0.875000 Y=0.875000;250;0
p3d:p3d_caustic-view0;6.324086;X=0.407292 Y=0.494444;X=0.875000 Y=0.875000;250;0
p3d:p3d_caustic-view0;6.340749;X=0.407292 Y=0.494444;X=0.875000 Y=0.875000;250;0
p3d:p3d_caustic-view0;6.357476;X=0.407292 Y=0.494444;X=0.875000 Y=0.875000;250;0
p3d:p3d_caustic-view0;6.373888;X=0.407292 Y=0.494444;X=0.875000 Y=0.875000;250;0
p3d:p3d_caustic-view0;6.391006;X=0.407292 Y=0.494444;X=0.875000 Y=0.875000;250;0
p3d:p3d_caustic-view0;6.407637;X=0.407292 Y=0.494444;X=0.875000 Y=0.875000;250;0
p3d:p3d_caustic-view0;6.424257;X=0.407292 Y=0.494444;X=0.875000 Y=0.875000;250;0
p3d:p3d_caustic-view0;6.440968;X=0.407292 Y=0.494444;X=0.875000 Y=0.875000;250;0
p3d:p3d_caustic-view0;6.457743;X=0.407292 Y=0.494444;X=0.875000 Y=0.875000;250;0
p3d:p3d_caustic-view0;6.474364;X=0.407292 Y=0.494444;X=0.875000 Y=0.875000;250;0
p3d:p3d_caustic-view0;6.490978;X=0.407292 Y=0.494444;X=0.875000 Y=0.875000;250;0
p3d:p3d_caustic-view0;6.507735;X=0.407292 Y=0.494444;X=0.875000 Y=0.875000;250;0
p3d:p3d_caustic-view0;6.524491;X=0.407292 Y=0.494444;X=0.875000 Y=0.875000;250;0
p3d:p3d_caustic-view0;6.541162;X=0.407292 Y=0.494444;X=0.875000 Y=0.875000;250;0
p3d:p3d_caustic-view0;6.557886;X=0.407292 Y=0.494444;X=0.875000 Y=0.875000;250;0
p3d:p3d_caustic-view0;6.574540;X=0.407292 Y=0.494444;X=0.875000 Y=0.875000;250;0
p3d:p3d_caustic-view0;6.591298;X=0.407292 Y=0.494444;X=0.875000 Y=0.875000;250;0
p3d:p3d_caustic-view0;6.607920;X=0.407292 Y=0.494444;X=0.875000 Y=0.875000;250;0
p3d:p3d_caustic-view0;6.624640;X=0.407292 Y=0.494444;X=0.875000 Y=0.875000;250;0
p3d:p3d_caustic-view0;6.641366;X=0.407292 Y=0.494444;X=0.875000 Y=0.875000;250;0
p3d:p3d_caustic-view0;6.658060;X=0.407292 Y=0.494444;X=0.875000 Y=0.875000;250;0
p3d:p3d_caustic-view0;6.674747;X=0.407292 Y=0.494444;X=0.875000 Y=0.875000;250;0
p3d:p3d_caustic-view0;6.691493;X=0.407292 Y=0.494444;X=0.875000 Y=0.875000;250;0
p3d:p3d_caustic-view0;6.708125;X=0.407292 Y=0.494444;X=0.875000 Y=0.875000;250;0
p3d:p3d_caustic-view0;6.724877;X=0.407292 Y=0.494444;X=0.875000 Y=0.875000;250;0
p3d:p3d_caustic-view0;6.741582;X=0.407292 Y=0.494444;X=0.875000 Y=0.875000;250;0
p3d:p3d_caustic-view0;6.758266;X=0.407292 Y=0.494444;X=0.875000 Y=0.875000;250;0
p3d:p3d_caustic-view0;6.775067;X=0.407292 Y=0.494444;X=0.875000 Y=0.875000;250;0
p3d:p3d_caustic-view0;6.791709;X=0.407292 Y=0.494444;X=0.875000 Y=0.875000;250;0
p3d:p3d_caustic-view0;6.808298;X=0.407292 Y=0.494444;X=0.875000 Y=0.875000;250;0
p3d:p3d_caustic-view0;6.825112;X=0.407292 Y=0.494444;X=0.875000 Y=0.875000;250;0
p3d:p3d_caustic-view0;6.841782;X=0.407292 Y=0.494444;X=0.875000 Y=0.875000;250;0
p3d:p3d_caustic-view0;6.858469;X=0.407292 Y=0.494444;X=0.875000 Y=0.875000;250;0
p3d:p3d_caustic-view0;6.875115;X=0.407292 Y=0.494444;X=0.875000 Y=0.875000;250;0
p3d:p3d_caustic-view0;6.891808;X=0.407292 Y=0.494444;X=0.875000 Y=0.875000;250;0
p3d:p3d_caustic-view0;6.908583;X=0.407292 Y=0.494444;X=0.875000 Y=0.875000;250;0
p3d:p3d_caustic-view0;6.925266;X=0.407292 Y=0.494444;X=0.875000 Y=0.875000;250;0
p3d:p3d_caustic-view0;6.941948;X=0.407292 Y=0.494444;X=0.875000 Y=0.875000;250;0
p3d:p3d_caustic-view0;6.958703;X=0.407292 Y=0.494444;X=0.875000 Y=0.875000;250;0
p3d:p3d_caustic-view0;6.975307;X=0.407292 Y=0.494444;X=0.875000 Y=0.875000;250;0
p3d:p3d_caustic-view0;6.992028;X=0.407292 Y=0.494444;X=0.875000 Y=0.875000;250;0
p3d:p3d_caustic-view0;7.008781;X=0.407292 Y=0.494444;X=0.875000 Y=0.875000;250;0
p3d:p3d_caustic-view0;7.025433;X=0.407292 Y=0.494444;X=0.875000 Y=0.875000;250;0
p3d:p3d_caustic-view0;7.042098;X=0.407292 Y=0.494444;X=0.875000 Y=0.875000;250;0
p3d:p3d_caustic-view0;7.058936;X=0.407292 Y=0.494444;X=0.875000 Y=0.875000;250;0
p3d:p3d_caustic-view0;7.075545;X=0.407292 Y=0.494444;X=0.875000 Y=0.875000;250;0
p3d:p3d_caustic-view0;7.092285;X=0.407292 Y=0.494444;X=0.875000 Y=0.875000;250;0
p3d:p3d_caustic-view0;7.108979;X=0.407292 Y=0.494444;X=0.875000 Y=0.875000;250;0
p3d:p3d_caustic-view0;7.125697;X=0.407292 Y=0.494444;X=0.875000 Y=0.875000;250;0
p3d:p3d_caustic-view0;7.142306;X=0.407292 Y=0.494444;X=0.875000 Y=0.875000;250;0
p3d:p3d_caustic-view0;7.159144;X=0.407292 Y=0.494444;X=0.875000 Y=0.875000;250;0
p3d:p3d_caustic-view0;7.175767;X=0.407292 Y=0.494444;X=0.875000 Y=0.875000;250;0
p3d:p3d_caustic-view0;7.192483;X=0.407292 Y=0.494444;X=0.875000 Y=0.875000;250;0
p3d:p3d_caustic-view0;7.209219;X=0.407292 Y=0.494444;X=0.875000 Y=0.875000;250;0
p3d:p3d_caustic-view0;7.225947;X=0.407292 Y=0.494444;X=0.875000 Y=0.875000;250;0
p3d:p3d_caustic-view0;7.242500;X=0.407292 Y=0.494444;X=0.875000 Y=0.875000;250;0
p3d:p3d_caustic-view0;7.259223;X=0.407292 Y=0.494444;X=0.875000 Y=0.875000;250;0
p3d:p3d_caustic-view0;7.275880;X=0.407292 Y=0.494444;X=0.875000 Y=0.875000;250;0
p3d:p3d_caustic-view0;7.292662;X=0.407292 Y=0.494444;X=0.875000 Y=0.875000;250;0
p3d:p3d_caustic-view0;7.309380;X=0.407292 Y=0.494444;X=0.875000 Y=0.875000;250;0
p3d:p3d_caustic-view0;7.326108;X=0.407292 Y=0.494444;X=0.875000 Y=0.875000;250;0
p3d:p3d_caustic-view0;7.342748;X=0.407292 Y=0.494444;X=0.875000 Y=0.875000;250;0
p3d:p3d_caustic-view0;7.359475;X=0.407292 Y=0.494444;X=0.875000 Y=0.875000;250;0
p3d:p3d_caustic-view0;7.376125;X=0.407292 Y=0.494444;X=0.875000 Y=0.875000;250;0
p3d:p3d_caustic-view0;7.392839;X=0.407292 Y=0.494444;X=0.875000 Y=0.875000;250;0
p3d:p3d_caustic-view0;7.409585;X=0.407292 Y=0.494444;X=0.875000 Y=0.875000;250;0
p3d:p3d_caustic-view0;7.426313;X=0.407292 Y=0.494444;X=0.875000 Y=0.875000;250;0
p3d:p3d_caustic-view0;7.443034;X=0.407292 Y=0.494444;X=0.875000 Y=0.875000;250;0
p3d:p3d_caustic-view0;7.459737;X=0.407292 Y=0.494444;X=0.875000 Y=0.875000;250;0
p3d:p3d_caustic-view0;7.476381;X=0.407292 Y=0.494444;X=0.875000 Y=0.875000;250;0
p3d:p3d_caustic-view0;7.493072;X=0.407292 Y=0.494444;X=0.875000 Y=0.875000;250;0
p3d:p3d_caustic-view0;7.509791;X=0.407292 Y=0.494444;X=0.875000 Y=0.875000;250;0
p3d:p3d_caustic-view0;7.526506;X=0.407292 Y=0.494444;X=0.875000 Y=0.875000;250;0
p3d:p3d_caustic-view0;7.543129;X=0.407292 Y=0.494444;X=0.875000 Y=0.875000;250;0
p3d:p3d_caustic-view0;7.559848;X=0.407292 Y=0.494444;X=0.875000 Y=0.875000;250;0
p3d:p3d_caustic-view0;7.576348;X=0.407292 Y=0.494444;X=0.875000 Y=0.875000;250;0
p3d:p3d_caustic-view0;7.593317;X=0.407292 Y=0.494444;X=0.875000 Y=0.875000;250;0
p3d:p3d_caustic-view0;7.609978;X=0.407292 Y=0.494444;X=0.875000 Y=0.875000;250;0
p3d:p3d_caustic-view0;7.626702;X=0.407292 Y=0.494444;X=0.875000 Y=0.875000;250;0
p3d:p3d_caustic-view0;7.643294;X=0.407292 Y=0.494444;X=0.875000 Y=0.875000;250;0
p3d:p3d_caustic-view0;7.660017;X=0.407292 Y=0.494444;X=0.875000 Y=0.875000;250;0
p3d:p3d_caustic-view0;7.676715;X=0.407292 Y=0.494444;X=0.875000 Y=0.875000;250;0
p3d:p3d_caustic-view0;7.693489;X=0.407292 Y=0.494444;X=0.875000 Y=0.875000;250;0
p3d:p3d_caustic-view0;7.710118;X=0.407292 Y=0.494444;X=0.875000 Y=0.875000;250;0
p3d:p3d_caustic-view0;7.726937;X=0.407292 Y=0.494444;X=0.875000 Y=0.875000;250;0
p3d:p3d_caustic-view0;7.743487;X=0.407292 Y=0.494444;X=0.875000 Y=0.875000;250;0
p3d:p3d_caustic-view0;7.760306;X=0.407292 Y=0.494444;X=0.875000 Y=0.875000;250;0
p3d:p3d_caustic-view0;7.776924;X=0.407292 Y=0.494444;X=0.875000 Y=0.875000;250;0
p3d:p3d_caustic-view0;7.793653;X=0.407292 Y=0.494444;X=0.875000 Y=0.875000;250;0
p3d:p3d_caustic-view0;7.810386;X=0.407292 Y=0.494444;X=0.875000 Y=0.875000;250;0
p3d:p3d_caustic-view0;7.827089;X=0.407292 Y=0.494444;X=0.875000 Y=0.875000;250;0
p3d:p3d_caustic-view0;7.843713;X=0.407292 Y=0.494444;X=0.875000 Y=0.875000;250;0
p3d:p3d_caustic-view0;7.860439;X=0.407292 Y=0.494444;X=0.875000 Y=0.875000;250;0
p3d:p3d_caustic-view0;7.877112;X=0.407292 Y=0.494444;X=0.875000 Y=0.875000;250;0
p3d:p3d_caustic-view0;7.893910;X=0.407292 Y=0.494444;X=0.875000 Y=0.875000;250;0
p3d:p3d_caustic-view0;7.910525;X=0.407292 Y=0.494444;X=0.875000 Y=0.875000;250;0
p3d:p3d_caustic-view0;7.927301;X=0.407292 Y=0.494444;X=0.875000 Y=0.875000;250;0
p3d:p3d_caustic-view0;7.943861;X=0.407292 Y=0.494444;X=0.875000 Y=0.875000;250;0
p3d:p3d_caustic-view0;7.960685;X=0.407292 Y=0.494444;X=0.875000 Y=0.875000;250;0
p3d:p3d_caustic-view0;7.977319;X=0.407292 Y=0.494444;X=0.875000 Y=0.875000;250;0
p3d:p3d_caustic-view0;7.994045;X=0.407292 Y=0.494444;X=0.875000 Y=0.875000;250;0
p3d:p3d_caustic-view0;8.010708;X=0.407292 Y=0.494444;X=0.875000 Y=0.875000;250;0
p3d:p3d_caustic-view0;8.027431;X=0.407292 Y=0.494444;X=0.875000 Y=0.875000;250;0
p3d:p3d_caustic-view0;8.044053;X=0.407292 Y=0.494444;X=0.875000 Y=0.875000;250;0
p3d:p3d_caustic-view0;8.060819;X=0.407292 Y=0.494444;X=0.875000 Y=0.875000;250;0
p3d:p3d_caustic-view0;8.077525;X=0.407292 Y=0.494444;X=0.875000 Y=0.875000;250;0
p3d:p3d_caustic-view0;8.094296;X=0.407292 Y=0.494444;X=0.875000 Y=0.875000;250;0
p3d:p3d_caustic-view0;8.110959;X=0.407292 Y=0.494444;X=0.875000 Y=0.875000;250;0
p3d:p3d_caustic-view0;8.127666;X=0.407292 Y=0.494444;X=0.875000 Y=0.875000;250;0
p3d:p3d_caustic-view0;8.144283;X=0.407292 Y=0.494444;X=0.875000 Y=0.875000;250;0
p3d:p3d_caustic-view0;8.161029;X=0.407292 Y=0.494444;X=0.875000 Y=0.875000;250;0
p3d:p3d_caustic-view0;8.177715;X=0.407292 Y=0.494444;X=0.875000 Y=0.875000;250;0
p3d:p3d_caustic-view0;8.194445;X=0.407292 Y=0.494444;X=0.875000 Y=0.875000;250;0
p3d:p3d_caustic-view0;8.211183;X=0.407292 Y=0.494444;X=0.875000 Y=0.875000;250;0
p3d:p3d_caustic-view0;8.227818;X=0.407292 Y=0.494444;X=0.875000 Y=0.875000;250;0
p3d:p3d_caustic-view0;8.244518;X=0.407292 Y=0.494444;X=0.875000 Y=0.875000;250;0
p3d:p3d_caustic-view0;8.261150;X=0.407292 Y=0.494444;X=0.875000 Y=0.875000;250;0
p3d:p3d_caustic-view0;8.277928;X=0.407292 Y=0.494444;X=0.875000 Y=0.875000;250;0
p3d:p3d_caustic-view0;8.294635;X=0.407292 Y=0.494444;X=0.875000 Y=0.875000;250;0
p3d:p3d_caustic-view0;8.311269;X=0.407292 Y=0.494444;X=0.875000 Y=0.875000;250;0
p3d:p3d_caustic-view0;8.328043;X=0.407292 Y=0.494444;X=0.875000 Y=0.875000;250;0
p3d:p3d_caustic-view0;8.344675;X=0.407292 Y=0.494444;X=0.875000 Y=0.875000;250;0
p3d:p3d_caustic-view0;8.361400;X=0.407292 Y=0.494444;X=0.875000 Y=0.875000;250;0
p3d:p3d_caustic-view0;8.378134;X=0.407292 Y=0.494444;X=0.875000 Y=0.875000;250;0
p3d:p3d_caustic-view0;8.394892;X=0.407292 Y=0.494444;X=0.875000 Y=0.875000;250;0
p3d:p3d_caustic-view0;8.411528;X=0.407292 Y=0.494444;X=0.875000 Y=0.875000;250;0
p3d:p3d_caustic-view0;8.428184;X=0.407292 Y=0.494444;X=0.875000 Y=0.875000;250;0
p3d:p3d_caustic-view0;8.444866;X=0.407292 Y=0.494444;X=0.875000 Y=0.875000;250;0
p3d:p3d_caustic-view0;8.461649;X=0.407292 Y=0.494444;X=0.875000 Y=0.875000;250;0
p3d:p3d_caustic-view0;8.478291;X=0.407292 Y=0.494444;X=0.875000 Y=0.875000;250;0
p3d:p3d_caustic-view0;8.495016;X=0.407292 Y=0.494444;X=0.875000 Y=0.875000;250;0
p3d:p3d_caustic-view0;8.511762;X=0.407292 Y=0.494444;X=0.875000 Y=0.875000;250;0
p3d:p3d_caustic-view0;8.528457;X=0.407292 Y=0.494444;X=0.875000 Y=0.875000;250;0
p3d:p3d_caustic-view0;8.545003;X=0.407292 Y=0.494444;X=0.875000 Y=0.875000;250;0
p3d:p3d_caustic-view0;8.561791;X=0.407292 Y=0.494444;X=0.875000 Y=0.875000;250;0
p3d:p3d_caustic-view0;8.578448;X=0.407292 Y=0.494444;X=0.875000 Y=0.875000;250;0
p3d:p3d_caustic-view0;8.595181;X=0.407292 Y=0.494444;X=0.875000 Y=0.875000;250;0
p3d:p3d_caustic-view0;8.611869;X=0.407292 Y=0.494444;X=0.875000 Y=0.875000;250;0
p3d:p3d_caustic-view0;8.628571;X=0.407292 Y=0.494444;X=0.875000 Y=0.875000;250;0
p3d:p3d_caustic-view0;8.645278;X=0.407292 Y=0.494444;X=0.875000 Y=0.875000;250;0
p3d:p3d_caustic-view0;8.662032;X=0.407292 Y=0.494444;X=0.875000 Y=0.875000;250;0
p3d:p3d_caustic-view0;8.678647;X=0.407292 Y=0.494444;X=0.875000 Y=0.875000;250;0
p3d:p3d_caustic-view0;8.695060;X=0.407292 Y=0.494444;X=0.875000 Y=0.875000;250;0
p3d:p3d_caustic-view0;8.712110;X=0.407292 Y=0.494444;X=0.875000 Y=0.875000;250;0
p3d:p3d_caustic-view0;8.728806;X=0.407292 Y=0.494444;X=0.875000 Y=0.875000;250;0
p3d:p3d_caustic-view0;8.745427;X=0.407292 Y=0.494444;X=0.875000 Y=0.875000;250;0
p3d:p3d_caustic-view0;8.762192;X=0.407292 Y=0.494444;X=0.875000 Y=0.875000;250;0
p3d:p3d_caustic-view0;8.778801;X=0.407292 Y=0.494444;X=0.875000 Y=0.875000;250;0
p3d:p3d_caustic-view0;8.795641;X=0.407292 Y=0.494444;X=0.875000 Y=0.875000;250;0
p3d:p3d_caustic-view0;8.812258;X=0.407292 Y=0.494444;X=0.875000 Y=0.875000;250;0
p3d:p3d_caustic-view0;8.828991;X=0.407292 Y=0.494444;X=0.875000 Y=0.875000;250;0
p3d:p3d_caustic-view0;8.845640;X=0.407292 Y=0.494444;X=0.875000 Y=0.875000;250;0
p3d:p3d_caustic-view0;8.862376;X=0.407292 Y=0.494444;X=0.875000 Y=0.875000;250;0
p3d:p3d_caustic-view0;8.878937;X=0.407292 Y=0.494444;X=0.875000 Y=0.875000;250;0
p3d:p3d_caustic-view0;8.895793;X=0.407292 Y=0.494444;X=0.875000 Y=0.875000;250;0
p3d:p3d_caustic-view0;8.912438;X=0.407292 Y=0.494444;X=0.875000 Y=0.875000;250;0
p3d:p3d_caustic-view0;8.929140;X=0.407292 Y=0.494444;X=0.875000 Y=0.875000;250;0
p3d:p3d_caustic-view0;8.945735;X=0.407292 Y=0.494444;X=0.875000 Y=0.875000;250;0
p3d:p3d_caustic-view0;8.962564;X=0.407292 Y=0.494444;X=0.875000 Y=0.875000;250;0
p3d:p3d_caustic-view0;8.979260;X=0.407292 Y=0.494444;X=0.875000 Y=0.875000;250;0
p3d:p3d_caustic-view0;8.995913;X=0.407292 Y=0.494444;X=0.875000 Y=0.875000;250;0
p3d:p3d_caustic-view0;9.012660;X=0.407292 Y=0.494444;X=0.875000 Y=0.875000;250;0
p3d:p3d_caustic-view0;9.029407;X=0.407292 Y=0.494444;X=0.875000 Y=0.875000;250;0
p3d:p3d_caustic-view0;9.045993;X=0.407292 Y=0.494444;X=0.875000 Y=0.875000;250;0
p3d:p3d_caustic-view0;9.062809;X=0.407292 Y=0.494444;X=0.875000 Y=0.875000;250;0
p3d:p3d_caustic-view0;9.079454;X=0.407292 Y=0.494444;X=0.875000 Y=0.875000;250;0
p3d:p3d_caustic-view0;9.096175;X=0.407292 Y=0.494444;X=0.875000 Y=0.875000;250;0
p3d:p3d_caustic-view0;9.112854;X=0.407292 Y=0.494444;X=0.875000 Y=0.875000;250;0
p3d:p3d_caustic-view0;9.129550;X=0.407292 Y=0.494444;X=0.875000 Y=0.875000;250;0
p3d:p3d_caustic-view0;9.146181;X=0.407292 Y=0.494444;X=0.875000 Y=0.875000;250;0
p3d:p3d_caustic-view0;9.162995;X=0.407292 Y=0.494444;X=0.875000 Y=0.875000;250;0
p3d:p3d_caustic-view0;9.179642;X=0.407292 Y=0.494444;X=0.875000 Y=0.875000;250;0
p3d:p3d_caustic-view0;9.196345;X=0.407292 Y=0.494444;X=0.875000 Y=0.875000;250;0
p3d:p3d_caustic-view0;9.213028;X=0.407292 Y=0.494444;X=0.875000 Y=0.875000;250;0
p3d:p3d_caustic-view0;9.229788;X=0.407292 Y=0.494444;X=0.875000 Y=0.875000;250;0
p3d:p3d_caustic-view0;9.246408;X=0.407292 Y=0.494444;X=0.875000 Y=0.875000;250;0
p3d:p3d_caustic-view0;9.263042;X=0.407292 Y=0.494444;X=0.875000 Y=0.875000;250;0
p3d:p3d_caustic-view0;9.279805;X=0.407292 Y=0.494444;X=0.875000 Y=0.875000;250;0
p3d:p3d_caustic-view0;9.296517;X=0.407292 Y=0.494444;X=0.875000 Y=0.875000;250;0
p3d:p3d_caustic-view0;9.313272;X=0.407292 Y=0.494444;X=0.875000 Y=0.875000;250;0
p3d:p3d_caustic-view0;9.329981;X=0.407292 Y=0.494444;X=0.875000 Y=0.875000;250;0
p3d:p3d_caustic-view0;9.346543;X=0.407292 Y=0.494444;X=0.875000 Y=0.875000;250;0
p3d:p3d_caustic-view0;9.363278;X=0.407292 Y=0.494444;X=0.875000 Y=0.875000;250;0
p3d:p3d_caustic-view0;9.379978;X=0.407292 Y=0.494444;X=0.875000 Y=0.875000;250;0
p3d:p3d_caustic-view0;9.396761;X=0.407292 Y=0.494444;X=0.875000 Y=0.875000;250;0
p3d:p3d_caustic-view0;9.413413;X=0.407292 Y=0.494444;X=0.875000 Y=0.875000;250;0
p3d:p3d_caustic-view0;9.430116;X=0.407292 Y=0.494444;X=0.875000 Y=0.875000;250;0
p3d:p3d_caustic-view0;9.446784;X=0.407292 Y=0.494444;X=0.875000 Y=0.875000;250;0
p3d:p3d_caustic-view0;9.463586;X=0.407292 Y=0.494444;X=0.875000 Y=0.875000;250;0
p3d:p3d_caustic-view0;9.480182;X=0.407292 Y=0.494444;X=0.875000 Y=0.875000;250;0
p3d:p3d_caustic-view0;9.496955;X=0.407292 Y=0.494444;X=0.875000 Y=0.875000;250;0
p3d:p3d_caustic-view0;9.513674;X=0.407292 Y=0.494444;X=0.875000 Y=0.875000;250;0
p3d:p3d_caustic-view0;9.530351;X=0.407292 Y=0.494444;X=0.875000 Y=0.875000;250;0
p3d:p3d_caustic-view0;9.547025;X=0.407292 Y=0.494444;X=0.875000 Y=0.875000;250;0
p3d:p3d_caustic-view0;9.563788;X=0.407292 Y=0.494444;X=0.875000 Y=0.875000;250;0
p3d:p3d_caustic-view0;9.580460;X=0.407292 Y=0.494444;X=0.875000 Y=0.875000;250;0
p3d:p3d_caustic-view0;9.597183;X=0.407292 Y=0.494444;X=0.875000 Y=0.875000;250;0
p3d:p3d_caustic-view0;9.613794;X=0.407292 Y=0.494444;X=0.875000 Y=0.875000;250;0
p3d:p3d_caustic-view0;9.630541;X=0.407292 Y=0.494444;X=0.875000 Y=0.875000;250;0
p3d:p3d_caustic-view0;9.647239;X=0.407292 Y=0.494444;X=0.875000 Y=0.875000;250;0
p3d:p3d_caustic-view0;9.663832;X=0.407292 Y=0.494444;X=0.875000 Y=0.875000;250;0
p3d:p3d_caustic-view0;9.680574;X=0.407292 Y=0.494444;X=0.875000 Y=0.875000;250;0
p3d:p3d_caustic-view0;9.697385;X=0.407292 Y=0.494444;X=0.875000 Y=0.875000;250;0
p3d:p3d_caustic-view0;9.713995;X=0.407292 Y=0.494444;X=0.875000 Y=0.875000;250;0
p3d:p3d_caustic-view0;9.730706;X=0.407292 Y=0.494444;X=0.875000 Y=0.875000;250;0
p3d:p3d_caustic-view0;9.747371;X=0.407292 Y=0.494444;X=0.875000 Y=0.875000;250;0
p3d:p3d_caustic-view0;9.764079;X=0.407292 Y=0.494444;X=0.875000 Y=0.875000;250;0
p3d:p3d_caustic-view0;9.780852;X=0.407292 Y=0.494444;X=0.875000 Y=0.875000;250;0
p3d:p3d_caustic-view0;9.797539;X=0.407292 Y=0.494444;X=0.875000 Y=0.875000;250;0
p3d:p3d_caustic-view0;9.814198;X=0.407292 Y=0.494444;X=0.875000 Y=0.875000;250;0
p3d:p3d_caustic-view0;9.831009;X=0.407292 Y=0.494444;X=0.875000 Y=0.875000;250;0
p3d:p3d_caustic-view0;9.847520;X=0.407292 Y=0.494444;X=0.875000 Y=0.875000;250;0
p3d:p3d_caustic-view0;9.864155;X=0.407292 Y=0.494444;X=0.875000 Y=0.875000;250;0
p3d:p3d_caustic-view0;9.880891;X=0.407292 Y=0.494444;X=0.875000 Y=0.875000;250;0
p3d:p3d_caustic-view0;9.897673;X=0.407292 Y=0.494444;X=0.875000 Y=0.875000;250;0
p3d:p3d_caustic-view0;9.914392;X=0.407292 Y=0.494444;X=0.875000 Y=0.875000;250;0
p3d:p3d_caustic-view0;9.931087;X=0.407292 Y=0.494444;X=0.875000 Y=0.875000;250;0
p3d:p3d_caustic-view0;9.947793;X=0.407292 Y=0.494444;X=0.875000 Y=0.875000;250;0
p3d:p3d_caustic-view0;9.964455;X=0.407292 Y=0.494444;X=0.875000 Y=0.875000;250;0
p3d:p3d_caustic-view0;9.981139;X=0.407292 Y=0.494444;X=0.875000 Y=0.875000;250;0
p3d:p3d_caustic-view0;9.997862;X=0.407292 Y=0.494444;X=0.875000 Y=0.875000;250;0
p3d:p3d_caustic-view0;10.174515;X=0.407292 Y=0.494444;X=0.125000 Y=0.625000;250;0
p3d:p3d_caustic-view0;10.175249;X=0.407292 Y=0.494444;X=0.125000 Y=0.625000;250;0
p3d:p3d_caustic-view0;10.187959;X=0.407292 Y=0.494444;X=0.125000 Y=0.625000;250;0
p3d:p3d_caustic-view0;10.200922;X=0.407292 Y=0.494444;X=0.125000 Y=0.625000;250;0
p3d:p3d_caustic-view0;10.215258;X=0.407292 Y=0.494444;X=0.125000 Y=0.625000;250;0
p3d:p3d_caustic-view0;10.232122;X=0.407292 Y=0.494444;X=0.125000 Y=0.625000;250;0
p3d:p3d_caustic-view0;10.248314;X=0.407292 Y=0.494444;X=0.125000 Y=0.625000;250;0
p3d:p3d_caustic-view0;10.264957;X=0.407292 Y=0.494444;X=0.125000 Y=0.625000;250;0
p3d:p3d_caustic-view0;10.281724;X=0.407292 Y=0.494444;X=0.125000 Y=0.625000;250;0
p3d:p3d_caustic-view0;10.298453;X=0.407292 Y=0.494444;X=0.125000 Y=0.625000;250;0
p3d:p3d_caustic-view0;10.315114;X=0.407292 Y=0.494444;X=0.125000 Y=0.625000;250;0
p3d:p3d_caustic-view0;10.331823;X=0.407292 Y=0.494444;X=0.125000 Y=0.625000;250;0
p3d:p3d_caustic-view0;10.348501;X=0.407292 Y=0.494444;X=0.125000 Y=0.625000;250;0
p3d:p3d_caustic-view0;10.365282;X=0.407292 Y=0.494444;X=0.125000 Y=0.625000;250;0
p3d:p3d_caustic-view0;10.381907;X=0.407292 Y=0.494444;X=0.125000 Y=0.625000;250;0
p3d:p3d_caustic-view0;10.398648;X=0.407292 Y=0.494444;X=0.125000 Y=0.625000;250;0
p3d:p3d_caustic-view0;10.415286;X=0.407292 Y=0.494444;X=0.125000 Y=0.625000;250;0
p3d:p3d_caustic-view0;10.431999;X=0.407292 Y=0.494444;X=0.125000 Y=0.625000;250;0
p3d:p3d_caustic-view0;10.448721;X=0.407292 Y=0.494444;X=0.125000 Y=0.625000;250;0
p3d:p3d_caustic-view0;10.465429;X=0.407292 Y=0.494444;X=0.125000 Y=0.625000;250;0
p3d:p3d_caustic-view0;10.482154;X=0.407292 Y=0.494444;X=0.125000 Y=0.625000;250;0
p3d:p3d_caustic-view0;10.498796;X=0.407292 Y=0.494444;X=0.125000 Y=0.625000;250;0
p3d:p3d_caustic-view0;10.515496;X=0.407292 Y=0.494444;X=0.125000 Y=0.625000;250;0
p3d:p3d_caustic-view0;10.532178;X=0.407292 Y=0.494444;X=0.125000 Y=0.625000;250;0
p3d:p3d_caustic-view0;10.548879;X=0.407292 Y=0.494444;X=0.125000 Y=0.625000;250;0
p3d:p3d_caustic-view0;10.565612;X=0.407292 Y=0.494444;X=0.125000 Y=0.625000;250;0
p3d:p3d_caustic-view0;10.582342;X=0.407292 Y=0.494444;X=0.125000 Y=0.625000;250;0
p3d:p3d_caustic-view0;10.599095;X=0.407292 Y=0.494444;X=0.125000 Y=0.625000;250;0
p3d:p3d_caustic-view0;10.615737;X=0.407292 Y=0.494444;X=0.125000 Y=0.625000;250;0
p3d:p3d_caustic-view0;10.632392;X=0.407292 Y=0.494444;X=0.125000 Y=0.625000;250;0
p3d:p3d_caustic-view0;10.649143;X=0.407292 Y=0.494444;X=0.125000 Y=0.625000;250;0
p3d:p3d_caustic-view0;10.665814;X=0.407292 Y=0.494444;X=0.125000 Y=0.625000;250;0
p3d:p3d_caustic-view0;10.682484;X=0.407292 Y=0.494444;X=0.125000 Y=0.625000;250;0
p3d:p3d_caustic-view0;10.699225;X=0.407292 Y=0.494444;X=0.125000 Y=0.625000;250;0
p3d:p3d_caustic-view0;10.715769;X=0.407292 Y=0.494444;X=0.125000 Y=0.625000;250;0
p3d:p3d_caustic-view0;10.732628;X=0.407292 Y=0.494444;X=0.125000 Y=0.625000;250;0
p3d:p3d_caustic-view0;10.749282;X=0.407292 Y=0.494444;X=0.125000 Y=0.625000;250;0
p3d:p3d_caustic-view0;10.766024;X=0.407292 Y=0.494444;X=0.125000 Y=0.625000;250;0
p3d:p3d_caustic-view0;10.782726;X=0.407292 Y=0.494444;X=0.125000 Y=0.625000;250;0
p3d:p3d_caustic-view0;10.799379;X=0.407292 Y=0.494444;X=0.125000 Y=0.625000;250;0
p3d:p3d_caustic-view0;10.816031;X=0.407292 Y=0.494444;X=0.125000 Y=0.625000;250;0
p3d:p3d_caustic-view0;10.832790;X=0.407292 Y=0.494444;X=0.125000 Y=0.625000;250;0
p3d:p3d_caustic-view0;10.849277;X=0.407292 Y=0.494444;X=0.125000 Y=0.625000;250;0
p3d:p3d_caustic-view0;10.866178;X=0.407292 Y=0.494444;X=0.125000 Y=0.625000;250;0
p3d:p3d_caustic-view0;10.882918;X=0.407292 Y=0.494444;X=0.125000 Y=0.625000;250;0
p3d:p3d_caustic-view0;10.899547;X=0.407292 Y=0.494444;X=0.125000 Y=0.625000;250;0
p3d:p3d_caustic-view0;10.916251;X=0.407292 Y=0.494444;X=0.125000 Y=0.625000;250;0
p3d:p3d_caustic-view0;10.932968;X=0.407292 Y=0.494444;X=0.125000 Y=0.625000;250;0
p3d:p3d_caustic-view0;10.949719;X=0.407292 Y=0.494444;X=0.125000 Y=0.625000;250;0
p3d:p3d_caustic-view0;10.966375;X=0.407292 Y=0.494444;X=0.125000 Y=0.625000;250;0
p3d:p3d_caustic-view0;10.983064;X=0.407292 Y=0.494444;X=0.125000 Y=0.625000;250;0
p3d:p3d_caustic-view0;10.999817;X=0.407292 Y=0.494444;X=0.125000 Y=0.625000;250;0
p3d:p3d_caustic-view0;11.016502;X=0.407292 Y=0.494444;X=0.125000 Y=0.625000;250;0
p3d:p3d_caustic-view0;11.033171;X=0.407292 Y=0.494444;X=0.125000 Y=0.625000;250;0
p3d:p3d_caustic-view0;11.049879;X=0.407292 Y=0.494444;X=0.125000 Y=0.625000;250;0
p3d:p3d_caustic-view0;11.066621;X=0.407292 Y=0.494444;X=0.125000 Y=0.625000;250;0
p3d:p3d_caustic-view0;11.083227;X=0.407292 Y=0.494444;X=0.125000 Y=0.625000;250;0
p3d:p3d_caustic-view0;11.099965;X=0.407292 Y=0.494444;X=0.125000 Y=0.625000;250;0
p3d:p3d_caustic-view0;11.116656;X=0.407292 Y=0.494444;X=0.125000 Y=0.625000;250;0
p3d:p3d_caustic-view0;11.133339;X=0.407292 Y=0.494444;X=0.125000 Y=0.625000;250;0
p3d:p3d_caustic-view0;11.150029;X=0.407292 Y=0.494444;X=0.125000 Y=0.625000;250;0
p3d:p3d_caustic-view0;11.166814;X=0.407292 Y=0.494444;X=0.125000 Y=0.625000;250;0
p3d:p3d_caustic-view0;11.183454;X=0.407292 Y=0.494444;X=0.125000 Y=0.625000;250;0
p3d:p3d_caustic-view0;11.200141;X=0.407292 Y=0.494444;X=0.125000 Y=0.625000;250;0
p3d:p3d_caustic-view0;11.216895;X=0.407292 Y=0.494444;X=0.125000 Y=0.625000;250;0
p3d:p3d_caustic-view0;11.233554;X=0.407292 Y=0.494444;X=0.125000 Y=0.625000;250;0
p3d:p3d_caustic-view0;11.250244;X=0.407292 Y=0.494444;X=0.125000 Y=0.625000;250;0
p3d:p3d_caustic-view0;11.266809;X=0.407292 Y=0.494444;X=0.125000 Y=0.625000;250;0
p3d:p3d_caustic-view0;11.283658;X=0.407292 Y=0.494444;X=0.125000 Y=0.625000;250;0
p3d:p3d_caustic-view0;11.300324;X=0.407292 Y=0.494444;X=0.125000 Y=0.625000;250;0
p3d:p3d_caustic-view0;11.317005;X=0.407292 Y=0.494444;X=0.125000 Y=0.625000;250;0
p3d:p3d_caustic-view0;11.333724;X=0.407292 Y=0.494444;X=0.125000 Y=0.625000;250;0
p3d:p3d_caustic-view0;11.350420;X=0.407292 Y=0.494444;X=0.125000 Y=0.625000;250;0
p3d:p3d_caustic-view0;11.367133;X=0.407292 Y=0.494444;X=0.125000 Y=0.625000;250;0
p3d:p3d_caustic-view0;11.383778;X=0.407292 Y=0.494444;X=0.125000 Y=0.625000;250;0
p3d:p3d_caustic-view0;11.400577;X=0.407292 Y=0.494444;X=0.125000 Y=0.625000;250;0
p3d:p3d_caustic-view0;11.417065;X=0.407292 Y=0.494444;X=0.125000 Y=0.625000;250;0
p3d:p3d_caustic-view0;11.433936;X=0.407292 Y=0.494444;X=0.125000 Y=0.625000;250;0
p3d:p3d_caustic-view0;11.450652;X=0.407292 Y=0.494444;X=0.125000 Y=0.625000;250;0
p3d:p3d_caustic-view0;11.467267;X=0.407292 Y=0.494444;X=0.125000 Y=0.625000;250;0
p3d:p3d_caustic-view0;11.484003;X=0.407292 Y=0.494444;X=0.125000 Y=0.625000;250;0
p3d:p3d_caustic-view0;11.500718;X=0.407292 Y=0.494444;X=0.125000 Y=0.625000;250;0
p3d:p3d_caustic-view0;11.517314;X=0.407292 Y=0.494444;X=0.125000 Y=0.625000;250;0
p3d:p3d_caustic-view0;11.534164;X=0.407292 Y=0.494444;X=0.125000 Y=0.625000;250;0
p3d:p3d_caustic-view0;11.550788;X=0.407292 Y=0.494444;X=0.125000 Y=0.625000;250;0
p3d:p3d_caustic-view0;11.567474;X=0.407292 Y=0.494444;X=0.125000 Y=0.625000;250;0
p3d:p3d_caustic-view0;11.584169;X=0.407292 Y=0.494444;X=0.125000 Y=0.625000;250;0
p3d:p3d_caustic-view0;11.600942;X=0.407292 Y=0.494444;X=0.125000 Y=0.625000;250;0
p3d:p3d_caustic-view0;11.617631;X=0.407292 Y=0.494444;X=0.125000 Y=0.625000;250;0
p3d:p3d_caustic-view0;11.634378;X=0.407292 Y=0.494444;X=0.125000 Y=0.625000;250;0
p3d:p3d_caustic-view0;11.651027;X=0.407292 Y=0.494444;X=0.125000 Y=0.625000;250;0
p3d:p3d_caustic-view0;11.667717;X=0.407292 Y=0.494444;X=0.125000 Y=0.625000;250;0
p3d:p3d_caustic-view0;11.684388;X=0.407292 Y=0.494444;X=0.125000 Y=0.625000;250;0
p3d:p3d_caustic-view0;11.701145;X=0.407292 Y=0.494444;X=0.125000 Y=0.625000;250;0
p3d:p3d_caustic-view0;11.717790;X=0.407292 Y=0.494444;X=0.125000 Y=0.625000;250;0
p3d:p3d_caustic-view0;11.734518;X=0.407292 Y=0.494444;X=0.125000 Y=0.625000;250;0
p3d:p3d_caustic-view0;11.751133;X=0.407292 Y=0.494444;X=0.125000 Y=0.625000;250;0
p3d:p3d_caustic-view0;11.767798;X=0.407292 Y=0.494444;X=0.125000 Y=0.625000;250;0
p3d:p3d_caustic-view0;11.784624;X=0.407292 Y=0.494444;X=0.125000 Y=0.625000;250;0
