Wed Jul  7 16:47:10 2021

p3d:p3d_caustic-view0;0.928921;X=-0.375000 Y=0.125000;X=0.000000 Y=0.000000;1;0
p3d:p3d_caustic-view0;0.942153;X=-0.375000 Y=0.125000;X=0.000000 Y=0.000000;1;0
p3d:p3d_caustic-view0;0.967057;X=-0.375000 Y=0.125000;X=0.000000 Y=0.000000;1;0
p3d:p3d_caustic-view0;0.980263;X=-0.375000 Y=0.125000;X=0.000000 Y=0.000000;1;0
p3d:p3d_caustic-view0;0.993361;X=-0.375000 Y=0.125000;X=0.000000 Y=0.000000;1;0
p3d:p3d_caustic-view0;1.008944;X=-0.375000 Y=0.125000;X=0.000000 Y=0.000000;1;0
p3d:p3d_caustic-view0;1.025530;X=-0.375000 Y=0.125000;X=0.000000 Y=0.000000;1;0
p3d:p3d_caustic-view0;1.041998;X=-0.375000 Y=0.125000;X=0.000000 Y=0.000000;1;0
p3d:p3d_caustic-view0;1.058701;X=-0.375000 Y=0.125000;X=0.000000 Y=0.000000;1;0
p3d:p3d_caustic-view0;1.075386;X=-0.375000 Y=0.125000;X=0.000000 Y=0.000000;1;0
p3d:p3d_caustic-view0;1.092139;X=-0.375000 Y=0.125000;X=0.000000 Y=0.000000;1;0
p3d:p3d_caustic-view0;1.108781;X=-0.375000 Y=0.125000;X=0.000000 Y=0.000000;1;0
p3d:p3d_caustic-view0;1.125482;X=-0.375000 Y=0.125000;X=0.000000 Y=0.000000;1;0
p3d:p3d_caustic-view0;1.142173;X=-0.375000 Y=0.125000;X=0.000000 Y=0.000000;1;0
p3d:p3d_caustic-view0;1.158866;X=-0.375000 Y=0.125000;X=0.000000 Y=0.000000;1;0
p3d:p3d_caustic-view0;1.175607;X=-0.375000 Y=0.125000;X=0.000000 Y=0.000000;1;0
p3d:p3d_caustic-view0;1.247733;X=-0.375000 Y=0.125000;X=0.000000 Y=0.000000;1;0
p3d:p3d_caustic-view0;1.259990;X=-0.375000 Y=0.125000;X=0.000000 Y=0.000000;1;0
p3d:p3d_caustic-view0;1.275737;X=-0.375000 Y=0.125000;X=0.000000 Y=0.000000;1;0
p3d:p3d_caustic-view0;1.292450;X=-0.375000 Y=0.125000;X=0.000000 Y=0.000000;1;0
p3d:p3d_caustic-view0;1.309157;X=-0.375000 Y=0.125000;X=0.000000 Y=0.000000;1;0
p3d:p3d_caustic-view0;1.325826;X=-0.375000 Y=0.125000;X=0.000000 Y=0.000000;1;0
p3d:p3d_caustic-view0;1.342623;X=-0.375000 Y=0.125000;X=0.000000 Y=0.000000;1;0
p3d:p3d_caustic-view0;1.359291;X=-0.375000 Y=0.125000;X=0.000000 Y=0.000000;1;0
p3d:p3d_caustic-view0;1.375998;X=-0.375000 Y=0.125000;X=0.000000 Y=0.000000;1;0
p3d:p3d_caustic-view0;1.392695;X=-0.375000 Y=0.125000;X=0.000000 Y=0.000000;1;0
p3d:p3d_caustic-view0;1.409391;X=-0.375000 Y=0.125000;X=0.000000 Y=0.000000;1;0
p3d:p3d_caustic-view0;1.426051;X=-0.375000 Y=0.125000;X=0.000000 Y=0.000000;1;0
p3d:p3d_caustic-view0;1.442758;X=-0.375000 Y=0.125000;X=0.000000 Y=0.000000;1;0
p3d:p3d_caustic-view0;1.459449;X=-0.375000 Y=0.125000;X=0.000000 Y=0.000000;1;0
p3d:p3d_caustic-view0;1.476198;X=-0.375000 Y=0.125000;X=0.000000 Y=0.000000;1;0
p3d:p3d_caustic-view0;1.492816;X=-0.375000 Y=0.125000;X=0.000000 Y=0.000000;1;0
p3d:p3d_caustic-view0;1.509491;X=-0.375000 Y=0.125000;X=0.000000 Y=0.000000;1;0
p3d:p3d_caustic-view0;1.526212;X=-0.375000 Y=0.125000;X=0.000000 Y=0.000000;1;0
p3d:p3d_caustic-view0;1.542910;X=-0.375000 Y=0.125000;X=0.000000 Y=0.000000;1;0
p3d:p3d_caustic-view0;1.559661;X=-0.375000 Y=0.125000;X=0.000000 Y=0.000000;1;0
p3d:p3d_caustic-view0;1.576340;X=-0.375000 Y=0.125000;X=0.000000 Y=0.000000;1;0
p3d:p3d_caustic-view0;1.593046;X=-0.375000 Y=0.125000;X=0.000000 Y=0.000000;1;0
p3d:p3d_caustic-view0;1.609654;X=-0.375000 Y=0.125000;X=0.000000 Y=0.000000;1;0
p3d:p3d_caustic-view0;1.626417;X=-0.375000 Y=0.125000;X=0.000000 Y=0.000000;1;0
p3d:p3d_caustic-view0;1.643059;X=-0.375000 Y=0.125000;X=0.000000 Y=0.000000;1;0
p3d:p3d_caustic-view0;1.659829;X=-0.375000 Y=0.125000;X=0.000000 Y=0.000000;1;0
p3d:p3d_caustic-view0;1.676539;X=-0.375000 Y=0.125000;X=0.000000 Y=0.000000;1;0
p3d:p3d_caustic-view0;1.693208;X=-0.375000 Y=0.125000;X=0.000000 Y=0.000000;1;0
p3d:p3d_caustic-view0;1.709909;X=-0.375000 Y=0.125000;X=0.000000 Y=0.000000;1;0
p3d:p3d_caustic-view0;1.726653;X=-0.375000 Y=0.125000;X=0.000000 Y=0.000000;1;0
p3d:p3d_caustic-view0;1.743279;X=-0.375000 Y=0.125000;X=0.000000 Y=0.000000;1;0
p3d:p3d_caustic-view0;1.760028;X=-0.375000 Y=0.125000;X=0.000000 Y=0.000000;1;0
p3d:p3d_caustic-view0;1.776735;X=-0.375000 Y=0.125000;X=0.000000 Y=0.000000;1;0
p3d:p3d_caustic-view0;1.793406;X=-0.375000 Y=0.125000;X=0.000000 Y=0.000000;1;0
p3d:p3d_caustic-view0;1.810043;X=-0.375000 Y=0.125000;X=0.000000 Y=0.000000;1;0
p3d:p3d_caustic-view0;1.826798;X=-0.375000 Y=0.125000;X=0.000000 Y=0.000000;1;0
p3d:p3d_caustic-view0;1.843480;X=-0.375000 Y=0.125000;X=0.000000 Y=0.000000;1;0
p3d:p3d_caustic-view0;1.860230;X=-0.375000 Y=0.125000;X=0.000000 Y=0.000000;1;0
p3d:p3d_caustic-view0;1.876890;X=-0.375000 Y=0.125000;X=0.000000 Y=0.000000;1;0
p3d:p3d_caustic-view0;1.893566;X=-0.375000 Y=0.125000;X=0.000000 Y=0.000000;1;0
p3d:p3d_caustic-view0;1.910279;X=-0.375000 Y=0.125000;X=0.000000 Y=0.000000;1;0
p3d:p3d_caustic-view0;1.926951;X=-0.375000 Y=0.125000;X=0.000000 Y=0.000000;1;0
p3d:p3d_caustic-view0;1.943660;X=-0.375000 Y=0.125000;X=0.000000 Y=0.000000;1;0
p3d:p3d_caustic-view0;1.960436;X=-0.375000 Y=0.125000;X=0.000000 Y=0.000000;1;0
p3d:p3d_caustic-view0;1.977072;X=-0.375000 Y=0.125000;X=0.000000 Y=0.000000;1;0
p3d:p3d_caustic-view0;1.993752;X=-0.375000 Y=0.125000;X=0.000000 Y=0.000000;1;0
p3d:p3d_caustic-view0;2.010507;X=-0.375000 Y=0.125000;X=0.000000 Y=0.000000;1;0
p3d:p3d_caustic-view0;2.027186;X=-0.375000 Y=0.125000;X=0.000000 Y=0.000000;1;0
p3d:p3d_caustic-view0;2.043838;X=-0.375000 Y=0.125000;X=0.000000 Y=0.000000;1;0
p3d:p3d_caustic-view0;2.060538;X=-0.375000 Y=0.125000;X=0.000000 Y=0.000000;1;0
p3d:p3d_caustic-view0;2.077252;X=-0.375000 Y=0.125000;X=0.000000 Y=0.000000;1;0
p3d:p3d_caustic-view0;2.093961;X=-0.375000 Y=0.125000;X=0.000000 Y=0.000000;1;0
p3d:p3d_caustic-view0;2.110653;X=-0.375000 Y=0.125000;X=0.000000 Y=0.000000;1;0
p3d:p3d_caustic-view0;2.127342;X=-0.375000 Y=0.125000;X=0.000000 Y=0.000000;1;0
p3d:p3d_caustic-view0;2.144040;X=-0.375000 Y=0.125000;X=0.000000 Y=0.000000;1;0
p3d:p3d_caustic-view0;2.160735;X=-0.375000 Y=0.125000;X=0.000000 Y=0.000000;1;0
p3d:p3d_caustic-view0;2.177485;X=-0.375000 Y=0.125000;X=0.000000 Y=0.000000;1;0
p3d:p3d_caustic-view0;2.194147;X=-0.375000 Y=0.125000;X=0.000000 Y=0.000000;1;0
p3d:p3d_caustic-view0;2.210968;X=-0.375000 Y=0.125000;X=0.000000 Y=0.000000;1;0
p3d:p3d_caustic-view0;2.227529;X=-0.375000 Y=0.125000;X=0.000000 Y=0.000000;1;0
p3d:p3d_caustic-view0;2.244265;X=-0.375000 Y=0.125000;X=0.000000 Y=0.000000;1;0
p3d:p3d_caustic-view0;2.260938;X=-0.375000 Y=0.125000;X=0.000000 Y=0.000000;1;0
p3d:p3d_caustic-view0;2.277622;X=-0.375000 Y=0.125000;X=0.000000 Y=0.000000;1;0
p3d:p3d_caustic-view0;2.294367;X=-0.375000 Y=0.125000;X=0.000000 Y=0.000000;1;0
p3d:p3d_caustic-view0;2.311118;X=-0.375000 Y=0.125000;X=0.000000 Y=0.000000;1;0
p3d:p3d_caustic-view0;2.327789;X=-0.375000 Y=0.125000;X=0.000000 Y=0.000000;1;0
p3d:p3d_caustic-view0;2.344471;X=-0.375000 Y=0.125000;X=0.000000 Y=0.000000;1;0
p3d:p3d_caustic-view0;2.361235;X=-0.375000 Y=0.125000;X=0.000000 Y=0.000000;1;0
p3d:p3d_caustic-view0;2.377829;X=-0.375000 Y=0.125000;X=0.000000 Y=0.000000;1;0
p3d:p3d_caustic-view0;2.394553;X=-0.375000 Y=0.125000;X=0.000000 Y=0.000000;1;0
p3d:p3d_caustic-view0;2.411216;X=-0.375000 Y=0.125000;X=0.000000 Y=0.000000;1;0
p3d:p3d_caustic-view0;2.428017;X=-0.375000 Y=0.125000;X=0.000000 Y=0.000000;1;0
p3d:p3d_caustic-view0;2.444704;X=-0.375000 Y=0.125000;X=0.000000 Y=0.000000;1;0
p3d:p3d_caustic-view0;2.461394;X=-0.375000 Y=0.125000;X=0.000000 Y=0.000000;1;0
p3d:p3d_caustic-view0;2.477990;X=-0.375000 Y=0.125000;X=0.000000 Y=0.000000;1;0
p3d:p3d_caustic-view0;2.494715;X=-0.375000 Y=0.125000;X=0.000000 Y=0.000000;1;0
p3d:p3d_caustic-view0;2.511393;X=-0.375000 Y=0.125000;X=0.000000 Y=0.000000;1;0
p3d:p3d_caustic-view0;2.528118;X=-0.375000 Y=0.125000;X=0.000000 Y=0.000000;1;0
p3d:p3d_caustic-view0;2.544842;X=-0.375000 Y=0.125000;X=0.000000 Y=0.000000;1;0
p3d:p3d_caustic-view0;2.561503;X=-0.375000 Y=0.125000;X=0.000000 Y=0.000000;1;0
p3d:p3d_caustic-view0;2.578288;X=-0.375000 Y=0.125000;X=0.000000 Y=0.000000;1;0
p3d:p3d_caustic-view0;2.595007;X=-0.375000 Y=0.125000;X=0.000000 Y=0.000000;1;0
p3d:p3d_caustic-view0;2.611663;X=-0.375000 Y=0.125000;X=0.000000 Y=0.000000;1;0
p3d:p3d_caustic-view0;2.628295;X=-0.375000 Y=0.125000;X=0.000000 Y=0.000000;1;0
p3d:p3d_caustic-view0;2.645272;X=-0.375000 Y=0.125000;X=0.000000 Y=0.000000;1;0
p3d:p3d_caustic-view0;2.661935;X=-0.375000 Y=0.125000;X=0.000000 Y=0.000000;1;0
p3d:p3d_caustic-view0;2.678549;X=-0.375000 Y=0.125000;X=0.000000 Y=0.000000;1;0
p3d:p3d_caustic-view0;2.695544;X=-0.375000 Y=0.125000;X=0.000000 Y=0.000000;1;0
p3d:p3d_caustic-view0;2.712090;X=-0.375000 Y=0.125000;X=0.000000 Y=0.000000;1;0
p3d:p3d_caustic-view0;2.728920;X=-0.375000 Y=0.125000;X=0.000000 Y=0.000000;1;0
p3d:p3d_caustic-view0;2.745565;X=-0.375000 Y=0.125000;X=0.000000 Y=0.000000;1;0
p3d:p3d_caustic-view0;2.762209;X=-0.375000 Y=0.125000;X=0.000000 Y=0.000000;1;0
p3d:p3d_caustic-view0;2.778954;X=-0.375000 Y=0.125000;X=0.000000 Y=0.000000;1;0
p3d:p3d_caustic-view0;2.795713;X=-0.375000 Y=0.125000;X=0.000000 Y=0.000000;1;0
p3d:p3d_caustic-view0;2.812369;X=-0.375000 Y=0.125000;X=0.000000 Y=0.000000;1;0
p3d:p3d_caustic-view0;2.829062;X=-0.375000 Y=0.125000;X=0.000000 Y=0.000000;1;0
p3d:p3d_caustic-view0;2.845592;X=-0.375000 Y=0.125000;X=0.000000 Y=0.000000;1;0
p3d:p3d_caustic-view0;2.862192;X=-0.375000 Y=0.125000;X=0.000000 Y=0.000000;1;0
p3d:p3d_caustic-view0;2.879036;X=-0.375000 Y=0.125000;X=0.000000 Y=0.000000;1;0
p3d:p3d_caustic-view0;2.895842;X=-0.375000 Y=0.125000;X=0.000000 Y=0.000000;1;0
p3d:p3d_caustic-view0;2.912592;X=-0.375000 Y=0.125000;X=0.000000 Y=0.000000;1;0
p3d:p3d_caustic-view0;2.929292;X=-0.375000 Y=0.125000;X=0.000000 Y=0.000000;1;0
p3d:p3d_caustic-view0;2.945964;X=-0.375000 Y=0.125000;X=0.000000 Y=0.000000;1;0
p3d:p3d_caustic-view0;2.962691;X=-0.375000 Y=0.125000;X=0.000000 Y=0.000000;1;0
p3d:p3d_caustic-view0;2.979374;X=-0.375000 Y=0.125000;X=0.000000 Y=0.000000;1;0
p3d:p3d_caustic-view0;2.996075;X=-0.375000 Y=0.125000;X=0.000000 Y=0.000000;1;0
p3d:p3d_caustic-view0;3.012754;X=-0.375000 Y=0.125000;X=0.000000 Y=0.000000;1;0
p3d:p3d_caustic-view0;3.029425;X=-0.375000 Y=0.125000;X=0.000000 Y=0.000000;1;0
p3d:p3d_caustic-view0;3.046063;X=-0.375000 Y=0.125000;X=0.000000 Y=0.000000;1;0
p3d:p3d_caustic-view0;3.062900;X=-0.375000 Y=0.125000;X=0.000000 Y=0.000000;1;0
p3d:p3d_caustic-view0;3.079652;X=-0.375000 Y=0.125000;X=0.000000 Y=0.000000;1;0
p3d:p3d_caustic-view0;3.096300;X=-0.375000 Y=0.125000;X=0.000000 Y=0.000000;1;0
p3d:p3d_caustic-view0;3.112924;X=-0.375000 Y=0.125000;X=0.000000 Y=0.000000;1;0
p3d:p3d_caustic-view0;3.129602;X=-0.375000 Y=0.125000;X=0.000000 Y=0.000000;1;0
p3d:p3d_caustic-view0;3.146340;X=-0.375000 Y=0.125000;X=0.000000 Y=0.000000;1;0
p3d:p3d_caustic-view0;3.163068;X=-0.375000 Y=0.125000;X=0.000000 Y=0.000000;1;0
p3d:p3d_caustic-view0;3.179753;X=-0.375000 Y=0.125000;X=0.000000 Y=0.000000;1;0
p3d:p3d_caustic-view0;3.196453;X=-0.375000 Y=0.125000;X=0.000000 Y=0.000000;1;0
p3d:p3d_caustic-view0;3.213153;X=-0.375000 Y=0.125000;X=0.000000 Y=0.000000;1;0
p3d:p3d_caustic-view0;3.229712;X=-0.375000 Y=0.125000;X=0.000000 Y=0.000000;1;0
p3d:p3d_caustic-view0;3.246543;X=-0.375000 Y=0.125000;X=0.000000 Y=0.000000;1;0
p3d:p3d_caustic-view0;3.263235;X=-0.375000 Y=0.125000;X=0.000000 Y=0.000000;1;0
p3d:p3d_caustic-view0;3.279910;X=-0.375000 Y=0.125000;X=0.000000 Y=0.000000;1;0
p3d:p3d_caustic-view0;3.296620;X=-0.375000 Y=0.125000;X=0.000000 Y=0.000000;1;0
p3d:p3d_caustic-view0;3.313343;X=-0.375000 Y=0.125000;X=0.000000 Y=0.000000;1;0
p3d:p3d_caustic-view0;3.330050;X=-0.375000 Y=0.125000;X=0.000000 Y=0.000000;1;0
p3d:p3d_caustic-view0;3.346716;X=-0.375000 Y=0.125000;X=0.000000 Y=0.000000;1;0
p3d:p3d_caustic-view0;3.363494;X=-0.375000 Y=0.125000;X=0.000000 Y=0.000000;1;0
p3d:p3d_caustic-view0;3.380178;X=-0.375000 Y=0.125000;X=0.000000 Y=0.000000;1;0
p3d:p3d_caustic-view0;3.396820;X=-0.375000 Y=0.125000;X=0.000000 Y=0.000000;1;0
p3d:p3d_caustic-view0;3.413525;X=-0.375000 Y=0.125000;X=0.000000 Y=0.000000;1;0
p3d:p3d_caustic-view0;3.430228;X=-0.375000 Y=0.125000;X=0.000000 Y=0.000000;1;0
p3d:p3d_caustic-view0;3.446788;X=-0.375000 Y=0.125000;X=0.000000 Y=0.000000;1;0
p3d:p3d_caustic-view0;3.463689;X=-0.375000 Y=0.125000;X=0.000000 Y=0.000000;1;0
p3d:p3d_caustic-view0;3.480311;X=-0.375000 Y=0.125000;X=0.000000 Y=0.000000;1;0
p3d:p3d_caustic-view0;3.496932;X=-0.375000 Y=0.125000;X=0.000000 Y=0.000000;1;0
p3d:p3d_caustic-view0;3.513725;X=-0.375000 Y=0.125000;X=0.000000 Y=0.000000;1;0
p3d:p3d_caustic-view0;3.530412;X=-0.375000 Y=0.125000;X=0.000000 Y=0.000000;1;0
p3d:p3d_caustic-view0;3.547108;X=-0.375000 Y=0.125000;X=0.000000 Y=0.000000;1;0
p3d:p3d_caustic-view0;3.563702;X=-0.375000 Y=0.125000;X=0.000000 Y=0.000000;1;0
p3d:p3d_caustic-view0;3.580492;X=-0.375000 Y=0.125000;X=0.000000 Y=0.000000;1;0
p3d:p3d_caustic-view0;3.597241;X=-0.375000 Y=0.125000;X=0.000000 Y=0.000000;1;0
p3d:p3d_caustic-view0;3.613924;X=-0.375000 Y=0.125000;X=0.000000 Y=0.000000;1;0
p3d:p3d_caustic-view0;3.630618;X=-0.375000 Y=0.125000;X=0.000000 Y=0.000000;1;0
p3d:p3d_caustic-view0;3.647307;X=-0.375000 Y=0.125000;X=0.000000 Y=0.000000;1;0
p3d:p3d_caustic-view0;3.664081;X=-0.375000 Y=0.125000;X=0.000000 Y=0.000000;1;0
p3d:p3d_caustic-view0;3.680675;X=-0.375000 Y=0.125000;X=0.000000 Y=0.000000;1;0
p3d:p3d_caustic-view0;3.697437;X=-0.375000 Y=0.125000;X=0.000000 Y=0.000000;1;0
p3d:p3d_caustic-view0;3.714148;X=-0.375000 Y=0.125000;X=0.000000 Y=0.000000;1;0
p3d:p3d_caustic-view0;3.730824;X=-0.375000 Y=0.125000;X=0.000000 Y=0.000000;1;0
p3d:p3d_caustic-view0;3.747639;X=-0.375000 Y=0.125000;X=0.000000 Y=0.000000;1;0
p3d:p3d_caustic-view0;3.764273;X=-0.375000 Y=0.125000;X=0.000000 Y=0.000000;1;0
p3d:p3d_caustic-view0;3.780885;X=-0.375000 Y=0.125000;X=0.000000 Y=0.000000;1;0
p3d:p3d_caustic-view0;3.799645;X=-0.375000 Y=0.125000;X=0.000000 Y=0.000000;1;0
p3d:p3d_caustic-view0;3.813933;X=-0.375000 Y=0.125000;X=0.000000 Y=0.000000;1;0
p3d:p3d_caustic-view0;3.830639;X=-0.375000 Y=0.125000;X=0.000000 Y=0.000000;1;0
p3d:p3d_caustic-view0;3.847382;X=-0.375000 Y=0.125000;X=0.000000 Y=0.000000;1;0
p3d:p3d_caustic-view0;3.864185;X=-0.375000 Y=0.125000;X=0.000000 Y=0.000000;1;0
p3d:p3d_caustic-view0;3.881110;X=-0.375000 Y=0.125000;X=0.000000 Y=0.000000;1;0
p3d:p3d_caustic-view0;3.898325;X=-0.375000 Y=0.125000;X=0.000000 Y=0.000000;1;0
p3d:p3d_caustic-view0;3.915182;X=-0.375000 Y=0.125000;X=0.000000 Y=0.000000;1;0
p3d:p3d_caustic-view0;3.931824;X=-0.375000 Y=0.125000;X=0.000000 Y=0.000000;1;0
p3d:p3d_caustic-view0;3.948106;X=-0.375000 Y=0.125000;X=0.000000 Y=0.000000;1;0
p3d:p3d_caustic-view0;3.964277;X=-0.375000 Y=0.125000;X=0.000000 Y=0.000000;1;0
p3d:p3d_caustic-view0;3.980972;X=-0.375000 Y=0.125000;X=0.000000 Y=0.000000;1;0
p3d:p3d_caustic-view0;3.998127;X=-0.375000 Y=0.125000;X=0.000000 Y=0.000000;1;0
p3d:p3d_caustic-view0;4.014787;X=-0.375000 Y=0.125000;X=0.000000 Y=0.000000;1;0
p3d:p3d_caustic-view0;4.032282;X=-0.375000 Y=0.125000;X=0.000000 Y=0.000000;1;0
p3d:p3d_caustic-view0;4.048984;X=-0.375000 Y=0.125000;X=0.000000 Y=0.000000;1;0
p3d:p3d_caustic-view0;4.065646;X=-0.375000 Y=0.125000;X=0.000000 Y=0.000000;1;0
p3d:p3d_caustic-view0;4.081722;X=-0.375000 Y=0.125000;X=0.000000 Y=0.000000;1;0
p3d:p3d_caustic-view0;4.098769;X=-0.375000 Y=0.125000;X=0.000000 Y=0.000000;1;0
p3d:p3d_caustic-view0;4.115082;X=-0.375000 Y=0.125000;X=0.000000 Y=0.000000;1;0
p3d:p3d_caustic-view0;4.132037;X=-0.375000 Y=0.125000;X=0.000000 Y=0.000000;1;0
p3d:p3d_caustic-view0;4.148532;X=-0.375000 Y=0.125000;X=0.000000 Y=0.000000;1;0
p3d:p3d_caustic-view0;4.165260;X=-0.375000 Y=0.125000;X=0.000000 Y=0.000000;1;0
p3d:p3d_caustic-view0;4.181985;X=-0.375000 Y=0.125000;X=0.000000 Y=0.000000;1;0
p3d:p3d_caustic-view0;4.198732;X=-0.375000 Y=0.125000;X=0.000000 Y=0.000000;1;0
p3d:p3d_caustic-view0;4.216207;X=-0.375000 Y=0.125000;X=0.000000 Y=0.000000;1;0
p3d:p3d_caustic-view0;4.232299;X=-0.375000 Y=0.125000;X=0.000000 Y=0.000000;1;0
p3d:p3d_caustic-view0;4.249025;X=-0.375000 Y=0.125000;X=0.000000 Y=0.000000;1;0
p3d:p3d_caustic-view0;4.265977;X=-0.375000 Y=0.125000;X=0.000000 Y=0.000000;1;0
p3d:p3d_caustic-view0;4.282436;X=-0.375000 Y=0.125000;X=0.000000 Y=0.000000;1;0
p3d:p3d_caustic-view0;4.299027;X=-0.375000 Y=0.125000;X=0.000000 Y=0.000000;1;0
p3d:p3d_caustic-view0;4.315861;X=-0.375000 Y=0.125000;X=0.000000 Y=0.000000;1;0
p3d:p3d_caustic-view0;4.332424;X=-0.375000 Y=0.125000;X=0.000000 Y=0.000000;1;0
p3d:p3d_caustic-view0;4.349175;X=-0.375000 Y=0.125000;X=0.000000 Y=0.000000;1;0
p3d:p3d_caustic-view0;4.366012;X=-0.375000 Y=0.125000;X=0.000000 Y=0.000000;1;0
p3d:p3d_caustic-view0;4.382539;X=-0.375000 Y=0.125000;X=0.000000 Y=0.000000;1;0
p3d:p3d_caustic-view0;4.399285;X=-0.375000 Y=0.125000;X=0.000000 Y=0.000000;1;0
p3d:p3d_caustic-view0;4.415944;X=-0.375000 Y=0.125000;X=0.000000 Y=0.000000;1;0
p3d:p3d_caustic-view0;4.432523;X=-0.375000 Y=0.125000;X=0.000000 Y=0.000000;1;0
p3d:p3d_caustic-view0;4.449160;X=-0.375000 Y=0.125000;X=0.000000 Y=0.000000;1;0
p3d:p3d_caustic-view0;4.466232;X=-0.375000 Y=0.125000;X=0.000000 Y=0.000000;1;0
p3d:p3d_caustic-view0;4.482481;X=-0.375000 Y=0.125000;X=0.000000 Y=0.000000;1;0
p3d:p3d_caustic-view0;4.499051;X=-0.375000 Y=0.125000;X=0.000000 Y=0.000000;1;0
p3d:p3d_caustic-view0;4.515800;X=-0.375000 Y=0.125000;X=0.000000 Y=0.000000;1;0
p3d:p3d_caustic-view0;4.532480;X=-0.375000 Y=0.125000;X=0.000000 Y=0.000000;1;0
p3d:p3d_caustic-view0;4.549922;X=-0.375000 Y=0.125000;X=0.000000 Y=0.000000;1;0
p3d:p3d_caustic-view0;4.565855;X=-0.375000 Y=0.125000;X=0.000000 Y=0.000000;1;0
p3d:p3d_caustic-view0;4.582652;X=-0.375000 Y=0.125000;X=0.000000 Y=0.000000;1;0
p3d:p3d_caustic-view0;4.600056;X=-0.375000 Y=0.125000;X=0.000000 Y=0.000000;1;0
p3d:p3d_caustic-view0;4.616900;X=-0.375000 Y=0.125000;X=0.000000 Y=0.000000;1;0
p3d:p3d_caustic-view0;4.632923;X=-0.375000 Y=0.125000;X=0.000000 Y=0.000000;1;0
p3d:p3d_caustic-view0;4.649831;X=-0.375000 Y=0.125000;X=0.000000 Y=0.000000;1;0
p3d:p3d_caustic-view0;4.666410;X=-0.375000 Y=0.125000;X=0.000000 Y=0.000000;1;0
p3d:p3d_caustic-view0;4.683148;X=-0.375000 Y=0.125000;X=0.000000 Y=0.000000;1;0
p3d:p3d_caustic-view0;4.699965;X=-0.375000 Y=0.125000;X=0.000000 Y=0.000000;1;0
p3d:p3d_caustic-view0;4.716675;X=-0.375000 Y=0.125000;X=-0.281250 Y=0.342593;1;0
p3d:p3d_caustic-view0;4.732889;X=-0.375000 Y=0.125000;X=-0.103125 Y=0.329630;1;0
p3d:p3d_caustic-view0;4.749502;X=-0.375000 Y=0.125000;X=0.042708 Y=0.317593;1;0
p3d:p3d_caustic-view0;4.766123;X=-0.375000 Y=0.125000;X=0.186458 Y=0.312037;1;0
p3d:p3d_caustic-view0;4.782989;X=-0.375000 Y=0.125000;X=0.292708 Y=0.310185;1;0
p3d:p3d_caustic-view0;4.799718;X=-0.375000 Y=0.125000;X=0.378125 Y=0.304630;1;0
p3d:p3d_caustic-view0;4.816419;X=-0.375000 Y=0.125000;X=0.425000 Y=0.300926;1;0
p3d:p3d_caustic-view0;4.833065;X=-0.375000 Y=0.125000;X=0.457292 Y=0.297222;1;0
p3d:p3d_caustic-view0;4.849725;X=-0.375000 Y=0.125000;X=0.468750 Y=0.295370;1;0
p3d:p3d_caustic-view0;4.866488;X=-0.375000 Y=0.125000;X=0.491667 Y=0.295370;1;0
p3d:p3d_caustic-view0;4.883004;X=-0.375000 Y=0.125000;X=0.511458 Y=0.295370;1;0
p3d:p3d_caustic-view0;4.899803;X=-0.375000 Y=0.125000;X=0.534375 Y=0.299074;1;0
p3d:p3d_caustic-view0;4.916575;X=-0.375000 Y=0.125000;X=0.557292 Y=0.305556;1;0
p3d:p3d_caustic-view0;4.933201;X=-0.375000 Y=0.125000;X=0.565625 Y=0.313889;1;0
p3d:p3d_caustic-view0;4.949847;X=-0.375000 Y=0.125000;X=0.571875 Y=0.324074;1;0
p3d:p3d_caustic-view0;4.966662;X=-0.375000 Y=0.125000;X=0.578125 Y=0.340741;1;0
p3d:p3d_caustic-view0;4.983344;X=-0.375000 Y=0.125000;X=0.586458 Y=0.363889;1;0
p3d:p3d_caustic-view0;5.163105;X=0.875000 Y=0.875000;X=0.596875 Y=0.413889;250;0
p3d:p3d_caustic-view0;5.164135;X=0.875000 Y=0.875000;X=0.276042 Y=0.765741;250;0
p3d:p3d_caustic-view0;5.176785;X=0.875000 Y=0.875000;X=0.215625 Y=0.740741;250;0
p3d:p3d_caustic-view0;5.190040;X=0.875000 Y=0.875000;X=0.131250 Y=0.683333;250;0
p3d:p3d_caustic-view0;5.202987;X=0.875000 Y=0.875000;X=0.094792 Y=0.649074;250;0
p3d:p3d_caustic-view0;5.216798;X=0.875000 Y=0.875000;X=0.031250 Y=0.566667;250;0
p3d:p3d_caustic-view0;5.233652;X=0.875000 Y=0.875000;X=-0.010417 Y=0.457407;250;0
p3d:p3d_caustic-view0;5.250526;X=0.875000 Y=0.875000;X=-0.018750 Y=0.360185;250;0
p3d:p3d_caustic-view0;5.267097;X=0.875000 Y=0.875000;X=-0.004167 Y=0.257407;250;0
p3d:p3d_caustic-view0;5.283874;X=0.875000 Y=0.875000;X=0.015625 Y=0.207407;250;0
p3d:p3d_caustic-view0;5.300601;X=0.875000 Y=0.875000;X=0.108333 Y=0.127778;250;0
p3d:p3d_caustic-view0;5.317228;X=0.875000 Y=0.875000;X=0.191667 Y=0.094444;250;0
p3d:p3d_caustic-view0;5.333808;X=0.875000 Y=0.875000;X=0.264583 Y=0.085185;250;0
p3d:p3d_caustic-view0;5.350673;X=0.875000 Y=0.875000;X=0.340625 Y=0.085185;250;0
p3d:p3d_caustic-view0;5.367385;X=0.875000 Y=0.875000;X=0.400000 Y=0.085185;250;0
p3d:p3d_caustic-view0;5.384058;X=0.875000 Y=0.875000;X=0.445833 Y=0.092593;250;0
p3d:p3d_caustic-view0;5.400646;X=0.875000 Y=0.875000;X=0.486458 Y=0.112037;250;0
p3d:p3d_caustic-view0;5.417483;X=0.875000 Y=0.875000;X=0.518750 Y=0.137037;250;0
p3d:p3d_caustic-view0;5.434207;X=0.875000 Y=0.875000;X=0.555208 Y=0.173148;250;0
p3d:p3d_caustic-view0;5.450930;X=0.875000 Y=0.875000;X=0.589583 Y=0.232407;250;0
p3d:p3d_caustic-view0;5.467724;X=0.875000 Y=0.875000;X=0.626042 Y=0.312963;250;0
p3d:p3d_caustic-view0;5.484402;X=0.875000 Y=0.875000;X=0.640625 Y=0.354630;250;0
p3d:p3d_caustic-view0;5.500864;X=0.875000 Y=0.875000;X=0.670833 Y=0.503704;250;0
p3d:p3d_caustic-view0;5.517309;X=0.875000 Y=0.875000;X=0.670833 Y=0.555556;250;0
p3d:p3d_caustic-view0;5.534263;X=0.875000 Y=0.875000;X=0.662500 Y=0.581481;250;0
p3d:p3d_caustic-view0;5.551079;X=0.875000 Y=0.875000;X=0.656250 Y=0.586111;250;0
p3d:p3d_caustic-view0;5.567697;X=0.875000 Y=0.875000;X=0.650000 Y=0.588889;250;0
p3d:p3d_caustic-view0;5.584420;X=0.875000 Y=0.875000;X=0.641667 Y=0.589815;250;0
p3d:p3d_caustic-view0;5.601146;X=0.875000 Y=0.875000;X=0.627083 Y=0.589815;250;0
p3d:p3d_caustic-view0;5.617923;X=0.875000 Y=0.875000;X=0.606250 Y=0.582407;250;0
p3d:p3d_caustic-view0;5.634585;X=0.875000 Y=0.875000;X=0.558333 Y=0.558333;250;0
p3d:p3d_caustic-view0;5.651309;X=0.875000 Y=0.875000;X=0.483333 Y=0.517593;250;0
p3d:p3d_caustic-view0;5.667943;X=0.875000 Y=0.875000;X=0.386458 Y=0.462037;250;0
p3d:p3d_caustic-view0;5.684741;X=0.875000 Y=0.875000;X=0.305208 Y=0.411111;250;0
p3d:p3d_caustic-view0;5.701346;X=0.875000 Y=0.875000;X=0.230208 Y=0.347222;250;0
p3d:p3d_caustic-view0;5.718167;X=0.875000 Y=0.875000;X=0.193750 Y=0.296296;250;0
p3d:p3d_caustic-view0;5.734778;X=0.875000 Y=0.875000;X=0.187500 Y=0.253704;250;0
p3d:p3d_caustic-view0;5.751544;X=0.875000 Y=0.875000;X=0.211458 Y=0.231481;250;0
p3d:p3d_caustic-view0;5.768071;X=0.875000 Y=0.875000;X=0.265625 Y=0.214815;250;0
p3d:p3d_caustic-view0;5.784920;X=0.875000 Y=0.875000;X=0.326042 Y=0.205556;250;0
p3d:p3d_caustic-view0;5.801636;X=0.875000 Y=0.875000;X=0.404167 Y=0.203704;250;0
p3d:p3d_caustic-view0;5.818318;X=0.875000 Y=0.875000;X=0.497917 Y=0.205556;250;0
p3d:p3d_caustic-view0;5.835017;X=0.875000 Y=0.875000;X=0.570833 Y=0.212963;250;0
p3d:p3d_caustic-view0;5.851767;X=0.875000 Y=0.875000;X=0.635417 Y=0.219444;250;0
p3d:p3d_caustic-view0;5.868503;X=0.875000 Y=0.875000;X=0.677083 Y=0.221296;250;0
p3d:p3d_caustic-view0;5.885101;X=0.875000 Y=0.875000;X=0.709375 Y=0.221296;250;0
p3d:p3d_caustic-view0;5.901758;X=0.875000 Y=0.875000;X=0.711458 Y=0.223148;250;0
p3d:p3d_caustic-view0;5.918448;X=0.875000 Y=0.875000;X=0.712500 Y=0.223148;250;0
p3d:p3d_caustic-view0;5.935144;X=0.875000 Y=0.875000;X=0.714583 Y=0.223148;250;0
p3d:p3d_caustic-view0;5.951902;X=0.875000 Y=0.875000;X=0.717708 Y=0.223148;250;0
p3d:p3d_caustic-view0;5.968487;X=0.875000 Y=0.875000;X=0.720833 Y=0.223148;250;0
p3d:p3d_caustic-view0;5.985241;X=0.875000 Y=0.875000;X=0.723958 Y=0.223148;250;0
p3d:p3d_caustic-view0;6.001871;X=0.875000 Y=0.875000;X=0.723958 Y=0.223148;250;0
p3d:p3d_caustic-view0;6.018569;X=0.875000 Y=0.875000;X=0.723958 Y=0.223148;250;0
p3d:p3d_caustic-view0;6.035326;X=0.875000 Y=0.875000;X=0.723958 Y=0.223148;250;0
p3d:p3d_caustic-view0;6.051958;X=0.875000 Y=0.875000;X=0.723958 Y=0.223148;250;0
p3d:p3d_caustic-view0;6.068578;X=0.875000 Y=0.875000;X=0.723958 Y=0.223148;250;0
p3d:p3d_caustic-view0;6.085385;X=0.875000 Y=0.875000;X=0.723958 Y=0.223148;250;0
p3d:p3d_caustic-view0;6.102120;X=0.875000 Y=0.875000;X=0.723958 Y=0.223148;250;0
p3d:p3d_caustic-view0;6.118815;X=0.875000 Y=0.875000;X=0.723958 Y=0.223148;250;0
p3d:p3d_caustic-view0;6.135507;X=0.875000 Y=0.875000;X=0.723958 Y=0.223148;250;0
p3d:p3d_caustic-view0;6.152225;X=0.875000 Y=0.875000;X=0.723958 Y=0.223148;250;0
p3d:p3d_caustic-view0;6.168791;X=0.875000 Y=0.875000;X=0.723958 Y=0.223148;250;0
p3d:p3d_caustic-view0;6.185568;X=0.875000 Y=0.875000;X=0.723958 Y=0.223148;250;0
p3d:p3d_caustic-view0;6.202270;X=0.875000 Y=0.875000;X=0.723958 Y=0.223148;250;0
p3d:p3d_caustic-view0;6.218984;X=0.875000 Y=0.875000;X=0.723958 Y=0.223148;250;0
p3d:p3d_caustic-view0;6.235657;X=0.875000 Y=0.875000;X=0.723958 Y=0.223148;250;0
p3d:p3d_caustic-view0;6.252433;X=0.875000 Y=0.875000;X=0.723958 Y=0.223148;250;0
p3d:p3d_caustic-view0;6.269043;X=0.875000 Y=0.875000;X=0.723958 Y=0.223148;250;0
p3d:p3d_caustic-view0;6.285801;X=0.875000 Y=0.875000;X=0.723958 Y=0.223148;250;0
p3d:p3d_caustic-view0;6.302458;X=0.875000 Y=0.875000;X=0.723958 Y=0.223148;250;0
p3d:p3d_caustic-view0;6.319197;X=0.875000 Y=0.875000;X=0.723958 Y=0.223148;250;0
p3d:p3d_caustic-view0;6.335841;X=0.875000 Y=0.875000;X=0.723958 Y=0.223148;250;0
p3d:p3d_caustic-view0;6.352546;X=0.875000 Y=0.875000;X=0.723958 Y=0.223148;250;0
p3d:p3d_caustic-view0;6.369206;X=0.875000 Y=0.875000;X=0.723958 Y=0.223148;250;0
p3d:p3d_caustic-view0;6.386007;X=0.875000 Y=0.875000;X=0.723958 Y=0.223148;250;0
p3d:p3d_caustic-view0;6.402643;X=0.875000 Y=0.875000;X=0.723958 Y=0.223148;250;0
p3d:p3d_caustic-view0;6.419305;X=0.875000 Y=0.875000;X=0.723958 Y=0.223148;250;0
p3d:p3d_caustic-view0;6.436049;X=0.875000 Y=0.875000;X=0.723958 Y=0.223148;250;0
p3d:p3d_caustic-view0;6.452738;X=0.875000 Y=0.875000;X=0.723958 Y=0.223148;250;0
p3d:p3d_caustic-view0;6.469457;X=0.875000 Y=0.875000;X=0.723958 Y=0.223148;250;0
p3d:p3d_caustic-view0;6.486197;X=0.875000 Y=0.875000;X=0.723958 Y=0.223148;250;0
p3d:p3d_caustic-view0;6.502713;X=0.875000 Y=0.875000;X=0.723958 Y=0.223148;250;0
p3d:p3d_caustic-view0;6.519466;X=0.875000 Y=0.875000;X=0.723958 Y=0.230556;250;0
p3d:p3d_caustic-view0;6.536357;X=0.875000 Y=0.875000;X=0.721875 Y=0.243519;250;0
p3d:p3d_caustic-view0;6.553025;X=0.875000 Y=0.875000;X=0.718750 Y=0.291667;250;0
p3d:p3d_caustic-view0;6.569545;X=0.875000 Y=0.875000;X=0.714583 Y=0.359259;250;0
p3d:p3d_caustic-view0;6.586461;X=0.875000 Y=0.875000;X=0.703125 Y=0.432407;250;0
p3d:p3d_caustic-view0;6.603090;X=0.875000 Y=0.875000;X=0.694792 Y=0.493519;250;0
p3d:p3d_caustic-view0;6.619905;X=0.875000 Y=0.875000;X=0.672917 Y=0.560185;250;0
p3d:p3d_caustic-view0;6.636617;X=0.875000 Y=0.875000;X=0.645833 Y=0.642593;250;0
p3d:p3d_caustic-view0;6.653162;X=0.875000 Y=0.875000;X=0.628125 Y=0.684259;250;0
p3d:p3d_caustic-view0;6.669895;X=0.875000 Y=0.875000;X=0.615625 Y=0.720370;250;0
p3d:p3d_caustic-view0;6.686602;X=0.875000 Y=0.875000;X=0.607292 Y=0.750926;250;0
p3d:p3d_caustic-view0;6.703367;X=0.875000 Y=0.875000;X=0.597917 Y=0.775926;250;0
p3d:p3d_caustic-view0;6.720006;X=0.875000 Y=0.875000;X=0.591667 Y=0.797222;250;0
p3d:p3d_caustic-view0;6.736714;X=0.875000 Y=0.875000;X=0.583333 Y=0.821296;250;0
p3d:p3d_caustic-view0;6.753380;X=0.875000 Y=0.875000;X=0.581250 Y=0.829630;250;0
p3d:p3d_caustic-view0;6.770150;X=0.875000 Y=0.875000;X=0.578125 Y=0.844444;250;0
p3d:p3d_caustic-view0;6.786833;X=0.875000 Y=0.875000;X=0.576042 Y=0.854630;250;0
p3d:p3d_caustic-view0;6.803609;X=0.875000 Y=0.875000;X=0.576042 Y=0.859259;250;0
p3d:p3d_caustic-view0;6.820255;X=0.875000 Y=0.875000;X=0.576042 Y=0.862037;250;0
p3d:p3d_caustic-view0;6.836861;X=0.875000 Y=0.875000;X=0.576042 Y=0.862963;250;0
p3d:p3d_caustic-view0;6.853466;X=0.875000 Y=0.875000;X=0.576042 Y=0.862963;250;0
p3d:p3d_caustic-view0;6.870257;X=0.875000 Y=0.875000;X=0.576042 Y=0.862963;250;0
p3d:p3d_caustic-view0;6.886862;X=0.875000 Y=0.875000;X=0.576042 Y=0.862963;250;0
p3d:p3d_caustic-view0;6.903650;X=0.875000 Y=0.875000;X=0.576042 Y=0.862963;250;0
p3d:p3d_caustic-view0;6.920318;X=0.875000 Y=0.875000;X=0.576042 Y=0.862963;250;0
p3d:p3d_caustic-view0;6.937010;X=0.875000 Y=0.875000;X=0.576042 Y=0.862963;250;0
p3d:p3d_caustic-view0;6.953706;X=0.875000 Y=0.875000;X=0.576042 Y=0.862963;250;0
p3d:p3d_caustic-view0;6.970389;X=0.875000 Y=0.875000;X=0.576042 Y=0.862963;250;0
p3d:p3d_caustic-view0;6.987163;X=0.875000 Y=0.875000;X=0.576042 Y=0.862037;250;0
p3d:p3d_caustic-view0;7.003917;X=0.875000 Y=0.875000;X=0.576042 Y=0.851852;250;0
p3d:p3d_caustic-view0;7.020630;X=0.875000 Y=0.875000;X=0.575000 Y=0.815741;250;0
p3d:p3d_caustic-view0;7.037216;X=0.875000 Y=0.875000;X=0.575000 Y=0.775926;250;0
p3d:p3d_caustic-view0;7.053957;X=0.875000 Y=0.875000;X=0.575000 Y=0.730556;250;0
p3d:p3d_caustic-view0;7.070688;X=0.875000 Y=0.875000;X=0.572917 Y=0.706481;250;0
p3d:p3d_caustic-view0;7.087398;X=0.875000 Y=0.875000;X=0.568750 Y=0.651852;250;0
p3d:p3d_caustic-view0;7.103940;X=0.875000 Y=0.875000;X=0.562500 Y=0.609259;250;0
p3d:p3d_caustic-view0;7.120652;X=0.875000 Y=0.875000;X=0.556250 Y=0.563889;250;0
p3d:p3d_caustic-view0;7.137275;X=0.875000 Y=0.875000;X=0.554167 Y=0.521296;250;0
p3d:p3d_caustic-view0;7.154189;X=0.875000 Y=0.875000;X=0.550000 Y=0.490741;250;0
p3d:p3d_caustic-view0;7.170817;X=0.875000 Y=0.875000;X=0.545833 Y=0.462037;250;0
p3d:p3d_caustic-view0;7.187629;X=0.875000 Y=0.875000;X=0.541667 Y=0.441667;250;0
p3d:p3d_caustic-view0;7.204345;X=0.875000 Y=0.875000;X=0.531250 Y=0.418519;250;0
p3d:p3d_caustic-view0;7.220828;X=0.875000 Y=0.875000;X=0.518750 Y=0.390741;250;0
p3d:p3d_caustic-view0;7.237625;X=0.875000 Y=0.875000;X=0.505208 Y=0.375926;250;0
p3d:p3d_caustic-view0;7.254392;X=0.875000 Y=0.875000;X=0.493750 Y=0.365741;250;0
p3d:p3d_caustic-view0;7.271042;X=0.875000 Y=0.875000;X=0.486458 Y=0.361111;250;0
p3d:p3d_caustic-view0;7.287673;X=0.875000 Y=0.875000;X=0.473958 Y=0.352778;250;0
p3d:p3d_caustic-view0;7.304429;X=0.875000 Y=0.875000;X=0.458333 Y=0.344444;250;0
p3d:p3d_caustic-view0;7.321187;X=0.875000 Y=0.875000;X=0.442708 Y=0.336111;250;0
p3d:p3d_caustic-view0;7.337817;X=0.875000 Y=0.875000;X=0.422917 Y=0.325926;250;0
p3d:p3d_caustic-view0;7.354589;X=0.875000 Y=0.875000;X=0.397917 Y=0.316667;250;0
p3d:p3d_caustic-view0;7.371312;X=0.875000 Y=0.875000;X=0.369792 Y=0.308333;250;0
p3d:p3d_caustic-view0;7.388005;X=0.875000 Y=0.875000;X=0.346875 Y=0.301852;250;0
p3d:p3d_caustic-view0;7.404827;X=0.875000 Y=0.875000;X=0.322917 Y=0.296296;250;0
p3d:p3d_caustic-view0;7.421242;X=0.875000 Y=0.875000;X=0.318750 Y=0.296296;250;0
p3d:p3d_caustic-view0;7.438097;X=0.875000 Y=0.875000;X=0.316667 Y=0.296296;250;0
p3d:p3d_caustic-view0;7.454791;X=0.875000 Y=0.875000;X=0.314583 Y=0.296296;250;0
p3d:p3d_caustic-view0;7.471393;X=0.875000 Y=0.875000;X=0.314583 Y=0.296296;250;1
p3d:p3d_caustic-view0;7.488106;X=0.875000 Y=0.875000;X=0.311458 Y=0.296296;250;1
p3d:p3d_caustic-view0;7.504703;X=0.875000 Y=0.875000;X=0.305208 Y=0.296296;250;1
p3d:p3d_caustic-view0;7.521564;X=0.875000 Y=0.875000;X=0.293750 Y=0.296296;250;1
p3d:p3d_caustic-view0;7.538249;X=0.875000 Y=0.875000;X=0.282292 Y=0.296296;250;1
p3d:p3d_caustic-view0;7.554923;X=0.875000 Y=0.875000;X=0.267708 Y=0.295370;250;1
p3d:p3d_caustic-view0;7.571418;X=0.875000 Y=0.875000;X=0.256250 Y=0.295370;250;1
p3d:p3d_caustic-view0;7.588399;X=0.875000 Y=0.875000;X=0.244792 Y=0.295370;250;1
p3d:p3d_caustic-view0;7.604995;X=0.875000 Y=0.875000;X=0.233333 Y=0.295370;250;1
p3d:p3d_caustic-view0;7.621551;X=0.875000 Y=0.875000;X=0.232292 Y=0.295370;250;1
p3d:p3d_caustic-view0;7.638451;X=0.875000 Y=0.875000;X=0.227083 Y=0.295370;250;1
p3d:p3d_caustic-view0;7.655134;X=0.875000 Y=0.875000;X=0.221875 Y=0.295370;250;1
p3d:p3d_caustic-view0;7.671794;X=0.875000 Y=0.875000;X=0.213542 Y=0.290741;250;1
p3d:p3d_caustic-view0;7.688515;X=0.875000 Y=0.875000;X=0.205208 Y=0.285185;250;1
p3d:p3d_caustic-view0;7.705250;X=0.875000 Y=0.875000;X=0.196875 Y=0.276852;250;1
p3d:p3d_caustic-view0;7.721971;X=0.875000 Y=0.875000;X=0.188542 Y=0.262963;250;1
p3d:p3d_caustic-view0;7.738635;X=0.875000 Y=0.875000;X=0.183333 Y=0.246296;250;1
p3d:p3d_caustic-view0;7.755304;X=0.875000 Y=0.875000;X=0.177083 Y=0.224074;250;1
p3d:p3d_caustic-view0;7.772006;X=0.875000 Y=0.875000;X=0.173958 Y=0.208333;250;1
p3d:p3d_caustic-view0;7.788580;X=0.875000 Y=0.875000;X=0.172917 Y=0.192593;250;1
p3d:p3d_caustic-view0;7.805429;X=0.875000 Y=0.875000;X=0.172917 Y=0.184259;250;1
p3d:p3d_caustic-view0;7.822173;X=0.875000 Y=0.875000;X=0.172917 Y=0.183333;250;1
p3d:p3d_caustic-view0;7.838835;X=0.875000 Y=0.875000;X=0.172917 Y=0.178704;250;1
p3d:p3d_caustic-view0;7.855403;X=0.875000 Y=0.875000;X=0.172917 Y=0.176852;250;1
p3d:p3d_caustic-view0;7.872240;X=0.875000 Y=0.875000;X=0.172917 Y=0.175926;250;1
p3d:p3d_caustic-view0;7.888865;X=0.875000 Y=0.875000;X=0.172917 Y=0.175926;250;1
p3d:p3d_caustic-view0;7.905494;X=0.875000 Y=0.875000;X=0.172917 Y=0.175926;250;1
p3d:p3d_caustic-view0;7.922261;X=0.875000 Y=0.875000;X=0.172917 Y=0.175926;250;1
p3d:p3d_caustic-view0;7.938984;X=0.875000 Y=0.875000;X=0.172917 Y=0.175926;250;1
p3d:p3d_caustic-view0;7.955694;X=0.875000 Y=0.875000;X=0.172917 Y=0.175926;250;1
p3d:p3d_caustic-view0;7.972361;X=0.875000 Y=0.875000;X=0.172917 Y=0.175926;250;1
p3d:p3d_caustic-view0;7.989091;X=0.875000 Y=0.875000;X=0.172917 Y=0.175926;250;1
p3d:p3d_caustic-view0;8.005794;X=0.875000 Y=0.875000;X=0.172917 Y=0.175926;250;1
p3d:p3d_caustic-view0;8.022477;X=0.875000 Y=0.875000;X=0.172917 Y=0.175926;250;1
p3d:p3d_caustic-view0;8.038953;X=0.875000 Y=0.875000;X=0.172917 Y=0.175926;250;1
p3d:p3d_caustic-view0;8.055898;X=0.875000 Y=0.875000;X=0.172917 Y=0.175926;250;1
p3d:p3d_caustic-view0;8.072455;X=0.875000 Y=0.875000;X=0.172917 Y=0.175926;250;1
p3d:p3d_caustic-view0;8.089215;X=0.875000 Y=0.875000;X=0.172917 Y=0.175926;250;1
p3d:p3d_caustic-view0;8.105885;X=0.875000 Y=0.875000;X=0.172917 Y=0.175926;250;1
p3d:p3d_caustic-view0;8.122606;X=0.875000 Y=0.875000;X=0.172917 Y=0.175926;250;1
p3d:p3d_caustic-view0;8.139361;X=0.875000 Y=0.875000;X=0.172917 Y=0.175926;250;1
p3d:p3d_caustic-view0;8.156060;X=0.875000 Y=0.875000;X=0.172917 Y=0.175926;250;1
p3d:p3d_caustic-view0;8.172703;X=0.875000 Y=0.875000;X=0.172917 Y=0.175926;250;0
p3d:p3d_caustic-view0;8.189471;X=0.875000 Y=0.875000;X=0.172917 Y=0.175926;250;0
p3d:p3d_caustic-view0;8.206105;X=0.875000 Y=0.875000;X=0.172917 Y=0.175926;250;0
p3d:p3d_caustic-view0;8.222854;X=0.875000 Y=0.875000;X=0.172917 Y=0.175926;250;0
p3d:p3d_caustic-view0;8.239545;X=0.875000 Y=0.875000;X=0.172917 Y=0.175926;250;0
p3d:p3d_caustic-view0;8.256280;X=0.875000 Y=0.875000;X=0.172917 Y=0.175926;250;0
p3d:p3d_caustic-view0;8.272809;X=0.875000 Y=0.875000;X=0.172917 Y=0.175926;250;0
p3d:p3d_caustic-view0;8.289634;X=0.875000 Y=0.875000;X=0.172917 Y=0.175926;250;0
p3d:p3d_caustic-view0;8.306328;X=0.875000 Y=0.875000;X=0.172917 Y=0.175926;250;0
p3d:p3d_caustic-view0;8.323016;X=0.875000 Y=0.875000;X=0.172917 Y=0.175926;250;0
p3d:p3d_caustic-view0;8.339622;X=0.875000 Y=0.875000;X=0.172917 Y=0.175926;250;0
p3d:p3d_caustic-view0;8.356473;X=0.875000 Y=0.875000;X=0.172917 Y=0.175926;250;0
p3d:p3d_caustic-view0;8.373155;X=0.875000 Y=0.875000;X=0.205208 Y=0.186111;250;0
p3d:p3d_caustic-view0;8.389780;X=0.875000 Y=0.875000;X=0.258333 Y=0.209259;250;0
p3d:p3d_caustic-view0;8.406585;X=0.875000 Y=0.875000;X=0.296875 Y=0.222222;250;0
p3d:p3d_caustic-view0;8.423153;X=0.875000 Y=0.875000;X=0.361458 Y=0.247222;250;0
p3d:p3d_caustic-view0;8.439918;X=0.875000 Y=0.875000;X=0.432292 Y=0.279630;250;0
p3d:p3d_caustic-view0;8.456658;X=0.875000 Y=0.875000;X=0.492708 Y=0.308333;250;0
p3d:p3d_caustic-view0;8.473364;X=0.875000 Y=0.875000;X=0.546875 Y=0.340741;250;0
p3d:p3d_caustic-view0;8.490055;X=0.875000 Y=0.875000;X=0.589583 Y=0.369444;250;0
p3d:p3d_caustic-view0;8.506557;X=0.875000 Y=0.875000;X=0.630208 Y=0.401852;250;0
p3d:p3d_caustic-view0;8.523560;X=0.875000 Y=0.875000;X=0.662500 Y=0.432407;250;0
p3d:p3d_caustic-view0;8.539973;X=0.875000 Y=0.875000;X=0.692708 Y=0.462963;250;0
p3d:p3d_caustic-view0;8.556836;X=0.875000 Y=0.875000;X=0.718750 Y=0.499074;250;0
p3d:p3d_caustic-view0;8.573401;X=0.875000 Y=0.875000;X=0.729167 Y=0.522222;250;0
p3d:p3d_caustic-view0;8.590251;X=0.875000 Y=0.875000;X=0.733333 Y=0.538889;250;0
p3d:p3d_caustic-view0;8.606922;X=0.875000 Y=0.875000;X=0.737500 Y=0.550000;250;0
p3d:p3d_caustic-view0;8.623681;X=0.875000 Y=0.875000;X=0.737500 Y=0.554630;250;0
p3d:p3d_caustic-view0;8.640319;X=0.875000 Y=0.875000;X=0.737500 Y=0.562037;250;0
p3d:p3d_caustic-view0;8.657054;X=0.875000 Y=0.875000;X=0.737500 Y=0.568519;250;0
p3d:p3d_caustic-view0;8.673656;X=0.875000 Y=0.875000;X=0.737500 Y=0.575000;250;0
p3d:p3d_caustic-view0;8.690475;X=0.875000 Y=0.875000;X=0.737500 Y=0.578704;250;0
p3d:p3d_caustic-view0;8.707132;X=0.875000 Y=0.875000;X=0.737500 Y=0.579630;250;0
p3d:p3d_caustic-view0;8.723735;X=0.875000 Y=0.875000;X=0.737500 Y=0.579630;250;0
p3d:p3d_caustic-view0;8.740426;X=0.875000 Y=0.875000;X=0.737500 Y=0.579630;250;0
p3d:p3d_caustic-view0;8.757155;X=0.875000 Y=0.875000;X=0.737500 Y=0.579630;250;0
p3d:p3d_caustic-view0;8.773829;X=0.875000 Y=0.875000;X=0.737500 Y=0.579630;250;0
p3d:p3d_caustic-view0;8.790615;X=0.875000 Y=0.875000;X=0.737500 Y=0.579630;250;0
p3d:p3d_caustic-view0;8.807229;X=0.875000 Y=0.875000;X=0.737500 Y=0.579630;250;0
p3d:p3d_caustic-view0;8.823949;X=0.875000 Y=0.875000;X=0.737500 Y=0.579630;250;0
p3d:p3d_caustic-view0;8.840649;X=0.875000 Y=0.875000;X=0.737500 Y=0.579630;250;0
p3d:p3d_caustic-view0;8.857370;X=0.875000 Y=0.875000;X=0.737500 Y=0.579630;250;0
p3d:p3d_caustic-view0;8.874027;X=0.875000 Y=0.875000;X=0.737500 Y=0.579630;250;0
p3d:p3d_caustic-view0;8.890744;X=0.875000 Y=0.875000;X=0.737500 Y=0.579630;250;0
p3d:p3d_caustic-view0;8.907473;X=0.875000 Y=0.875000;X=0.737500 Y=0.579630;250;0
p3d:p3d_caustic-view0;8.924212;X=0.875000 Y=0.875000;X=0.737500 Y=0.579630;250;0
p3d:p3d_caustic-view0;8.940817;X=0.875000 Y=0.875000;X=0.737500 Y=0.579630;250;0
p3d:p3d_caustic-view0;8.957565;X=0.875000 Y=0.875000;X=0.737500 Y=0.579630;250;0
p3d:p3d_caustic-view0;8.974231;X=0.875000 Y=0.875000;X=0.737500 Y=0.579630;250;0
p3d:p3d_caustic-view0;8.990951;X=0.875000 Y=0.875000;X=0.737500 Y=0.579630;250;0
p3d:p3d_caustic-view0;9.007701;X=0.875000 Y=0.875000;X=0.737500 Y=0.579630;250;0
p3d:p3d_caustic-view0;9.024408;X=0.875000 Y=0.875000;X=0.737500 Y=0.579630;250;0
p3d:p3d_caustic-view0;9.040937;X=0.875000 Y=0.875000;X=0.737500 Y=0.579630;250;0
p3d:p3d_caustic-view0;9.057830;X=0.875000 Y=0.875000;X=0.735417 Y=0.580556;250;0
p3d:p3d_caustic-view0;9.074522;X=0.875000 Y=0.875000;X=0.729167 Y=0.583333;250;0
p3d:p3d_caustic-view0;9.091182;X=0.875000 Y=0.875000;X=0.714583 Y=0.586111;250;0
p3d:p3d_caustic-view0;9.107925;X=0.875000 Y=0.875000;X=0.688542 Y=0.589815;250;0
p3d:p3d_caustic-view0;9.124611;X=0.875000 Y=0.875000;X=0.620833 Y=0.599074;250;0
p3d:p3d_caustic-view0;9.141259;X=0.875000 Y=0.875000;X=0.561458 Y=0.608333;250;0
p3d:p3d_caustic-view0;9.158032;X=0.875000 Y=0.875000;X=0.507292 Y=0.615741;250;0
p3d:p3d_caustic-view0;9.174682;X=0.875000 Y=0.875000;X=0.475000 Y=0.619444;250;0
p3d:p3d_caustic-view0;9.191382;X=0.875000 Y=0.875000;X=0.460417 Y=0.623148;250;0
p3d:p3d_caustic-view0;9.208094;X=0.875000 Y=0.875000;X=0.437500 Y=0.626852;250;0
p3d:p3d_caustic-view0;9.224787;X=0.875000 Y=0.875000;X=0.425000 Y=0.630556;250;0
p3d:p3d_caustic-view0;9.241492;X=0.875000 Y=0.875000;X=0.421875 Y=0.630556;250;0
p3d:p3d_caustic-view0;9.258196;X=0.875000 Y=0.875000;X=0.417708 Y=0.630556;250;0
p3d:p3d_caustic-view0;9.274805;X=0.875000 Y=0.875000;X=0.417708 Y=0.630556;250;0
p3d:p3d_caustic-view0;9.291680;X=0.875000 Y=0.875000;X=0.417708 Y=0.632407;250;0
p3d:p3d_caustic-view0;9.308226;X=0.875000 Y=0.875000;X=0.417708 Y=0.632407;250;0
p3d:p3d_caustic-view0;9.324902;X=0.875000 Y=0.875000;X=0.417708 Y=0.632407;250;0
p3d:p3d_caustic-view0;9.341653;X=0.875000 Y=0.875000;X=0.417708 Y=0.632407;250;0
p3d:p3d_caustic-view0;9.358356;X=0.875000 Y=0.875000;X=0.417708 Y=0.632407;250;0
p3d:p3d_caustic-view0;9.375029;X=0.875000 Y=0.875000;X=0.417708 Y=0.632407;250;0
p3d:p3d_caustic-view0;9.391723;X=0.875000 Y=0.875000;X=0.417708 Y=0.632407;250;0
p3d:p3d_caustic-view0;9.408342;X=0.875000 Y=0.875000;X=0.417708 Y=0.632407;250;0
p3d:p3d_caustic-view0;9.424978;X=0.875000 Y=0.875000;X=0.417708 Y=0.632407;250;0
p3d:p3d_caustic-view0;9.446299;X=0.875000 Y=0.875000;X=0.417708 Y=0.632407;250;0
p3d:p3d_caustic-view0;9.458576;X=0.875000 Y=0.875000;X=0.417708 Y=0.632407;250;0
p3d:p3d_caustic-view0;9.474784;X=0.875000 Y=0.875000;X=0.417708 Y=0.632407;250;0
p3d:p3d_caustic-view0;9.491460;X=0.875000 Y=0.875000;X=0.417708 Y=0.632407;250;0
p3d:p3d_caustic-view0;9.508348;X=0.875000 Y=0.875000;X=0.417708 Y=0.633333;250;0
p3d:p3d_caustic-view0;9.525229;X=0.875000 Y=0.875000;X=0.434375 Y=0.638889;250;0
p3d:p3d_caustic-view0;9.542020;X=0.875000 Y=0.875000;X=0.455208 Y=0.645370;250;0
p3d:p3d_caustic-view0;9.558676;X=0.875000 Y=0.875000;X=0.498958 Y=0.655556;250;0
p3d:p3d_caustic-view0;9.575153;X=0.875000 Y=0.875000;X=0.546875 Y=0.671296;250;0
p3d:p3d_caustic-view0;9.592124;X=0.875000 Y=0.875000;X=0.601042 Y=0.687963;250;0
p3d:p3d_caustic-view0;9.608757;X=0.875000 Y=0.875000;X=0.647917 Y=0.702778;250;0
p3d:p3d_caustic-view0;9.625511;X=0.875000 Y=0.875000;X=0.676042 Y=0.711111;250;0
p3d:p3d_caustic-view0;9.642233;X=0.875000 Y=0.875000;X=0.716667 Y=0.724074;250;0
p3d:p3d_caustic-view0;9.658900;X=0.875000 Y=0.875000;X=0.757292 Y=0.738889;250;0
p3d:p3d_caustic-view0;9.675726;X=0.875000 Y=0.875000;X=0.783333 Y=0.749074;250;0
p3d:p3d_caustic-view0;9.692190;X=0.875000 Y=0.875000;X=0.802083 Y=0.754630;250;0
p3d:p3d_caustic-view0;9.708979;X=0.875000 Y=0.875000;X=0.813542 Y=0.757407;250;0
p3d:p3d_caustic-view0;9.725686;X=0.875000 Y=0.875000;X=0.813542 Y=0.757407;250;0
p3d:p3d_caustic-view0;9.742151;X=0.875000 Y=0.875000;X=0.813542 Y=0.757407;250;0
p3d:p3d_caustic-view0;9.759038;X=0.875000 Y=0.875000;X=0.813542 Y=0.757407;250;0
p3d:p3d_caustic-view0;9.775729;X=0.875000 Y=0.875000;X=0.813542 Y=0.757407;250;0
p3d:p3d_caustic-view0;9.792361;X=0.875000 Y=0.875000;X=0.813542 Y=0.757407;250;0
p3d:p3d_caustic-view0;9.809096;X=0.875000 Y=0.875000;X=0.813542 Y=0.757407;250;0
p3d:p3d_caustic-view0;9.825744;X=0.875000 Y=0.875000;X=0.813542 Y=0.757407;250;0
p3d:p3d_caustic-view0;9.842488;X=0.875000 Y=0.875000;X=0.813542 Y=0.757407;250;0
p3d:p3d_caustic-view0;9.859072;X=0.875000 Y=0.875000;X=0.813542 Y=0.757407;250;0
p3d:p3d_caustic-view0;9.875864;X=0.875000 Y=0.875000;X=0.813542 Y=0.757407;250;0
p3d:p3d_caustic-view0;9.892612;X=0.875000 Y=0.875000;X=0.813542 Y=0.757407;250;0
p3d:p3d_caustic-view0;9.909145;X=0.875000 Y=0.875000;X=0.813542 Y=0.757407;250;0
p3d:p3d_caustic-view0;9.925989;X=0.875000 Y=0.875000;X=0.813542 Y=0.757407;250;0
p3d:p3d_caustic-view0;9.942707;X=0.875000 Y=0.875000;X=0.813542 Y=0.757407;250;0
p3d:p3d_caustic-view0;9.959472;X=0.875000 Y=0.875000;X=0.813542 Y=0.757407;250;0
p3d:p3d_caustic-view0;9.976149;X=0.875000 Y=0.875000;X=0.813542 Y=0.757407;250;0
p3d:p3d_caustic-view0;9.992781;X=0.875000 Y=0.875000;X=0.813542 Y=0.757407;250;0
p3d:p3d_caustic-view0;10.172945;X=0.125000 Y=0.625000;X=0.814583 Y=0.751852;250;0
p3d:p3d_caustic-view0;10.174006;X=0.125000 Y=0.625000;X=0.770833 Y=0.535185;250;0
p3d:p3d_caustic-view0;10.186288;X=0.125000 Y=0.625000;X=0.770833 Y=0.527778;250;0
p3d:p3d_caustic-view0;10.199573;X=0.125000 Y=0.625000;X=0.770833 Y=0.515741;250;0
p3d:p3d_caustic-view0;10.213682;X=0.125000 Y=0.625000;X=0.770833 Y=0.511111;250;0
p3d:p3d_caustic-view0;10.227024;X=0.125000 Y=0.625000;X=0.770833 Y=0.511111;250;0
p3d:p3d_caustic-view0;10.243367;X=0.125000 Y=0.625000;X=0.769792 Y=0.511111;250;0
p3d:p3d_caustic-view0;10.260131;X=0.125000 Y=0.625000;X=0.768750 Y=0.511111;250;0
p3d:p3d_caustic-view0;10.276724;X=0.125000 Y=0.625000;X=0.764583 Y=0.514815;250;0
p3d:p3d_caustic-view0;10.293406;X=0.125000 Y=0.625000;X=0.757292 Y=0.521296;250;0
p3d:p3d_caustic-view0;10.310184;X=0.125000 Y=0.625000;X=0.751042 Y=0.526852;250;0
p3d:p3d_caustic-view0;10.326857;X=0.125000 Y=0.625000;X=0.748958 Y=0.535185;250;0
p3d:p3d_caustic-view0;10.343511;X=0.125000 Y=0.625000;X=0.748958 Y=0.535185;250;0
p3d:p3d_caustic-view0;10.360240;X=0.125000 Y=0.625000;X=0.748958 Y=0.535185;250;0
p3d:p3d_caustic-view0;10.376853;X=0.125000 Y=0.625000;X=0.748958 Y=0.535185;250;0
p3d:p3d_caustic-view0;10.393552;X=0.125000 Y=0.625000;X=0.748958 Y=0.535185;250;0
p3d:p3d_caustic-view0;10.410143;X=0.125000 Y=0.625000;X=0.748958 Y=0.535185;250;0
p3d:p3d_caustic-view0;10.426847;X=0.125000 Y=0.625000;X=0.748958 Y=0.535185;250;0
p3d:p3d_caustic-view0;10.443694;X=0.125000 Y=0.625000;X=0.748958 Y=0.535185;250;0
p3d:p3d_caustic-view0;10.460208;X=0.125000 Y=0.625000;X=0.748958 Y=0.535185;250;0
p3d:p3d_caustic-view0;10.477051;X=0.125000 Y=0.625000;X=0.748958 Y=0.535185;250;0
p3d:p3d_caustic-view0;10.493730;X=0.125000 Y=0.625000;X=0.748958 Y=0.535185;250;0
p3d:p3d_caustic-view0;10.510350;X=0.125000 Y=0.625000;X=0.748958 Y=0.535185;250;0
p3d:p3d_caustic-view0;10.527071;X=0.125000 Y=0.625000;X=0.748958 Y=0.535185;250;0
p3d:p3d_caustic-view0;10.543854;X=0.125000 Y=0.625000;X=0.748958 Y=0.535185;250;0
p3d:p3d_caustic-view0;10.560634;X=0.125000 Y=0.625000;X=0.748958 Y=0.534259;250;0
p3d:p3d_caustic-view0;10.577168;X=0.125000 Y=0.625000;X=0.748958 Y=0.534259;250;0
p3d:p3d_caustic-view0;10.593976;X=0.125000 Y=0.625000;X=0.748958 Y=0.534259;250;0
p3d:p3d_caustic-view0;10.610644;X=0.125000 Y=0.625000;X=0.748958 Y=0.534259;250;0
p3d:p3d_caustic-view0;10.627302;X=0.125000 Y=0.625000;X=0.748958 Y=0.534259;250;0
p3d:p3d_caustic-view0;10.644062;X=0.125000 Y=0.625000;X=0.748958 Y=0.534259;250;0
p3d:p3d_caustic-view0;10.660728;X=0.125000 Y=0.625000;X=0.748958 Y=0.534259;250;0
p3d:p3d_caustic-view0;10.677458;X=0.125000 Y=0.625000;X=0.748958 Y=0.534259;250;0
p3d:p3d_caustic-view0;10.694180;X=0.125000 Y=0.625000;X=0.748958 Y=0.534259;250;0
p3d:p3d_caustic-view0;10.710918;X=0.125000 Y=0.625000;X=0.748958 Y=0.534259;250;0
p3d:p3d_caustic-view0;10.727714;X=0.125000 Y=0.625000;X=0.748958 Y=0.535185;250;0
p3d:p3d_caustic-view0;10.744395;X=0.125000 Y=0.625000;X=0.747917 Y=0.534259;250;0
p3d:p3d_caustic-view0;10.760979;X=0.125000 Y=0.625000;X=0.747917 Y=0.534259;250;0
p3d:p3d_caustic-view0;10.777717;X=0.125000 Y=0.625000;X=0.747917 Y=0.533333;250;0
p3d:p3d_caustic-view0;10.794442;X=0.125000 Y=0.625000;X=0.747917 Y=0.535185;250;0
p3d:p3d_caustic-view0;10.811069;X=0.125000 Y=0.625000;X=0.747917 Y=0.535185;250;0
p3d:p3d_caustic-view0;10.827839;X=0.125000 Y=0.625000;X=0.747917 Y=0.533333;250;0
p3d:p3d_caustic-view0;10.844547;X=0.125000 Y=0.625000;X=0.747917 Y=0.531482;250;0
p3d:p3d_caustic-view0;10.861172;X=0.125000 Y=0.625000;X=0.747917 Y=0.529630;250;0
p3d:p3d_caustic-view0;10.877945;X=0.125000 Y=0.625000;X=0.746875 Y=0.528704;250;0
p3d:p3d_caustic-view0;10.894506;X=0.125000 Y=0.625000;X=0.746875 Y=0.527778;250;0
p3d:p3d_caustic-view0;10.911271;X=0.125000 Y=0.625000;X=0.746875 Y=0.527778;250;0
p3d:p3d_caustic-view0;10.928002;X=0.125000 Y=0.625000;X=0.746875 Y=0.526852;250;0
p3d:p3d_caustic-view0;10.944602;X=0.125000 Y=0.625000;X=0.746875 Y=0.526852;250;0
p3d:p3d_caustic-view0;10.961429;X=0.125000 Y=0.625000;X=0.746875 Y=0.525926;250;0
p3d:p3d_caustic-view0;10.978086;X=0.125000 Y=0.625000;X=0.746875 Y=0.525000;250;0
p3d:p3d_caustic-view0;10.994842;X=0.125000 Y=0.625000;X=0.745833 Y=0.525000;250;0
p3d:p3d_caustic-view0;11.011469;X=0.125000 Y=0.625000;X=0.745833 Y=0.525000;250;0
p3d:p3d_caustic-view0;11.028267;X=0.125000 Y=0.625000;X=0.745833 Y=0.525926;250;0
p3d:p3d_caustic-view0;11.044909;X=0.125000 Y=0.625000;X=0.744792 Y=0.530556;250;0
p3d:p3d_caustic-view0;11.061597;X=0.125000 Y=0.625000;X=0.743750 Y=0.534259;250;0
p3d:p3d_caustic-view0;11.078320;X=0.125000 Y=0.625000;X=0.742708 Y=0.537963;250;0
p3d:p3d_caustic-view0;11.095098;X=0.125000 Y=0.625000;X=0.740625 Y=0.542593;250;0
p3d:p3d_caustic-view0;11.111755;X=0.125000 Y=0.625000;X=0.738542 Y=0.547222;250;0
p3d:p3d_caustic-view0;11.128418;X=0.125000 Y=0.625000;X=0.735417 Y=0.551852;250;0
p3d:p3d_caustic-view0;11.145096;X=0.125000 Y=0.625000;X=0.730208 Y=0.557407;250;0
p3d:p3d_caustic-view0;11.161835;X=0.125000 Y=0.625000;X=0.719792 Y=0.565741;250;0
p3d:p3d_caustic-view0;11.178554;X=0.125000 Y=0.625000;X=0.713542 Y=0.569444;250;0
p3d:p3d_caustic-view0;11.195243;X=0.125000 Y=0.625000;X=0.697917 Y=0.578704;250;0
p3d:p3d_caustic-view0;11.211892;X=0.125000 Y=0.625000;X=0.678125 Y=0.590741;250;0
p3d:p3d_caustic-view0;11.228699;X=0.125000 Y=0.625000;X=0.623958 Y=0.614815;250;0
p3d:p3d_caustic-view0;11.245126;X=0.125000 Y=0.625000;X=0.561458 Y=0.637037;250;0
p3d:p3d_caustic-view0;11.261984;X=0.125000 Y=0.625000;X=0.479167 Y=0.667593;250;0
p3d:p3d_caustic-view0;11.278730;X=0.125000 Y=0.625000;X=0.415625 Y=0.694444;250;0
p3d:p3d_caustic-view0;11.295485;X=0.125000 Y=0.625000;X=0.355208 Y=0.719444;250;0
p3d:p3d_caustic-view0;11.312042;X=0.125000 Y=0.625000;X=0.314583 Y=0.737037;250;0
p3d:p3d_caustic-view0;11.328782;X=0.125000 Y=0.625000;X=0.277083 Y=0.750000;250;0
p3d:p3d_caustic-view0;11.345474;X=0.125000 Y=0.625000;X=0.254167 Y=0.761111;250;0
p3d:p3d_caustic-view0;11.362226;X=0.125000 Y=0.625000;X=0.236458 Y=0.773148;250;0
p3d:p3d_caustic-view0;11.378904;X=0.125000 Y=0.625000;X=0.232292 Y=0.778704;250;0
p3d:p3d_caustic-view0;11.395644;X=0.125000 Y=0.625000;X=0.231250 Y=0.779630;250;0
p3d:p3d_caustic-view0;11.412368;X=0.125000 Y=0.625000;X=0.229167 Y=0.783333;250;0
p3d:p3d_caustic-view0;11.428777;X=0.125000 Y=0.625000;X=0.228125 Y=0.785185;250;0
p3d:p3d_caustic-view0;11.445642;X=0.125000 Y=0.625000;X=0.225000 Y=0.787963;250;0
p3d:p3d_caustic-view0;11.462421;X=0.125000 Y=0.625000;X=0.221875 Y=0.790741;250;0
p3d:p3d_caustic-view0;11.479035;X=0.125000 Y=0.625000;X=0.219792 Y=0.793519;250;0
p3d:p3d_caustic-view0;11.495831;X=0.125000 Y=0.625000;X=0.218750 Y=0.795370;250;0
p3d:p3d_caustic-view0;11.512221;X=0.125000 Y=0.625000;X=0.215625 Y=0.798148;250;0
p3d:p3d_caustic-view0;11.529220;X=0.125000 Y=0.625000;X=0.211458 Y=0.801852;250;0
p3d:p3d_caustic-view0;11.545929;X=0.125000 Y=0.625000;X=0.204167 Y=0.808333;250;0
p3d:p3d_caustic-view0;11.562594;X=0.125000 Y=0.625000;X=0.197917 Y=0.813889;250;0
p3d:p3d_caustic-view0;11.579288;X=0.125000 Y=0.625000;X=0.192708 Y=0.817593;250;0
p3d:p3d_caustic-view0;11.595976;X=0.125000 Y=0.625000;X=0.189583 Y=0.819444;250;0
p3d:p3d_caustic-view0;11.612628;X=0.125000 Y=0.625000;X=0.189583 Y=0.819444;250;0
p3d:p3d_caustic-view0;11.629299;X=0.125000 Y=0.625000;X=0.189583 Y=0.819444;250;0
p3d:p3d_caustic-view0;11.646010;X=0.125000 Y=0.625000;X=0.189583 Y=0.819444;250;0
p3d:p3d_caustic-view0;11.662689;X=0.125000 Y=0.625000;X=0.189583 Y=0.819444;250;0
p3d:p3d_caustic-view0;11.679415;X=0.125000 Y=0.625000;X=0.189583 Y=0.819444;250;0
p3d:p3d_caustic-view0;11.696119;X=0.125000 Y=0.625000;X=0.189583 Y=0.819444;250;0
p3d:p3d_caustic-view0;11.712780;X=0.125000 Y=0.625000;X=0.189583 Y=0.819444;250;0
p3d:p3d_caustic-view0;11.729517;X=0.125000 Y=0.625000;X=0.189583 Y=0.819444;250;0
p3d:p3d_caustic-view0;11.746237;X=0.125000 Y=0.625000;X=0.189583 Y=0.819444;250;0
p3d:p3d_caustic-view0;11.762914;X=0.125000 Y=0.625000;X=0.189583 Y=0.819444;250;0
p3d:p3d_caustic-view0;11.779620;X=0.125000 Y=0.625000;X=0.189583 Y=0.819444;250;0
p3d:p3d_caustic-view0;11.796361;X=0.125000 Y=0.625000;X=0.189583 Y=0.819444;250;0
p3d:p3d_caustic-view0;11.812996;X=0.125000 Y=0.625000;X=0.189583 Y=0.819444;250;0
p3d:p3d_caustic-view0;11.829799;X=0.125000 Y=0.625000;X=0.189583 Y=0.819444;250;1
p3d:p3d_caustic-view0;11.846461;X=0.125000 Y=0.625000;X=0.189583 Y=0.819444;250;1
p3d:p3d_caustic-view0;11.863084;X=0.125000 Y=0.625000;X=0.189583 Y=0.819444;250;1
p3d:p3d_caustic-view0;11.879819;X=0.125000 Y=0.625000;X=0.189583 Y=0.819444;250;1
p3d:p3d_caustic-view0;11.896517;X=0.125000 Y=0.625000;X=0.189583 Y=0.819444;250;1
p3d:p3d_caustic-view0;11.913161;X=0.125000 Y=0.625000;X=0.189583 Y=0.819444;250;1
p3d:p3d_caustic-view0;11.929907;X=0.125000 Y=0.625000;X=0.189583 Y=0.819444;250;1
p3d:p3d_caustic-view0;11.946616;X=0.125000 Y=0.625000;X=0.189583 Y=0.819444;250;1
p3d:p3d_caustic-view0;11.963290;X=0.125000 Y=0.625000;X=0.189583 Y=0.819444;250;1
p3d:p3d_caustic-view0;11.979977;X=0.125000 Y=0.625000;X=0.189583 Y=0.819444;250;1
p3d:p3d_caustic-view0;11.996660;X=0.125000 Y=0.625000;X=0.189583 Y=0.819444;250;1
p3d:p3d_caustic-view0;12.013368;X=0.125000 Y=0.625000;X=0.189583 Y=0.819444;250;1
p3d:p3d_caustic-view0;12.030088;X=0.125000 Y=0.625000;X=0.189583 Y=0.819444;250;1
p3d:p3d_caustic-view0;12.046779;X=0.125000 Y=0.625000;X=0.189583 Y=0.819444;250;1
p3d:p3d_caustic-view0;12.063422;X=0.125000 Y=0.625000;X=0.189583 Y=0.819444;250;1
p3d:p3d_caustic-view0;12.080158;X=0.125000 Y=0.625000;X=0.189583 Y=0.819444;250;1
p3d:p3d_caustic-view0;12.096833;X=0.125000 Y=0.625000;X=0.189583 Y=0.819444;250;1
p3d:p3d_caustic-view0;12.113498;X=0.125000 Y=0.625000;X=0.189583 Y=0.819444;250;1
p3d:p3d_caustic-view0;12.130241;X=0.125000 Y=0.625000;X=0.189583 Y=0.819444;250;1
p3d:p3d_caustic-view0;12.146902;X=0.125000 Y=0.625000;X=0.189583 Y=0.819444;250;1
p3d:p3d_caustic-view0;12.163648;X=0.125000 Y=0.625000;X=0.189583 Y=0.819444;250;1
p3d:p3d_caustic-view0;12.180404;X=0.125000 Y=0.625000;X=0.189583 Y=0.819444;250;0
p3d:p3d_caustic-view0;12.197059;X=0.125000 Y=0.625000;X=0.191667 Y=0.818519;250;0
p3d:p3d_caustic-view0;12.213759;X=0.125000 Y=0.625000;X=0.212500 Y=0.810185;250;0
p3d:p3d_caustic-view0;12.230332;X=0.125000 Y=0.625000;X=0.240625 Y=0.796296;250;0
p3d:p3d_caustic-view0;12.247190;X=0.125000 Y=0.625000;X=0.296875 Y=0.775926;250;0
p3d:p3d_caustic-view0;12.263916;X=0.125000 Y=0.625000;X=0.363542 Y=0.753704;250;0
p3d:p3d_caustic-view0;12.280437;X=0.125000 Y=0.625000;X=0.412500 Y=0.736111;250;0
p3d:p3d_caustic-view0;12.297302;X=0.125000 Y=0.625000;X=0.490625 Y=0.709259;250;0
p3d:p3d_caustic-view0;12.313993;X=0.125000 Y=0.625000;X=0.571875 Y=0.686111;250;0
p3d:p3d_caustic-view0;12.330702;X=0.125000 Y=0.625000;X=0.632292 Y=0.669444;250;0
p3d:p3d_caustic-view0;12.347376;X=0.125000 Y=0.625000;X=0.679167 Y=0.651852;250;0
p3d:p3d_caustic-view0;12.364079;X=0.125000 Y=0.625000;X=0.705208 Y=0.644444;250;0
p3d:p3d_caustic-view0;12.380747;X=0.125000 Y=0.625000;X=0.729167 Y=0.633333;250;0
p3d:p3d_caustic-view0;12.397426;X=0.125000 Y=0.625000;X=0.738542 Y=0.631481;250;0
p3d:p3d_caustic-view0;12.414107;X=0.125000 Y=0.625000;X=0.741667 Y=0.629630;250;0
p3d:p3d_caustic-view0;12.430653;X=0.125000 Y=0.625000;X=0.742708 Y=0.629630;250;0
p3d:p3d_caustic-view0;12.447632;X=0.125000 Y=0.625000;X=0.743750 Y=0.629630;250;0
p3d:p3d_caustic-view0;12.464258;X=0.125000 Y=0.625000;X=0.743750 Y=0.629630;250;0
p3d:p3d_caustic-view0;12.480870;X=0.125000 Y=0.625000;X=0.743750 Y=0.629630;250;0
p3d:p3d_caustic-view0;12.497480;X=0.125000 Y=0.625000;X=0.743750 Y=0.629630;250;0
p3d:p3d_caustic-view0;12.514154;X=0.125000 Y=0.625000;X=0.743750 Y=0.629630;250;0
p3d:p3d_caustic-view0;12.531002;X=0.125000 Y=0.625000;X=0.743750 Y=0.629630;250;0
p3d:p3d_caustic-view0;12.547729;X=0.125000 Y=0.625000;X=0.743750 Y=0.629630;250;0
p3d:p3d_caustic-view0;12.564340;X=0.125000 Y=0.625000;X=0.743750 Y=0.629630;250;0
p3d:p3d_caustic-view0;12.581084;X=0.125000 Y=0.625000;X=0.743750 Y=0.629630;250;0
p3d:p3d_caustic-view0;12.597881;X=0.125000 Y=0.625000;X=0.743750 Y=0.629630;250;1
p3d:p3d_caustic-view0;12.614512;X=0.125000 Y=0.625000;X=0.743750 Y=0.629630;250;1
p3d:p3d_caustic-view0;12.631173;X=0.125000 Y=0.625000;X=0.743750 Y=0.629630;250;1
p3d:p3d_caustic-view0;12.647861;X=0.125000 Y=0.625000;X=0.743750 Y=0.629630;250;1
p3d:p3d_caustic-view0;12.664589;X=0.125000 Y=0.625000;X=0.743750 Y=0.629630;250;1
p3d:p3d_caustic-view0;12.681259;X=0.125000 Y=0.625000;X=0.743750 Y=0.629630;250;1
p3d:p3d_caustic-view0;12.698042;X=0.125000 Y=0.625000;X=0.743750 Y=0.629630;250;1
p3d:p3d_caustic-view0;12.714710;X=0.125000 Y=0.625000;X=0.743750 Y=0.629630;250;1
p3d:p3d_caustic-view0;12.731371;X=0.125000 Y=0.625000;X=0.743750 Y=0.629630;250;1
p3d:p3d_caustic-view0;12.748076;X=0.125000 Y=0.625000;X=0.743750 Y=0.629630;250;1
p3d:p3d_caustic-view0;12.764762;X=0.125000 Y=0.625000;X=0.743750 Y=0.629630;250;1
p3d:p3d_caustic-view0;12.781532;X=0.125000 Y=0.625000;X=0.743750 Y=0.629630;250;0
p3d:p3d_caustic-view0;12.798259;X=0.125000 Y=0.625000;X=0.743750 Y=0.629630;250;0
p3d:p3d_caustic-view0;12.814867;X=0.125000 Y=0.625000;X=0.743750 Y=0.629630;250;0
p3d:p3d_caustic-view0;12.831636;X=0.125000 Y=0.625000;X=0.743750 Y=0.629630;250;0
p3d:p3d_caustic-view0;12.848332;X=0.125000 Y=0.625000;X=0.743750 Y=0.629630;250;0
p3d:p3d_caustic-view0;12.865014;X=0.125000 Y=0.625000;X=0.743750 Y=0.629630;250;0
p3d:p3d_caustic-view0;12.881703;X=0.125000 Y=0.625000;X=0.743750 Y=0.629630;250;0
p3d:p3d_caustic-view0;12.898438;X=0.125000 Y=0.625000;X=0.743750 Y=0.629630;250;0
p3d:p3d_caustic-view0;12.915113;X=0.125000 Y=0.625000;X=0.743750 Y=0.629630;250;0
p3d:p3d_caustic-view0;12.931777;X=0.125000 Y=0.625000;X=0.743750 Y=0.629630;250;0
p3d:p3d_caustic-view0;12.948513;X=0.125000 Y=0.625000;X=0.743750 Y=0.629630;250;0
p3d:p3d_caustic-view0;12.965226;X=0.125000 Y=0.625000;X=0.735417 Y=0.629630;250;0
p3d:p3d_caustic-view0;12.981931;X=0.125000 Y=0.625000;X=0.727083 Y=0.629630;250;0
p3d:p3d_caustic-view0;12.998741;X=0.125000 Y=0.625000;X=0.703125 Y=0.629630;250;0
p3d:p3d_caustic-view0;13.015472;X=0.125000 Y=0.625000;X=0.661458 Y=0.625000;250;0
p3d:p3d_caustic-view0;13.032081;X=0.125000 Y=0.625000;X=0.610417 Y=0.616667;250;0
p3d:p3d_caustic-view0;13.048605;X=0.125000 Y=0.625000;X=0.547917 Y=0.605556;250;0
p3d:p3d_caustic-view0;13.065478;X=0.125000 Y=0.625000;X=0.496875 Y=0.596296;250;0
p3d:p3d_caustic-view0;13.082162;X=0.125000 Y=0.625000;X=0.444792 Y=0.585185;250;0
p3d:p3d_caustic-view0;13.098998;X=0.125000 Y=0.625000;X=0.410417 Y=0.576852;250;0
p3d:p3d_caustic-view0;13.115655;X=0.125000 Y=0.625000;X=0.380208 Y=0.571296;250;0
p3d:p3d_caustic-view0;13.132369;X=0.125000 Y=0.625000;X=0.357292 Y=0.565741;250;0
p3d:p3d_caustic-view0;13.148983;X=0.125000 Y=0.625000;X=0.334375 Y=0.560185;250;0
p3d:p3d_caustic-view0;13.165661;X=0.125000 Y=0.625000;X=0.330208 Y=0.558333;250;0
p3d:p3d_caustic-view0;13.182354;X=0.125000 Y=0.625000;X=0.329167 Y=0.558333;250;0
p3d:p3d_caustic-view0;13.199093;X=0.125000 Y=0.625000;X=0.327083 Y=0.558333;250;0
p3d:p3d_caustic-view0;13.215762;X=0.125000 Y=0.625000;X=0.327083 Y=0.558333;250;0
p3d:p3d_caustic-view0;13.232407;X=0.125000 Y=0.625000;X=0.327083 Y=0.558333;250;0
p3d:p3d_caustic-view0;13.249125;X=0.125000 Y=0.625000;X=0.327083 Y=0.558333;250;0
p3d:p3d_caustic-view0;13.265887;X=0.125000 Y=0.625000;X=0.327083 Y=0.558333;250;0
p3d:p3d_caustic-view0;13.282575;X=0.125000 Y=0.625000;X=0.327083 Y=0.558333;250;0
p3d:p3d_caustic-view0;13.299277;X=0.125000 Y=0.625000;X=0.327083 Y=0.558333;250;0
p3d:p3d_caustic-view0;13.315850;X=0.125000 Y=0.625000;X=0.327083 Y=0.558333;250;0
p3d:p3d_caustic-view0;13.332570;X=0.125000 Y=0.625000;X=0.327083 Y=0.558333;250;0
p3d:p3d_caustic-view0;13.349294;X=0.125000 Y=0.625000;X=0.327083 Y=0.558333;250;0
p3d:p3d_caustic-view0;13.366076;X=0.125000 Y=0.625000;X=0.327083 Y=0.558333;250;0
p3d:p3d_caustic-view0;13.382751;X=0.125000 Y=0.625000;X=0.327083 Y=0.558333;250;0
p3d:p3d_caustic-view0;13.399570;X=0.125000 Y=0.625000;X=0.327083 Y=0.558333;250;0
p3d:p3d_caustic-view0;13.416122;X=0.125000 Y=0.625000;X=0.327083 Y=0.558333;250;0
p3d:p3d_caustic-view0;13.432635;X=0.125000 Y=0.625000;X=0.327083 Y=0.558333;250;0
p3d:p3d_caustic-view0;13.449409;X=0.125000 Y=0.625000;X=0.327083 Y=0.558333;250;0
p3d:p3d_caustic-view0;13.466199;X=0.125000 Y=0.625000;X=0.327083 Y=0.558333;250;0
p3d:p3d_caustic-view0;13.482966;X=0.125000 Y=0.625000;X=0.328125 Y=0.556481;250;0
p3d:p3d_caustic-view0;13.499698;X=0.125000 Y=0.625000;X=0.329167 Y=0.556481;250;0
p3d:p3d_caustic-view0;13.516212;X=0.125000 Y=0.625000;X=0.330208 Y=0.555556;250;0
p3d:p3d_caustic-view0;13.533017;X=0.125000 Y=0.625000;X=0.331250 Y=0.554630;250;0
p3d:p3d_caustic-view0;13.549761;X=0.125000 Y=0.625000;X=0.331250 Y=0.554630;250;0
p3d:p3d_caustic-view0;13.566455;X=0.125000 Y=0.625000;X=0.331250 Y=0.554630;250;0
p3d:p3d_caustic-view0;13.583137;X=0.125000 Y=0.625000;X=0.331250 Y=0.554630;250;0
p3d:p3d_caustic-view0;13.599830;X=0.125000 Y=0.625000;X=0.331250 Y=0.554630;250;0
p3d:p3d_caustic-view0;13.616445;X=0.125000 Y=0.625000;X=0.331250 Y=0.554630;250;0
p3d:p3d_caustic-view0;13.633186;X=0.125000 Y=0.625000;X=0.331250 Y=0.554630;250;0
p3d:p3d_caustic-view0;13.649889;X=0.125000 Y=0.625000;X=0.331250 Y=0.554630;250;0
p3d:p3d_caustic-view0;13.666600;X=0.125000 Y=0.625000;X=0.331250 Y=0.554630;250;0
p3d:p3d_caustic-view0;13.683105;X=0.125000 Y=0.625000;X=0.331250 Y=0.554630;250;0
p3d:p3d_caustic-view0;13.699957;X=0.125000 Y=0.625000;X=0.331250 Y=0.554630;250;0
p3d:p3d_caustic-view0;13.716639;X=0.125000 Y=0.625000;X=0.331250 Y=0.554630;250;0
p3d:p3d_caustic-view0;13.733364;X=0.125000 Y=0.625000;X=0.331250 Y=0.554630;250;0
p3d:p3d_caustic-view0;13.750090;X=0.125000 Y=0.625000;X=0.331250 Y=0.554630;250;0
p3d:p3d_caustic-view0;13.766740;X=0.125000 Y=0.625000;X=0.331250 Y=0.554630;250;0
p3d:p3d_caustic-view0;13.783421;X=0.125000 Y=0.625000;X=0.331250 Y=0.554630;250;0
p3d:p3d_caustic-view0;13.800146;X=0.125000 Y=0.625000;X=0.331250 Y=0.554630;250;0
p3d:p3d_caustic-view0;13.816836;X=0.125000 Y=0.625000;X=0.331250 Y=0.554630;250;0
p3d:p3d_caustic-view0;13.833534;X=0.125000 Y=0.625000;X=0.331250 Y=0.554630;250;0
p3d:p3d_caustic-view0;13.850286;X=0.125000 Y=0.625000;X=0.331250 Y=0.554630;250;0
p3d:p3d_caustic-view0;13.866937;X=0.125000 Y=0.625000;X=0.331250 Y=0.554630;250;0
p3d:p3d_caustic-view0;13.883482;X=0.125000 Y=0.625000;X=0.331250 Y=0.554630;250;0
p3d:p3d_caustic-view0;13.900367;X=0.125000 Y=0.625000;X=0.331250 Y=0.554630;250;0
p3d:p3d_caustic-view0;13.917078;X=0.125000 Y=0.625000;X=0.331250 Y=0.554630;250;0
p3d:p3d_caustic-view0;13.933743;X=0.125000 Y=0.625000;X=0.331250 Y=0.554630;250;0
p3d:p3d_caustic-view0;13.950383;X=0.125000 Y=0.625000;X=0.331250 Y=0.554630;250;0
p3d:p3d_caustic-view0;13.967134;X=0.125000 Y=0.625000;X=0.331250 Y=0.554630;250;0
p3d:p3d_caustic-view0;13.983797;X=0.125000 Y=0.625000;X=0.331250 Y=0.554630;250;0
p3d:p3d_caustic-view0;14.000450;X=0.125000 Y=0.625000;X=0.331250 Y=0.554630;250;0
p3d:p3d_caustic-view0;14.017228;X=0.125000 Y=0.625000;X=0.331250 Y=0.554630;250;0
p3d:p3d_caustic-view0;14.033992;X=0.125000 Y=0.625000;X=0.331250 Y=0.554630;250;0
p3d:p3d_caustic-view0;14.050524;X=0.125000 Y=0.625000;X=0.331250 Y=0.554630;250;0
p3d:p3d_caustic-view0;14.067324;X=0.125000 Y=0.625000;X=0.331250 Y=0.554630;250;0
p3d:p3d_caustic-view0;14.084006;X=0.125000 Y=0.625000;X=0.331250 Y=0.554630;250;0
p3d:p3d_caustic-view0;14.100566;X=0.125000 Y=0.625000;X=0.331250 Y=0.554630;250;0
p3d:p3d_caustic-view0;14.117466;X=0.125000 Y=0.625000;X=0.331250 Y=0.554630;250;0
p3d:p3d_caustic-view0;14.134130;X=0.125000 Y=0.625000;X=0.331250 Y=0.554630;250;0
p3d:p3d_caustic-view0;14.150810;X=0.125000 Y=0.625000;X=0.331250 Y=0.554630;250;0
p3d:p3d_caustic-view0;14.167619;X=0.125000 Y=0.625000;X=0.331250 Y=0.554630;250;0
p3d:p3d_caustic-view0;14.184031;X=0.125000 Y=0.625000;X=0.331250 Y=0.554630;250;0
p3d:p3d_caustic-view0;14.200960;X=0.125000 Y=0.625000;X=0.331250 Y=0.554630;250;0
p3d:p3d_caustic-view0;14.217589;X=0.125000 Y=0.625000;X=0.331250 Y=0.554630;250;0
p3d:p3d_caustic-view0;14.234320;X=0.125000 Y=0.625000;X=0.331250 Y=0.554630;250;0
p3d:p3d_caustic-view0;14.250988;X=0.125000 Y=0.625000;X=0.331250 Y=0.554630;250;0
p3d:p3d_caustic-view0;14.271620;X=0.125000 Y=0.625000;X=0.331250 Y=0.554630;250;0
p3d:p3d_caustic-view0;14.283963;X=0.125000 Y=0.625000;X=0.331250 Y=0.554630;250;0
p3d:p3d_caustic-view0;14.300766;X=0.125000 Y=0.625000;X=0.331250 Y=0.554630;250;0
p3d:p3d_caustic-view0;14.317411;X=0.125000 Y=0.625000;X=0.331250 Y=0.554630;250;0
p3d:p3d_caustic-view0;14.334384;X=0.125000 Y=0.625000;X=0.331250 Y=0.554630;250;0
p3d:p3d_caustic-view0;14.351197;X=0.125000 Y=0.625000;X=0.331250 Y=0.554630;250;0
p3d:p3d_caustic-view0;14.367889;X=0.125000 Y=0.625000;X=0.331250 Y=0.554630;250;0
p3d:p3d_caustic-view0;14.384512;X=0.125000 Y=0.625000;X=0.331250 Y=0.554630;250;0
p3d:p3d_caustic-view0;14.401264;X=0.125000 Y=0.625000;X=0.331250 Y=0.554630;250;0
p3d:p3d_caustic-view0;14.417927;X=0.125000 Y=0.625000;X=0.331250 Y=0.554630;250;0
p3d:p3d_caustic-view0;14.434494;X=0.125000 Y=0.625000;X=0.331250 Y=0.554630;250;0
p3d:p3d_caustic-view0;14.451348;X=0.125000 Y=0.625000;X=0.331250 Y=0.554630;250;0
p3d:p3d_caustic-view0;14.468021;X=0.125000 Y=0.625000;X=0.331250 Y=0.554630;250;0
p3d:p3d_caustic-view0;14.484731;X=0.125000 Y=0.625000;X=0.331250 Y=0.554630;250;0
p3d:p3d_caustic-view0;14.501498;X=0.125000 Y=0.625000;X=0.331250 Y=0.554630;250;0
p3d:p3d_caustic-view0;14.518041;X=0.125000 Y=0.625000;X=0.331250 Y=0.554630;250;0
p3d:p3d_caustic-view0;14.534906;X=0.125000 Y=0.625000;X=0.331250 Y=0.554630;250;0
p3d:p3d_caustic-view0;14.551544;X=0.125000 Y=0.625000;X=0.331250 Y=0.554630;250;0
p3d:p3d_caustic-view0;14.568305;X=0.125000 Y=0.625000;X=0.331250 Y=0.554630;250;0
p3d:p3d_caustic-view0;14.584934;X=0.125000 Y=0.625000;X=0.331250 Y=0.554630;250;0
p3d:p3d_caustic-view0;14.601668;X=0.125000 Y=0.625000;X=0.331250 Y=0.554630;250;0
p3d:p3d_caustic-view0;14.618383;X=0.125000 Y=0.625000;X=0.331250 Y=0.554630;250;0
